[2026-05-09T14:59:03.172+0000] {local_task_job_runner.py:123} INFO - ::group::Pre task execution logs
[2026-05-09T14:59:03.185+0000] {taskinstance.py:2614} INFO - Dependencies all met for dep_context=non-requeueable deps ti=<TaskInstance: dag_daily_report.hnm_candidates_extraction manual__2026-05-09T14:58:25.506256+00:00 [queued]>
[2026-05-09T14:59:03.191+0000] {taskinstance.py:2614} INFO - Dependencies all met for dep_context=requeueable deps ti=<TaskInstance: dag_daily_report.hnm_candidates_extraction manual__2026-05-09T14:58:25.506256+00:00 [queued]>
[2026-05-09T14:59:03.192+0000] {taskinstance.py:2867} INFO - Starting attempt 1 of 2
[2026-05-09T14:59:03.207+0000] {taskinstance.py:2890} INFO - Executing <Task(PythonOperator): hnm_candidates_extraction> on 2026-05-09 14:58:25.506256+00:00
[2026-05-09T14:59:03.218+0000] {standard_task_runner.py:72} INFO - Started process 30814 to run task
[2026-05-09T14:59:03.223+0000] {standard_task_runner.py:104} INFO - Running: ['airflow', 'tasks', 'run', 'dag_daily_report', 'hnm_candidates_extraction', 'manual__2026-05-09T14:58:25.506256+00:00', '--job-id', '483', '--raw', '--subdir', 'DAGS_FOLDER/dag_daily_report.py', '--cfg-path', '/tmp/tmphxvnwjhh']
[2026-05-09T14:59:03.226+0000] {standard_task_runner.py:105} INFO - Job 483: Subtask hnm_candidates_extraction
[2026-05-09T14:59:03.267+0000] {task_command.py:467} INFO - Running <TaskInstance: dag_daily_report.hnm_candidates_extraction manual__2026-05-09T14:58:25.506256+00:00 [running]> on host 0177f1ae1202
[2026-05-09T14:59:03.335+0000] {taskinstance.py:3134} INFO - Exporting env vars: AIRFLOW_CTX_DAG_OWNER='pothole-pipeline' AIRFLOW_CTX_DAG_ID='dag_daily_report' AIRFLOW_CTX_TASK_ID='hnm_candidates_extraction' AIRFLOW_CTX_EXECUTION_DATE='2026-05-09T14:58:25.506256+00:00' AIRFLOW_CTX_TRY_NUMBER='1' AIRFLOW_CTX_DAG_RUN_ID='manual__2026-05-09T14:58:25.506256+00:00'
[2026-05-09T14:59:03.336+0000] {taskinstance.py:732} INFO - ::endgroup::
[2026-05-09T14:59:03.353+0000] {dag_daily_report.py:334} INFO - [Task 3] 시작: 2026-05-09
[2026-05-09T14:59:03.377+0000] {credentials.py:1075} INFO - Found credentials from IAM Role: exi-airflow-ec2-role
[2026-05-09T14:59:03.496+0000] {dag_daily_report.py:126} INFO - S3 조회: s3://road-defect-seong/raw/raw_logs/year=2026/month=05/day=09/
[2026-05-09T14:59:03.666+0000] {dag_daily_report.py:155} INFO - 로드 완료: 1건 (parse_error 제거: 0건)
[2026-05-09T14:59:03.785+0000] {dag_daily_report.py:178} INFO - CSV 업로드: s3://road-defect-seong/reports/2026-05-09/task3_hnm_candidates.csv
[2026-05-09T14:59:03.859+0000] {logging_mixin.py:190} WARNING - /opt/airflow/dags/dag_daily_report.py:391 UserWarning: Glyph 44256 (\N{HANGUL SYLLABLE GO}) missing from font(s) DejaVu Sans.
[2026-05-09T14:59:03.860+0000] {logging_mixin.py:190} WARNING - /opt/airflow/dags/dag_daily_report.py:391 UserWarning: Glyph 49888 (\N{HANGUL SYLLABLE SIN}) missing from font(s) DejaVu Sans.
[2026-05-09T14:59:03.861+0000] {logging_mixin.py:190} WARNING - /opt/airflow/dags/dag_daily_report.py:391 UserWarning: Glyph 47280 (\N{HANGUL SYLLABLE ROE}) missing from font(s) DejaVu Sans.
[2026-05-09T14:59:03.862+0000] {logging_mixin.py:190} WARNING - /opt/airflow/dags/dag_daily_report.py:391 UserWarning: Glyph 46020 (\N{HANGUL SYLLABLE DO}) missing from font(s) DejaVu Sans.
[2026-05-09T14:59:03.863+0000] {logging_mixin.py:190} WARNING - /opt/airflow/dags/dag_daily_report.py:391 UserWarning: Glyph 54980 (\N{HANGUL SYLLABLE HU}) missing from font(s) DejaVu Sans.
[2026-05-09T14:59:03.864+0000] {logging_mixin.py:190} WARNING - /opt/airflow/dags/dag_daily_report.py:391 UserWarning: Glyph 48372 (\N{HANGUL SYLLABLE BO}) missing from font(s) DejaVu Sans.
[2026-05-09T14:59:03.865+0000] {logging_mixin.py:190} WARNING - /opt/airflow/dags/dag_daily_report.py:391 UserWarning: Glyph 49345 (\N{HANGUL SYLLABLE SANG}) missing from font(s) DejaVu Sans.
[2026-05-09T14:59:03.867+0000] {logging_mixin.py:190} WARNING - /opt/airflow/dags/dag_daily_report.py:391 UserWarning: Glyph 50948 (\N{HANGUL SYLLABLE WI}) missing from font(s) DejaVu Sans.
[2026-05-09T14:59:03.868+0000] {logging_mixin.py:190} WARNING - /opt/airflow/dags/dag_daily_report.py:391 UserWarning: Glyph 44148 (\N{HANGUL SYLLABLE GEON}) missing from font(s) DejaVu Sans.
[2026-05-09T14:59:03.871+0000] {logging_mixin.py:190} WARNING - /opt/airflow/dags/dag_daily_report.py:391 UserWarning: Glyph 54644 (\N{HANGUL SYLLABLE HAE}) missing from font(s) DejaVu Sans.
[2026-05-09T14:59:03.872+0000] {logging_mixin.py:190} WARNING - /opt/airflow/dags/dag_daily_report.py:391 UserWarning: Glyph 45817 (\N{HANGUL SYLLABLE DANG}) missing from font(s) DejaVu Sans.
[2026-05-09T14:59:03.873+0000] {logging_mixin.py:190} WARNING - /opt/airflow/dags/dag_daily_report.py:391 UserWarning: Glyph 50630 (\N{HANGUL SYLLABLE EOBS}) missing from font(s) DejaVu Sans.
[2026-05-09T14:59:03.874+0000] {logging_mixin.py:190} WARNING - /opt/airflow/dags/dag_daily_report.py:391 UserWarning: Glyph 51020 (\N{HANGUL SYLLABLE EUM}) missing from font(s) DejaVu Sans.
[2026-05-09T14:59:03.908+0000] {logging_mixin.py:190} WARNING - /opt/airflow/dags/dag_daily_report.py:391 UserWarning: Glyph 51200 (\N{HANGUL SYLLABLE JEO}) missing from font(s) DejaVu Sans.
[2026-05-09T14:59:03.910+0000] {logging_mixin.py:190} WARNING - /opt/airflow/dags/dag_daily_report.py:391 UserWarning: Glyph 54616 (\N{HANGUL SYLLABLE HA}) missing from font(s) DejaVu Sans.
[2026-05-09T14:59:03.916+0000] {logging_mixin.py:190} WARNING - /opt/airflow/dags/dag_daily_report.py:391 UserWarning: Glyph 52628 (\N{HANGUL SYLLABLE CU}) missing from font(s) DejaVu Sans.
[2026-05-09T14:59:03.917+0000] {logging_mixin.py:190} WARNING - /opt/airflow/dags/dag_daily_report.py:391 UserWarning: Glyph 52636 (\N{HANGUL SYLLABLE CUL}) missing from font(s) DejaVu Sans.
[2026-05-09T14:59:03.918+0000] {logging_mixin.py:190} WARNING - /opt/airflow/dags/dag_daily_report.py:391 UserWarning: Glyph 44208 (\N{HANGUL SYLLABLE GYEOL}) missing from font(s) DejaVu Sans.
[2026-05-09T14:59:03.919+0000] {logging_mixin.py:190} WARNING - /opt/airflow/dags/dag_daily_report.py:391 UserWarning: Glyph 44284 (\N{HANGUL SYLLABLE GWA}) missing from font(s) DejaVu Sans.
[2026-05-09T14:59:03.942+0000] {logging_mixin.py:190} WARNING - /opt/airflow/dags/dag_daily_report.py:162 UserWarning: Glyph 44256 (\N{HANGUL SYLLABLE GO}) missing from font(s) DejaVu Sans.
[2026-05-09T14:59:03.943+0000] {logging_mixin.py:190} WARNING - /opt/airflow/dags/dag_daily_report.py:162 UserWarning: Glyph 49888 (\N{HANGUL SYLLABLE SIN}) missing from font(s) DejaVu Sans.
[2026-05-09T14:59:03.944+0000] {logging_mixin.py:190} WARNING - /opt/airflow/dags/dag_daily_report.py:162 UserWarning: Glyph 47280 (\N{HANGUL SYLLABLE ROE}) missing from font(s) DejaVu Sans.
[2026-05-09T14:59:03.945+0000] {logging_mixin.py:190} WARNING - /opt/airflow/dags/dag_daily_report.py:162 UserWarning: Glyph 46020 (\N{HANGUL SYLLABLE DO}) missing from font(s) DejaVu Sans.
[2026-05-09T14:59:03.946+0000] {logging_mixin.py:190} WARNING - /opt/airflow/dags/dag_daily_report.py:162 UserWarning: Glyph 54980 (\N{HANGUL SYLLABLE HU}) missing from font(s) DejaVu Sans.
[2026-05-09T14:59:03.947+0000] {logging_mixin.py:190} WARNING - /opt/airflow/dags/dag_daily_report.py:162 UserWarning: Glyph 48372 (\N{HANGUL SYLLABLE BO}) missing from font(s) DejaVu Sans.
[2026-05-09T14:59:03.948+0000] {logging_mixin.py:190} WARNING - /opt/airflow/dags/dag_daily_report.py:162 UserWarning: Glyph 49345 (\N{HANGUL SYLLABLE SANG}) missing from font(s) DejaVu Sans.
[2026-05-09T14:59:03.949+0000] {logging_mixin.py:190} WARNING - /opt/airflow/dags/dag_daily_report.py:162 UserWarning: Glyph 50948 (\N{HANGUL SYLLABLE WI}) missing from font(s) DejaVu Sans.
[2026-05-09T14:59:03.950+0000] {logging_mixin.py:190} WARNING - /opt/airflow/dags/dag_daily_report.py:162 UserWarning: Glyph 44148 (\N{HANGUL SYLLABLE GEON}) missing from font(s) DejaVu Sans.
[2026-05-09T14:59:03.968+0000] {logging_mixin.py:190} WARNING - /opt/airflow/dags/dag_daily_report.py:162 UserWarning: Glyph 54644 (\N{HANGUL SYLLABLE HAE}) missing from font(s) DejaVu Sans.
[2026-05-09T14:59:03.969+0000] {logging_mixin.py:190} WARNING - /opt/airflow/dags/dag_daily_report.py:162 UserWarning: Glyph 45817 (\N{HANGUL SYLLABLE DANG}) missing from font(s) DejaVu Sans.
[2026-05-09T14:59:03.970+0000] {logging_mixin.py:190} WARNING - /opt/airflow/dags/dag_daily_report.py:162 UserWarning: Glyph 50630 (\N{HANGUL SYLLABLE EOBS}) missing from font(s) DejaVu Sans.
[2026-05-09T14:59:03.971+0000] {logging_mixin.py:190} WARNING - /opt/airflow/dags/dag_daily_report.py:162 UserWarning: Glyph 51020 (\N{HANGUL SYLLABLE EUM}) missing from font(s) DejaVu Sans.
[2026-05-09T14:59:03.978+0000] {logging_mixin.py:190} WARNING - /opt/airflow/dags/dag_daily_report.py:162 UserWarning: Glyph 51200 (\N{HANGUL SYLLABLE JEO}) missing from font(s) DejaVu Sans.
[2026-05-09T14:59:03.980+0000] {logging_mixin.py:190} WARNING - /opt/airflow/dags/dag_daily_report.py:162 UserWarning: Glyph 54616 (\N{HANGUL SYLLABLE HA}) missing from font(s) DejaVu Sans.
[2026-05-09T14:59:04.000+0000] {logging_mixin.py:190} WARNING - /opt/airflow/dags/dag_daily_report.py:162 UserWarning: Glyph 52628 (\N{HANGUL SYLLABLE CU}) missing from font(s) DejaVu Sans.
[2026-05-09T14:59:04.001+0000] {logging_mixin.py:190} WARNING - /opt/airflow/dags/dag_daily_report.py:162 UserWarning: Glyph 52636 (\N{HANGUL SYLLABLE CUL}) missing from font(s) DejaVu Sans.
[2026-05-09T14:59:04.002+0000] {logging_mixin.py:190} WARNING - /opt/airflow/dags/dag_daily_report.py:162 UserWarning: Glyph 44208 (\N{HANGUL SYLLABLE GYEOL}) missing from font(s) DejaVu Sans.
[2026-05-09T14:59:04.003+0000] {logging_mixin.py:190} WARNING - /opt/airflow/dags/dag_daily_report.py:162 UserWarning: Glyph 44284 (\N{HANGUL SYLLABLE GWA}) missing from font(s) DejaVu Sans.
[2026-05-09T14:59:04.337+0000] {dag_daily_report.py:167} INFO - PNG 업로드: s3://road-defect-seong/reports/2026-05-09/task3_hnm_candidates.png
[2026-05-09T14:59:04.339+0000] {dag_daily_report.py:394} INFO - [Task 3] 완료. 총 0건
[2026-05-09T14:59:04.340+0000] {python.py:240} INFO - Done. Returned value was: {'date': '2026-05-09', 'un': 0, 'up': 0, 'total': 0}
[2026-05-09T14:59:04.355+0000] {taskinstance.py:341} INFO - ::group::Post task execution logs
[2026-05-09T14:59:04.355+0000] {taskinstance.py:353} INFO - Marking task as SUCCESS. dag_id=dag_daily_report, task_id=hnm_candidates_extraction, run_id=manual__2026-05-09T14:58:25.506256+00:00, execution_date=20260509T145825, start_date=20260509T145903, end_date=20260509T145904
[2026-05-09T14:59:04.398+0000] {local_task_job_runner.py:266} INFO - Task exited with return code 0
[2026-05-09T14:59:04.419+0000] {taskinstance.py:3901} INFO - 1 downstream tasks scheduled from follow-on schedule check
[2026-05-09T14:59:04.424+0000] {local_task_job_runner.py:245} INFO - ::endgroup::
