[2026-05-11T00:36:10.898+0000] {local_task_job_runner.py:123} INFO - ::group::Pre task execution logs
[2026-05-11T00:36:10.908+0000] {taskinstance.py:2614} INFO - Dependencies all met for dep_context=non-requeueable deps ti=<TaskInstance: cluster_potholes_every_12min.cluster_pothole_events scheduled__2026-05-11T00:24:00+00:00 [queued]>
[2026-05-11T00:36:10.914+0000] {taskinstance.py:2614} INFO - Dependencies all met for dep_context=requeueable deps ti=<TaskInstance: cluster_potholes_every_12min.cluster_pothole_events scheduled__2026-05-11T00:24:00+00:00 [queued]>
[2026-05-11T00:36:10.914+0000] {taskinstance.py:2867} INFO - Starting attempt 1 of 2
[2026-05-11T00:36:10.932+0000] {taskinstance.py:2890} INFO - Executing <Task(PythonOperator): cluster_pothole_events> on 2026-05-11 00:24:00+00:00
[2026-05-11T00:36:10.941+0000] {standard_task_runner.py:72} INFO - Started process 49064 to run task
[2026-05-11T00:36:10.945+0000] {standard_task_runner.py:104} INFO - Running: ['airflow', 'tasks', 'run', 'cluster_potholes_every_12min', 'cluster_pothole_events', 'scheduled__2026-05-11T00:24:00+00:00', '--job-id', '1368', '--raw', '--subdir', 'DAGS_FOLDER/cluster_potholes_12min_dag.py', '--cfg-path', '/tmp/tmpxzu06hxh']
[2026-05-11T00:36:10.947+0000] {standard_task_runner.py:105} INFO - Job 1368: Subtask cluster_pothole_events
[2026-05-11T00:36:10.985+0000] {task_command.py:467} INFO - Running <TaskInstance: cluster_potholes_every_12min.cluster_pothole_events scheduled__2026-05-11T00:24:00+00:00 [running]> on host 0177f1ae1202
[2026-05-11T00:36:11.051+0000] {taskinstance.py:3134} INFO - Exporting env vars: AIRFLOW_CTX_DAG_OWNER='pothole-pjt' AIRFLOW_CTX_DAG_ID='cluster_potholes_every_12min' AIRFLOW_CTX_TASK_ID='cluster_pothole_events' AIRFLOW_CTX_EXECUTION_DATE='2026-05-11T00:24:00+00:00' AIRFLOW_CTX_TRY_NUMBER='1' AIRFLOW_CTX_DAG_RUN_ID='scheduled__2026-05-11T00:24:00+00:00'
[2026-05-11T00:36:11.052+0000] {taskinstance.py:732} INFO - ::endgroup::
[2026-05-11T00:36:11.113+0000] {logging_mixin.py:190} INFO - Unclustered events count: 19
[2026-05-11T00:36:11.113+0000] {logging_mixin.py:190} INFO - kakao_key_exists=True
[2026-05-11T00:36:11.121+0000] {logging_mixin.py:190} INFO - Existing unrepaired clusters count: 401
[2026-05-11T00:36:11.127+0000] {logging_mixin.py:190} INFO - Merged event_id=evt_ydp_04_middle_20260511_001419_1bd3e1ac into cluster_id=cluster_20260506055652_762da793, distance=1.95m
[2026-05-11T00:36:11.132+0000] {logging_mixin.py:190} INFO - Merged event_id=evt_ydp_11_middle_20260511_001545_ebfe0908 into cluster_id=cluster_20260506055652_9c325301, distance=3.40m
[2026-05-11T00:36:11.138+0000] {logging_mixin.py:190} INFO - Merged event_id=evt_ydp_13_first_20260511_002026_e3dbf3d6 into cluster_id=cluster_20260506055702_2f08ba6e, distance=8.98m
[2026-05-11T00:36:11.467+0000] {logging_mixin.py:190} INFO - Created new cluster_id=cluster_20260511003611_abc6ea20 from event_id=evt_ydp_01_last_20260511_002032_af2ba04d, road_address=서울 영등포구 신길동 399
[2026-05-11T00:36:11.472+0000] {logging_mixin.py:190} INFO - Merged event_id=evt_ydp_01_last_20260511_002034_0003aacc into cluster_id=cluster_20260511003611_abc6ea20, distance=5.04m
[2026-05-11T00:36:11.610+0000] {logging_mixin.py:190} INFO - Created new cluster_id=cluster_20260511003611_e234d7d8 from event_id=evt_ydp_01_last_20260511_002094_3987cbfd, road_address=서울 영등포구 신길동 399
[2026-05-11T00:36:11.749+0000] {logging_mixin.py:190} INFO - Created new cluster_id=cluster_20260511003611_3212822a from event_id=evt_ydp_13_first_20260511_002170_3b4ba3d9, road_address=서울 영등포구 대림동 611
[2026-05-11T00:36:11.886+0000] {logging_mixin.py:190} INFO - Created new cluster_id=cluster_20260511003611_66a8b577 from event_id=evt_ydp_09_last_20260511_002346_91e0f164, road_address=서울 영등포구 도림동 255-3
[2026-05-11T00:36:12.044+0000] {logging_mixin.py:190} INFO - Created new cluster_id=cluster_20260511003611_34c6bd7b from event_id=evt_ydp_10_first_20260511_002372_b824c6b4, road_address=서울 영등포구 여의도동 1-2
[2026-05-11T00:36:12.049+0000] {logging_mixin.py:190} INFO - Merged event_id=evt_ydp_09_last_20260511_002447_542be8dd into cluster_id=cluster_20260507083606_8cbfef84, distance=8.16m
[2026-05-11T00:36:12.199+0000] {logging_mixin.py:190} INFO - Created new cluster_id=cluster_20260511003612_ab665589 from event_id=evt_ydp_02_first_20260511_002502_9aa98b19, road_address=서울 영등포구 당산동5가 4-9
[2026-05-11T00:36:12.206+0000] {logging_mixin.py:190} INFO - Merged event_id=evt_ydp_11_middle_20260511_002533_22b8f2d0 into cluster_id=cluster_20260509153610_b53899aa, distance=13.92m
[2026-05-11T00:36:12.371+0000] {logging_mixin.py:190} INFO - Created new cluster_id=cluster_20260511003612_aa06c132 from event_id=evt_ydp_11_middle_20260511_002629_5bed43ef, road_address=서울 영등포구 여의도동 52
[2026-05-11T00:36:12.376+0000] {logging_mixin.py:190} INFO - Merged event_id=evt_ydp_08_first_20260511_002765_9ec39341 into cluster_id=cluster_20260507060005_bf9b0ba8, distance=11.06m
[2026-05-11T00:36:12.540+0000] {logging_mixin.py:190} INFO - Created new cluster_id=cluster_20260511003612_90669f21 from event_id=evt_ydp_02_first_20260511_002956_86538cb3, road_address=서울 영등포구 당산동4가 35-28
[2026-05-11T00:36:12.696+0000] {logging_mixin.py:190} INFO - Created new cluster_id=cluster_20260511003612_e58e70ca from event_id=evt_ydp_13_first_20260511_003011_1ad9cad2, road_address=서울 영등포구 대림동 616-1
[2026-05-11T00:36:12.832+0000] {logging_mixin.py:190} INFO - Created new cluster_id=cluster_20260511003612_ce9e4a54 from event_id=evt_ydp_13_first_20260511_003174_01e81b16, road_address=서울 영등포구 도림동 265-10
[2026-05-11T00:36:12.995+0000] {logging_mixin.py:190} INFO - Created new cluster_id=cluster_20260511003612_c17b62a2 from event_id=evt_ydp_04_middle_20260511_003351_289fd080, road_address=서울 영등포구 영등포동4가 434-5
[2026-05-11T00:36:13.137+0000] {logging_mixin.py:190} INFO - Created new cluster_id=cluster_20260511003612_552147d9 from event_id=evt_ydp_06_first_20260511_003441_fc6a5252, road_address=서울 영등포구 도림동 1-22
[2026-05-11T00:36:13.140+0000] {logging_mixin.py:190} INFO - Cluster processing completed.
[2026-05-11T00:36:13.140+0000] {logging_mixin.py:190} INFO - New clusters inserted: 12
[2026-05-11T00:36:13.140+0000] {logging_mixin.py:190} INFO - Events merged into existing clusters: 7
[2026-05-11T00:36:13.141+0000] {python.py:240} INFO - Done. Returned value was: None
[2026-05-11T00:36:13.147+0000] {taskinstance.py:341} INFO - ::group::Post task execution logs
[2026-05-11T00:36:13.148+0000] {taskinstance.py:353} INFO - Marking task as SUCCESS. dag_id=cluster_potholes_every_12min, task_id=cluster_pothole_events, run_id=scheduled__2026-05-11T00:24:00+00:00, execution_date=20260511T002400, start_date=20260511T003610, end_date=20260511T003613
[2026-05-11T00:36:13.205+0000] {local_task_job_runner.py:266} INFO - Task exited with return code 0
[2026-05-11T00:36:13.216+0000] {taskinstance.py:3901} INFO - 0 downstream tasks scheduled from follow-on schedule check
[2026-05-11T00:36:13.217+0000] {local_task_job_runner.py:245} INFO - ::endgroup::
