[2026-05-06T04:48:05.423+0000] {local_task_job_runner.py:123} INFO - ::group::Pre task execution logs
[2026-05-06T04:48:05.432+0000] {taskinstance.py:2614} INFO - Dependencies all met for dep_context=non-requeueable deps ti=<TaskInstance: cluster_potholes_every_12min.cluster_pothole_events scheduled__2026-05-06T04:36:00+00:00 [queued]>
[2026-05-06T04:48:05.438+0000] {taskinstance.py:2614} INFO - Dependencies all met for dep_context=requeueable deps ti=<TaskInstance: cluster_potholes_every_12min.cluster_pothole_events scheduled__2026-05-06T04:36:00+00:00 [queued]>
[2026-05-06T04:48:05.438+0000] {taskinstance.py:2867} INFO - Starting attempt 1 of 2
[2026-05-06T04:48:05.452+0000] {taskinstance.py:2890} INFO - Executing <Task(PythonOperator): cluster_pothole_events> on 2026-05-06 04:36:00+00:00
[2026-05-06T04:48:05.459+0000] {standard_task_runner.py:72} INFO - Started process 602 to run task
[2026-05-06T04:48:05.463+0000] {standard_task_runner.py:104} INFO - Running: ['airflow', 'tasks', 'run', 'cluster_potholes_every_12min', 'cluster_pothole_events', 'scheduled__2026-05-06T04:36:00+00:00', '--job-id', '20', '--raw', '--subdir', 'DAGS_FOLDER/cluster_potholes_12min_dag.py', '--cfg-path', '/tmp/tmpgumneqfm']
[2026-05-06T04:48:05.465+0000] {standard_task_runner.py:105} INFO - Job 20: Subtask cluster_pothole_events
[2026-05-06T04:48:05.503+0000] {task_command.py:467} INFO - Running <TaskInstance: cluster_potholes_every_12min.cluster_pothole_events scheduled__2026-05-06T04:36:00+00:00 [running]> on host 774ff55e248b
[2026-05-06T04:48:05.568+0000] {taskinstance.py:3134} INFO - Exporting env vars: AIRFLOW_CTX_DAG_OWNER='pothole-pjt' AIRFLOW_CTX_DAG_ID='cluster_potholes_every_12min' AIRFLOW_CTX_TASK_ID='cluster_pothole_events' AIRFLOW_CTX_EXECUTION_DATE='2026-05-06T04:36:00+00:00' AIRFLOW_CTX_TRY_NUMBER='1' AIRFLOW_CTX_DAG_RUN_ID='scheduled__2026-05-06T04:36:00+00:00'
[2026-05-06T04:48:05.569+0000] {taskinstance.py:732} INFO - ::endgroup::
[2026-05-06T04:48:05.627+0000] {logging_mixin.py:190} INFO - Unclustered events count: 18
[2026-05-06T04:48:05.630+0000] {logging_mixin.py:190} INFO - Existing unrepaired clusters count: 27
[2026-05-06T04:48:05.635+0000] {logging_mixin.py:190} INFO - Created new cluster_id=cluster_20260506044805_47229f5a from event_id=evt_ydp_03_first_20260506_000039_52927fcd
[2026-05-06T04:48:05.640+0000] {logging_mixin.py:190} INFO - Created new cluster_id=cluster_20260506044805_86c781e6 from event_id=evt_ydp_09_first_20260506_000089_374deb01
[2026-05-06T04:48:05.645+0000] {logging_mixin.py:190} INFO - Created new cluster_id=cluster_20260506044805_392d311d from event_id=evt_ydp_01_first_20260506_000503_2aca5753
[2026-05-06T04:48:05.650+0000] {logging_mixin.py:190} INFO - Created new cluster_id=cluster_20260506044805_84e08735 from event_id=evt_ydp_06_first_20260506_000656_34fac91b
[2026-05-06T04:48:05.654+0000] {logging_mixin.py:190} INFO - Merged event_id=evt_ydp_04_first_20260506_000708_1d268c74 into cluster_id=cluster_20260506040005_b2c0296a, distance=8.46m
[2026-05-06T04:48:05.661+0000] {logging_mixin.py:190} INFO - Created new cluster_id=cluster_20260506044805_0981f218 from event_id=evt_ydp_05_first_20260506_000721_0f0edf00
[2026-05-06T04:48:05.668+0000] {logging_mixin.py:190} INFO - Created new cluster_id=cluster_20260506044805_755731f6 from event_id=evt_ydp_09_first_20260506_000727_502c61eb
[2026-05-06T04:48:05.673+0000] {logging_mixin.py:190} INFO - Created new cluster_id=cluster_20260506044805_bab97bed from event_id=evt_ydp_11_first_20260506_000779_6fcd19d1
[2026-05-06T04:48:05.677+0000] {logging_mixin.py:190} INFO - Created new cluster_id=cluster_20260506044805_04a28592 from event_id=evt_ydp_10_first_20260506_000871_90b70210
[2026-05-06T04:48:05.682+0000] {logging_mixin.py:190} INFO - Created new cluster_id=cluster_20260506044805_ed2166f4 from event_id=evt_ydp_07_first_20260506_000899_268d2ed4
[2026-05-06T04:48:05.686+0000] {logging_mixin.py:190} INFO - Created new cluster_id=cluster_20260506044805_abc266d8 from event_id=evt_ydp_03_first_20260506_001057_955f8435
[2026-05-06T04:48:05.691+0000] {logging_mixin.py:190} INFO - Created new cluster_id=cluster_20260506044805_f69943d6 from event_id=evt_ydp_03_first_20260506_001090_e8f08eee
[2026-05-06T04:48:05.695+0000] {logging_mixin.py:190} INFO - Created new cluster_id=cluster_20260506044805_360e2bec from event_id=evt_ydp_07_first_20260506_000042_87146850
[2026-05-06T04:48:05.700+0000] {logging_mixin.py:190} INFO - Created new cluster_id=cluster_20260506044805_86a01181 from event_id=evt_ydp_04_first_20260506_000051_ad430e2f
[2026-05-06T04:48:05.704+0000] {logging_mixin.py:190} INFO - Created new cluster_id=cluster_20260506044805_2b0b9e2b from event_id=evt_ydp_05_first_20260506_000176_dab29d40
[2026-05-06T04:48:05.708+0000] {logging_mixin.py:190} INFO - Created new cluster_id=cluster_20260506044805_b9a02b41 from event_id=evt_ydp_08_first_20260506_000372_0b6cc2c3
[2026-05-06T04:48:05.713+0000] {logging_mixin.py:190} INFO - Created new cluster_id=cluster_20260506044805_dc15d82e from event_id=evt_ydp_06_first_20260506_000515_aa1be623
[2026-05-06T04:48:05.717+0000] {logging_mixin.py:190} INFO - Created new cluster_id=cluster_20260506044805_60d01361 from event_id=evt_ydp_13_first_20260506_000553_da7d76a8
[2026-05-06T04:48:05.720+0000] {logging_mixin.py:190} INFO - Cluster processing completed.
[2026-05-06T04:48:05.720+0000] {logging_mixin.py:190} INFO - New clusters inserted: 17
[2026-05-06T04:48:05.721+0000] {logging_mixin.py:190} INFO - Events merged into existing clusters: 1
[2026-05-06T04:48:05.721+0000] {python.py:240} INFO - Done. Returned value was: None
[2026-05-06T04:48:05.726+0000] {taskinstance.py:341} INFO - ::group::Post task execution logs
[2026-05-06T04:48:05.726+0000] {taskinstance.py:353} INFO - Marking task as SUCCESS. dag_id=cluster_potholes_every_12min, task_id=cluster_pothole_events, run_id=scheduled__2026-05-06T04:36:00+00:00, execution_date=20260506T043600, start_date=20260506T044805, end_date=20260506T044805
[2026-05-06T04:48:05.756+0000] {local_task_job_runner.py:266} INFO - Task exited with return code 0
[2026-05-06T04:48:05.768+0000] {taskinstance.py:3901} INFO - 0 downstream tasks scheduled from follow-on schedule check
[2026-05-06T04:48:05.768+0000] {local_task_job_runner.py:245} INFO - ::endgroup::
