[2026-05-07T08:48:04.569+0000] {local_task_job_runner.py:123} INFO - ::group::Pre task execution logs
[2026-05-07T08:48:04.578+0000] {taskinstance.py:2614} INFO - Dependencies all met for dep_context=non-requeueable deps ti=<TaskInstance: cluster_potholes_every_12min.cluster_pothole_events scheduled__2026-05-07T08:36:00+00:00 [queued]>
[2026-05-07T08:48:04.584+0000] {taskinstance.py:2614} INFO - Dependencies all met for dep_context=requeueable deps ti=<TaskInstance: cluster_potholes_every_12min.cluster_pothole_events scheduled__2026-05-07T08:36:00+00:00 [queued]>
[2026-05-07T08:48:04.584+0000] {taskinstance.py:2867} INFO - Starting attempt 1 of 2
[2026-05-07T08:48:04.598+0000] {taskinstance.py:2890} INFO - Executing <Task(PythonOperator): cluster_pothole_events> on 2026-05-07 08:36:00+00:00
[2026-05-07T08:48:04.605+0000] {standard_task_runner.py:72} INFO - Started process 10543 to run task
[2026-05-07T08:48:04.609+0000] {standard_task_runner.py:104} INFO - Running: ['airflow', 'tasks', 'run', 'cluster_potholes_every_12min', 'cluster_pothole_events', 'scheduled__2026-05-07T08:36:00+00:00', '--job-id', '191', '--raw', '--subdir', 'DAGS_FOLDER/cluster_potholes_12min_dag.py', '--cfg-path', '/tmp/tmpqmq4bgkz']
[2026-05-07T08:48:04.612+0000] {standard_task_runner.py:105} INFO - Job 191: Subtask cluster_pothole_events
[2026-05-07T08:48:04.649+0000] {task_command.py:467} INFO - Running <TaskInstance: cluster_potholes_every_12min.cluster_pothole_events scheduled__2026-05-07T08:36:00+00:00 [running]> on host 0177f1ae1202
[2026-05-07T08:48:04.725+0000] {taskinstance.py:3134} INFO - Exporting env vars: AIRFLOW_CTX_DAG_OWNER='pothole-pjt' AIRFLOW_CTX_DAG_ID='cluster_potholes_every_12min' AIRFLOW_CTX_TASK_ID='cluster_pothole_events' AIRFLOW_CTX_EXECUTION_DATE='2026-05-07T08:36:00+00:00' AIRFLOW_CTX_TRY_NUMBER='1' AIRFLOW_CTX_DAG_RUN_ID='scheduled__2026-05-07T08:36:00+00:00'
[2026-05-07T08:48:04.725+0000] {taskinstance.py:732} INFO - ::endgroup::
[2026-05-07T08:48:04.784+0000] {logging_mixin.py:190} INFO - Unclustered events count: 1
[2026-05-07T08:48:04.784+0000] {logging_mixin.py:190} INFO - kakao_key_exists=True
[2026-05-07T08:48:04.790+0000] {logging_mixin.py:190} INFO - Existing unrepaired clusters count: 246
[2026-05-07T08:48:04.998+0000] {logging_mixin.py:190} INFO - Created new cluster_id=cluster_20260507084804_1e7b59c7 from event_id=evt_ydp_03_middle_20260507_002150_89273d55, road_address=서울 영등포구 영등포동2가 94-23
[2026-05-07T08:48:05.002+0000] {logging_mixin.py:190} INFO - Cluster processing completed.
[2026-05-07T08:48:05.002+0000] {logging_mixin.py:190} INFO - New clusters inserted: 1
[2026-05-07T08:48:05.002+0000] {logging_mixin.py:190} INFO - Events merged into existing clusters: 0
[2026-05-07T08:48:05.003+0000] {python.py:240} INFO - Done. Returned value was: None
[2026-05-07T08:48:05.007+0000] {taskinstance.py:341} INFO - ::group::Post task execution logs
[2026-05-07T08:48:05.008+0000] {taskinstance.py:353} INFO - Marking task as SUCCESS. dag_id=cluster_potholes_every_12min, task_id=cluster_pothole_events, run_id=scheduled__2026-05-07T08:36:00+00:00, execution_date=20260507T083600, start_date=20260507T084804, end_date=20260507T084805
[2026-05-07T08:48:05.064+0000] {local_task_job_runner.py:266} INFO - Task exited with return code 0
[2026-05-07T08:48:05.075+0000] {taskinstance.py:3901} INFO - 0 downstream tasks scheduled from follow-on schedule check
[2026-05-07T08:48:05.076+0000] {local_task_job_runner.py:245} INFO - ::endgroup::
