[2026-05-11T01:48:22.827+0000] {local_task_job_runner.py:123} INFO - ::group::Pre task execution logs
[2026-05-11T01:48:22.840+0000] {taskinstance.py:2614} INFO - Dependencies all met for dep_context=non-requeueable deps ti=<TaskInstance: dag_daily_report.hnm_candidates_extraction scheduled__2026-05-11T01:36:00+00:00 [queued]>
[2026-05-11T01:48:22.848+0000] {taskinstance.py:2614} INFO - Dependencies all met for dep_context=requeueable deps ti=<TaskInstance: dag_daily_report.hnm_candidates_extraction scheduled__2026-05-11T01:36:00+00:00 [queued]>
[2026-05-11T01:48:22.848+0000] {taskinstance.py:2867} INFO - Starting attempt 1 of 2
[2026-05-11T01:48:22.865+0000] {taskinstance.py:2890} INFO - Executing <Task(PythonOperator): hnm_candidates_extraction> on 2026-05-11 01:36:00+00:00
[2026-05-11T01:48:22.874+0000] {standard_task_runner.py:72} INFO - Started process 49826 to run task
[2026-05-11T01:48:22.879+0000] {standard_task_runner.py:104} INFO - Running: ['airflow', 'tasks', 'run', 'dag_daily_report', 'hnm_candidates_extraction', 'scheduled__2026-05-11T01:36:00+00:00', '--job-id', '1412', '--raw', '--subdir', 'DAGS_FOLDER/dag_daily_report.py', '--cfg-path', '/tmp/tmpws64wmpg']
[2026-05-11T01:48:22.882+0000] {standard_task_runner.py:105} INFO - Job 1412: Subtask hnm_candidates_extraction
[2026-05-11T01:48:22.922+0000] {task_command.py:467} INFO - Running <TaskInstance: dag_daily_report.hnm_candidates_extraction scheduled__2026-05-11T01:36:00+00:00 [running]> on host 0177f1ae1202
[2026-05-11T01:48:22.988+0000] {taskinstance.py:3134} INFO - Exporting env vars: AIRFLOW_CTX_DAG_OWNER='pothole-pipeline' AIRFLOW_CTX_DAG_ID='dag_daily_report' AIRFLOW_CTX_TASK_ID='hnm_candidates_extraction' AIRFLOW_CTX_EXECUTION_DATE='2026-05-11T01:36:00+00:00' AIRFLOW_CTX_TRY_NUMBER='1' AIRFLOW_CTX_DAG_RUN_ID='scheduled__2026-05-11T01:36:00+00:00'
[2026-05-11T01:48:22.989+0000] {taskinstance.py:732} INFO - ::endgroup::
[2026-05-11T01:48:23.005+0000] {dag_daily_report.py:155} INFO - [Task 3] 시작: 2026-05-11
[2026-05-11T01:48:23.028+0000] {credentials.py:1075} INFO - Found credentials from IAM Role: exi-airflow-ec2-role
[2026-05-11T01:48:23.331+0000] {dag_daily_report.py:62} INFO - S3 조회: s3://road-defect-seong/raw/raw_logs/year=2026/month=05/day=11/
[2026-05-11T01:48:23.870+0000] {dag_daily_report.py:91} INFO - 로드 완료: 126,067건 (parse_error 제거: 0건)
[2026-05-11T01:48:24.112+0000] {dag_daily_report.py:103} INFO - CSV 업로드: s3://road-defect-seong/reports/2026-05-11/task3_hnm_candidates.csv
[2026-05-11T01:48:24.114+0000] {dag_daily_report.py:174} INFO - [Task 3] 완료. 총 6229건
[2026-05-11T01:48:24.124+0000] {python.py:240} INFO - Done. Returned value was: {'date': '2026-05-11', 'un': 6159, 'up': 70, 'total': 6229}
[2026-05-11T01:48:24.140+0000] {taskinstance.py:341} INFO - ::group::Post task execution logs
[2026-05-11T01:48:24.141+0000] {taskinstance.py:353} INFO - Marking task as SUCCESS. dag_id=dag_daily_report, task_id=hnm_candidates_extraction, run_id=scheduled__2026-05-11T01:36:00+00:00, execution_date=20260511T013600, start_date=20260511T014822, end_date=20260511T014824
[2026-05-11T01:48:24.216+0000] {local_task_job_runner.py:266} INFO - Task exited with return code 0
[2026-05-11T01:48:24.236+0000] {taskinstance.py:3901} INFO - 1 downstream tasks scheduled from follow-on schedule check
[2026-05-11T01:48:24.242+0000] {local_task_job_runner.py:245} INFO - ::endgroup::
