[2026-05-06T04:33:52.931+0000] {local_task_job_runner.py:123} INFO - ::group::Pre task execution logs
[2026-05-06T04:33:52.941+0000] {taskinstance.py:2614} INFO - Dependencies all met for dep_context=non-requeueable deps ti=<TaskInstance: dag_daily_report.model_performance_monitoring scheduled__2026-05-04T14:50:00+00:00 [queued]>
[2026-05-06T04:33:52.947+0000] {taskinstance.py:2614} INFO - Dependencies all met for dep_context=requeueable deps ti=<TaskInstance: dag_daily_report.model_performance_monitoring scheduled__2026-05-04T14:50:00+00:00 [queued]>
[2026-05-06T04:33:52.947+0000] {taskinstance.py:2867} INFO - Starting attempt 1 of 2
[2026-05-06T04:33:52.961+0000] {taskinstance.py:2890} INFO - Executing <Task(PythonOperator): model_performance_monitoring> on 2026-05-04 14:50:00+00:00
[2026-05-06T04:33:52.970+0000] {standard_task_runner.py:72} INFO - Started process 493 to run task
[2026-05-06T04:33:52.973+0000] {standard_task_runner.py:104} INFO - Running: ['airflow', 'tasks', 'run', 'dag_daily_report', 'model_performance_monitoring', 'scheduled__2026-05-04T14:50:00+00:00', '--job-id', '15', '--raw', '--subdir', 'DAGS_FOLDER/dag_daily_report.py', '--cfg-path', '/tmp/tmpcgha0h7y']
[2026-05-06T04:33:52.976+0000] {standard_task_runner.py:105} INFO - Job 15: Subtask model_performance_monitoring
[2026-05-06T04:33:53.016+0000] {task_command.py:467} INFO - Running <TaskInstance: dag_daily_report.model_performance_monitoring scheduled__2026-05-04T14:50:00+00:00 [running]> on host 774ff55e248b
[2026-05-06T04:33:53.075+0000] {taskinstance.py:3134} INFO - Exporting env vars: AIRFLOW_CTX_DAG_OWNER='pothole-pipeline' AIRFLOW_CTX_DAG_ID='dag_daily_report' AIRFLOW_CTX_TASK_ID='model_performance_monitoring' AIRFLOW_CTX_EXECUTION_DATE='2026-05-04T14:50:00+00:00' AIRFLOW_CTX_TRY_NUMBER='1' AIRFLOW_CTX_DAG_RUN_ID='scheduled__2026-05-04T14:50:00+00:00'
[2026-05-06T04:33:53.076+0000] {taskinstance.py:732} INFO - ::endgroup::
[2026-05-06T04:33:53.091+0000] {dag_daily_report.py:190} INFO - [Task 1] 시작: 2026-05-06
[2026-05-06T04:33:53.116+0000] {credentials.py:1075} INFO - Found credentials from IAM Role: exi-airflow-ec2-role
[2026-05-06T04:33:53.234+0000] {dag_daily_report.py:126} INFO - S3 조회: s3://road-defect-seong/raw/raw_logs/year=2026/month=05/day=06/
[2026-05-06T04:33:53.347+0000] {taskinstance.py:3313} ERROR - Task failed with exception
Traceback (most recent call last):
  File "/home/airflow/.local/lib/python3.11/site-packages/airflow/models/taskinstance.py", line 768, in _execute_task
    result = _execute_callable(context=context, **execute_callable_kwargs)
             ^^^^^^^^^^^^^^^^^^^^^^^^^^^^^^^^^^^^^^^^^^^^^^^^^^^^^^^^^^^^^
  File "/home/airflow/.local/lib/python3.11/site-packages/airflow/models/taskinstance.py", line 734, in _execute_callable
    return ExecutionCallableRunner(
           ^^^^^^^^^^^^^^^^^^^^^^^^
  File "/home/airflow/.local/lib/python3.11/site-packages/airflow/utils/operator_helpers.py", line 252, in run
    return self.func(*args, **kwargs)
           ^^^^^^^^^^^^^^^^^^^^^^^^^^
  File "/home/airflow/.local/lib/python3.11/site-packages/airflow/models/baseoperator.py", line 424, in wrapper
    return func(self, *args, **kwargs)
           ^^^^^^^^^^^^^^^^^^^^^^^^^^^
  File "/home/airflow/.local/lib/python3.11/site-packages/airflow/operators/python.py", line 238, in execute
    return_value = self.execute_callable()
                   ^^^^^^^^^^^^^^^^^^^^^^^
  File "/home/airflow/.local/lib/python3.11/site-packages/airflow/operators/python.py", line 256, in execute_callable
    return runner.run(*self.op_args, **self.op_kwargs)
           ^^^^^^^^^^^^^^^^^^^^^^^^^^^^^^^^^^^^^^^^^^^
  File "/home/airflow/.local/lib/python3.11/site-packages/airflow/utils/operator_helpers.py", line 252, in run
    return self.func(*args, **kwargs)
           ^^^^^^^^^^^^^^^^^^^^^^^^^^
  File "/opt/airflow/dags/dag_daily_report.py", line 192, in task_model_performance
    df = load_and_clean_parquet(target_date)
         ^^^^^^^^^^^^^^^^^^^^^^^^^^^^^^^^^^^
  File "/opt/airflow/dags/dag_daily_report.py", line 142, in load_and_clean_parquet
    raise ValueError(f"{target_date} 날짜의 Parquet 파일이 없습니다.")
ValueError: 2026-05-06 날짜의 Parquet 파일이 없습니다.
[2026-05-06T04:33:53.355+0000] {taskinstance.py:1226} INFO - Marking task as UP_FOR_RETRY. dag_id=dag_daily_report, task_id=model_performance_monitoring, run_id=scheduled__2026-05-04T14:50:00+00:00, execution_date=20260504T145000, start_date=20260506T043352, end_date=20260506T043353
[2026-05-06T04:33:53.377+0000] {taskinstance.py:341} INFO - ::group::Post task execution logs
[2026-05-06T04:33:53.377+0000] {standard_task_runner.py:124} ERROR - Failed to execute job 15 for task model_performance_monitoring (2026-05-06 날짜의 Parquet 파일이 없습니다.; 493)
Traceback (most recent call last):
  File "/home/airflow/.local/lib/python3.11/site-packages/airflow/task/task_runner/standard_task_runner.py", line 117, in _start_by_fork
    ret = args.func(args, dag=self.dag)
          ^^^^^^^^^^^^^^^^^^^^^^^^^^^^^
  File "/home/airflow/.local/lib/python3.11/site-packages/airflow/cli/cli_config.py", line 49, in command
    return func(*args, **kwargs)
           ^^^^^^^^^^^^^^^^^^^^^
  File "/home/airflow/.local/lib/python3.11/site-packages/airflow/utils/cli.py", line 116, in wrapper
    return f(*args, **kwargs)
           ^^^^^^^^^^^^^^^^^^
  File "/home/airflow/.local/lib/python3.11/site-packages/airflow/cli/commands/task_command.py", line 483, in task_run
    task_return_code = _run_task_by_selected_method(args, _dag, ti)
                       ^^^^^^^^^^^^^^^^^^^^^^^^^^^^^^^^^^^^^^^^^^^^
  File "/home/airflow/.local/lib/python3.11/site-packages/airflow/cli/commands/task_command.py", line 256, in _run_task_by_selected_method
    return _run_raw_task(args, ti)
           ^^^^^^^^^^^^^^^^^^^^^^^
  File "/home/airflow/.local/lib/python3.11/site-packages/airflow/cli/commands/task_command.py", line 341, in _run_raw_task
    return ti._run_raw_task(
           ^^^^^^^^^^^^^^^^^
  File "/home/airflow/.local/lib/python3.11/site-packages/airflow/utils/session.py", line 97, in wrapper
    return func(*args, session=session, **kwargs)
           ^^^^^^^^^^^^^^^^^^^^^^^^^^^^^^^^^^^^^^
  File "/home/airflow/.local/lib/python3.11/site-packages/airflow/models/taskinstance.py", line 3006, in _run_raw_task
    return _run_raw_task(
           ^^^^^^^^^^^^^^
  File "/home/airflow/.local/lib/python3.11/site-packages/airflow/models/taskinstance.py", line 274, in _run_raw_task
    TaskInstance._execute_task_with_callbacks(
  File "/home/airflow/.local/lib/python3.11/site-packages/airflow/models/taskinstance.py", line 3161, in _execute_task_with_callbacks
    result = self._execute_task(context, task_orig)
             ^^^^^^^^^^^^^^^^^^^^^^^^^^^^^^^^^^^^^^
  File "/home/airflow/.local/lib/python3.11/site-packages/airflow/models/taskinstance.py", line 3185, in _execute_task
    return _execute_task(self, context, task_orig)
           ^^^^^^^^^^^^^^^^^^^^^^^^^^^^^^^^^^^^^^^
  File "/home/airflow/.local/lib/python3.11/site-packages/airflow/models/taskinstance.py", line 768, in _execute_task
    result = _execute_callable(context=context, **execute_callable_kwargs)
             ^^^^^^^^^^^^^^^^^^^^^^^^^^^^^^^^^^^^^^^^^^^^^^^^^^^^^^^^^^^^^
  File "/home/airflow/.local/lib/python3.11/site-packages/airflow/models/taskinstance.py", line 734, in _execute_callable
    return ExecutionCallableRunner(
           ^^^^^^^^^^^^^^^^^^^^^^^^
  File "/home/airflow/.local/lib/python3.11/site-packages/airflow/utils/operator_helpers.py", line 252, in run
    return self.func(*args, **kwargs)
           ^^^^^^^^^^^^^^^^^^^^^^^^^^
  File "/home/airflow/.local/lib/python3.11/site-packages/airflow/models/baseoperator.py", line 424, in wrapper
    return func(self, *args, **kwargs)
           ^^^^^^^^^^^^^^^^^^^^^^^^^^^
  File "/home/airflow/.local/lib/python3.11/site-packages/airflow/operators/python.py", line 238, in execute
    return_value = self.execute_callable()
                   ^^^^^^^^^^^^^^^^^^^^^^^
  File "/home/airflow/.local/lib/python3.11/site-packages/airflow/operators/python.py", line 256, in execute_callable
    return runner.run(*self.op_args, **self.op_kwargs)
           ^^^^^^^^^^^^^^^^^^^^^^^^^^^^^^^^^^^^^^^^^^^
  File "/home/airflow/.local/lib/python3.11/site-packages/airflow/utils/operator_helpers.py", line 252, in run
    return self.func(*args, **kwargs)
           ^^^^^^^^^^^^^^^^^^^^^^^^^^
  File "/opt/airflow/dags/dag_daily_report.py", line 192, in task_model_performance
    df = load_and_clean_parquet(target_date)
         ^^^^^^^^^^^^^^^^^^^^^^^^^^^^^^^^^^^
  File "/opt/airflow/dags/dag_daily_report.py", line 142, in load_and_clean_parquet
    raise ValueError(f"{target_date} 날짜의 Parquet 파일이 없습니다.")
ValueError: 2026-05-06 날짜의 Parquet 파일이 없습니다.
[2026-05-06T04:33:53.428+0000] {local_task_job_runner.py:266} INFO - Task exited with return code 1
[2026-05-06T04:33:53.446+0000] {taskinstance.py:3901} INFO - 0 downstream tasks scheduled from follow-on schedule check
[2026-05-06T04:33:53.447+0000] {local_task_job_runner.py:245} INFO - ::endgroup::
[2026-05-06T06:07:48.696+0000] {local_task_job_runner.py:123} INFO - ::group::Pre task execution logs
[2026-05-06T06:07:48.707+0000] {taskinstance.py:2614} INFO - Dependencies all met for dep_context=non-requeueable deps ti=<TaskInstance: dag_daily_report.model_performance_monitoring scheduled__2026-05-04T14:50:00+00:00 [queued]>
[2026-05-06T06:07:48.712+0000] {taskinstance.py:2614} INFO - Dependencies all met for dep_context=requeueable deps ti=<TaskInstance: dag_daily_report.model_performance_monitoring scheduled__2026-05-04T14:50:00+00:00 [queued]>
[2026-05-06T06:07:48.713+0000] {taskinstance.py:2867} INFO - Starting attempt 1 of 2
[2026-05-06T06:07:48.730+0000] {taskinstance.py:2890} INFO - Executing <Task(PythonOperator): model_performance_monitoring> on 2026-05-04 14:50:00+00:00
[2026-05-06T06:07:48.738+0000] {standard_task_runner.py:72} INFO - Started process 195 to run task
[2026-05-06T06:07:48.742+0000] {standard_task_runner.py:104} INFO - Running: ['airflow', 'tasks', 'run', 'dag_daily_report', 'model_performance_monitoring', 'scheduled__2026-05-04T14:50:00+00:00', '--job-id', '5', '--raw', '--subdir', 'DAGS_FOLDER/dag_daily_report.py', '--cfg-path', '/tmp/tmp7pbd4m5y']
[2026-05-06T06:07:48.745+0000] {standard_task_runner.py:105} INFO - Job 5: Subtask model_performance_monitoring
[2026-05-06T06:07:48.786+0000] {task_command.py:467} INFO - Running <TaskInstance: dag_daily_report.model_performance_monitoring scheduled__2026-05-04T14:50:00+00:00 [running]> on host 0177f1ae1202
[2026-05-06T06:07:48.845+0000] {taskinstance.py:3134} INFO - Exporting env vars: AIRFLOW_CTX_DAG_OWNER='pothole-pipeline' AIRFLOW_CTX_DAG_ID='dag_daily_report' AIRFLOW_CTX_TASK_ID='model_performance_monitoring' AIRFLOW_CTX_EXECUTION_DATE='2026-05-04T14:50:00+00:00' AIRFLOW_CTX_TRY_NUMBER='1' AIRFLOW_CTX_DAG_RUN_ID='scheduled__2026-05-04T14:50:00+00:00'
[2026-05-06T06:07:48.846+0000] {taskinstance.py:732} INFO - ::endgroup::
[2026-05-06T06:07:48.860+0000] {dag_daily_report.py:190} INFO - [Task 1] 시작: 2026-05-06
[2026-05-06T06:07:48.884+0000] {credentials.py:1075} INFO - Found credentials from IAM Role: exi-airflow-ec2-role
[2026-05-06T06:07:49.008+0000] {dag_daily_report.py:126} INFO - S3 조회: s3://road-defect-seong/raw/raw_logs/year=2026/month=05/day=06/
[2026-05-06T06:07:49.566+0000] {dag_daily_report.py:155} INFO - 로드 완료: 128,791건 (parse_error 제거: 0건)
[2026-05-06T06:07:49.636+0000] {logging_mixin.py:190} WARNING - /opt/airflow/dags/dag_daily_report.py:228 UserWarning: Glyph 52395 (\N{HANGUL SYLLABLE CEOS}) missing from font(s) DejaVu Sans.
[2026-05-06T06:07:49.637+0000] {logging_mixin.py:190} WARNING - /opt/airflow/dags/dag_daily_report.py:228 UserWarning: Glyph 52264 (\N{HANGUL SYLLABLE CA}) missing from font(s) DejaVu Sans.
[2026-05-06T06:07:49.639+0000] {logging_mixin.py:190} WARNING - /opt/airflow/dags/dag_daily_report.py:228 UserWarning: Glyph 50868 (\N{HANGUL SYLLABLE UN}) missing from font(s) DejaVu Sans.
[2026-05-06T06:07:49.640+0000] {logging_mixin.py:190} WARNING - /opt/airflow/dags/dag_daily_report.py:228 UserWarning: Glyph 54665 (\N{HANGUL SYLLABLE HAENG}) missing from font(s) DejaVu Sans.
[2026-05-06T06:07:49.641+0000] {logging_mixin.py:190} WARNING - /opt/airflow/dags/dag_daily_report.py:228 UserWarning: Glyph 54924 (\N{HANGUL SYLLABLE HOE}) missing from font(s) DejaVu Sans.
[2026-05-06T06:07:49.656+0000] {logging_mixin.py:190} WARNING - /opt/airflow/dags/dag_daily_report.py:228 UserWarning: Glyph 54217 (\N{HANGUL SYLLABLE PYEONG}) missing from font(s) DejaVu Sans.
[2026-05-06T06:07:49.657+0000] {logging_mixin.py:190} WARNING - /opt/airflow/dags/dag_daily_report.py:228 UserWarning: Glyph 44512 (\N{HANGUL SYLLABLE GYUN}) missing from font(s) DejaVu Sans.
[2026-05-06T06:07:49.665+0000] {logging_mixin.py:190} WARNING - /opt/airflow/dags/dag_daily_report.py:228 UserWarning: Glyph 48324 (\N{HANGUL SYLLABLE BYEOL}) missing from font(s) DejaVu Sans.
[2026-05-06T06:07:49.666+0000] {logging_mixin.py:190} WARNING - /opt/airflow/dags/dag_daily_report.py:228 UserWarning: Glyph 52628 (\N{HANGUL SYLLABLE CU}) missing from font(s) DejaVu Sans.
[2026-05-06T06:07:49.667+0000] {logging_mixin.py:190} WARNING - /opt/airflow/dags/dag_daily_report.py:228 UserWarning: Glyph 47200 (\N{HANGUL SYLLABLE RON}) missing from font(s) DejaVu Sans.
[2026-05-06T06:07:49.668+0000] {logging_mixin.py:190} WARNING - /opt/airflow/dags/dag_daily_report.py:228 UserWarning: Glyph 49884 (\N{HANGUL SYLLABLE SI}) missing from font(s) DejaVu Sans.
[2026-05-06T06:07:49.669+0000] {logging_mixin.py:190} WARNING - /opt/airflow/dags/dag_daily_report.py:228 UserWarning: Glyph 44036 (\N{HANGUL SYLLABLE GAN}) missing from font(s) DejaVu Sans.
[2026-05-06T06:07:49.693+0000] {logging_mixin.py:190} WARNING - /opt/airflow/dags/dag_daily_report.py:162 UserWarning: Glyph 54217 (\N{HANGUL SYLLABLE PYEONG}) missing from font(s) DejaVu Sans.
[2026-05-06T06:07:49.694+0000] {logging_mixin.py:190} WARNING - /opt/airflow/dags/dag_daily_report.py:162 UserWarning: Glyph 44512 (\N{HANGUL SYLLABLE GYUN}) missing from font(s) DejaVu Sans.
[2026-05-06T06:07:49.696+0000] {logging_mixin.py:190} WARNING - /opt/airflow/dags/dag_daily_report.py:162 UserWarning: Glyph 50868 (\N{HANGUL SYLLABLE UN}) missing from font(s) DejaVu Sans.
[2026-05-06T06:07:49.697+0000] {logging_mixin.py:190} WARNING - /opt/airflow/dags/dag_daily_report.py:162 UserWarning: Glyph 54665 (\N{HANGUL SYLLABLE HAENG}) missing from font(s) DejaVu Sans.
[2026-05-06T06:07:49.698+0000] {logging_mixin.py:190} WARNING - /opt/airflow/dags/dag_daily_report.py:162 UserWarning: Glyph 54924 (\N{HANGUL SYLLABLE HOE}) missing from font(s) DejaVu Sans.
[2026-05-06T06:07:49.699+0000] {logging_mixin.py:190} WARNING - /opt/airflow/dags/dag_daily_report.py:162 UserWarning: Glyph 52264 (\N{HANGUL SYLLABLE CA}) missing from font(s) DejaVu Sans.
[2026-05-06T06:07:49.700+0000] {logging_mixin.py:190} WARNING - /opt/airflow/dags/dag_daily_report.py:162 UserWarning: Glyph 48324 (\N{HANGUL SYLLABLE BYEOL}) missing from font(s) DejaVu Sans.
[2026-05-06T06:07:49.701+0000] {logging_mixin.py:190} WARNING - /opt/airflow/dags/dag_daily_report.py:162 UserWarning: Glyph 52628 (\N{HANGUL SYLLABLE CU}) missing from font(s) DejaVu Sans.
[2026-05-06T06:07:49.702+0000] {logging_mixin.py:190} WARNING - /opt/airflow/dags/dag_daily_report.py:162 UserWarning: Glyph 47200 (\N{HANGUL SYLLABLE RON}) missing from font(s) DejaVu Sans.
[2026-05-06T06:07:49.703+0000] {logging_mixin.py:190} WARNING - /opt/airflow/dags/dag_daily_report.py:162 UserWarning: Glyph 49884 (\N{HANGUL SYLLABLE SI}) missing from font(s) DejaVu Sans.
[2026-05-06T06:07:49.705+0000] {logging_mixin.py:190} WARNING - /opt/airflow/dags/dag_daily_report.py:162 UserWarning: Glyph 44036 (\N{HANGUL SYLLABLE GAN}) missing from font(s) DejaVu Sans.
[2026-05-06T06:07:49.707+0000] {logging_mixin.py:190} WARNING - /opt/airflow/dags/dag_daily_report.py:162 UserWarning: Glyph 52395 (\N{HANGUL SYLLABLE CEOS}) missing from font(s) DejaVu Sans.
[2026-05-06T06:07:49.936+0000] {dag_daily_report.py:167} INFO - PNG 업로드: s3://road-defect-seong/reports/2026-05-06/task1_inference_time_by_run.png
[2026-05-06T06:07:49.968+0000] {logging_mixin.py:190} WARNING - /opt/airflow/dags/dag_daily_report.py:254 UserWarning: Glyph 53364 (\N{HANGUL SYLLABLE KEUL}) missing from font(s) DejaVu Sans.
[2026-05-06T06:07:49.969+0000] {logging_mixin.py:190} WARNING - /opt/airflow/dags/dag_daily_report.py:254 UserWarning: Glyph 47000 (\N{HANGUL SYLLABLE RAE}) missing from font(s) DejaVu Sans.
[2026-05-06T06:07:49.970+0000] {logging_mixin.py:190} WARNING - /opt/airflow/dags/dag_daily_report.py:254 UserWarning: Glyph 49828 (\N{HANGUL SYLLABLE SEU}) missing from font(s) DejaVu Sans.
[2026-05-06T06:07:49.971+0000] {logging_mixin.py:190} WARNING - /opt/airflow/dags/dag_daily_report.py:254 UserWarning: Glyph 48516 (\N{HANGUL SYLLABLE BUN}) missing from font(s) DejaVu Sans.
[2026-05-06T06:07:49.972+0000] {logging_mixin.py:190} WARNING - /opt/airflow/dags/dag_daily_report.py:254 UserWarning: Glyph 54252 (\N{HANGUL SYLLABLE PO}) missing from font(s) DejaVu Sans.
[2026-05-06T06:07:49.973+0000] {logging_mixin.py:190} WARNING - /opt/airflow/dags/dag_daily_report.py:254 UserWarning: Glyph 52509 (\N{HANGUL SYLLABLE CONG}) missing from font(s) DejaVu Sans.
[2026-05-06T06:07:49.974+0000] {logging_mixin.py:190} WARNING - /opt/airflow/dags/dag_daily_report.py:254 UserWarning: Glyph 44148 (\N{HANGUL SYLLABLE GEON}) missing from font(s) DejaVu Sans.
[2026-05-06T06:07:49.983+0000] {logging_mixin.py:190} WARNING - /opt/airflow/dags/dag_daily_report.py:254 UserWarning: Glyph 51221 (\N{HANGUL SYLLABLE JEONG}) missing from font(s) DejaVu Sans.
[2026-05-06T06:07:49.984+0000] {logging_mixin.py:190} WARNING - /opt/airflow/dags/dag_daily_report.py:254 UserWarning: Glyph 49345 (\N{HANGUL SYLLABLE SANG}) missing from font(s) DejaVu Sans.
[2026-05-06T06:07:49.987+0000] {logging_mixin.py:190} WARNING - /opt/airflow/dags/dag_daily_report.py:254 UserWarning: Glyph 48520 (\N{HANGUL SYLLABLE BUL}) missing from font(s) DejaVu Sans.
[2026-05-06T06:07:49.988+0000] {logging_mixin.py:190} WARNING - /opt/airflow/dags/dag_daily_report.py:254 UserWarning: Glyph 54869 (\N{HANGUL SYLLABLE HWAG}) missing from font(s) DejaVu Sans.
[2026-05-06T06:07:49.989+0000] {logging_mixin.py:190} WARNING - /opt/airflow/dags/dag_daily_report.py:254 UserWarning: Glyph 49892 (\N{HANGUL SYLLABLE SIL}) missing from font(s) DejaVu Sans.
[2026-05-06T06:07:49.993+0000] {logging_mixin.py:190} WARNING - /opt/airflow/dags/dag_daily_report.py:254 UserWarning: Glyph 53944 (\N{HANGUL SYLLABLE TEU}) missing from font(s) DejaVu Sans.
[2026-05-06T06:07:49.994+0000] {logging_mixin.py:190} WARNING - /opt/airflow/dags/dag_daily_report.py:254 UserWarning: Glyph 54848 (\N{HANGUL SYLLABLE HOL}) missing from font(s) DejaVu Sans.
[2026-05-06T06:07:50.010+0000] {logging_mixin.py:190} WARNING - /opt/airflow/dags/dag_daily_report.py:162 UserWarning: Glyph 53364 (\N{HANGUL SYLLABLE KEUL}) missing from font(s) DejaVu Sans.
[2026-05-06T06:07:50.011+0000] {logging_mixin.py:190} WARNING - /opt/airflow/dags/dag_daily_report.py:162 UserWarning: Glyph 47000 (\N{HANGUL SYLLABLE RAE}) missing from font(s) DejaVu Sans.
[2026-05-06T06:07:50.012+0000] {logging_mixin.py:190} WARNING - /opt/airflow/dags/dag_daily_report.py:162 UserWarning: Glyph 49828 (\N{HANGUL SYLLABLE SEU}) missing from font(s) DejaVu Sans.
[2026-05-06T06:07:50.013+0000] {logging_mixin.py:190} WARNING - /opt/airflow/dags/dag_daily_report.py:162 UserWarning: Glyph 48516 (\N{HANGUL SYLLABLE BUN}) missing from font(s) DejaVu Sans.
[2026-05-06T06:07:50.014+0000] {logging_mixin.py:190} WARNING - /opt/airflow/dags/dag_daily_report.py:162 UserWarning: Glyph 54252 (\N{HANGUL SYLLABLE PO}) missing from font(s) DejaVu Sans.
[2026-05-06T06:07:50.016+0000] {logging_mixin.py:190} WARNING - /opt/airflow/dags/dag_daily_report.py:162 UserWarning: Glyph 52509 (\N{HANGUL SYLLABLE CONG}) missing from font(s) DejaVu Sans.
[2026-05-06T06:07:50.017+0000] {logging_mixin.py:190} WARNING - /opt/airflow/dags/dag_daily_report.py:162 UserWarning: Glyph 44148 (\N{HANGUL SYLLABLE GEON}) missing from font(s) DejaVu Sans.
[2026-05-06T06:07:50.020+0000] {logging_mixin.py:190} WARNING - /opt/airflow/dags/dag_daily_report.py:162 UserWarning: Glyph 51221 (\N{HANGUL SYLLABLE JEONG}) missing from font(s) DejaVu Sans.
[2026-05-06T06:07:50.021+0000] {logging_mixin.py:190} WARNING - /opt/airflow/dags/dag_daily_report.py:162 UserWarning: Glyph 49345 (\N{HANGUL SYLLABLE SANG}) missing from font(s) DejaVu Sans.
[2026-05-06T06:07:50.023+0000] {logging_mixin.py:190} WARNING - /opt/airflow/dags/dag_daily_report.py:162 UserWarning: Glyph 48520 (\N{HANGUL SYLLABLE BUL}) missing from font(s) DejaVu Sans.
[2026-05-06T06:07:50.024+0000] {logging_mixin.py:190} WARNING - /opt/airflow/dags/dag_daily_report.py:162 UserWarning: Glyph 54869 (\N{HANGUL SYLLABLE HWAG}) missing from font(s) DejaVu Sans.
[2026-05-06T06:07:50.025+0000] {logging_mixin.py:190} WARNING - /opt/airflow/dags/dag_daily_report.py:162 UserWarning: Glyph 49892 (\N{HANGUL SYLLABLE SIL}) missing from font(s) DejaVu Sans.
[2026-05-06T06:07:50.028+0000] {logging_mixin.py:190} WARNING - /opt/airflow/dags/dag_daily_report.py:162 UserWarning: Glyph 53944 (\N{HANGUL SYLLABLE TEU}) missing from font(s) DejaVu Sans.
[2026-05-06T06:07:50.029+0000] {logging_mixin.py:190} WARNING - /opt/airflow/dags/dag_daily_report.py:162 UserWarning: Glyph 54848 (\N{HANGUL SYLLABLE HOL}) missing from font(s) DejaVu Sans.
[2026-05-06T06:07:50.252+0000] {dag_daily_report.py:167} INFO - PNG 업로드: s3://road-defect-seong/reports/2026-05-06/task1_cp_class_distribution.png
[2026-05-06T06:07:50.254+0000] {dag_daily_report.py:257} INFO - [Task 1] 완료. 128,791건
[2026-05-06T06:07:50.262+0000] {python.py:240} INFO - Done. Returned value was: {'total': 128791, 'date': '2026-05-06'}
[2026-05-06T06:07:50.276+0000] {taskinstance.py:341} INFO - ::group::Post task execution logs
[2026-05-06T06:07:50.276+0000] {taskinstance.py:353} INFO - Marking task as SUCCESS. dag_id=dag_daily_report, task_id=model_performance_monitoring, run_id=scheduled__2026-05-04T14:50:00+00:00, execution_date=20260504T145000, start_date=20260506T060748, end_date=20260506T060750
[2026-05-06T06:07:50.319+0000] {local_task_job_runner.py:266} INFO - Task exited with return code 0
[2026-05-06T06:07:50.344+0000] {taskinstance.py:3901} INFO - 1 downstream tasks scheduled from follow-on schedule check
[2026-05-06T06:07:50.349+0000] {local_task_job_runner.py:245} INFO - ::endgroup::
