[2026-05-06T15:36:01.900+0000] {local_task_job_runner.py:123} INFO - ::group::Pre task execution logs
[2026-05-06T15:36:01.912+0000] {taskinstance.py:2614} INFO - Dependencies all met for dep_context=non-requeueable deps ti=<TaskInstance: dag_daily_report.speed_uncertainty_analysis manual__2026-05-06T15:35:40.274426+00:00 [queued]>
[2026-05-06T15:36:01.919+0000] {taskinstance.py:2614} INFO - Dependencies all met for dep_context=requeueable deps ti=<TaskInstance: dag_daily_report.speed_uncertainty_analysis manual__2026-05-06T15:35:40.274426+00:00 [queued]>
[2026-05-06T15:36:01.919+0000] {taskinstance.py:2867} INFO - Starting attempt 1 of 2
[2026-05-06T15:36:01.935+0000] {taskinstance.py:2890} INFO - Executing <Task(PythonOperator): speed_uncertainty_analysis> on 2026-05-06 15:35:40.274426+00:00
[2026-05-06T15:36:01.945+0000] {standard_task_runner.py:72} INFO - Started process 3927 to run task
[2026-05-06T15:36:01.948+0000] {standard_task_runner.py:104} INFO - Running: ['airflow', 'tasks', 'run', 'dag_daily_report', 'speed_uncertainty_analysis', 'manual__2026-05-06T15:35:40.274426+00:00', '--job-id', '77', '--raw', '--subdir', 'DAGS_FOLDER/dag_daily_report.py', '--cfg-path', '/tmp/tmp9ros63d8']
[2026-05-06T15:36:01.952+0000] {standard_task_runner.py:105} INFO - Job 77: Subtask speed_uncertainty_analysis
[2026-05-06T15:36:01.988+0000] {task_command.py:467} INFO - Running <TaskInstance: dag_daily_report.speed_uncertainty_analysis manual__2026-05-06T15:35:40.274426+00:00 [running]> on host 0177f1ae1202
[2026-05-06T15:36:02.060+0000] {taskinstance.py:3134} INFO - Exporting env vars: AIRFLOW_CTX_DAG_OWNER='pothole-pipeline' AIRFLOW_CTX_DAG_ID='dag_daily_report' AIRFLOW_CTX_TASK_ID='speed_uncertainty_analysis' AIRFLOW_CTX_EXECUTION_DATE='2026-05-06T15:35:40.274426+00:00' AIRFLOW_CTX_TRY_NUMBER='1' AIRFLOW_CTX_DAG_RUN_ID='manual__2026-05-06T15:35:40.274426+00:00'
[2026-05-06T15:36:02.061+0000] {taskinstance.py:732} INFO - ::endgroup::
[2026-05-06T15:36:02.078+0000] {dag_daily_report.py:271} INFO - [Task 2] 시작: 2026-05-07
[2026-05-06T15:36:02.103+0000] {credentials.py:1075} INFO - Found credentials from IAM Role: exi-airflow-ec2-role
[2026-05-06T15:36:02.223+0000] {dag_daily_report.py:126} INFO - S3 조회: s3://road-defect-seong/raw/raw_logs/year=2026/month=05/day=07/
[2026-05-06T15:36:02.405+0000] {dag_daily_report.py:155} INFO - 로드 완료: 1건 (parse_error 제거: 0건)
[2026-05-06T15:36:02.452+0000] {logging_mixin.py:190} WARNING - /opt/airflow/dags/dag_daily_report.py:318 UserWarning: Glyph 49549 (\N{HANGUL SYLLABLE SOG}) missing from font(s) DejaVu Sans.
[2026-05-06T15:36:02.453+0000] {logging_mixin.py:190} WARNING - /opt/airflow/dags/dag_daily_report.py:318 UserWarning: Glyph 46020 (\N{HANGUL SYLLABLE DO}) missing from font(s) DejaVu Sans.
[2026-05-06T15:36:02.454+0000] {logging_mixin.py:190} WARNING - /opt/airflow/dags/dag_daily_report.py:318 UserWarning: Glyph 44396 (\N{HANGUL SYLLABLE GU}) missing from font(s) DejaVu Sans.
[2026-05-06T15:36:02.455+0000] {logging_mixin.py:190} WARNING - /opt/airflow/dags/dag_daily_report.py:318 UserWarning: Glyph 44036 (\N{HANGUL SYLLABLE GAN}) missing from font(s) DejaVu Sans.
[2026-05-06T15:36:02.471+0000] {logging_mixin.py:190} WARNING - /opt/airflow/dags/dag_daily_report.py:318 UserWarning: Glyph 48520 (\N{HANGUL SYLLABLE BUL}) missing from font(s) DejaVu Sans.
[2026-05-06T15:36:02.472+0000] {logging_mixin.py:190} WARNING - /opt/airflow/dags/dag_daily_report.py:318 UserWarning: Glyph 54869 (\N{HANGUL SYLLABLE HWAG}) missing from font(s) DejaVu Sans.
[2026-05-06T15:36:02.473+0000] {logging_mixin.py:190} WARNING - /opt/airflow/dags/dag_daily_report.py:318 UserWarning: Glyph 49892 (\N{HANGUL SYLLABLE SIL}) missing from font(s) DejaVu Sans.
[2026-05-06T15:36:02.474+0000] {logging_mixin.py:190} WARNING - /opt/airflow/dags/dag_daily_report.py:318 UserWarning: Glyph 50696 (\N{HANGUL SYLLABLE YE}) missing from font(s) DejaVu Sans.
[2026-05-06T15:36:02.475+0000] {logging_mixin.py:190} WARNING - /opt/airflow/dags/dag_daily_report.py:318 UserWarning: Glyph 52769 (\N{HANGUL SYLLABLE CEUG}) missing from font(s) DejaVu Sans.
[2026-05-06T15:36:02.476+0000] {logging_mixin.py:190} WARNING - /opt/airflow/dags/dag_daily_report.py:318 UserWarning: Glyph 48708 (\N{HANGUL SYLLABLE BI}) missing from font(s) DejaVu Sans.
[2026-05-06T15:36:02.477+0000] {logging_mixin.py:190} WARNING - /opt/airflow/dags/dag_daily_report.py:318 UserWarning: Glyph 50984 (\N{HANGUL SYLLABLE YUL}) missing from font(s) DejaVu Sans.
[2026-05-06T15:36:02.485+0000] {logging_mixin.py:190} WARNING - /opt/airflow/dags/dag_daily_report.py:318 UserWarning: Glyph 48324 (\N{HANGUL SYLLABLE BYEOL}) missing from font(s) DejaVu Sans.
[2026-05-06T15:36:02.487+0000] {logging_mixin.py:190} WARNING - /opt/airflow/dags/dag_daily_report.py:318 UserWarning: Glyph 51228 (\N{HANGUL SYLLABLE JE}) missing from font(s) DejaVu Sans.
[2026-05-06T15:36:02.488+0000] {logging_mixin.py:190} WARNING - /opt/airflow/dags/dag_daily_report.py:318 UserWarning: Glyph 48660 (\N{HANGUL SYLLABLE BEUL}) missing from font(s) DejaVu Sans.
[2026-05-06T15:36:02.489+0000] {logging_mixin.py:190} WARNING - /opt/airflow/dags/dag_daily_report.py:318 UserWarning: Glyph 47001 (\N{HANGUL SYLLABLE RAEG}) missing from font(s) DejaVu Sans.
[2026-05-06T15:36:02.490+0000] {logging_mixin.py:190} WARNING - /opt/airflow/dags/dag_daily_report.py:318 UserWarning: Glyph 48149 (\N{HANGUL SYLLABLE BAG}) missing from font(s) DejaVu Sans.
[2026-05-06T15:36:02.491+0000] {logging_mixin.py:190} WARNING - /opt/airflow/dags/dag_daily_report.py:318 UserWarning: Glyph 49828 (\N{HANGUL SYLLABLE SEU}) missing from font(s) DejaVu Sans.
[2026-05-06T15:36:02.492+0000] {logging_mixin.py:190} WARNING - /opt/airflow/dags/dag_daily_report.py:318 UserWarning: Glyph 45936 (\N{HANGUL SYLLABLE DE}) missing from font(s) DejaVu Sans.
[2026-05-06T15:36:02.493+0000] {logging_mixin.py:190} WARNING - /opt/airflow/dags/dag_daily_report.py:318 UserWarning: Glyph 51060 (\N{HANGUL SYLLABLE I}) missing from font(s) DejaVu Sans.
[2026-05-06T15:36:02.494+0000] {logging_mixin.py:190} WARNING - /opt/airflow/dags/dag_daily_report.py:318 UserWarning: Glyph 53552 (\N{HANGUL SYLLABLE TEO}) missing from font(s) DejaVu Sans.
[2026-05-06T15:36:02.495+0000] {logging_mixin.py:190} WARNING - /opt/airflow/dags/dag_daily_report.py:318 UserWarning: Glyph 49688 (\N{HANGUL SYLLABLE SU}) missing from font(s) DejaVu Sans.
[2026-05-06T15:36:02.496+0000] {logging_mixin.py:190} WARNING - /opt/airflow/dags/dag_daily_report.py:318 UserWarning: Glyph 51665 (\N{HANGUL SYLLABLE JIB}) missing from font(s) DejaVu Sans.
[2026-05-06T15:36:02.497+0000] {logging_mixin.py:190} WARNING - /opt/airflow/dags/dag_daily_report.py:318 UserWarning: Glyph 49884 (\N{HANGUL SYLLABLE SI}) missing from font(s) DejaVu Sans.
[2026-05-06T15:36:02.498+0000] {logging_mixin.py:190} WARNING - /opt/airflow/dags/dag_daily_report.py:318 UserWarning: Glyph 44256 (\N{HANGUL SYLLABLE GO}) missing from font(s) DejaVu Sans.
[2026-05-06T15:36:02.499+0000] {logging_mixin.py:190} WARNING - /opt/airflow/dags/dag_daily_report.py:318 UserWarning: Glyph 50640 (\N{HANGUL SYLLABLE E}) missing from font(s) DejaVu Sans.
[2026-05-06T15:36:02.500+0000] {logging_mixin.py:190} WARNING - /opt/airflow/dags/dag_daily_report.py:318 UserWarning: Glyph 49436 (\N{HANGUL SYLLABLE SEO}) missing from font(s) DejaVu Sans.
[2026-05-06T15:36:02.501+0000] {logging_mixin.py:190} WARNING - /opt/airflow/dags/dag_daily_report.py:318 UserWarning: Glyph 51613 (\N{HANGUL SYLLABLE JEUNG}) missing from font(s) DejaVu Sans.
[2026-05-06T15:36:02.502+0000] {logging_mixin.py:190} WARNING - /opt/airflow/dags/dag_daily_report.py:318 UserWarning: Glyph 44032 (\N{HANGUL SYLLABLE GA}) missing from font(s) DejaVu Sans.
[2026-05-06T15:36:02.503+0000] {logging_mixin.py:190} WARNING - /opt/airflow/dags/dag_daily_report.py:318 UserWarning: Glyph 50668 (\N{HANGUL SYLLABLE YEO}) missing from font(s) DejaVu Sans.
[2026-05-06T15:36:02.504+0000] {logging_mixin.py:190} WARNING - /opt/airflow/dags/dag_daily_report.py:318 UserWarning: Glyph 48512 (\N{HANGUL SYLLABLE BU}) missing from font(s) DejaVu Sans.
[2026-05-06T15:36:02.505+0000] {logging_mixin.py:190} WARNING - /opt/airflow/dags/dag_daily_report.py:318 UserWarning: Glyph 44160 (\N{HANGUL SYLLABLE GEOM}) missing from font(s) DejaVu Sans.
[2026-05-06T15:36:02.511+0000] {logging_mixin.py:190} WARNING - /opt/airflow/dags/dag_daily_report.py:318 UserWarning: Tight layout not applied. The bottom and top margins cannot be made large enough to accommodate all Axes decorations.
[2026-05-06T15:36:02.528+0000] {logging_mixin.py:190} WARNING - /opt/airflow/dags/dag_daily_report.py:162 UserWarning: Glyph 48520 (\N{HANGUL SYLLABLE BUL}) missing from font(s) DejaVu Sans.
[2026-05-06T15:36:02.529+0000] {logging_mixin.py:190} WARNING - /opt/airflow/dags/dag_daily_report.py:162 UserWarning: Glyph 54869 (\N{HANGUL SYLLABLE HWAG}) missing from font(s) DejaVu Sans.
[2026-05-06T15:36:02.530+0000] {logging_mixin.py:190} WARNING - /opt/airflow/dags/dag_daily_report.py:162 UserWarning: Glyph 49892 (\N{HANGUL SYLLABLE SIL}) missing from font(s) DejaVu Sans.
[2026-05-06T15:36:02.531+0000] {logging_mixin.py:190} WARNING - /opt/airflow/dags/dag_daily_report.py:162 UserWarning: Glyph 50696 (\N{HANGUL SYLLABLE YE}) missing from font(s) DejaVu Sans.
[2026-05-06T15:36:02.532+0000] {logging_mixin.py:190} WARNING - /opt/airflow/dags/dag_daily_report.py:162 UserWarning: Glyph 52769 (\N{HANGUL SYLLABLE CEUG}) missing from font(s) DejaVu Sans.
[2026-05-06T15:36:02.533+0000] {logging_mixin.py:190} WARNING - /opt/airflow/dags/dag_daily_report.py:162 UserWarning: Glyph 48708 (\N{HANGUL SYLLABLE BI}) missing from font(s) DejaVu Sans.
[2026-05-06T15:36:02.534+0000] {logging_mixin.py:190} WARNING - /opt/airflow/dags/dag_daily_report.py:162 UserWarning: Glyph 50984 (\N{HANGUL SYLLABLE YUL}) missing from font(s) DejaVu Sans.
[2026-05-06T15:36:02.536+0000] {logging_mixin.py:190} WARNING - /opt/airflow/dags/dag_daily_report.py:162 UserWarning: Glyph 49549 (\N{HANGUL SYLLABLE SOG}) missing from font(s) DejaVu Sans.
[2026-05-06T15:36:02.537+0000] {logging_mixin.py:190} WARNING - /opt/airflow/dags/dag_daily_report.py:162 UserWarning: Glyph 46020 (\N{HANGUL SYLLABLE DO}) missing from font(s) DejaVu Sans.
[2026-05-06T15:36:02.538+0000] {logging_mixin.py:190} WARNING - /opt/airflow/dags/dag_daily_report.py:162 UserWarning: Glyph 44396 (\N{HANGUL SYLLABLE GU}) missing from font(s) DejaVu Sans.
[2026-05-06T15:36:02.539+0000] {logging_mixin.py:190} WARNING - /opt/airflow/dags/dag_daily_report.py:162 UserWarning: Glyph 44036 (\N{HANGUL SYLLABLE GAN}) missing from font(s) DejaVu Sans.
[2026-05-06T15:36:02.540+0000] {logging_mixin.py:190} WARNING - /opt/airflow/dags/dag_daily_report.py:162 UserWarning: Glyph 48324 (\N{HANGUL SYLLABLE BYEOL}) missing from font(s) DejaVu Sans.
[2026-05-06T15:36:02.542+0000] {logging_mixin.py:190} WARNING - /opt/airflow/dags/dag_daily_report.py:162 UserWarning: Glyph 51228 (\N{HANGUL SYLLABLE JE}) missing from font(s) DejaVu Sans.
[2026-05-06T15:36:02.543+0000] {logging_mixin.py:190} WARNING - /opt/airflow/dags/dag_daily_report.py:162 UserWarning: Glyph 48660 (\N{HANGUL SYLLABLE BEUL}) missing from font(s) DejaVu Sans.
[2026-05-06T15:36:02.544+0000] {logging_mixin.py:190} WARNING - /opt/airflow/dags/dag_daily_report.py:162 UserWarning: Glyph 47001 (\N{HANGUL SYLLABLE RAEG}) missing from font(s) DejaVu Sans.
[2026-05-06T15:36:02.545+0000] {logging_mixin.py:190} WARNING - /opt/airflow/dags/dag_daily_report.py:162 UserWarning: Glyph 48149 (\N{HANGUL SYLLABLE BAG}) missing from font(s) DejaVu Sans.
[2026-05-06T15:36:02.546+0000] {logging_mixin.py:190} WARNING - /opt/airflow/dags/dag_daily_report.py:162 UserWarning: Glyph 49828 (\N{HANGUL SYLLABLE SEU}) missing from font(s) DejaVu Sans.
[2026-05-06T15:36:02.547+0000] {logging_mixin.py:190} WARNING - /opt/airflow/dags/dag_daily_report.py:162 UserWarning: Glyph 45936 (\N{HANGUL SYLLABLE DE}) missing from font(s) DejaVu Sans.
[2026-05-06T15:36:02.548+0000] {logging_mixin.py:190} WARNING - /opt/airflow/dags/dag_daily_report.py:162 UserWarning: Glyph 51060 (\N{HANGUL SYLLABLE I}) missing from font(s) DejaVu Sans.
[2026-05-06T15:36:02.549+0000] {logging_mixin.py:190} WARNING - /opt/airflow/dags/dag_daily_report.py:162 UserWarning: Glyph 53552 (\N{HANGUL SYLLABLE TEO}) missing from font(s) DejaVu Sans.
[2026-05-06T15:36:02.550+0000] {logging_mixin.py:190} WARNING - /opt/airflow/dags/dag_daily_report.py:162 UserWarning: Glyph 49688 (\N{HANGUL SYLLABLE SU}) missing from font(s) DejaVu Sans.
[2026-05-06T15:36:02.551+0000] {logging_mixin.py:190} WARNING - /opt/airflow/dags/dag_daily_report.py:162 UserWarning: Glyph 51665 (\N{HANGUL SYLLABLE JIB}) missing from font(s) DejaVu Sans.
[2026-05-06T15:36:02.552+0000] {logging_mixin.py:190} WARNING - /opt/airflow/dags/dag_daily_report.py:162 UserWarning: Glyph 49884 (\N{HANGUL SYLLABLE SI}) missing from font(s) DejaVu Sans.
[2026-05-06T15:36:02.552+0000] {logging_mixin.py:190} WARNING - /opt/airflow/dags/dag_daily_report.py:162 UserWarning: Glyph 44256 (\N{HANGUL SYLLABLE GO}) missing from font(s) DejaVu Sans.
[2026-05-06T15:36:02.554+0000] {logging_mixin.py:190} WARNING - /opt/airflow/dags/dag_daily_report.py:162 UserWarning: Glyph 50640 (\N{HANGUL SYLLABLE E}) missing from font(s) DejaVu Sans.
[2026-05-06T15:36:02.555+0000] {logging_mixin.py:190} WARNING - /opt/airflow/dags/dag_daily_report.py:162 UserWarning: Glyph 49436 (\N{HANGUL SYLLABLE SEO}) missing from font(s) DejaVu Sans.
[2026-05-06T15:36:02.556+0000] {logging_mixin.py:190} WARNING - /opt/airflow/dags/dag_daily_report.py:162 UserWarning: Glyph 51613 (\N{HANGUL SYLLABLE JEUNG}) missing from font(s) DejaVu Sans.
[2026-05-06T15:36:02.556+0000] {logging_mixin.py:190} WARNING - /opt/airflow/dags/dag_daily_report.py:162 UserWarning: Glyph 44032 (\N{HANGUL SYLLABLE GA}) missing from font(s) DejaVu Sans.
[2026-05-06T15:36:02.557+0000] {logging_mixin.py:190} WARNING - /opt/airflow/dags/dag_daily_report.py:162 UserWarning: Glyph 50668 (\N{HANGUL SYLLABLE YEO}) missing from font(s) DejaVu Sans.
[2026-05-06T15:36:02.558+0000] {logging_mixin.py:190} WARNING - /opt/airflow/dags/dag_daily_report.py:162 UserWarning: Glyph 48512 (\N{HANGUL SYLLABLE BU}) missing from font(s) DejaVu Sans.
[2026-05-06T15:36:02.559+0000] {logging_mixin.py:190} WARNING - /opt/airflow/dags/dag_daily_report.py:162 UserWarning: Glyph 44160 (\N{HANGUL SYLLABLE GEOM}) missing from font(s) DejaVu Sans.
[2026-05-06T15:36:02.961+0000] {dag_daily_report.py:167} INFO - PNG 업로드: s3://road-defect-seong/reports/2026-05-07/task2_speed_uncertainty.png
[2026-05-06T15:36:02.963+0000] {dag_daily_report.py:321} INFO - [Task 2] 완료
[2026-05-06T15:36:02.963+0000] {python.py:240} INFO - Done. Returned value was: {'date': '2026-05-07'}
[2026-05-06T15:36:02.978+0000] {taskinstance.py:341} INFO - ::group::Post task execution logs
[2026-05-06T15:36:02.979+0000] {taskinstance.py:353} INFO - Marking task as SUCCESS. dag_id=dag_daily_report, task_id=speed_uncertainty_analysis, run_id=manual__2026-05-06T15:35:40.274426+00:00, execution_date=20260506T153540, start_date=20260506T153601, end_date=20260506T153602
[2026-05-06T15:36:03.047+0000] {local_task_job_runner.py:266} INFO - Task exited with return code 0
[2026-05-06T15:36:03.068+0000] {taskinstance.py:3901} INFO - 1 downstream tasks scheduled from follow-on schedule check
[2026-05-06T15:36:03.073+0000] {local_task_job_runner.py:245} INFO - ::endgroup::
