[2026-05-09T15:48:10.603+0000] {local_task_job_runner.py:123} INFO - ::group::Pre task execution logs
[2026-05-09T15:48:10.613+0000] {taskinstance.py:2614} INFO - Dependencies all met for dep_context=non-requeueable deps ti=<TaskInstance: cluster_potholes_every_12min.cluster_pothole_events scheduled__2026-05-09T15:36:00+00:00 [queued]>
[2026-05-09T15:48:10.619+0000] {taskinstance.py:2614} INFO - Dependencies all met for dep_context=requeueable deps ti=<TaskInstance: cluster_potholes_every_12min.cluster_pothole_events scheduled__2026-05-09T15:36:00+00:00 [queued]>
[2026-05-09T15:48:10.619+0000] {taskinstance.py:2867} INFO - Starting attempt 1 of 2
[2026-05-09T15:48:10.633+0000] {taskinstance.py:2890} INFO - Executing <Task(PythonOperator): cluster_pothole_events> on 2026-05-09 15:36:00+00:00
[2026-05-09T15:48:10.640+0000] {standard_task_runner.py:72} INFO - Started process 31359 to run task
[2026-05-09T15:48:10.645+0000] {standard_task_runner.py:104} INFO - Running: ['airflow', 'tasks', 'run', 'cluster_potholes_every_12min', 'cluster_pothole_events', 'scheduled__2026-05-09T15:36:00+00:00', '--job-id', '521', '--raw', '--subdir', 'DAGS_FOLDER/cluster_potholes_12min_dag.py', '--cfg-path', '/tmp/tmpub1lnkt_']
[2026-05-09T15:48:10.648+0000] {standard_task_runner.py:105} INFO - Job 521: Subtask cluster_pothole_events
[2026-05-09T15:48:10.693+0000] {task_command.py:467} INFO - Running <TaskInstance: cluster_potholes_every_12min.cluster_pothole_events scheduled__2026-05-09T15:36:00+00:00 [running]> on host 0177f1ae1202
[2026-05-09T15:48:10.759+0000] {taskinstance.py:3134} INFO - Exporting env vars: AIRFLOW_CTX_DAG_OWNER='pothole-pjt' AIRFLOW_CTX_DAG_ID='cluster_potholes_every_12min' AIRFLOW_CTX_TASK_ID='cluster_pothole_events' AIRFLOW_CTX_EXECUTION_DATE='2026-05-09T15:36:00+00:00' AIRFLOW_CTX_TRY_NUMBER='1' AIRFLOW_CTX_DAG_RUN_ID='scheduled__2026-05-09T15:36:00+00:00'
[2026-05-09T15:48:10.759+0000] {taskinstance.py:732} INFO - ::endgroup::
[2026-05-09T15:48:10.816+0000] {logging_mixin.py:190} INFO - Unclustered events count: 1
[2026-05-09T15:48:10.816+0000] {logging_mixin.py:190} INFO - kakao_key_exists=True
[2026-05-09T15:48:10.823+0000] {logging_mixin.py:190} INFO - Existing unrepaired clusters count: 340
[2026-05-09T15:48:10.977+0000] {logging_mixin.py:190} INFO - Created new cluster_id=cluster_20260509154810_2c912fa4 from event_id=evt_ydp_05_last_20260510_006432_85a23bd4, road_address=서울 영등포구 당산동5가 4-23
[2026-05-09T15:48:10.980+0000] {logging_mixin.py:190} INFO - Cluster processing completed.
[2026-05-09T15:48:10.980+0000] {logging_mixin.py:190} INFO - New clusters inserted: 1
[2026-05-09T15:48:10.980+0000] {logging_mixin.py:190} INFO - Events merged into existing clusters: 0
[2026-05-09T15:48:10.981+0000] {python.py:240} INFO - Done. Returned value was: None
[2026-05-09T15:48:10.987+0000] {taskinstance.py:341} INFO - ::group::Post task execution logs
[2026-05-09T15:48:10.987+0000] {taskinstance.py:353} INFO - Marking task as SUCCESS. dag_id=cluster_potholes_every_12min, task_id=cluster_pothole_events, run_id=scheduled__2026-05-09T15:36:00+00:00, execution_date=20260509T153600, start_date=20260509T154810, end_date=20260509T154810
[2026-05-09T15:48:11.017+0000] {local_task_job_runner.py:266} INFO - Task exited with return code 0
[2026-05-09T15:48:11.029+0000] {taskinstance.py:3901} INFO - 0 downstream tasks scheduled from follow-on schedule check
[2026-05-09T15:48:11.029+0000] {local_task_job_runner.py:245} INFO - ::endgroup::
