[2026-05-08T14:50:31.760+0000] {local_task_job_runner.py:123} INFO - ::group::Pre task execution logs
[2026-05-08T14:50:31.773+0000] {taskinstance.py:2614} INFO - Dependencies all met for dep_context=non-requeueable deps ti=<TaskInstance: dag_daily_report.generate_daily_summary scheduled__2026-05-07T14:50:00+00:00 [queued]>
[2026-05-08T14:50:31.780+0000] {taskinstance.py:2614} INFO - Dependencies all met for dep_context=requeueable deps ti=<TaskInstance: dag_daily_report.generate_daily_summary scheduled__2026-05-07T14:50:00+00:00 [queued]>
[2026-05-08T14:50:31.780+0000] {taskinstance.py:2867} INFO - Starting attempt 1 of 2
[2026-05-08T14:50:31.796+0000] {taskinstance.py:2890} INFO - Executing <Task(PythonOperator): generate_daily_summary> on 2026-05-07 14:50:00+00:00
[2026-05-08T14:50:31.807+0000] {standard_task_runner.py:72} INFO - Started process 21766 to run task
[2026-05-08T14:50:31.812+0000] {standard_task_runner.py:104} INFO - Running: ['airflow', 'tasks', 'run', 'dag_daily_report', 'generate_daily_summary', 'scheduled__2026-05-07T14:50:00+00:00', '--job-id', '351', '--raw', '--subdir', 'DAGS_FOLDER/dag_daily_report.py', '--cfg-path', '/tmp/tmpk68yv1be']
[2026-05-08T14:50:31.814+0000] {standard_task_runner.py:105} INFO - Job 351: Subtask generate_daily_summary
[2026-05-08T14:50:31.851+0000] {task_command.py:467} INFO - Running <TaskInstance: dag_daily_report.generate_daily_summary scheduled__2026-05-07T14:50:00+00:00 [running]> on host 0177f1ae1202
[2026-05-08T14:50:31.916+0000] {taskinstance.py:3134} INFO - Exporting env vars: AIRFLOW_CTX_DAG_OWNER='pothole-pipeline' AIRFLOW_CTX_DAG_ID='dag_daily_report' AIRFLOW_CTX_TASK_ID='generate_daily_summary' AIRFLOW_CTX_EXECUTION_DATE='2026-05-07T14:50:00+00:00' AIRFLOW_CTX_TRY_NUMBER='1' AIRFLOW_CTX_DAG_RUN_ID='scheduled__2026-05-07T14:50:00+00:00'
[2026-05-08T14:50:31.917+0000] {taskinstance.py:732} INFO - ::endgroup::
[2026-05-08T14:50:31.933+0000] {dag_daily_report.py:521} INFO - [Task 5] 시작: 2026-05-08
[2026-05-08T14:50:31.963+0000] {credentials.py:1075} INFO - Found credentials from IAM Role: exi-airflow-ec2-role
[2026-05-08T14:50:32.083+0000] {dag_daily_report.py:126} INFO - S3 조회: s3://road-defect-seong/raw/raw_logs/year=2026/month=05/day=08/
[2026-05-08T14:50:32.368+0000] {dag_daily_report.py:155} INFO - 로드 완료: 9,323건 (parse_error 제거: 0건)
[2026-05-08T14:50:32.502+0000] {dag_daily_report.py:602} INFO - [Task 5] 완료: s3://road-defect-seong/reports/2026-05-08/summary.json
[2026-05-08T14:50:32.506+0000] {python.py:240} INFO - Done. Returned value was: {'date': '2026-05-08', 'total_frames': 9323, 'cp_distribution': {'0': 8868, '1': 449, '2': 1, '3': 5}, 'run_inference_time': {'first': 79.9, 'midday': 0.0, 'last': 0.0}, 'speed_uncertainty': {'0~10 km/h': {'total': 1350, 'uncertain_ratio': 5.26}, '10~20 km/h': {'total': 2523, 'uncertain_ratio': 5.07}, '20~30 km/h': {'total': 2584, 'uncertain_ratio': 4.76}, '30+ km/h': {'total': 2866, 'uncertain_ratio': 4.47}}, 'hnm_candidates': {'un': 90, 'up': 1, 'total': 91}, 'pothole_clusters': {'today_new_cluster_count': 4, 'yesterday_new_cluster_count': 84, 'diff_from_yesterday': -80, 'change_rate_percent': -95.24, 'total_cluster_count': 251, 'total_unrepaired_cluster_count': 251, 'total_repaired_cluster_count': 0, 'today_new_clusters': [{'cluster_id': 'cluster_20260508013605_15527eb6', 'representative_event_id': 'evt_ydp_12_first_20260508_000022_28d4fc55', 'first_event_timestamp': '2026-05-08T01:26:03+00:00', 'last_event_timestamp': '2026-05-08T01:26:03+00:00', 'gps_lat': 37.5070107, 'gps_lng': 126.8919431, 'cp_class': 3, 'cp_class_name': 'P', 'road_address': '서울 구로구 구로동 1-4', 'detection_count': 1, 'is_repaired': 0}, {'cluster_id': 'cluster_20260508013605_e140a6f0', 'representative_event_id': 'evt_ydp_08_first_20260508_000682_46139ef2', 'first_event_timestamp': '2026-05-08T01:29:43+00:00', 'last_event_timestamp': '2026-05-08T01:29:43+00:00', 'gps_lat': 37.5126271, 'gps_lng': 126.9029024, 'cp_class': 2, 'cp_class_name': 'U_P', 'road_address': '서울특별시 영등포구 도신로29길 28', 'detection_count': 1, 'is_repaired': 0}, {'cluster_id': 'cluster_20260508013605_ef564691', 'representative_event_id': 'evt_ydp_04_first_20260508_000681_1fa99371', 'first_event_timestamp': '2026-05-08T01:29:44+00:00', 'last_event_timestamp': '2026-05-08T01:29:44+00:00', 'gps_lat': 37.5322749, 'gps_lng': 126.9008768, 'cp_class': 3, 'cp_class_name': 'P', 'road_address': '서울 영등포구 당산동5가 11-41', 'detection_count': 1, 'is_repaired': 0}, {'cluster_id': 'cluster_20260508013605_f5783c8a', 'representative_event_id': 'evt_ydp_12_first_20260508_000692_d702bb16', 'first_event_timestamp': '2026-05-08T01:29:46+00:00', 'last_event_timestamp': '2026-05-08T01:29:46+00:00', 'gps_lat': 37.5048899, 'gps_lng': 126.897512, 'cp_class': 3, 'cp_class_name': 'P', 'road_address': '서울 영등포구 대림동 604-118', 'detection_count': 1, 'is_repaired': 0}]}, 'generated_at': '2026-05-08T23:50:32.388794+09:00'}
[2026-05-08T14:50:32.523+0000] {taskinstance.py:341} INFO - ::group::Post task execution logs
[2026-05-08T14:50:32.524+0000] {taskinstance.py:353} INFO - Marking task as SUCCESS. dag_id=dag_daily_report, task_id=generate_daily_summary, run_id=scheduled__2026-05-07T14:50:00+00:00, execution_date=20260507T145000, start_date=20260508T145031, end_date=20260508T145032
[2026-05-08T14:50:32.586+0000] {local_task_job_runner.py:266} INFO - Task exited with return code 0
[2026-05-08T14:50:32.598+0000] {taskinstance.py:3901} INFO - 0 downstream tasks scheduled from follow-on schedule check
[2026-05-08T14:50:32.599+0000] {local_task_job_runner.py:245} INFO - ::endgroup::
