[2026-05-06T05:12:04.659+0000] {local_task_job_runner.py:123} INFO - ::group::Pre task execution logs
[2026-05-06T05:12:04.669+0000] {taskinstance.py:2614} INFO - Dependencies all met for dep_context=non-requeueable deps ti=<TaskInstance: cluster_potholes_every_12min.cluster_pothole_events scheduled__2026-05-06T05:00:00+00:00 [queued]>
[2026-05-06T05:12:04.675+0000] {taskinstance.py:2614} INFO - Dependencies all met for dep_context=requeueable deps ti=<TaskInstance: cluster_potholes_every_12min.cluster_pothole_events scheduled__2026-05-06T05:00:00+00:00 [queued]>
[2026-05-06T05:12:04.675+0000] {taskinstance.py:2867} INFO - Starting attempt 1 of 2
[2026-05-06T05:12:04.690+0000] {taskinstance.py:2890} INFO - Executing <Task(PythonOperator): cluster_pothole_events> on 2026-05-06 05:00:00+00:00
[2026-05-06T05:12:04.697+0000] {standard_task_runner.py:72} INFO - Started process 750 to run task
[2026-05-06T05:12:04.701+0000] {standard_task_runner.py:104} INFO - Running: ['airflow', 'tasks', 'run', 'cluster_potholes_every_12min', 'cluster_pothole_events', 'scheduled__2026-05-06T05:00:00+00:00', '--job-id', '22', '--raw', '--subdir', 'DAGS_FOLDER/cluster_potholes_12min_dag.py', '--cfg-path', '/tmp/tmpggh_i6mj']
[2026-05-06T05:12:04.704+0000] {standard_task_runner.py:105} INFO - Job 22: Subtask cluster_pothole_events
[2026-05-06T05:12:04.741+0000] {task_command.py:467} INFO - Running <TaskInstance: cluster_potholes_every_12min.cluster_pothole_events scheduled__2026-05-06T05:00:00+00:00 [running]> on host 774ff55e248b
[2026-05-06T05:12:04.810+0000] {taskinstance.py:3134} INFO - Exporting env vars: AIRFLOW_CTX_DAG_OWNER='pothole-pjt' AIRFLOW_CTX_DAG_ID='cluster_potholes_every_12min' AIRFLOW_CTX_TASK_ID='cluster_pothole_events' AIRFLOW_CTX_EXECUTION_DATE='2026-05-06T05:00:00+00:00' AIRFLOW_CTX_TRY_NUMBER='1' AIRFLOW_CTX_DAG_RUN_ID='scheduled__2026-05-06T05:00:00+00:00'
[2026-05-06T05:12:04.810+0000] {taskinstance.py:732} INFO - ::endgroup::
[2026-05-06T05:12:04.869+0000] {logging_mixin.py:190} INFO - Unclustered events count: 18
[2026-05-06T05:12:04.873+0000] {logging_mixin.py:190} INFO - Existing unrepaired clusters count: 62
[2026-05-06T05:12:04.878+0000] {logging_mixin.py:190} INFO - Created new cluster_id=cluster_20260506051204_690c9492 from event_id=evt_ydp_05_first_20260506_002726_7c4cd31a
[2026-05-06T05:12:04.882+0000] {logging_mixin.py:190} INFO - Created new cluster_id=cluster_20260506051204_c240ef85 from event_id=evt_ydp_12_first_20260506_002725_400f3e20
[2026-05-06T05:12:04.887+0000] {logging_mixin.py:190} INFO - Created new cluster_id=cluster_20260506051204_af678384 from event_id=evt_ydp_01_first_20260506_002808_3cfc3e5d
[2026-05-06T05:12:04.892+0000] {logging_mixin.py:190} INFO - Created new cluster_id=cluster_20260506051204_01701540 from event_id=evt_ydp_05_first_20260506_002852_31f2330e
[2026-05-06T05:12:04.896+0000] {logging_mixin.py:190} INFO - Created new cluster_id=cluster_20260506051204_b930a686 from event_id=evt_ydp_03_first_20260506_003037_bed38da5
[2026-05-06T05:12:04.904+0000] {logging_mixin.py:190} INFO - Created new cluster_id=cluster_20260506051204_a6fcf2ff from event_id=evt_ydp_03_first_20260506_003067_ae62783d
[2026-05-06T05:12:04.909+0000] {logging_mixin.py:190} INFO - Created new cluster_id=cluster_20260506051204_620e2581 from event_id=evt_ydp_12_first_20260506_003081_0ad9b486
[2026-05-06T05:12:04.913+0000] {logging_mixin.py:190} INFO - Created new cluster_id=cluster_20260506051204_c065017b from event_id=evt_ydp_11_first_20260506_003321_66f23247
[2026-05-06T05:12:04.918+0000] {logging_mixin.py:190} INFO - Created new cluster_id=cluster_20260506051204_2dc610dc from event_id=evt_ydp_03_first_20260506_003684_e39a6729
[2026-05-06T05:12:04.922+0000] {logging_mixin.py:190} INFO - Created new cluster_id=cluster_20260506051204_199cd50c from event_id=evt_ydp_10_first_20260506_003914_788cc825
[2026-05-06T05:12:04.927+0000] {logging_mixin.py:190} INFO - Created new cluster_id=cluster_20260506051204_0286cc53 from event_id=evt_ydp_04_first_20260506_004027_319a1a29
[2026-05-06T05:12:04.931+0000] {logging_mixin.py:190} INFO - Created new cluster_id=cluster_20260506051204_7087d579 from event_id=evt_ydp_10_first_20260506_004068_8e9eb55a
[2026-05-06T05:12:04.936+0000] {logging_mixin.py:190} INFO - Created new cluster_id=cluster_20260506051204_3ea18eb9 from event_id=evt_ydp_03_first_20260506_004106_e8422507
[2026-05-06T05:12:04.940+0000] {logging_mixin.py:190} INFO - Created new cluster_id=cluster_20260506051204_4b2dfe58 from event_id=evt_ydp_10_first_20260506_004208_4c9e5e2a
[2026-05-06T05:12:04.944+0000] {logging_mixin.py:190} INFO - Created new cluster_id=cluster_20260506051204_583833fb from event_id=evt_ydp_13_first_20260506_004334_86066d02
[2026-05-06T05:12:04.948+0000] {logging_mixin.py:190} INFO - Created new cluster_id=cluster_20260506051204_d0ea3099 from event_id=evt_ydp_01_first_20260506_004433_1588aecb
[2026-05-06T05:12:04.953+0000] {logging_mixin.py:190} INFO - Created new cluster_id=cluster_20260506051204_cc070715 from event_id=evt_ydp_02_first_20260506_004447_7dfff4f5
[2026-05-06T05:12:04.957+0000] {logging_mixin.py:190} INFO - Created new cluster_id=cluster_20260506051204_34aeeae3 from event_id=evt_ydp_03_first_20260506_004526_9871f7d8
[2026-05-06T05:12:04.960+0000] {logging_mixin.py:190} INFO - Cluster processing completed.
[2026-05-06T05:12:04.960+0000] {logging_mixin.py:190} INFO - New clusters inserted: 18
[2026-05-06T05:12:04.960+0000] {logging_mixin.py:190} INFO - Events merged into existing clusters: 0
[2026-05-06T05:12:04.960+0000] {python.py:240} INFO - Done. Returned value was: None
[2026-05-06T05:12:04.965+0000] {taskinstance.py:341} INFO - ::group::Post task execution logs
[2026-05-06T05:12:04.966+0000] {taskinstance.py:353} INFO - Marking task as SUCCESS. dag_id=cluster_potholes_every_12min, task_id=cluster_pothole_events, run_id=scheduled__2026-05-06T05:00:00+00:00, execution_date=20260506T050000, start_date=20260506T051204, end_date=20260506T051204
[2026-05-06T05:12:04.994+0000] {local_task_job_runner.py:266} INFO - Task exited with return code 0
[2026-05-06T05:12:05.006+0000] {taskinstance.py:3901} INFO - 0 downstream tasks scheduled from follow-on schedule check
[2026-05-06T05:12:05.006+0000] {local_task_job_runner.py:245} INFO - ::endgroup::
