[2026-05-06T03:55:59.529+0000] {local_task_job_runner.py:123} INFO - ::group::Pre task execution logs
[2026-05-06T03:55:59.538+0000] {taskinstance.py:2614} INFO - Dependencies all met for dep_context=non-requeueable deps ti=<TaskInstance: pothole_cluster_daily_report_to_s3.create_pothole_cluster_daily_report scheduled__2026-05-04T14:50:00+00:00 [queued]>
[2026-05-06T03:55:59.544+0000] {taskinstance.py:2614} INFO - Dependencies all met for dep_context=requeueable deps ti=<TaskInstance: pothole_cluster_daily_report_to_s3.create_pothole_cluster_daily_report scheduled__2026-05-04T14:50:00+00:00 [queued]>
[2026-05-06T03:55:59.544+0000] {taskinstance.py:2867} INFO - Starting attempt 1 of 2
[2026-05-06T03:55:59.565+0000] {taskinstance.py:2890} INFO - Executing <Task(PythonOperator): create_pothole_cluster_daily_report> on 2026-05-04 14:50:00+00:00
[2026-05-06T03:55:59.572+0000] {standard_task_runner.py:72} INFO - Started process 221 to run task
[2026-05-06T03:55:59.579+0000] {standard_task_runner.py:104} INFO - Running: ['airflow', 'tasks', 'run', 'pothole_cluster_daily_report_to_s3', 'create_pothole_cluster_daily_report', 'scheduled__2026-05-04T14:50:00+00:00', '--job-id', '8', '--raw', '--subdir', 'DAGS_FOLDER/p_class_daily_report_to_s3_dag.py', '--cfg-path', '/tmp/tmpfv4evpa5']
[2026-05-06T03:55:59.581+0000] {standard_task_runner.py:105} INFO - Job 8: Subtask create_pothole_cluster_daily_report
[2026-05-06T03:55:59.619+0000] {task_command.py:467} INFO - Running <TaskInstance: pothole_cluster_daily_report_to_s3.create_pothole_cluster_daily_report scheduled__2026-05-04T14:50:00+00:00 [running]> on host 774ff55e248b
[2026-05-06T03:55:59.835+0000] {taskinstance.py:3134} INFO - Exporting env vars: AIRFLOW_CTX_DAG_OWNER='pothole-pjt' AIRFLOW_CTX_DAG_ID='pothole_cluster_daily_report_to_s3' AIRFLOW_CTX_TASK_ID='create_pothole_cluster_daily_report' AIRFLOW_CTX_EXECUTION_DATE='2026-05-04T14:50:00+00:00' AIRFLOW_CTX_TRY_NUMBER='1' AIRFLOW_CTX_DAG_RUN_ID='scheduled__2026-05-04T14:50:00+00:00'
[2026-05-06T03:55:59.835+0000] {taskinstance.py:732} INFO - ::endgroup::
[2026-05-06T03:55:59.930+0000] {credentials.py:1075} INFO - Found credentials from IAM Role: exi-airflow-ec2-role
[2026-05-06T03:56:00.167+0000] {logging_mixin.py:190} INFO - Uploaded report to s3://road-defect-seong/reports/2026-05-06/pothole_cluster_daily_report.json
[2026-05-06T03:56:00.167+0000] {logging_mixin.py:190} INFO - {
  "today_new_cluster_count": 9,
  "yesterday_new_cluster_count": 0,
  "diff_from_yesterday": 9,
  "change_rate_percent": null,
  "total_cluster_count": 9,
  "total_unrepaired_cluster_count": 9,
  "total_repaired_cluster_count": 0
}
[2026-05-06T03:56:00.169+0000] {python.py:240} INFO - Done. Returned value was: None
[2026-05-06T03:56:00.174+0000] {taskinstance.py:341} INFO - ::group::Post task execution logs
[2026-05-06T03:56:00.175+0000] {taskinstance.py:353} INFO - Marking task as SUCCESS. dag_id=pothole_cluster_daily_report_to_s3, task_id=create_pothole_cluster_daily_report, run_id=scheduled__2026-05-04T14:50:00+00:00, execution_date=20260504T145000, start_date=20260506T035559, end_date=20260506T035600
[2026-05-06T03:56:00.233+0000] {local_task_job_runner.py:266} INFO - Task exited with return code 0
[2026-05-06T03:56:00.245+0000] {taskinstance.py:3901} INFO - 0 downstream tasks scheduled from follow-on schedule check
[2026-05-06T03:56:00.246+0000] {local_task_job_runner.py:245} INFO - ::endgroup::
