[2026-05-06T03:56:11.132+0000] {local_task_job_runner.py:123} INFO - ::group::Pre task execution logs
[2026-05-06T03:56:11.147+0000] {taskinstance.py:2614} INFO - Dependencies all met for dep_context=non-requeueable deps ti=<TaskInstance: dag_daily_report.hnm_candidates_extraction scheduled__2026-05-05T01:00:00+00:00 [queued]>
[2026-05-06T03:56:11.276+0000] {taskinstance.py:2614} INFO - Dependencies all met for dep_context=requeueable deps ti=<TaskInstance: dag_daily_report.hnm_candidates_extraction scheduled__2026-05-05T01:00:00+00:00 [queued]>
[2026-05-06T03:56:11.276+0000] {taskinstance.py:2867} INFO - Starting attempt 1 of 2
[2026-05-06T03:56:11.291+0000] {taskinstance.py:2890} INFO - Executing <Task(PythonOperator): hnm_candidates_extraction> on 2026-05-05 01:00:00+00:00
[2026-05-06T03:56:11.299+0000] {standard_task_runner.py:72} INFO - Started process 234 to run task
[2026-05-06T03:56:11.303+0000] {standard_task_runner.py:104} INFO - Running: ['airflow', 'tasks', 'run', 'dag_daily_report', 'hnm_candidates_extraction', 'scheduled__2026-05-05T01:00:00+00:00', '--job-id', '10', '--raw', '--subdir', 'DAGS_FOLDER/dag_daily_report.py', '--cfg-path', '/tmp/tmp27lmr0fe']
[2026-05-06T03:56:11.306+0000] {standard_task_runner.py:105} INFO - Job 10: Subtask hnm_candidates_extraction
[2026-05-06T03:56:11.348+0000] {task_command.py:467} INFO - Running <TaskInstance: dag_daily_report.hnm_candidates_extraction scheduled__2026-05-05T01:00:00+00:00 [running]> on host 774ff55e248b
[2026-05-06T03:56:11.412+0000] {taskinstance.py:3134} INFO - Exporting env vars: AIRFLOW_CTX_DAG_OWNER='pothole-pipeline' AIRFLOW_CTX_DAG_ID='dag_daily_report' AIRFLOW_CTX_TASK_ID='hnm_candidates_extraction' AIRFLOW_CTX_EXECUTION_DATE='2026-05-05T01:00:00+00:00' AIRFLOW_CTX_TRY_NUMBER='1' AIRFLOW_CTX_DAG_RUN_ID='scheduled__2026-05-05T01:00:00+00:00'
[2026-05-06T03:56:11.413+0000] {taskinstance.py:732} INFO - ::endgroup::
[2026-05-06T03:56:11.428+0000] {dag_daily_report.py:286} INFO - [Task 3] 시작: 2026-05-05
[2026-05-06T03:56:11.453+0000] {credentials.py:1075} INFO - Found credentials from IAM Role: exi-airflow-ec2-role
[2026-05-06T03:56:11.576+0000] {dag_daily_report.py:77} INFO - S3 조회: s3://road-defect-seong/raw/raw_logs/year=2026/month=05/day=05/
[2026-05-06T03:56:12.074+0000] {dag_daily_report.py:106} INFO - 로드 완료: 81,000건 (parse_error 제거: 0건)
[2026-05-06T03:56:12.089+0000] {dag_daily_report.py:305} INFO - U_N 임계값: 0.5877, 후보: 807건
[2026-05-06T03:56:12.092+0000] {dag_daily_report.py:312} INFO - U_P 임계값: 0.5050, 후보: 10건
[2026-05-06T03:56:12.234+0000] {dag_daily_report.py:129} INFO - CSV 업로드: s3://road-defect-seong/reports/2026-05-05/task3_hnm_candidates.csv
[2026-05-06T03:56:12.304+0000] {logging_mixin.py:190} WARNING - /opt/airflow/dags/dag_daily_report.py:343 UserWarning: Glyph 44148 (\N{HANGUL SYLLABLE GEON}) missing from font(s) DejaVu Sans.
[2026-05-06T03:56:12.305+0000] {logging_mixin.py:190} WARNING - /opt/airflow/dags/dag_daily_report.py:343 UserWarning: Glyph 49688 (\N{HANGUL SYLLABLE SU}) missing from font(s) DejaVu Sans.
[2026-05-06T03:56:12.330+0000] {logging_mixin.py:190} WARNING - /opt/airflow/dags/dag_daily_report.py:343 UserWarning: Glyph 44256 (\N{HANGUL SYLLABLE GO}) missing from font(s) DejaVu Sans.
[2026-05-06T03:56:12.331+0000] {logging_mixin.py:190} WARNING - /opt/airflow/dags/dag_daily_report.py:343 UserWarning: Glyph 49888 (\N{HANGUL SYLLABLE SIN}) missing from font(s) DejaVu Sans.
[2026-05-06T03:56:12.332+0000] {logging_mixin.py:190} WARNING - /opt/airflow/dags/dag_daily_report.py:343 UserWarning: Glyph 47280 (\N{HANGUL SYLLABLE ROE}) missing from font(s) DejaVu Sans.
[2026-05-06T03:56:12.333+0000] {logging_mixin.py:190} WARNING - /opt/airflow/dags/dag_daily_report.py:343 UserWarning: Glyph 46020 (\N{HANGUL SYLLABLE DO}) missing from font(s) DejaVu Sans.
[2026-05-06T03:56:12.334+0000] {logging_mixin.py:190} WARNING - /opt/airflow/dags/dag_daily_report.py:343 UserWarning: Glyph 54980 (\N{HANGUL SYLLABLE HU}) missing from font(s) DejaVu Sans.
[2026-05-06T03:56:12.335+0000] {logging_mixin.py:190} WARNING - /opt/airflow/dags/dag_daily_report.py:343 UserWarning: Glyph 48372 (\N{HANGUL SYLLABLE BO}) missing from font(s) DejaVu Sans.
[2026-05-06T03:56:12.336+0000] {logging_mixin.py:190} WARNING - /opt/airflow/dags/dag_daily_report.py:343 UserWarning: Glyph 49345 (\N{HANGUL SYLLABLE SANG}) missing from font(s) DejaVu Sans.
[2026-05-06T03:56:12.337+0000] {logging_mixin.py:190} WARNING - /opt/airflow/dags/dag_daily_report.py:343 UserWarning: Glyph 50948 (\N{HANGUL SYLLABLE WI}) missing from font(s) DejaVu Sans.
[2026-05-06T03:56:12.373+0000] {logging_mixin.py:190} WARNING - /opt/airflow/dags/dag_daily_report.py:343 UserWarning: Glyph 51200 (\N{HANGUL SYLLABLE JEO}) missing from font(s) DejaVu Sans.
[2026-05-06T03:56:12.375+0000] {logging_mixin.py:190} WARNING - /opt/airflow/dags/dag_daily_report.py:343 UserWarning: Glyph 54616 (\N{HANGUL SYLLABLE HA}) missing from font(s) DejaVu Sans.
[2026-05-06T03:56:12.380+0000] {logging_mixin.py:190} WARNING - /opt/airflow/dags/dag_daily_report.py:343 UserWarning: Glyph 52628 (\N{HANGUL SYLLABLE CU}) missing from font(s) DejaVu Sans.
[2026-05-06T03:56:12.381+0000] {logging_mixin.py:190} WARNING - /opt/airflow/dags/dag_daily_report.py:343 UserWarning: Glyph 52636 (\N{HANGUL SYLLABLE CUL}) missing from font(s) DejaVu Sans.
[2026-05-06T03:56:12.382+0000] {logging_mixin.py:190} WARNING - /opt/airflow/dags/dag_daily_report.py:343 UserWarning: Glyph 44208 (\N{HANGUL SYLLABLE GYEOL}) missing from font(s) DejaVu Sans.
[2026-05-06T03:56:12.383+0000] {logging_mixin.py:190} WARNING - /opt/airflow/dags/dag_daily_report.py:343 UserWarning: Glyph 44284 (\N{HANGUL SYLLABLE GWA}) missing from font(s) DejaVu Sans.
[2026-05-06T03:56:12.402+0000] {logging_mixin.py:190} WARNING - /opt/airflow/dags/dag_daily_report.py:113 UserWarning: Glyph 44256 (\N{HANGUL SYLLABLE GO}) missing from font(s) DejaVu Sans.
[2026-05-06T03:56:12.403+0000] {logging_mixin.py:190} WARNING - /opt/airflow/dags/dag_daily_report.py:113 UserWarning: Glyph 49888 (\N{HANGUL SYLLABLE SIN}) missing from font(s) DejaVu Sans.
[2026-05-06T03:56:12.404+0000] {logging_mixin.py:190} WARNING - /opt/airflow/dags/dag_daily_report.py:113 UserWarning: Glyph 47280 (\N{HANGUL SYLLABLE ROE}) missing from font(s) DejaVu Sans.
[2026-05-06T03:56:12.405+0000] {logging_mixin.py:190} WARNING - /opt/airflow/dags/dag_daily_report.py:113 UserWarning: Glyph 46020 (\N{HANGUL SYLLABLE DO}) missing from font(s) DejaVu Sans.
[2026-05-06T03:56:12.406+0000] {logging_mixin.py:190} WARNING - /opt/airflow/dags/dag_daily_report.py:113 UserWarning: Glyph 54980 (\N{HANGUL SYLLABLE HU}) missing from font(s) DejaVu Sans.
[2026-05-06T03:56:12.407+0000] {logging_mixin.py:190} WARNING - /opt/airflow/dags/dag_daily_report.py:113 UserWarning: Glyph 48372 (\N{HANGUL SYLLABLE BO}) missing from font(s) DejaVu Sans.
[2026-05-06T03:56:12.408+0000] {logging_mixin.py:190} WARNING - /opt/airflow/dags/dag_daily_report.py:113 UserWarning: Glyph 49345 (\N{HANGUL SYLLABLE SANG}) missing from font(s) DejaVu Sans.
[2026-05-06T03:56:12.409+0000] {logging_mixin.py:190} WARNING - /opt/airflow/dags/dag_daily_report.py:113 UserWarning: Glyph 50948 (\N{HANGUL SYLLABLE WI}) missing from font(s) DejaVu Sans.
[2026-05-06T03:56:12.410+0000] {logging_mixin.py:190} WARNING - /opt/airflow/dags/dag_daily_report.py:113 UserWarning: Glyph 44148 (\N{HANGUL SYLLABLE GEON}) missing from font(s) DejaVu Sans.
[2026-05-06T03:56:12.422+0000] {logging_mixin.py:190} WARNING - /opt/airflow/dags/dag_daily_report.py:113 UserWarning: Glyph 49688 (\N{HANGUL SYLLABLE SU}) missing from font(s) DejaVu Sans.
[2026-05-06T03:56:12.437+0000] {logging_mixin.py:190} WARNING - /opt/airflow/dags/dag_daily_report.py:113 UserWarning: Glyph 51200 (\N{HANGUL SYLLABLE JEO}) missing from font(s) DejaVu Sans.
[2026-05-06T03:56:12.438+0000] {logging_mixin.py:190} WARNING - /opt/airflow/dags/dag_daily_report.py:113 UserWarning: Glyph 54616 (\N{HANGUL SYLLABLE HA}) missing from font(s) DejaVu Sans.
[2026-05-06T03:56:12.459+0000] {logging_mixin.py:190} WARNING - /opt/airflow/dags/dag_daily_report.py:113 UserWarning: Glyph 52628 (\N{HANGUL SYLLABLE CU}) missing from font(s) DejaVu Sans.
[2026-05-06T03:56:12.460+0000] {logging_mixin.py:190} WARNING - /opt/airflow/dags/dag_daily_report.py:113 UserWarning: Glyph 52636 (\N{HANGUL SYLLABLE CUL}) missing from font(s) DejaVu Sans.
[2026-05-06T03:56:12.461+0000] {logging_mixin.py:190} WARNING - /opt/airflow/dags/dag_daily_report.py:113 UserWarning: Glyph 44208 (\N{HANGUL SYLLABLE GYEOL}) missing from font(s) DejaVu Sans.
[2026-05-06T03:56:12.462+0000] {logging_mixin.py:190} WARNING - /opt/airflow/dags/dag_daily_report.py:113 UserWarning: Glyph 44284 (\N{HANGUL SYLLABLE GWA}) missing from font(s) DejaVu Sans.
[2026-05-06T03:56:12.782+0000] {dag_daily_report.py:118} INFO - PNG 업로드: s3://road-defect-seong/reports/2026-05-05/task3_hnm_candidates.png
[2026-05-06T03:56:12.783+0000] {dag_daily_report.py:346} INFO - [Task 3] 완료. 총 817건
[2026-05-06T03:56:12.790+0000] {python.py:240} INFO - Done. Returned value was: {'date': '2026-05-05', 'un': 807, 'up': 10, 'total': 817}
[2026-05-06T03:56:12.805+0000] {taskinstance.py:341} INFO - ::group::Post task execution logs
[2026-05-06T03:56:12.806+0000] {taskinstance.py:353} INFO - Marking task as SUCCESS. dag_id=dag_daily_report, task_id=hnm_candidates_extraction, run_id=scheduled__2026-05-05T01:00:00+00:00, execution_date=20260505T010000, start_date=20260506T035611, end_date=20260506T035612
[2026-05-06T03:56:12.882+0000] {local_task_job_runner.py:266} INFO - Task exited with return code 0
[2026-05-06T03:56:12.894+0000] {taskinstance.py:3901} INFO - 0 downstream tasks scheduled from follow-on schedule check
[2026-05-06T03:56:12.894+0000] {local_task_job_runner.py:245} INFO - ::endgroup::
