[2026-05-09T16:48:11.207+0000] {local_task_job_runner.py:123} INFO - ::group::Pre task execution logs
[2026-05-09T16:48:11.216+0000] {taskinstance.py:2614} INFO - Dependencies all met for dep_context=non-requeueable deps ti=<TaskInstance: cluster_potholes_every_12min.cluster_pothole_events scheduled__2026-05-09T16:36:00+00:00 [queued]>
[2026-05-09T16:48:11.223+0000] {taskinstance.py:2614} INFO - Dependencies all met for dep_context=requeueable deps ti=<TaskInstance: cluster_potholes_every_12min.cluster_pothole_events scheduled__2026-05-09T16:36:00+00:00 [queued]>
[2026-05-09T16:48:11.223+0000] {taskinstance.py:2867} INFO - Starting attempt 1 of 2
[2026-05-09T16:48:11.238+0000] {taskinstance.py:2890} INFO - Executing <Task(PythonOperator): cluster_pothole_events> on 2026-05-09 16:36:00+00:00
[2026-05-09T16:48:11.244+0000] {standard_task_runner.py:72} INFO - Started process 31939 to run task
[2026-05-09T16:48:11.248+0000] {standard_task_runner.py:104} INFO - Running: ['airflow', 'tasks', 'run', 'cluster_potholes_every_12min', 'cluster_pothole_events', 'scheduled__2026-05-09T16:36:00+00:00', '--job-id', '551', '--raw', '--subdir', 'DAGS_FOLDER/cluster_potholes_12min_dag.py', '--cfg-path', '/tmp/tmp33wgfco1']
[2026-05-09T16:48:11.251+0000] {standard_task_runner.py:105} INFO - Job 551: Subtask cluster_pothole_events
[2026-05-09T16:48:11.291+0000] {task_command.py:467} INFO - Running <TaskInstance: cluster_potholes_every_12min.cluster_pothole_events scheduled__2026-05-09T16:36:00+00:00 [running]> on host 0177f1ae1202
[2026-05-09T16:48:11.359+0000] {taskinstance.py:3134} INFO - Exporting env vars: AIRFLOW_CTX_DAG_OWNER='pothole-pjt' AIRFLOW_CTX_DAG_ID='cluster_potholes_every_12min' AIRFLOW_CTX_TASK_ID='cluster_pothole_events' AIRFLOW_CTX_EXECUTION_DATE='2026-05-09T16:36:00+00:00' AIRFLOW_CTX_TRY_NUMBER='1' AIRFLOW_CTX_DAG_RUN_ID='scheduled__2026-05-09T16:36:00+00:00'
[2026-05-09T16:48:11.360+0000] {taskinstance.py:732} INFO - ::endgroup::
[2026-05-09T16:48:11.420+0000] {logging_mixin.py:190} INFO - Unclustered events count: 16
[2026-05-09T16:48:11.421+0000] {logging_mixin.py:190} INFO - kakao_key_exists=True
[2026-05-09T16:48:11.428+0000] {logging_mixin.py:190} INFO - Existing unrepaired clusters count: 375
[2026-05-09T16:48:11.434+0000] {logging_mixin.py:190} INFO - Merged event_id=evt_ydp_13_first_20260510_004463_6631c3b1 into cluster_id=cluster_20260507061920_58f83cd2, distance=11.20m
[2026-05-09T16:48:11.762+0000] {logging_mixin.py:190} INFO - Created new cluster_id=cluster_20260509164811_75efb47a from event_id=evt_ydp_01_middle_20260510_004601_44cb88da, road_address=서울특별시 구로구 시흥대로 557
[2026-05-09T16:48:11.768+0000] {logging_mixin.py:190} INFO - Merged event_id=evt_ydp_02_middle_20260510_004608_8b066996 into cluster_id=cluster_20260506061206_7576592e, distance=10.17m
[2026-05-09T16:48:11.914+0000] {logging_mixin.py:190} INFO - Created new cluster_id=cluster_20260509164811_7dfb11c4 from event_id=evt_ydp_03_last_20260510_004810_d0ce115e, road_address=서울 영등포구 영등포동2가 94-120
[2026-05-09T16:48:12.058+0000] {logging_mixin.py:190} INFO - Created new cluster_id=cluster_20260509164811_e1a9a9b7 from event_id=evt_ydp_12_first_20260510_005168_86500f68, road_address=서울 영등포구 문래동3가 59-1
[2026-05-09T16:48:12.230+0000] {logging_mixin.py:190} INFO - Created new cluster_id=cluster_20260509164812_b7eb44de from event_id=evt_ydp_06_last_20260510_005216_9140464f, road_address=서울 영등포구 신길동 1197
[2026-05-09T16:48:12.381+0000] {logging_mixin.py:190} INFO - Created new cluster_id=cluster_20260509164812_74107962 from event_id=evt_ydp_01_middle_20260510_005272_f37c15d4, road_address=서울 구로구 구로동 182-13
[2026-05-09T16:48:12.556+0000] {logging_mixin.py:190} INFO - Created new cluster_id=cluster_20260509164812_538fa84d from event_id=evt_ydp_03_last_20260510_005467_29727f0e, road_address=서울 영등포구 당산동 121-76
[2026-05-09T16:48:12.702+0000] {logging_mixin.py:190} INFO - Created new cluster_id=cluster_20260509164812_42b3f6f8 from event_id=evt_ydp_09_middle_20260510_005534_19f14e86, road_address=서울 영등포구 대림동 699
[2026-05-09T16:48:12.834+0000] {logging_mixin.py:190} INFO - Created new cluster_id=cluster_20260509164812_957a751f from event_id=evt_ydp_12_first_20260510_005547_bad55d5f, road_address=서울 영등포구 도림동 187-1
[2026-05-09T16:48:12.971+0000] {logging_mixin.py:190} INFO - Created new cluster_id=cluster_20260509164812_85c6ea8d from event_id=evt_ydp_03_last_20260510_005972_1ffa9b71, road_address=서울 영등포구 당산동5가 1-1
[2026-05-09T16:48:13.123+0000] {logging_mixin.py:190} INFO - Created new cluster_id=cluster_20260509164812_8571d526 from event_id=evt_ydp_12_first_20260510_006018_cd90e62f, road_address=서울 영등포구 도림동 243-12
[2026-05-09T16:48:13.129+0000] {logging_mixin.py:190} INFO - Merged event_id=evt_ydp_05_first_20260510_006287_dea7ce13 into cluster_id=cluster_20260506062406_42345210, distance=0.45m
[2026-05-09T16:48:13.282+0000] {logging_mixin.py:190} INFO - Created new cluster_id=cluster_20260509164813_b59854b1 from event_id=evt_ydp_03_last_20260510_006290_a677152d, road_address=서울 영등포구 당산동5가 4-7
[2026-05-09T16:48:13.287+0000] {logging_mixin.py:190} INFO - Merged event_id=evt_ydp_05_first_20260510_006413_eea222a8 into cluster_id=cluster_20260506152405_ee9ae719, distance=9.36m
[2026-05-09T16:48:13.424+0000] {logging_mixin.py:190} INFO - Created new cluster_id=cluster_20260509164813_a867f8a6 from event_id=evt_ydp_12_first_20260510_006498_48e4dc21, road_address=서울 영등포구 대림동 699
[2026-05-09T16:48:13.427+0000] {logging_mixin.py:190} INFO - Cluster processing completed.
[2026-05-09T16:48:13.428+0000] {logging_mixin.py:190} INFO - New clusters inserted: 12
[2026-05-09T16:48:13.428+0000] {logging_mixin.py:190} INFO - Events merged into existing clusters: 4
[2026-05-09T16:48:13.428+0000] {python.py:240} INFO - Done. Returned value was: None
[2026-05-09T16:48:13.435+0000] {taskinstance.py:341} INFO - ::group::Post task execution logs
[2026-05-09T16:48:13.435+0000] {taskinstance.py:353} INFO - Marking task as SUCCESS. dag_id=cluster_potholes_every_12min, task_id=cluster_pothole_events, run_id=scheduled__2026-05-09T16:36:00+00:00, execution_date=20260509T163600, start_date=20260509T164811, end_date=20260509T164813
[2026-05-09T16:48:13.468+0000] {local_task_job_runner.py:266} INFO - Task exited with return code 0
[2026-05-09T16:48:13.480+0000] {taskinstance.py:3901} INFO - 0 downstream tasks scheduled from follow-on schedule check
[2026-05-09T16:48:13.481+0000] {local_task_job_runner.py:245} INFO - ::endgroup::
