[2026-05-06T15:35:41.508+0000] {local_task_job_runner.py:123} INFO - ::group::Pre task execution logs
[2026-05-06T15:35:41.517+0000] {taskinstance.py:2614} INFO - Dependencies all met for dep_context=non-requeueable deps ti=<TaskInstance: cluster_potholes_every_12min.cluster_pothole_events manual__2026-05-06T15:35:29.433404+00:00 [queued]>
[2026-05-06T15:35:41.523+0000] {taskinstance.py:2614} INFO - Dependencies all met for dep_context=requeueable deps ti=<TaskInstance: cluster_potholes_every_12min.cluster_pothole_events manual__2026-05-06T15:35:29.433404+00:00 [queued]>
[2026-05-06T15:35:41.523+0000] {taskinstance.py:2867} INFO - Starting attempt 1 of 2
[2026-05-06T15:35:41.536+0000] {taskinstance.py:2890} INFO - Executing <Task(PythonOperator): cluster_pothole_events> on 2026-05-06 15:35:29.433404+00:00
[2026-05-06T15:35:41.542+0000] {standard_task_runner.py:72} INFO - Started process 3900 to run task
[2026-05-06T15:35:41.546+0000] {standard_task_runner.py:104} INFO - Running: ['airflow', 'tasks', 'run', 'cluster_potholes_every_12min', 'cluster_pothole_events', 'manual__2026-05-06T15:35:29.433404+00:00', '--job-id', '74', '--raw', '--subdir', 'DAGS_FOLDER/cluster_potholes_12min_dag.py', '--cfg-path', '/tmp/tmpoq1jkuwu']
[2026-05-06T15:35:41.549+0000] {standard_task_runner.py:105} INFO - Job 74: Subtask cluster_pothole_events
[2026-05-06T15:35:41.583+0000] {task_command.py:467} INFO - Running <TaskInstance: cluster_potholes_every_12min.cluster_pothole_events manual__2026-05-06T15:35:29.433404+00:00 [running]> on host 0177f1ae1202
[2026-05-06T15:35:41.648+0000] {taskinstance.py:3134} INFO - Exporting env vars: AIRFLOW_CTX_DAG_OWNER='pothole-pjt' AIRFLOW_CTX_DAG_ID='cluster_potholes_every_12min' AIRFLOW_CTX_TASK_ID='cluster_pothole_events' AIRFLOW_CTX_EXECUTION_DATE='2026-05-06T15:35:29.433404+00:00' AIRFLOW_CTX_TRY_NUMBER='1' AIRFLOW_CTX_DAG_RUN_ID='manual__2026-05-06T15:35:29.433404+00:00'
[2026-05-06T15:35:41.649+0000] {taskinstance.py:732} INFO - ::endgroup::
[2026-05-06T15:35:41.707+0000] {logging_mixin.py:190} INFO - Unclustered events count: 19
[2026-05-06T15:35:41.707+0000] {logging_mixin.py:190} INFO - kakao_key_exists=True
[2026-05-06T15:35:41.712+0000] {logging_mixin.py:190} INFO - Existing unrepaired clusters count: 179
[2026-05-06T15:35:41.718+0000] {logging_mixin.py:190} INFO - Merged event_id=evt_ydp_02_last_20260507_001804_f3ba5547 into cluster_id=cluster_20260506055705_aed2f5e0, distance=9.54m
[2026-05-06T15:35:41.900+0000] {logging_mixin.py:190} INFO - Created new cluster_id=cluster_20260506153541_51afb3bb from event_id=evt_ydp_04_last_20260507_001865_9166c73c, road_address=서울 영등포구 영등포동7가 94-33
[2026-05-06T15:35:42.040+0000] {logging_mixin.py:190} INFO - Created new cluster_id=cluster_20260506153541_cb87ffe7 from event_id=evt_ydp_10_last_20260507_001933_ca365a62, road_address=서울 영등포구 여의도동 8
[2026-05-06T15:35:42.198+0000] {logging_mixin.py:190} INFO - Created new cluster_id=cluster_20260506153542_1db9a30b from event_id=evt_ydp_11_last_20260507_002267_70524a76, road_address=서울 영등포구 여의도동 6
[2026-05-06T15:35:42.341+0000] {logging_mixin.py:190} INFO - Created new cluster_id=cluster_20260506153542_bfc40431 from event_id=evt_ydp_10_last_20260507_002453_96d2575c, road_address=서울 영등포구 여의도동 1-5
[2026-05-06T15:35:42.478+0000] {logging_mixin.py:190} INFO - Created new cluster_id=cluster_20260506153542_2c148a35 from event_id=evt_ydp_05_last_20260507_002645_d80075b2, road_address=서울 영등포구 영등포동2가 5-1
[2026-05-06T15:35:42.630+0000] {logging_mixin.py:190} INFO - Created new cluster_id=cluster_20260506153542_db6a32f2 from event_id=evt_ydp_07_last_20260507_002679_6dc0e140, road_address=서울특별시 영등포구 도림로 276
[2026-05-06T15:35:42.784+0000] {logging_mixin.py:190} INFO - Created new cluster_id=cluster_20260506153542_6ca1e353 from event_id=evt_ydp_04_last_20260507_002817_7b42eabf, road_address=서울 영등포구 영등포동2가 178-1
[2026-05-06T15:35:42.946+0000] {logging_mixin.py:190} INFO - Created new cluster_id=cluster_20260506153542_1416ec81 from event_id=evt_ydp_09_last_20260507_002839_c891820a, road_address=서울 영등포구 신길동 362-3
[2026-05-06T15:35:42.951+0000] {logging_mixin.py:190} INFO - Merged event_id=evt_ydp_09_last_20260507_002885_cdcf2a9f into cluster_id=cluster_20260506060005_4701a90e, distance=6.84m
[2026-05-06T15:35:43.112+0000] {logging_mixin.py:190} INFO - Created new cluster_id=cluster_20260506153542_d8455512 from event_id=evt_ydp_01_last_20260507_002930_c523abc1, road_address=서울 영등포구 대림동 909-3
[2026-05-06T15:35:43.237+0000] {logging_mixin.py:190} INFO - Created new cluster_id=cluster_20260506153543_f8c7a9b9 from event_id=evt_ydp_04_last_20260507_003032_635757db, road_address=서울특별시 영등포구 영등포로 231
[2026-05-06T15:35:43.377+0000] {logging_mixin.py:190} INFO - Created new cluster_id=cluster_20260506153543_de42336d from event_id=evt_ydp_06_last_20260507_003034_3bf408a1, road_address=서울특별시 영등포구 영신로 32
[2026-05-06T15:35:43.531+0000] {logging_mixin.py:190} INFO - Created new cluster_id=cluster_20260506153543_d99e87ab from event_id=evt_ydp_04_last_20260507_003096_c6e76720, road_address=서울특별시 영등포구 영등포로 219
[2026-05-06T15:35:43.536+0000] {logging_mixin.py:190} INFO - Merged event_id=evt_ydp_11_last_20260507_003321_5bffcbaf into cluster_id=cluster_20260506055659_18f0420d, distance=4.89m
[2026-05-06T15:35:43.675+0000] {logging_mixin.py:190} INFO - Created new cluster_id=cluster_20260506153543_396ef93b from event_id=evt_ydp_05_last_20260507_003324_10eb4973, road_address=서울 영등포구 영등포동4가 53-3
[2026-05-06T15:35:43.812+0000] {logging_mixin.py:190} INFO - Created new cluster_id=cluster_20260506153543_1da7a6af from event_id=evt_ydp_02_last_20260507_003332_ee837b5e, road_address=서울 영등포구 당산동2가 47-6
[2026-05-06T15:35:43.961+0000] {logging_mixin.py:190} INFO - Created new cluster_id=cluster_20260506153543_775dc2d7 from event_id=evt_ydp_09_last_20260507_003570_22185410, road_address=서울 영등포구 영등포동 620-110
[2026-05-06T15:35:44.103+0000] {logging_mixin.py:190} INFO - Created new cluster_id=cluster_20260506153543_9e2f5bd1 from event_id=evt_ydp_02_last_20260507_003695_7ec68bc3, road_address=서울 영등포구 당산동2가 1-1
[2026-05-06T15:35:44.106+0000] {logging_mixin.py:190} INFO - Cluster processing completed.
[2026-05-06T15:35:44.106+0000] {logging_mixin.py:190} INFO - New clusters inserted: 16
[2026-05-06T15:35:44.106+0000] {logging_mixin.py:190} INFO - Events merged into existing clusters: 3
[2026-05-06T15:35:44.107+0000] {python.py:240} INFO - Done. Returned value was: None
[2026-05-06T15:35:44.111+0000] {taskinstance.py:341} INFO - ::group::Post task execution logs
[2026-05-06T15:35:44.112+0000] {taskinstance.py:353} INFO - Marking task as SUCCESS. dag_id=cluster_potholes_every_12min, task_id=cluster_pothole_events, run_id=manual__2026-05-06T15:35:29.433404+00:00, execution_date=20260506T153529, start_date=20260506T153541, end_date=20260506T153544
[2026-05-06T15:35:44.165+0000] {local_task_job_runner.py:266} INFO - Task exited with return code 0
[2026-05-06T15:35:44.177+0000] {taskinstance.py:3901} INFO - 0 downstream tasks scheduled from follow-on schedule check
[2026-05-06T15:35:44.177+0000] {local_task_job_runner.py:245} INFO - ::endgroup::
