[2026-05-06T06:08:02.409+0000] {local_task_job_runner.py:123} INFO - ::group::Pre task execution logs
[2026-05-06T06:08:02.422+0000] {taskinstance.py:2614} INFO - Dependencies all met for dep_context=non-requeueable deps ti=<TaskInstance: dag_daily_report.speed_uncertainty_analysis scheduled__2026-05-04T14:50:00+00:00 [queued]>
[2026-05-06T06:08:02.429+0000] {taskinstance.py:2614} INFO - Dependencies all met for dep_context=requeueable deps ti=<TaskInstance: dag_daily_report.speed_uncertainty_analysis scheduled__2026-05-04T14:50:00+00:00 [queued]>
[2026-05-06T06:08:02.429+0000] {taskinstance.py:2867} INFO - Starting attempt 1 of 2
[2026-05-06T06:08:02.445+0000] {taskinstance.py:2890} INFO - Executing <Task(PythonOperator): speed_uncertainty_analysis> on 2026-05-04 14:50:00+00:00
[2026-05-06T06:08:02.455+0000] {standard_task_runner.py:72} INFO - Started process 216 to run task
[2026-05-06T06:08:02.459+0000] {standard_task_runner.py:104} INFO - Running: ['airflow', 'tasks', 'run', 'dag_daily_report', 'speed_uncertainty_analysis', 'scheduled__2026-05-04T14:50:00+00:00', '--job-id', '7', '--raw', '--subdir', 'DAGS_FOLDER/dag_daily_report.py', '--cfg-path', '/tmp/tmpnohqpw9f']
[2026-05-06T06:08:02.462+0000] {standard_task_runner.py:105} INFO - Job 7: Subtask speed_uncertainty_analysis
[2026-05-06T06:08:02.502+0000] {task_command.py:467} INFO - Running <TaskInstance: dag_daily_report.speed_uncertainty_analysis scheduled__2026-05-04T14:50:00+00:00 [running]> on host 0177f1ae1202
[2026-05-06T06:08:02.571+0000] {taskinstance.py:3134} INFO - Exporting env vars: AIRFLOW_CTX_DAG_OWNER='pothole-pipeline' AIRFLOW_CTX_DAG_ID='dag_daily_report' AIRFLOW_CTX_TASK_ID='speed_uncertainty_analysis' AIRFLOW_CTX_EXECUTION_DATE='2026-05-04T14:50:00+00:00' AIRFLOW_CTX_TRY_NUMBER='1' AIRFLOW_CTX_DAG_RUN_ID='scheduled__2026-05-04T14:50:00+00:00'
[2026-05-06T06:08:02.572+0000] {taskinstance.py:732} INFO - ::endgroup::
[2026-05-06T06:08:02.588+0000] {dag_daily_report.py:271} INFO - [Task 2] 시작: 2026-05-06
[2026-05-06T06:08:02.615+0000] {credentials.py:1075} INFO - Found credentials from IAM Role: exi-airflow-ec2-role
[2026-05-06T06:08:02.736+0000] {dag_daily_report.py:126} INFO - S3 조회: s3://road-defect-seong/raw/raw_logs/year=2026/month=05/day=06/
[2026-05-06T06:08:03.202+0000] {dag_daily_report.py:155} INFO - 로드 완료: 128,791건 (parse_error 제거: 0건)
[2026-05-06T06:08:03.274+0000] {logging_mixin.py:190} WARNING - /opt/airflow/dags/dag_daily_report.py:318 UserWarning: Glyph 49549 (\N{HANGUL SYLLABLE SOG}) missing from font(s) DejaVu Sans.
[2026-05-06T06:08:03.275+0000] {logging_mixin.py:190} WARNING - /opt/airflow/dags/dag_daily_report.py:318 UserWarning: Glyph 46020 (\N{HANGUL SYLLABLE DO}) missing from font(s) DejaVu Sans.
[2026-05-06T06:08:03.276+0000] {logging_mixin.py:190} WARNING - /opt/airflow/dags/dag_daily_report.py:318 UserWarning: Glyph 44396 (\N{HANGUL SYLLABLE GU}) missing from font(s) DejaVu Sans.
[2026-05-06T06:08:03.277+0000] {logging_mixin.py:190} WARNING - /opt/airflow/dags/dag_daily_report.py:318 UserWarning: Glyph 44036 (\N{HANGUL SYLLABLE GAN}) missing from font(s) DejaVu Sans.
[2026-05-06T06:08:03.291+0000] {logging_mixin.py:190} WARNING - /opt/airflow/dags/dag_daily_report.py:318 UserWarning: Glyph 48520 (\N{HANGUL SYLLABLE BUL}) missing from font(s) DejaVu Sans.
[2026-05-06T06:08:03.292+0000] {logging_mixin.py:190} WARNING - /opt/airflow/dags/dag_daily_report.py:318 UserWarning: Glyph 54869 (\N{HANGUL SYLLABLE HWAG}) missing from font(s) DejaVu Sans.
[2026-05-06T06:08:03.293+0000] {logging_mixin.py:190} WARNING - /opt/airflow/dags/dag_daily_report.py:318 UserWarning: Glyph 49892 (\N{HANGUL SYLLABLE SIL}) missing from font(s) DejaVu Sans.
[2026-05-06T06:08:03.294+0000] {logging_mixin.py:190} WARNING - /opt/airflow/dags/dag_daily_report.py:318 UserWarning: Glyph 50696 (\N{HANGUL SYLLABLE YE}) missing from font(s) DejaVu Sans.
[2026-05-06T06:08:03.295+0000] {logging_mixin.py:190} WARNING - /opt/airflow/dags/dag_daily_report.py:318 UserWarning: Glyph 52769 (\N{HANGUL SYLLABLE CEUG}) missing from font(s) DejaVu Sans.
[2026-05-06T06:08:03.296+0000] {logging_mixin.py:190} WARNING - /opt/airflow/dags/dag_daily_report.py:318 UserWarning: Glyph 48708 (\N{HANGUL SYLLABLE BI}) missing from font(s) DejaVu Sans.
[2026-05-06T06:08:03.297+0000] {logging_mixin.py:190} WARNING - /opt/airflow/dags/dag_daily_report.py:318 UserWarning: Glyph 50984 (\N{HANGUL SYLLABLE YUL}) missing from font(s) DejaVu Sans.
[2026-05-06T06:08:03.305+0000] {logging_mixin.py:190} WARNING - /opt/airflow/dags/dag_daily_report.py:318 UserWarning: Glyph 48324 (\N{HANGUL SYLLABLE BYEOL}) missing from font(s) DejaVu Sans.
[2026-05-06T06:08:03.308+0000] {logging_mixin.py:190} WARNING - /opt/airflow/dags/dag_daily_report.py:318 UserWarning: Glyph 51228 (\N{HANGUL SYLLABLE JE}) missing from font(s) DejaVu Sans.
[2026-05-06T06:08:03.309+0000] {logging_mixin.py:190} WARNING - /opt/airflow/dags/dag_daily_report.py:318 UserWarning: Glyph 48660 (\N{HANGUL SYLLABLE BEUL}) missing from font(s) DejaVu Sans.
[2026-05-06T06:08:03.310+0000] {logging_mixin.py:190} WARNING - /opt/airflow/dags/dag_daily_report.py:318 UserWarning: Glyph 47001 (\N{HANGUL SYLLABLE RAEG}) missing from font(s) DejaVu Sans.
[2026-05-06T06:08:03.311+0000] {logging_mixin.py:190} WARNING - /opt/airflow/dags/dag_daily_report.py:318 UserWarning: Glyph 48149 (\N{HANGUL SYLLABLE BAG}) missing from font(s) DejaVu Sans.
[2026-05-06T06:08:03.311+0000] {logging_mixin.py:190} WARNING - /opt/airflow/dags/dag_daily_report.py:318 UserWarning: Glyph 49828 (\N{HANGUL SYLLABLE SEU}) missing from font(s) DejaVu Sans.
[2026-05-06T06:08:03.312+0000] {logging_mixin.py:190} WARNING - /opt/airflow/dags/dag_daily_report.py:318 UserWarning: Glyph 45936 (\N{HANGUL SYLLABLE DE}) missing from font(s) DejaVu Sans.
[2026-05-06T06:08:03.313+0000] {logging_mixin.py:190} WARNING - /opt/airflow/dags/dag_daily_report.py:318 UserWarning: Glyph 51060 (\N{HANGUL SYLLABLE I}) missing from font(s) DejaVu Sans.
[2026-05-06T06:08:03.314+0000] {logging_mixin.py:190} WARNING - /opt/airflow/dags/dag_daily_report.py:318 UserWarning: Glyph 53552 (\N{HANGUL SYLLABLE TEO}) missing from font(s) DejaVu Sans.
[2026-05-06T06:08:03.315+0000] {logging_mixin.py:190} WARNING - /opt/airflow/dags/dag_daily_report.py:318 UserWarning: Glyph 49688 (\N{HANGUL SYLLABLE SU}) missing from font(s) DejaVu Sans.
[2026-05-06T06:08:03.317+0000] {logging_mixin.py:190} WARNING - /opt/airflow/dags/dag_daily_report.py:318 UserWarning: Glyph 51665 (\N{HANGUL SYLLABLE JIB}) missing from font(s) DejaVu Sans.
[2026-05-06T06:08:03.318+0000] {logging_mixin.py:190} WARNING - /opt/airflow/dags/dag_daily_report.py:318 UserWarning: Glyph 49884 (\N{HANGUL SYLLABLE SI}) missing from font(s) DejaVu Sans.
[2026-05-06T06:08:03.320+0000] {logging_mixin.py:190} WARNING - /opt/airflow/dags/dag_daily_report.py:318 UserWarning: Glyph 44256 (\N{HANGUL SYLLABLE GO}) missing from font(s) DejaVu Sans.
[2026-05-06T06:08:03.322+0000] {logging_mixin.py:190} WARNING - /opt/airflow/dags/dag_daily_report.py:318 UserWarning: Glyph 50640 (\N{HANGUL SYLLABLE E}) missing from font(s) DejaVu Sans.
[2026-05-06T06:08:03.325+0000] {logging_mixin.py:190} WARNING - /opt/airflow/dags/dag_daily_report.py:318 UserWarning: Glyph 49436 (\N{HANGUL SYLLABLE SEO}) missing from font(s) DejaVu Sans.
[2026-05-06T06:08:03.328+0000] {logging_mixin.py:190} WARNING - /opt/airflow/dags/dag_daily_report.py:318 UserWarning: Glyph 51613 (\N{HANGUL SYLLABLE JEUNG}) missing from font(s) DejaVu Sans.
[2026-05-06T06:08:03.329+0000] {logging_mixin.py:190} WARNING - /opt/airflow/dags/dag_daily_report.py:318 UserWarning: Glyph 44032 (\N{HANGUL SYLLABLE GA}) missing from font(s) DejaVu Sans.
[2026-05-06T06:08:03.332+0000] {logging_mixin.py:190} WARNING - /opt/airflow/dags/dag_daily_report.py:318 UserWarning: Glyph 50668 (\N{HANGUL SYLLABLE YEO}) missing from font(s) DejaVu Sans.
[2026-05-06T06:08:03.332+0000] {logging_mixin.py:190} WARNING - /opt/airflow/dags/dag_daily_report.py:318 UserWarning: Glyph 48512 (\N{HANGUL SYLLABLE BU}) missing from font(s) DejaVu Sans.
[2026-05-06T06:08:03.335+0000] {logging_mixin.py:190} WARNING - /opt/airflow/dags/dag_daily_report.py:318 UserWarning: Glyph 44160 (\N{HANGUL SYLLABLE GEOM}) missing from font(s) DejaVu Sans.
[2026-05-06T06:08:03.361+0000] {logging_mixin.py:190} WARNING - /opt/airflow/dags/dag_daily_report.py:162 UserWarning: Glyph 48520 (\N{HANGUL SYLLABLE BUL}) missing from font(s) DejaVu Sans.
[2026-05-06T06:08:03.362+0000] {logging_mixin.py:190} WARNING - /opt/airflow/dags/dag_daily_report.py:162 UserWarning: Glyph 54869 (\N{HANGUL SYLLABLE HWAG}) missing from font(s) DejaVu Sans.
[2026-05-06T06:08:03.363+0000] {logging_mixin.py:190} WARNING - /opt/airflow/dags/dag_daily_report.py:162 UserWarning: Glyph 49892 (\N{HANGUL SYLLABLE SIL}) missing from font(s) DejaVu Sans.
[2026-05-06T06:08:03.364+0000] {logging_mixin.py:190} WARNING - /opt/airflow/dags/dag_daily_report.py:162 UserWarning: Glyph 50696 (\N{HANGUL SYLLABLE YE}) missing from font(s) DejaVu Sans.
[2026-05-06T06:08:03.365+0000] {logging_mixin.py:190} WARNING - /opt/airflow/dags/dag_daily_report.py:162 UserWarning: Glyph 52769 (\N{HANGUL SYLLABLE CEUG}) missing from font(s) DejaVu Sans.
[2026-05-06T06:08:03.367+0000] {logging_mixin.py:190} WARNING - /opt/airflow/dags/dag_daily_report.py:162 UserWarning: Glyph 48708 (\N{HANGUL SYLLABLE BI}) missing from font(s) DejaVu Sans.
[2026-05-06T06:08:03.368+0000] {logging_mixin.py:190} WARNING - /opt/airflow/dags/dag_daily_report.py:162 UserWarning: Glyph 50984 (\N{HANGUL SYLLABLE YUL}) missing from font(s) DejaVu Sans.
[2026-05-06T06:08:03.370+0000] {logging_mixin.py:190} WARNING - /opt/airflow/dags/dag_daily_report.py:162 UserWarning: Glyph 49549 (\N{HANGUL SYLLABLE SOG}) missing from font(s) DejaVu Sans.
[2026-05-06T06:08:03.371+0000] {logging_mixin.py:190} WARNING - /opt/airflow/dags/dag_daily_report.py:162 UserWarning: Glyph 46020 (\N{HANGUL SYLLABLE DO}) missing from font(s) DejaVu Sans.
[2026-05-06T06:08:03.372+0000] {logging_mixin.py:190} WARNING - /opt/airflow/dags/dag_daily_report.py:162 UserWarning: Glyph 44396 (\N{HANGUL SYLLABLE GU}) missing from font(s) DejaVu Sans.
[2026-05-06T06:08:03.373+0000] {logging_mixin.py:190} WARNING - /opt/airflow/dags/dag_daily_report.py:162 UserWarning: Glyph 44036 (\N{HANGUL SYLLABLE GAN}) missing from font(s) DejaVu Sans.
[2026-05-06T06:08:03.374+0000] {logging_mixin.py:190} WARNING - /opt/airflow/dags/dag_daily_report.py:162 UserWarning: Glyph 48324 (\N{HANGUL SYLLABLE BYEOL}) missing from font(s) DejaVu Sans.
[2026-05-06T06:08:03.376+0000] {logging_mixin.py:190} WARNING - /opt/airflow/dags/dag_daily_report.py:162 UserWarning: Glyph 51228 (\N{HANGUL SYLLABLE JE}) missing from font(s) DejaVu Sans.
[2026-05-06T06:08:03.377+0000] {logging_mixin.py:190} WARNING - /opt/airflow/dags/dag_daily_report.py:162 UserWarning: Glyph 48660 (\N{HANGUL SYLLABLE BEUL}) missing from font(s) DejaVu Sans.
[2026-05-06T06:08:03.378+0000] {logging_mixin.py:190} WARNING - /opt/airflow/dags/dag_daily_report.py:162 UserWarning: Glyph 47001 (\N{HANGUL SYLLABLE RAEG}) missing from font(s) DejaVu Sans.
[2026-05-06T06:08:03.379+0000] {logging_mixin.py:190} WARNING - /opt/airflow/dags/dag_daily_report.py:162 UserWarning: Glyph 48149 (\N{HANGUL SYLLABLE BAG}) missing from font(s) DejaVu Sans.
[2026-05-06T06:08:03.380+0000] {logging_mixin.py:190} WARNING - /opt/airflow/dags/dag_daily_report.py:162 UserWarning: Glyph 49828 (\N{HANGUL SYLLABLE SEU}) missing from font(s) DejaVu Sans.
[2026-05-06T06:08:03.381+0000] {logging_mixin.py:190} WARNING - /opt/airflow/dags/dag_daily_report.py:162 UserWarning: Glyph 45936 (\N{HANGUL SYLLABLE DE}) missing from font(s) DejaVu Sans.
[2026-05-06T06:08:03.382+0000] {logging_mixin.py:190} WARNING - /opt/airflow/dags/dag_daily_report.py:162 UserWarning: Glyph 51060 (\N{HANGUL SYLLABLE I}) missing from font(s) DejaVu Sans.
[2026-05-06T06:08:03.383+0000] {logging_mixin.py:190} WARNING - /opt/airflow/dags/dag_daily_report.py:162 UserWarning: Glyph 53552 (\N{HANGUL SYLLABLE TEO}) missing from font(s) DejaVu Sans.
[2026-05-06T06:08:03.384+0000] {logging_mixin.py:190} WARNING - /opt/airflow/dags/dag_daily_report.py:162 UserWarning: Glyph 49688 (\N{HANGUL SYLLABLE SU}) missing from font(s) DejaVu Sans.
[2026-05-06T06:08:03.385+0000] {logging_mixin.py:190} WARNING - /opt/airflow/dags/dag_daily_report.py:162 UserWarning: Glyph 51665 (\N{HANGUL SYLLABLE JIB}) missing from font(s) DejaVu Sans.
[2026-05-06T06:08:03.386+0000] {logging_mixin.py:190} WARNING - /opt/airflow/dags/dag_daily_report.py:162 UserWarning: Glyph 49884 (\N{HANGUL SYLLABLE SI}) missing from font(s) DejaVu Sans.
[2026-05-06T06:08:03.387+0000] {logging_mixin.py:190} WARNING - /opt/airflow/dags/dag_daily_report.py:162 UserWarning: Glyph 44256 (\N{HANGUL SYLLABLE GO}) missing from font(s) DejaVu Sans.
[2026-05-06T06:08:03.388+0000] {logging_mixin.py:190} WARNING - /opt/airflow/dags/dag_daily_report.py:162 UserWarning: Glyph 50640 (\N{HANGUL SYLLABLE E}) missing from font(s) DejaVu Sans.
[2026-05-06T06:08:03.389+0000] {logging_mixin.py:190} WARNING - /opt/airflow/dags/dag_daily_report.py:162 UserWarning: Glyph 49436 (\N{HANGUL SYLLABLE SEO}) missing from font(s) DejaVu Sans.
[2026-05-06T06:08:03.390+0000] {logging_mixin.py:190} WARNING - /opt/airflow/dags/dag_daily_report.py:162 UserWarning: Glyph 51613 (\N{HANGUL SYLLABLE JEUNG}) missing from font(s) DejaVu Sans.
[2026-05-06T06:08:03.391+0000] {logging_mixin.py:190} WARNING - /opt/airflow/dags/dag_daily_report.py:162 UserWarning: Glyph 44032 (\N{HANGUL SYLLABLE GA}) missing from font(s) DejaVu Sans.
[2026-05-06T06:08:03.392+0000] {logging_mixin.py:190} WARNING - /opt/airflow/dags/dag_daily_report.py:162 UserWarning: Glyph 50668 (\N{HANGUL SYLLABLE YEO}) missing from font(s) DejaVu Sans.
[2026-05-06T06:08:03.393+0000] {logging_mixin.py:190} WARNING - /opt/airflow/dags/dag_daily_report.py:162 UserWarning: Glyph 48512 (\N{HANGUL SYLLABLE BU}) missing from font(s) DejaVu Sans.
[2026-05-06T06:08:03.394+0000] {logging_mixin.py:190} WARNING - /opt/airflow/dags/dag_daily_report.py:162 UserWarning: Glyph 44160 (\N{HANGUL SYLLABLE GEOM}) missing from font(s) DejaVu Sans.
[2026-05-06T06:08:03.666+0000] {dag_daily_report.py:167} INFO - PNG 업로드: s3://road-defect-seong/reports/2026-05-06/task2_speed_uncertainty.png
[2026-05-06T06:08:03.668+0000] {dag_daily_report.py:321} INFO - [Task 2] 완료
[2026-05-06T06:08:03.676+0000] {python.py:240} INFO - Done. Returned value was: {'date': '2026-05-06'}
[2026-05-06T06:08:03.692+0000] {taskinstance.py:341} INFO - ::group::Post task execution logs
[2026-05-06T06:08:03.692+0000] {taskinstance.py:353} INFO - Marking task as SUCCESS. dag_id=dag_daily_report, task_id=speed_uncertainty_analysis, run_id=scheduled__2026-05-04T14:50:00+00:00, execution_date=20260504T145000, start_date=20260506T060802, end_date=20260506T060803
[2026-05-06T06:08:03.758+0000] {local_task_job_runner.py:266} INFO - Task exited with return code 0
[2026-05-06T06:08:03.778+0000] {taskinstance.py:3901} INFO - 1 downstream tasks scheduled from follow-on schedule check
[2026-05-06T06:08:03.783+0000] {local_task_job_runner.py:245} INFO - ::endgroup::
