[2026-05-11T00:17:32.908+0000] {local_task_job_runner.py:123} INFO - ::group::Pre task execution logs
[2026-05-11T00:17:32.922+0000] {taskinstance.py:2614} INFO - Dependencies all met for dep_context=non-requeueable deps ti=<TaskInstance: dag_daily_report.generate_daily_summary scheduled__2026-05-11T00:00:00+00:00 [queued]>
[2026-05-11T00:17:32.929+0000] {taskinstance.py:2614} INFO - Dependencies all met for dep_context=requeueable deps ti=<TaskInstance: dag_daily_report.generate_daily_summary scheduled__2026-05-11T00:00:00+00:00 [queued]>
[2026-05-11T00:17:32.930+0000] {taskinstance.py:2867} INFO - Starting attempt 1 of 2
[2026-05-11T00:17:32.947+0000] {taskinstance.py:2890} INFO - Executing <Task(PythonOperator): generate_daily_summary> on 2026-05-11 00:00:00+00:00
[2026-05-11T00:17:32.958+0000] {standard_task_runner.py:72} INFO - Started process 48894 to run task
[2026-05-11T00:17:32.962+0000] {standard_task_runner.py:104} INFO - Running: ['airflow', 'tasks', 'run', 'dag_daily_report', 'generate_daily_summary', 'scheduled__2026-05-11T00:00:00+00:00', '--job-id', '1360', '--raw', '--subdir', 'DAGS_FOLDER/dag_daily_report.py', '--cfg-path', '/tmp/tmpudmdli70']
[2026-05-11T00:17:32.964+0000] {standard_task_runner.py:105} INFO - Job 1360: Subtask generate_daily_summary
[2026-05-11T00:17:33.004+0000] {task_command.py:467} INFO - Running <TaskInstance: dag_daily_report.generate_daily_summary scheduled__2026-05-11T00:00:00+00:00 [running]> on host 0177f1ae1202
[2026-05-11T00:17:33.069+0000] {taskinstance.py:3134} INFO - Exporting env vars: AIRFLOW_CTX_DAG_OWNER='pothole-pipeline' AIRFLOW_CTX_DAG_ID='dag_daily_report' AIRFLOW_CTX_TASK_ID='generate_daily_summary' AIRFLOW_CTX_EXECUTION_DATE='2026-05-11T00:00:00+00:00' AIRFLOW_CTX_TRY_NUMBER='1' AIRFLOW_CTX_DAG_RUN_ID='scheduled__2026-05-11T00:00:00+00:00'
[2026-05-11T00:17:33.070+0000] {taskinstance.py:732} INFO - ::endgroup::
[2026-05-11T00:17:33.086+0000] {dag_daily_report.py:288} INFO - [Task 5] 시작: 2026-05-11
[2026-05-11T00:17:33.115+0000] {credentials.py:1075} INFO - Found credentials from IAM Role: exi-airflow-ec2-role
[2026-05-11T00:17:33.426+0000] {dag_daily_report.py:62} INFO - S3 조회: s3://road-defect-seong/raw/raw_logs/year=2026/month=05/day=11/
[2026-05-11T00:17:33.597+0000] {dag_daily_report.py:91} INFO - 로드 완료: 1건 (parse_error 제거: 0건)
[2026-05-11T00:17:33.742+0000] {dag_daily_report.py:354} INFO - [Task 5] 완료: s3://road-defect-seong/reports/2026-05-11/summary.json
[2026-05-11T00:17:33.744+0000] {python.py:240} INFO - Done. Returned value was: {'date': '2026-05-11', 'cp_distribution': {'0': 1, '1': 0, '2': 0, '3': 0}, 'run_inference_time': {'first': 0.0, 'middle': 85.17, 'last': 0.0}, 'speed_uncertainty': {'0~10 km/h': {'total': 0, 'uncertain_ratio': 0.0}, '10~20 km/h': {'total': 1, 'uncertain_ratio': 0.0}, '20~30 km/h': {'total': 0, 'uncertain_ratio': 0.0}, '30+ km/h': {'total': 0, 'uncertain_ratio': 0.0}}, 'hnm_candidates': {'un': 0, 'up': 0, 'total': 0}, 'pothole_clusters': {'today_new_cluster_count': 0, 'yesterday_new_cluster_count': 120, 'diff_from_yesterday': -120, 'change_rate_percent': -100.0, 'total_cluster_count': 390, 'total_unrepaired_cluster_count': 390, 'total_repaired_cluster_count': 0, 'today_new_clusters': []}, 'generated_at': '2026-05-11T09:17:33.614217+09:00'}
[2026-05-11T00:17:33.769+0000] {taskinstance.py:341} INFO - ::group::Post task execution logs
[2026-05-11T00:17:33.770+0000] {taskinstance.py:353} INFO - Marking task as SUCCESS. dag_id=dag_daily_report, task_id=generate_daily_summary, run_id=scheduled__2026-05-11T00:00:00+00:00, execution_date=20260511T000000, start_date=20260511T001732, end_date=20260511T001733
[2026-05-11T00:17:33.817+0000] {local_task_job_runner.py:266} INFO - Task exited with return code 0
[2026-05-11T00:17:33.829+0000] {taskinstance.py:3901} INFO - 0 downstream tasks scheduled from follow-on schedule check
[2026-05-11T00:17:33.830+0000] {local_task_job_runner.py:245} INFO - ::endgroup::
