[2026-05-05T11:26:21.818+0000] {processor.py:186} INFO - Started process (PID=68) to work on /opt/airflow/dags/cluster_potholes_12min_dag.py
[2026-05-05T11:26:21.820+0000] {processor.py:914} INFO - Processing file /opt/airflow/dags/cluster_potholes_12min_dag.py for tasks to queue
[2026-05-05T11:26:21.823+0000] {logging_mixin.py:190} INFO - [2026-05-05T11:26:21.823+0000] {dagbag.py:588} INFO - Filling up the DagBag from /opt/airflow/dags/cluster_potholes_12min_dag.py
[2026-05-05T11:26:21.956+0000] {processor.py:925} INFO - DAG(s) 'cluster_potholes_every_12min' retrieved from /opt/airflow/dags/cluster_potholes_12min_dag.py
[2026-05-05T11:26:22.152+0000] {logging_mixin.py:190} INFO - [2026-05-05T11:26:22.151+0000] {override.py:1912} INFO - Created Permission View: can read on DAG:cluster_potholes_every_12min
[2026-05-05T11:26:22.170+0000] {logging_mixin.py:190} INFO - [2026-05-05T11:26:22.169+0000] {override.py:1912} INFO - Created Permission View: can delete on DAG:cluster_potholes_every_12min
[2026-05-05T11:26:22.184+0000] {logging_mixin.py:190} INFO - [2026-05-05T11:26:22.183+0000] {override.py:1912} INFO - Created Permission View: can edit on DAG:cluster_potholes_every_12min
[2026-05-05T11:26:22.205+0000] {logging_mixin.py:190} INFO - [2026-05-05T11:26:22.204+0000] {override.py:1912} INFO - Created Permission View: menu access on DAG Run:cluster_potholes_every_12min
[2026-05-05T11:26:22.219+0000] {logging_mixin.py:190} INFO - [2026-05-05T11:26:22.218+0000] {override.py:1912} INFO - Created Permission View: can read on DAG Run:cluster_potholes_every_12min
[2026-05-05T11:26:22.232+0000] {logging_mixin.py:190} INFO - [2026-05-05T11:26:22.231+0000] {override.py:1912} INFO - Created Permission View: can delete on DAG Run:cluster_potholes_every_12min
[2026-05-05T11:26:22.246+0000] {logging_mixin.py:190} INFO - [2026-05-05T11:26:22.245+0000] {override.py:1912} INFO - Created Permission View: can create on DAG Run:cluster_potholes_every_12min
[2026-05-05T11:26:22.246+0000] {logging_mixin.py:190} INFO - [2026-05-05T11:26:22.246+0000] {dag.py:3239} INFO - Sync 1 DAGs
[2026-05-05T11:26:22.267+0000] {logging_mixin.py:190} INFO - [2026-05-05T11:26:22.266+0000] {dag.py:3262} INFO - Creating ORM DAG for cluster_potholes_every_12min
[2026-05-05T11:26:22.283+0000] {logging_mixin.py:190} INFO - [2026-05-05T11:26:22.282+0000] {dag.py:4180} INFO - Setting next_dagrun for cluster_potholes_every_12min to 2026-05-05 11:12:00+00:00, run_after=2026-05-05 11:24:00+00:00
[2026-05-05T11:26:22.319+0000] {processor.py:208} INFO - Processing /opt/airflow/dags/cluster_potholes_12min_dag.py took 0.523 seconds
[2026-05-05T11:26:52.607+0000] {processor.py:186} INFO - Started process (PID=93) to work on /opt/airflow/dags/cluster_potholes_12min_dag.py
[2026-05-05T11:26:52.609+0000] {processor.py:914} INFO - Processing file /opt/airflow/dags/cluster_potholes_12min_dag.py for tasks to queue
[2026-05-05T11:26:52.613+0000] {logging_mixin.py:190} INFO - [2026-05-05T11:26:52.612+0000] {dagbag.py:588} INFO - Filling up the DagBag from /opt/airflow/dags/cluster_potholes_12min_dag.py
[2026-05-05T11:26:52.747+0000] {processor.py:925} INFO - DAG(s) 'cluster_potholes_every_12min' retrieved from /opt/airflow/dags/cluster_potholes_12min_dag.py
[2026-05-05T11:26:52.803+0000] {logging_mixin.py:190} INFO - [2026-05-05T11:26:52.800+0000] {dag.py:3239} INFO - Sync 1 DAGs
[2026-05-05T11:26:52.853+0000] {logging_mixin.py:190} INFO - [2026-05-05T11:26:52.852+0000] {dag.py:4180} INFO - Setting next_dagrun for cluster_potholes_every_12min to 2026-05-05 11:12:00+00:00, run_after=2026-05-05 11:24:00+00:00
[2026-05-05T11:26:52.892+0000] {processor.py:208} INFO - Processing /opt/airflow/dags/cluster_potholes_12min_dag.py took 0.294 seconds
[2026-05-05T11:37:49.929+0000] {processor.py:186} INFO - Started process (PID=104) to work on /opt/airflow/dags/cluster_potholes_12min_dag.py
[2026-05-05T11:37:49.958+0000] {processor.py:914} INFO - Processing file /opt/airflow/dags/cluster_potholes_12min_dag.py for tasks to queue
[2026-05-05T11:37:49.976+0000] {logging_mixin.py:190} INFO - [2026-05-05T11:37:49.973+0000] {dagbag.py:588} INFO - Filling up the DagBag from /opt/airflow/dags/cluster_potholes_12min_dag.py
[2026-05-05T11:37:52.231+0000] {processor.py:925} INFO - DAG(s) 'cluster_potholes_every_12min' retrieved from /opt/airflow/dags/cluster_potholes_12min_dag.py
[2026-05-05T11:39:02.675+0000] {logging_mixin.py:190} INFO - [2026-05-05T11:37:54.971+0000] {dag.py:3239} INFO - Sync 1 DAGs
[2026-05-05T11:42:34.776+0000] {logging_mixin.py:190} INFO - [2026-05-05T11:42:34.773+0000] {dag.py:4180} INFO - Setting next_dagrun for cluster_potholes_every_12min to 2026-05-05 11:24:00+00:00, run_after=2026-05-05 11:36:00+00:00
[2026-05-05T11:42:35.418+0000] {processor.py:208} INFO - Processing /opt/airflow/dags/cluster_potholes_12min_dag.py took 285.655 seconds
[2026-05-05T11:49:32.432+0000] {processor.py:186} INFO - Started process (PID=127) to work on /opt/airflow/dags/cluster_potholes_12min_dag.py
[2026-05-05T11:49:32.434+0000] {processor.py:914} INFO - Processing file /opt/airflow/dags/cluster_potholes_12min_dag.py for tasks to queue
[2026-05-05T11:49:32.436+0000] {logging_mixin.py:190} INFO - [2026-05-05T11:49:32.435+0000] {dagbag.py:588} INFO - Filling up the DagBag from /opt/airflow/dags/cluster_potholes_12min_dag.py
[2026-05-05T11:49:32.662+0000] {processor.py:925} INFO - DAG(s) 'cluster_potholes_every_12min' retrieved from /opt/airflow/dags/cluster_potholes_12min_dag.py
[2026-05-05T11:49:32.707+0000] {logging_mixin.py:190} INFO - [2026-05-05T11:49:32.707+0000] {dag.py:3239} INFO - Sync 1 DAGs
[2026-05-05T11:49:32.735+0000] {logging_mixin.py:190} INFO - [2026-05-05T11:49:32.735+0000] {dag.py:4180} INFO - Setting next_dagrun for cluster_potholes_every_12min to 2026-05-05 11:36:00+00:00, run_after=2026-05-05 11:48:00+00:00
[2026-05-05T11:49:32.759+0000] {processor.py:208} INFO - Processing /opt/airflow/dags/cluster_potholes_12min_dag.py took 0.336 seconds
