[2026-05-11T01:48:10.957+0000] {local_task_job_runner.py:123} INFO - ::group::Pre task execution logs
[2026-05-11T01:48:10.967+0000] {taskinstance.py:2614} INFO - Dependencies all met for dep_context=non-requeueable deps ti=<TaskInstance: cluster_potholes_every_12min.cluster_pothole_events scheduled__2026-05-11T01:36:00+00:00 [queued]>
[2026-05-11T01:48:10.973+0000] {taskinstance.py:2614} INFO - Dependencies all met for dep_context=requeueable deps ti=<TaskInstance: cluster_potholes_every_12min.cluster_pothole_events scheduled__2026-05-11T01:36:00+00:00 [queued]>
[2026-05-11T01:48:10.973+0000] {taskinstance.py:2867} INFO - Starting attempt 1 of 2
[2026-05-11T01:48:10.988+0000] {taskinstance.py:2890} INFO - Executing <Task(PythonOperator): cluster_pothole_events> on 2026-05-11 01:36:00+00:00
[2026-05-11T01:48:10.995+0000] {standard_task_runner.py:72} INFO - Started process 49808 to run task
[2026-05-11T01:48:11.000+0000] {standard_task_runner.py:104} INFO - Running: ['airflow', 'tasks', 'run', 'cluster_potholes_every_12min', 'cluster_pothole_events', 'scheduled__2026-05-11T01:36:00+00:00', '--job-id', '1410', '--raw', '--subdir', 'DAGS_FOLDER/cluster_potholes_12min_dag.py', '--cfg-path', '/tmp/tmpe_x9zdbc']
[2026-05-11T01:48:11.003+0000] {standard_task_runner.py:105} INFO - Job 1410: Subtask cluster_pothole_events
[2026-05-11T01:48:11.041+0000] {task_command.py:467} INFO - Running <TaskInstance: cluster_potholes_every_12min.cluster_pothole_events scheduled__2026-05-11T01:36:00+00:00 [running]> on host 0177f1ae1202
[2026-05-11T01:48:11.112+0000] {taskinstance.py:3134} INFO - Exporting env vars: AIRFLOW_CTX_DAG_OWNER='pothole-pjt' AIRFLOW_CTX_DAG_ID='cluster_potholes_every_12min' AIRFLOW_CTX_TASK_ID='cluster_pothole_events' AIRFLOW_CTX_EXECUTION_DATE='2026-05-11T01:36:00+00:00' AIRFLOW_CTX_TRY_NUMBER='1' AIRFLOW_CTX_DAG_RUN_ID='scheduled__2026-05-11T01:36:00+00:00'
[2026-05-11T01:48:11.113+0000] {taskinstance.py:732} INFO - ::endgroup::
[2026-05-11T01:48:11.172+0000] {logging_mixin.py:190} INFO - Unclustered events count: 2
[2026-05-11T01:48:11.172+0000] {logging_mixin.py:190} INFO - kakao_key_exists=True
[2026-05-11T01:48:11.182+0000] {logging_mixin.py:190} INFO - Existing unrepaired clusters count: 489
[2026-05-11T01:48:11.389+0000] {logging_mixin.py:190} INFO - Created new cluster_id=cluster_20260511014811_c8cc645b from event_id=evt_ydp_01_first_20260511_008084_e8f0a679, road_address=서울 영등포구 도림동 155-5
[2026-05-11T01:48:11.395+0000] {logging_mixin.py:190} INFO - Merged event_id=evt_ydp_01_first_20260511_008607_062c2c19 into cluster_id=cluster_20260506063606_854e936c, distance=12.16m
[2026-05-11T01:48:11.398+0000] {logging_mixin.py:190} INFO - Cluster processing completed.
[2026-05-11T01:48:11.398+0000] {logging_mixin.py:190} INFO - New clusters inserted: 1
[2026-05-11T01:48:11.398+0000] {logging_mixin.py:190} INFO - Events merged into existing clusters: 1
[2026-05-11T01:48:11.399+0000] {python.py:240} INFO - Done. Returned value was: None
[2026-05-11T01:48:11.405+0000] {taskinstance.py:341} INFO - ::group::Post task execution logs
[2026-05-11T01:48:11.405+0000] {taskinstance.py:353} INFO - Marking task as SUCCESS. dag_id=cluster_potholes_every_12min, task_id=cluster_pothole_events, run_id=scheduled__2026-05-11T01:36:00+00:00, execution_date=20260511T013600, start_date=20260511T014810, end_date=20260511T014811
[2026-05-11T01:48:11.453+0000] {local_task_job_runner.py:266} INFO - Task exited with return code 0
[2026-05-11T01:48:11.464+0000] {taskinstance.py:3901} INFO - 0 downstream tasks scheduled from follow-on schedule check
[2026-05-11T01:48:11.465+0000] {local_task_job_runner.py:245} INFO - ::endgroup::
