[2026-05-09T15:45:55.698+0000] {local_task_job_runner.py:123} INFO - ::group::Pre task execution logs
[2026-05-09T15:45:55.707+0000] {taskinstance.py:2614} INFO - Dependencies all met for dep_context=non-requeueable deps ti=<TaskInstance: cluster_potholes_every_12min.cluster_pothole_events manual__2026-05-09T15:45:51.950542+00:00 [queued]>
[2026-05-09T15:45:55.713+0000] {taskinstance.py:2614} INFO - Dependencies all met for dep_context=requeueable deps ti=<TaskInstance: cluster_potholes_every_12min.cluster_pothole_events manual__2026-05-09T15:45:51.950542+00:00 [queued]>
[2026-05-09T15:45:55.713+0000] {taskinstance.py:2867} INFO - Starting attempt 1 of 2
[2026-05-09T15:45:55.728+0000] {taskinstance.py:2890} INFO - Executing <Task(PythonOperator): cluster_pothole_events> on 2026-05-09 15:45:51.950542+00:00
[2026-05-09T15:45:55.736+0000] {standard_task_runner.py:72} INFO - Started process 31291 to run task
[2026-05-09T15:45:55.740+0000] {standard_task_runner.py:104} INFO - Running: ['airflow', 'tasks', 'run', 'cluster_potholes_every_12min', 'cluster_pothole_events', 'manual__2026-05-09T15:45:51.950542+00:00', '--job-id', '514', '--raw', '--subdir', 'DAGS_FOLDER/cluster_potholes_12min_dag.py', '--cfg-path', '/tmp/tmppy9mkcrm']
[2026-05-09T15:45:55.742+0000] {standard_task_runner.py:105} INFO - Job 514: Subtask cluster_pothole_events
[2026-05-09T15:45:55.779+0000] {task_command.py:467} INFO - Running <TaskInstance: cluster_potholes_every_12min.cluster_pothole_events manual__2026-05-09T15:45:51.950542+00:00 [running]> on host 0177f1ae1202
[2026-05-09T15:45:55.844+0000] {taskinstance.py:3134} INFO - Exporting env vars: AIRFLOW_CTX_DAG_OWNER='pothole-pjt' AIRFLOW_CTX_DAG_ID='cluster_potholes_every_12min' AIRFLOW_CTX_TASK_ID='cluster_pothole_events' AIRFLOW_CTX_EXECUTION_DATE='2026-05-09T15:45:51.950542+00:00' AIRFLOW_CTX_TRY_NUMBER='1' AIRFLOW_CTX_DAG_RUN_ID='manual__2026-05-09T15:45:51.950542+00:00'
[2026-05-09T15:45:55.845+0000] {taskinstance.py:732} INFO - ::endgroup::
[2026-05-09T15:45:55.903+0000] {logging_mixin.py:190} INFO - Unclustered events count: 11
[2026-05-09T15:45:55.904+0000] {logging_mixin.py:190} INFO - kakao_key_exists=True
[2026-05-09T15:45:55.909+0000] {logging_mixin.py:190} INFO - Existing unrepaired clusters count: 329
[2026-05-09T15:45:56.072+0000] {logging_mixin.py:190} INFO - Created new cluster_id=cluster_20260509154555_012d4b3f from event_id=evt_ydp_06_last_20260510_004451_e3d3eeb4, road_address=서울 영등포구 신길동 143-49
[2026-05-09T15:45:56.229+0000] {logging_mixin.py:190} INFO - Created new cluster_id=cluster_20260509154556_21b6be34 from event_id=evt_ydp_07_first_20260510_004564_823612e9, road_address=서울 영등포구 신길동 1192
[2026-05-09T15:45:56.380+0000] {logging_mixin.py:190} INFO - Created new cluster_id=cluster_20260509154556_58098614 from event_id=evt_ydp_09_last_20260510_004591_65fd256a, road_address=서울 영등포구 도림동 80-32
[2026-05-09T15:45:56.516+0000] {logging_mixin.py:190} INFO - Created new cluster_id=cluster_20260509154556_7df3e38d from event_id=evt_ydp_04_middle_20260510_004993_d9959e9c, road_address=서울 영등포구 당산동 121-293
[2026-05-09T15:45:56.675+0000] {logging_mixin.py:190} INFO - Created new cluster_id=cluster_20260509154556_ed77547a from event_id=evt_ydp_06_last_20260510_004997_af2fb976, road_address=서울 영등포구 신길동 462-8
[2026-05-09T15:45:56.830+0000] {logging_mixin.py:190} INFO - Created new cluster_id=cluster_20260509154556_f69843ff from event_id=evt_ydp_02_middle_20260510_005091_a7fffef9, road_address=서울 영등포구 양평동1가 268-1
[2026-05-09T15:45:56.983+0000] {logging_mixin.py:190} INFO - Created new cluster_id=cluster_20260509154556_c9e997d6 from event_id=evt_ydp_02_middle_20260510_005292_4624ec7e, road_address=서울특별시 영등포구 양산로 56
[2026-05-09T15:45:57.116+0000] {logging_mixin.py:190} INFO - Created new cluster_id=cluster_20260509154556_535a4598 from event_id=evt_ydp_05_last_20260510_005379_c05ed06b, road_address=서울특별시 영등포구 버드나루로 130
[2026-05-09T15:45:57.271+0000] {logging_mixin.py:190} INFO - Created new cluster_id=cluster_20260509154557_915339d4 from event_id=evt_ydp_02_middle_20260510_005547_f5ad2cbf, road_address=서울특별시 영등포구 양산로 86
[2026-05-09T15:45:57.411+0000] {logging_mixin.py:190} INFO - Created new cluster_id=cluster_20260509154557_17470001 from event_id=evt_ydp_09_last_20260510_005929_930e0b2b, road_address=서울 영등포구 대림동 640-2
[2026-05-09T15:45:57.568+0000] {logging_mixin.py:190} INFO - Created new cluster_id=cluster_20260509154557_3c0eec91 from event_id=evt_ydp_04_middle_20260510_006018_cf041edf, road_address=서울 영등포구 당산동5가 4-25
[2026-05-09T15:45:57.571+0000] {logging_mixin.py:190} INFO - Cluster processing completed.
[2026-05-09T15:45:57.571+0000] {logging_mixin.py:190} INFO - New clusters inserted: 11
[2026-05-09T15:45:57.571+0000] {logging_mixin.py:190} INFO - Events merged into existing clusters: 0
[2026-05-09T15:45:57.572+0000] {python.py:240} INFO - Done. Returned value was: None
[2026-05-09T15:45:57.578+0000] {taskinstance.py:341} INFO - ::group::Post task execution logs
[2026-05-09T15:45:57.579+0000] {taskinstance.py:353} INFO - Marking task as SUCCESS. dag_id=cluster_potholes_every_12min, task_id=cluster_pothole_events, run_id=manual__2026-05-09T15:45:51.950542+00:00, execution_date=20260509T154551, start_date=20260509T154555, end_date=20260509T154557
[2026-05-09T15:45:57.640+0000] {local_task_job_runner.py:266} INFO - Task exited with return code 0
[2026-05-09T15:45:57.651+0000] {taskinstance.py:3901} INFO - 0 downstream tasks scheduled from follow-on schedule check
[2026-05-09T15:45:57.652+0000] {local_task_job_runner.py:245} INFO - ::endgroup::
