[2026-05-06T03:56:04.344+0000] {local_task_job_runner.py:123} INFO - ::group::Pre task execution logs
[2026-05-06T03:56:04.354+0000] {taskinstance.py:2614} INFO - Dependencies all met for dep_context=non-requeueable deps ti=<TaskInstance: pothole_cluster_daily_report_to_s3.create_pothole_cluster_daily_report manual__2026-05-06T03:55:44.739861+00:00 [queued]>
[2026-05-06T03:56:04.359+0000] {taskinstance.py:2614} INFO - Dependencies all met for dep_context=requeueable deps ti=<TaskInstance: pothole_cluster_daily_report_to_s3.create_pothole_cluster_daily_report manual__2026-05-06T03:55:44.739861+00:00 [queued]>
[2026-05-06T03:56:04.360+0000] {taskinstance.py:2867} INFO - Starting attempt 1 of 2
[2026-05-06T03:56:04.373+0000] {taskinstance.py:2890} INFO - Executing <Task(PythonOperator): create_pothole_cluster_daily_report> on 2026-05-06 03:55:44.739861+00:00
[2026-05-06T03:56:04.380+0000] {standard_task_runner.py:72} INFO - Started process 226 to run task
[2026-05-06T03:56:04.385+0000] {standard_task_runner.py:104} INFO - Running: ['airflow', 'tasks', 'run', 'pothole_cluster_daily_report_to_s3', 'create_pothole_cluster_daily_report', 'manual__2026-05-06T03:55:44.739861+00:00', '--job-id', '9', '--raw', '--subdir', 'DAGS_FOLDER/p_class_daily_report_to_s3_dag.py', '--cfg-path', '/tmp/tmp5q7sh23w']
[2026-05-06T03:56:04.387+0000] {standard_task_runner.py:105} INFO - Job 9: Subtask create_pothole_cluster_daily_report
[2026-05-06T03:56:04.426+0000] {task_command.py:467} INFO - Running <TaskInstance: pothole_cluster_daily_report_to_s3.create_pothole_cluster_daily_report manual__2026-05-06T03:55:44.739861+00:00 [running]> on host 774ff55e248b
[2026-05-06T03:56:04.659+0000] {taskinstance.py:3134} INFO - Exporting env vars: AIRFLOW_CTX_DAG_OWNER='pothole-pjt' AIRFLOW_CTX_DAG_ID='pothole_cluster_daily_report_to_s3' AIRFLOW_CTX_TASK_ID='create_pothole_cluster_daily_report' AIRFLOW_CTX_EXECUTION_DATE='2026-05-06T03:55:44.739861+00:00' AIRFLOW_CTX_TRY_NUMBER='1' AIRFLOW_CTX_DAG_RUN_ID='manual__2026-05-06T03:55:44.739861+00:00'
[2026-05-06T03:56:04.660+0000] {taskinstance.py:732} INFO - ::endgroup::
[2026-05-06T03:56:04.785+0000] {credentials.py:1075} INFO - Found credentials from IAM Role: exi-airflow-ec2-role
[2026-05-06T03:56:05.020+0000] {logging_mixin.py:190} INFO - Uploaded report to s3://road-defect-seong/reports/2026-05-06/pothole_cluster_daily_report.json
[2026-05-06T03:56:05.020+0000] {logging_mixin.py:190} INFO - {
  "today_new_cluster_count": 9,
  "yesterday_new_cluster_count": 0,
  "diff_from_yesterday": 9,
  "change_rate_percent": null,
  "total_cluster_count": 9,
  "total_unrepaired_cluster_count": 9,
  "total_repaired_cluster_count": 0
}
[2026-05-06T03:56:05.023+0000] {python.py:240} INFO - Done. Returned value was: None
[2026-05-06T03:56:05.029+0000] {taskinstance.py:341} INFO - ::group::Post task execution logs
[2026-05-06T03:56:05.030+0000] {taskinstance.py:353} INFO - Marking task as SUCCESS. dag_id=pothole_cluster_daily_report_to_s3, task_id=create_pothole_cluster_daily_report, run_id=manual__2026-05-06T03:55:44.739861+00:00, execution_date=20260506T035544, start_date=20260506T035604, end_date=20260506T035605
[2026-05-06T03:56:05.083+0000] {local_task_job_runner.py:266} INFO - Task exited with return code 0
[2026-05-06T03:56:05.098+0000] {taskinstance.py:3901} INFO - 0 downstream tasks scheduled from follow-on schedule check
[2026-05-06T03:56:05.099+0000] {local_task_job_runner.py:245} INFO - ::endgroup::
