[2026-05-09T14:50:24.044+0000] {local_task_job_runner.py:123} INFO - ::group::Pre task execution logs
[2026-05-09T14:50:24.053+0000] {taskinstance.py:2614} INFO - Dependencies all met for dep_context=non-requeueable deps ti=<TaskInstance: cluster_potholes_every_12min.cluster_pothole_events manual__2026-05-09T14:50:12.050376+00:00 [queued]>
[2026-05-09T14:50:24.059+0000] {taskinstance.py:2614} INFO - Dependencies all met for dep_context=requeueable deps ti=<TaskInstance: cluster_potholes_every_12min.cluster_pothole_events manual__2026-05-09T14:50:12.050376+00:00 [queued]>
[2026-05-09T14:50:24.059+0000] {taskinstance.py:2867} INFO - Starting attempt 1 of 2
[2026-05-09T14:50:24.073+0000] {taskinstance.py:2890} INFO - Executing <Task(PythonOperator): cluster_pothole_events> on 2026-05-09 14:50:12.050376+00:00
[2026-05-09T14:50:24.080+0000] {standard_task_runner.py:72} INFO - Started process 30698 to run task
[2026-05-09T14:50:24.084+0000] {standard_task_runner.py:104} INFO - Running: ['airflow', 'tasks', 'run', 'cluster_potholes_every_12min', 'cluster_pothole_events', 'manual__2026-05-09T14:50:12.050376+00:00', '--job-id', '475', '--raw', '--subdir', 'DAGS_FOLDER/cluster_potholes_12min_dag.py', '--cfg-path', '/tmp/tmpa8dnezg9']
[2026-05-09T14:50:24.087+0000] {standard_task_runner.py:105} INFO - Job 475: Subtask cluster_pothole_events
[2026-05-09T14:50:24.123+0000] {task_command.py:467} INFO - Running <TaskInstance: cluster_potholes_every_12min.cluster_pothole_events manual__2026-05-09T14:50:12.050376+00:00 [running]> on host 0177f1ae1202
[2026-05-09T14:50:24.191+0000] {taskinstance.py:3134} INFO - Exporting env vars: AIRFLOW_CTX_DAG_OWNER='pothole-pjt' AIRFLOW_CTX_DAG_ID='cluster_potholes_every_12min' AIRFLOW_CTX_TASK_ID='cluster_pothole_events' AIRFLOW_CTX_EXECUTION_DATE='2026-05-09T14:50:12.050376+00:00' AIRFLOW_CTX_TRY_NUMBER='1' AIRFLOW_CTX_DAG_RUN_ID='manual__2026-05-09T14:50:12.050376+00:00'
[2026-05-09T14:50:24.192+0000] {taskinstance.py:732} INFO - ::endgroup::
[2026-05-09T14:50:24.251+0000] {logging_mixin.py:190} INFO - Unclustered events count: 3
[2026-05-09T14:50:24.251+0000] {logging_mixin.py:190} INFO - kakao_key_exists=True
[2026-05-09T14:50:24.257+0000] {logging_mixin.py:190} INFO - Existing unrepaired clusters count: 260
[2026-05-09T14:50:24.590+0000] {logging_mixin.py:190} INFO - Created new cluster_id=cluster_20260509145024_a2890216 from event_id=evt_ydp_02_first_20260509_001521_7396c468, road_address=서울 영등포구 양평동3가 82-1
[2026-05-09T14:50:24.595+0000] {logging_mixin.py:190} INFO - Merged event_id=evt_ydp_05_middle_20260509_000024_ec26798a into cluster_id=cluster_20260506152404_4ae0f7ed, distance=4.84m
[2026-05-09T14:50:24.750+0000] {logging_mixin.py:190} INFO - Created new cluster_id=cluster_20260509145024_b9da279d from event_id=evt_ydp_07_middle_20260509_000027_0229fcd4, road_address=서울 영등포구 신길동 1179
[2026-05-09T14:50:24.753+0000] {logging_mixin.py:190} INFO - Cluster processing completed.
[2026-05-09T14:50:24.753+0000] {logging_mixin.py:190} INFO - New clusters inserted: 2
[2026-05-09T14:50:24.753+0000] {logging_mixin.py:190} INFO - Events merged into existing clusters: 1
[2026-05-09T14:50:24.754+0000] {python.py:240} INFO - Done. Returned value was: None
[2026-05-09T14:50:24.758+0000] {taskinstance.py:341} INFO - ::group::Post task execution logs
[2026-05-09T14:50:24.759+0000] {taskinstance.py:353} INFO - Marking task as SUCCESS. dag_id=cluster_potholes_every_12min, task_id=cluster_pothole_events, run_id=manual__2026-05-09T14:50:12.050376+00:00, execution_date=20260509T145012, start_date=20260509T145024, end_date=20260509T145024
[2026-05-09T14:50:24.818+0000] {local_task_job_runner.py:266} INFO - Task exited with return code 0
[2026-05-09T14:50:24.829+0000] {taskinstance.py:3901} INFO - 0 downstream tasks scheduled from follow-on schedule check
[2026-05-09T14:50:24.830+0000] {local_task_job_runner.py:245} INFO - ::endgroup::
