[2026-05-07T14:50:05.796+0000] {local_task_job_runner.py:123} INFO - ::group::Pre task execution logs
[2026-05-07T14:50:05.805+0000] {taskinstance.py:2614} INFO - Dependencies all met for dep_context=non-requeueable deps ti=<TaskInstance: dag_daily_report.model_performance_monitoring scheduled__2026-05-06T14:50:00+00:00 [queued]>
[2026-05-07T14:50:05.810+0000] {taskinstance.py:2614} INFO - Dependencies all met for dep_context=requeueable deps ti=<TaskInstance: dag_daily_report.model_performance_monitoring scheduled__2026-05-06T14:50:00+00:00 [queued]>
[2026-05-07T14:50:05.811+0000] {taskinstance.py:2867} INFO - Starting attempt 1 of 2
[2026-05-07T14:50:05.826+0000] {taskinstance.py:2890} INFO - Executing <Task(PythonOperator): model_performance_monitoring> on 2026-05-06 14:50:00+00:00
[2026-05-07T14:50:05.835+0000] {standard_task_runner.py:72} INFO - Started process 12784 to run task
[2026-05-07T14:50:05.839+0000] {standard_task_runner.py:104} INFO - Running: ['airflow', 'tasks', 'run', 'dag_daily_report', 'model_performance_monitoring', 'scheduled__2026-05-06T14:50:00+00:00', '--job-id', '222', '--raw', '--subdir', 'DAGS_FOLDER/dag_daily_report.py', '--cfg-path', '/tmp/tmphr7qhbap']
[2026-05-07T14:50:05.842+0000] {standard_task_runner.py:105} INFO - Job 222: Subtask model_performance_monitoring
[2026-05-07T14:50:05.880+0000] {task_command.py:467} INFO - Running <TaskInstance: dag_daily_report.model_performance_monitoring scheduled__2026-05-06T14:50:00+00:00 [running]> on host 0177f1ae1202
[2026-05-07T14:50:05.944+0000] {taskinstance.py:3134} INFO - Exporting env vars: AIRFLOW_CTX_DAG_OWNER='pothole-pipeline' AIRFLOW_CTX_DAG_ID='dag_daily_report' AIRFLOW_CTX_TASK_ID='model_performance_monitoring' AIRFLOW_CTX_EXECUTION_DATE='2026-05-06T14:50:00+00:00' AIRFLOW_CTX_TRY_NUMBER='1' AIRFLOW_CTX_DAG_RUN_ID='scheduled__2026-05-06T14:50:00+00:00'
[2026-05-07T14:50:05.945+0000] {taskinstance.py:732} INFO - ::endgroup::
[2026-05-07T14:50:05.962+0000] {dag_daily_report.py:190} INFO - [Task 1] 시작: 2026-05-07
[2026-05-07T14:50:05.984+0000] {credentials.py:1075} INFO - Found credentials from IAM Role: exi-airflow-ec2-role
[2026-05-07T14:50:06.102+0000] {dag_daily_report.py:126} INFO - S3 조회: s3://road-defect-seong/raw/raw_logs/year=2026/month=05/day=07/
[2026-05-07T14:50:07.060+0000] {dag_daily_report.py:155} INFO - 로드 완료: 148,706건 (parse_error 제거: 0건)
[2026-05-07T14:50:07.137+0000] {logging_mixin.py:190} WARNING - /opt/airflow/dags/dag_daily_report.py:228 UserWarning: Glyph 52395 (\N{HANGUL SYLLABLE CEOS}) missing from font(s) DejaVu Sans.
[2026-05-07T14:50:07.139+0000] {logging_mixin.py:190} WARNING - /opt/airflow/dags/dag_daily_report.py:228 UserWarning: Glyph 52264 (\N{HANGUL SYLLABLE CA}) missing from font(s) DejaVu Sans.
[2026-05-07T14:50:07.140+0000] {logging_mixin.py:190} WARNING - /opt/airflow/dags/dag_daily_report.py:228 UserWarning: Glyph 47561 (\N{HANGUL SYLLABLE MAG}) missing from font(s) DejaVu Sans.
[2026-05-07T14:50:07.143+0000] {logging_mixin.py:190} WARNING - /opt/airflow/dags/dag_daily_report.py:228 UserWarning: Glyph 50868 (\N{HANGUL SYLLABLE UN}) missing from font(s) DejaVu Sans.
[2026-05-07T14:50:07.144+0000] {logging_mixin.py:190} WARNING - /opt/airflow/dags/dag_daily_report.py:228 UserWarning: Glyph 54665 (\N{HANGUL SYLLABLE HAENG}) missing from font(s) DejaVu Sans.
[2026-05-07T14:50:07.145+0000] {logging_mixin.py:190} WARNING - /opt/airflow/dags/dag_daily_report.py:228 UserWarning: Glyph 54924 (\N{HANGUL SYLLABLE HOE}) missing from font(s) DejaVu Sans.
[2026-05-07T14:50:07.160+0000] {logging_mixin.py:190} WARNING - /opt/airflow/dags/dag_daily_report.py:228 UserWarning: Glyph 54217 (\N{HANGUL SYLLABLE PYEONG}) missing from font(s) DejaVu Sans.
[2026-05-07T14:50:07.161+0000] {logging_mixin.py:190} WARNING - /opt/airflow/dags/dag_daily_report.py:228 UserWarning: Glyph 44512 (\N{HANGUL SYLLABLE GYUN}) missing from font(s) DejaVu Sans.
[2026-05-07T14:50:07.169+0000] {logging_mixin.py:190} WARNING - /opt/airflow/dags/dag_daily_report.py:228 UserWarning: Glyph 48324 (\N{HANGUL SYLLABLE BYEOL}) missing from font(s) DejaVu Sans.
[2026-05-07T14:50:07.171+0000] {logging_mixin.py:190} WARNING - /opt/airflow/dags/dag_daily_report.py:228 UserWarning: Glyph 52628 (\N{HANGUL SYLLABLE CU}) missing from font(s) DejaVu Sans.
[2026-05-07T14:50:07.172+0000] {logging_mixin.py:190} WARNING - /opt/airflow/dags/dag_daily_report.py:228 UserWarning: Glyph 47200 (\N{HANGUL SYLLABLE RON}) missing from font(s) DejaVu Sans.
[2026-05-07T14:50:07.173+0000] {logging_mixin.py:190} WARNING - /opt/airflow/dags/dag_daily_report.py:228 UserWarning: Glyph 49884 (\N{HANGUL SYLLABLE SI}) missing from font(s) DejaVu Sans.
[2026-05-07T14:50:07.174+0000] {logging_mixin.py:190} WARNING - /opt/airflow/dags/dag_daily_report.py:228 UserWarning: Glyph 44036 (\N{HANGUL SYLLABLE GAN}) missing from font(s) DejaVu Sans.
[2026-05-07T14:50:07.197+0000] {logging_mixin.py:190} WARNING - /opt/airflow/dags/dag_daily_report.py:162 UserWarning: Glyph 54217 (\N{HANGUL SYLLABLE PYEONG}) missing from font(s) DejaVu Sans.
[2026-05-07T14:50:07.198+0000] {logging_mixin.py:190} WARNING - /opt/airflow/dags/dag_daily_report.py:162 UserWarning: Glyph 44512 (\N{HANGUL SYLLABLE GYUN}) missing from font(s) DejaVu Sans.
[2026-05-07T14:50:07.200+0000] {logging_mixin.py:190} WARNING - /opt/airflow/dags/dag_daily_report.py:162 UserWarning: Glyph 50868 (\N{HANGUL SYLLABLE UN}) missing from font(s) DejaVu Sans.
[2026-05-07T14:50:07.201+0000] {logging_mixin.py:190} WARNING - /opt/airflow/dags/dag_daily_report.py:162 UserWarning: Glyph 54665 (\N{HANGUL SYLLABLE HAENG}) missing from font(s) DejaVu Sans.
[2026-05-07T14:50:07.202+0000] {logging_mixin.py:190} WARNING - /opt/airflow/dags/dag_daily_report.py:162 UserWarning: Glyph 54924 (\N{HANGUL SYLLABLE HOE}) missing from font(s) DejaVu Sans.
[2026-05-07T14:50:07.203+0000] {logging_mixin.py:190} WARNING - /opt/airflow/dags/dag_daily_report.py:162 UserWarning: Glyph 52264 (\N{HANGUL SYLLABLE CA}) missing from font(s) DejaVu Sans.
[2026-05-07T14:50:07.203+0000] {logging_mixin.py:190} WARNING - /opt/airflow/dags/dag_daily_report.py:162 UserWarning: Glyph 48324 (\N{HANGUL SYLLABLE BYEOL}) missing from font(s) DejaVu Sans.
[2026-05-07T14:50:07.205+0000] {logging_mixin.py:190} WARNING - /opt/airflow/dags/dag_daily_report.py:162 UserWarning: Glyph 52628 (\N{HANGUL SYLLABLE CU}) missing from font(s) DejaVu Sans.
[2026-05-07T14:50:07.205+0000] {logging_mixin.py:190} WARNING - /opt/airflow/dags/dag_daily_report.py:162 UserWarning: Glyph 47200 (\N{HANGUL SYLLABLE RON}) missing from font(s) DejaVu Sans.
[2026-05-07T14:50:07.206+0000] {logging_mixin.py:190} WARNING - /opt/airflow/dags/dag_daily_report.py:162 UserWarning: Glyph 49884 (\N{HANGUL SYLLABLE SI}) missing from font(s) DejaVu Sans.
[2026-05-07T14:50:07.209+0000] {logging_mixin.py:190} WARNING - /opt/airflow/dags/dag_daily_report.py:162 UserWarning: Glyph 44036 (\N{HANGUL SYLLABLE GAN}) missing from font(s) DejaVu Sans.
[2026-05-07T14:50:07.211+0000] {logging_mixin.py:190} WARNING - /opt/airflow/dags/dag_daily_report.py:162 UserWarning: Glyph 52395 (\N{HANGUL SYLLABLE CEOS}) missing from font(s) DejaVu Sans.
[2026-05-07T14:50:07.213+0000] {logging_mixin.py:190} WARNING - /opt/airflow/dags/dag_daily_report.py:162 UserWarning: Glyph 47561 (\N{HANGUL SYLLABLE MAG}) missing from font(s) DejaVu Sans.
[2026-05-07T14:50:07.473+0000] {dag_daily_report.py:167} INFO - PNG 업로드: s3://road-defect-seong/reports/2026-05-07/task1_inference_time_by_run.png
[2026-05-07T14:50:07.506+0000] {logging_mixin.py:190} WARNING - /opt/airflow/dags/dag_daily_report.py:254 UserWarning: Glyph 53364 (\N{HANGUL SYLLABLE KEUL}) missing from font(s) DejaVu Sans.
[2026-05-07T14:50:07.507+0000] {logging_mixin.py:190} WARNING - /opt/airflow/dags/dag_daily_report.py:254 UserWarning: Glyph 47000 (\N{HANGUL SYLLABLE RAE}) missing from font(s) DejaVu Sans.
[2026-05-07T14:50:07.508+0000] {logging_mixin.py:190} WARNING - /opt/airflow/dags/dag_daily_report.py:254 UserWarning: Glyph 49828 (\N{HANGUL SYLLABLE SEU}) missing from font(s) DejaVu Sans.
[2026-05-07T14:50:07.509+0000] {logging_mixin.py:190} WARNING - /opt/airflow/dags/dag_daily_report.py:254 UserWarning: Glyph 48516 (\N{HANGUL SYLLABLE BUN}) missing from font(s) DejaVu Sans.
[2026-05-07T14:50:07.510+0000] {logging_mixin.py:190} WARNING - /opt/airflow/dags/dag_daily_report.py:254 UserWarning: Glyph 54252 (\N{HANGUL SYLLABLE PO}) missing from font(s) DejaVu Sans.
[2026-05-07T14:50:07.512+0000] {logging_mixin.py:190} WARNING - /opt/airflow/dags/dag_daily_report.py:254 UserWarning: Glyph 52509 (\N{HANGUL SYLLABLE CONG}) missing from font(s) DejaVu Sans.
[2026-05-07T14:50:07.513+0000] {logging_mixin.py:190} WARNING - /opt/airflow/dags/dag_daily_report.py:254 UserWarning: Glyph 44148 (\N{HANGUL SYLLABLE GEON}) missing from font(s) DejaVu Sans.
[2026-05-07T14:50:07.521+0000] {logging_mixin.py:190} WARNING - /opt/airflow/dags/dag_daily_report.py:254 UserWarning: Glyph 51221 (\N{HANGUL SYLLABLE JEONG}) missing from font(s) DejaVu Sans.
[2026-05-07T14:50:07.522+0000] {logging_mixin.py:190} WARNING - /opt/airflow/dags/dag_daily_report.py:254 UserWarning: Glyph 49345 (\N{HANGUL SYLLABLE SANG}) missing from font(s) DejaVu Sans.
[2026-05-07T14:50:07.527+0000] {logging_mixin.py:190} WARNING - /opt/airflow/dags/dag_daily_report.py:254 UserWarning: Glyph 48520 (\N{HANGUL SYLLABLE BUL}) missing from font(s) DejaVu Sans.
[2026-05-07T14:50:07.528+0000] {logging_mixin.py:190} WARNING - /opt/airflow/dags/dag_daily_report.py:254 UserWarning: Glyph 54869 (\N{HANGUL SYLLABLE HWAG}) missing from font(s) DejaVu Sans.
[2026-05-07T14:50:07.529+0000] {logging_mixin.py:190} WARNING - /opt/airflow/dags/dag_daily_report.py:254 UserWarning: Glyph 49892 (\N{HANGUL SYLLABLE SIL}) missing from font(s) DejaVu Sans.
[2026-05-07T14:50:07.532+0000] {logging_mixin.py:190} WARNING - /opt/airflow/dags/dag_daily_report.py:254 UserWarning: Glyph 53944 (\N{HANGUL SYLLABLE TEU}) missing from font(s) DejaVu Sans.
[2026-05-07T14:50:07.533+0000] {logging_mixin.py:190} WARNING - /opt/airflow/dags/dag_daily_report.py:254 UserWarning: Glyph 54848 (\N{HANGUL SYLLABLE HOL}) missing from font(s) DejaVu Sans.
[2026-05-07T14:50:07.548+0000] {logging_mixin.py:190} WARNING - /opt/airflow/dags/dag_daily_report.py:162 UserWarning: Glyph 53364 (\N{HANGUL SYLLABLE KEUL}) missing from font(s) DejaVu Sans.
[2026-05-07T14:50:07.549+0000] {logging_mixin.py:190} WARNING - /opt/airflow/dags/dag_daily_report.py:162 UserWarning: Glyph 47000 (\N{HANGUL SYLLABLE RAE}) missing from font(s) DejaVu Sans.
[2026-05-07T14:50:07.550+0000] {logging_mixin.py:190} WARNING - /opt/airflow/dags/dag_daily_report.py:162 UserWarning: Glyph 49828 (\N{HANGUL SYLLABLE SEU}) missing from font(s) DejaVu Sans.
[2026-05-07T14:50:07.551+0000] {logging_mixin.py:190} WARNING - /opt/airflow/dags/dag_daily_report.py:162 UserWarning: Glyph 48516 (\N{HANGUL SYLLABLE BUN}) missing from font(s) DejaVu Sans.
[2026-05-07T14:50:07.552+0000] {logging_mixin.py:190} WARNING - /opt/airflow/dags/dag_daily_report.py:162 UserWarning: Glyph 54252 (\N{HANGUL SYLLABLE PO}) missing from font(s) DejaVu Sans.
[2026-05-07T14:50:07.554+0000] {logging_mixin.py:190} WARNING - /opt/airflow/dags/dag_daily_report.py:162 UserWarning: Glyph 52509 (\N{HANGUL SYLLABLE CONG}) missing from font(s) DejaVu Sans.
[2026-05-07T14:50:07.555+0000] {logging_mixin.py:190} WARNING - /opt/airflow/dags/dag_daily_report.py:162 UserWarning: Glyph 44148 (\N{HANGUL SYLLABLE GEON}) missing from font(s) DejaVu Sans.
[2026-05-07T14:50:07.558+0000] {logging_mixin.py:190} WARNING - /opt/airflow/dags/dag_daily_report.py:162 UserWarning: Glyph 51221 (\N{HANGUL SYLLABLE JEONG}) missing from font(s) DejaVu Sans.
[2026-05-07T14:50:07.559+0000] {logging_mixin.py:190} WARNING - /opt/airflow/dags/dag_daily_report.py:162 UserWarning: Glyph 49345 (\N{HANGUL SYLLABLE SANG}) missing from font(s) DejaVu Sans.
[2026-05-07T14:50:07.562+0000] {logging_mixin.py:190} WARNING - /opt/airflow/dags/dag_daily_report.py:162 UserWarning: Glyph 48520 (\N{HANGUL SYLLABLE BUL}) missing from font(s) DejaVu Sans.
[2026-05-07T14:50:07.563+0000] {logging_mixin.py:190} WARNING - /opt/airflow/dags/dag_daily_report.py:162 UserWarning: Glyph 54869 (\N{HANGUL SYLLABLE HWAG}) missing from font(s) DejaVu Sans.
[2026-05-07T14:50:07.564+0000] {logging_mixin.py:190} WARNING - /opt/airflow/dags/dag_daily_report.py:162 UserWarning: Glyph 49892 (\N{HANGUL SYLLABLE SIL}) missing from font(s) DejaVu Sans.
[2026-05-07T14:50:07.566+0000] {logging_mixin.py:190} WARNING - /opt/airflow/dags/dag_daily_report.py:162 UserWarning: Glyph 53944 (\N{HANGUL SYLLABLE TEU}) missing from font(s) DejaVu Sans.
[2026-05-07T14:50:07.567+0000] {logging_mixin.py:190} WARNING - /opt/airflow/dags/dag_daily_report.py:162 UserWarning: Glyph 54848 (\N{HANGUL SYLLABLE HOL}) missing from font(s) DejaVu Sans.
[2026-05-07T14:50:07.766+0000] {dag_daily_report.py:167} INFO - PNG 업로드: s3://road-defect-seong/reports/2026-05-07/task1_cp_class_distribution.png
[2026-05-07T14:50:07.768+0000] {dag_daily_report.py:257} INFO - [Task 1] 완료. 148,706건
[2026-05-07T14:50:07.776+0000] {python.py:240} INFO - Done. Returned value was: {'total': 148706, 'date': '2026-05-07'}
[2026-05-07T14:50:07.792+0000] {taskinstance.py:341} INFO - ::group::Post task execution logs
[2026-05-07T14:50:07.792+0000] {taskinstance.py:353} INFO - Marking task as SUCCESS. dag_id=dag_daily_report, task_id=model_performance_monitoring, run_id=scheduled__2026-05-06T14:50:00+00:00, execution_date=20260506T145000, start_date=20260507T145005, end_date=20260507T145007
[2026-05-07T14:50:07.859+0000] {local_task_job_runner.py:266} INFO - Task exited with return code 0
[2026-05-07T14:50:07.882+0000] {taskinstance.py:3901} INFO - 1 downstream tasks scheduled from follow-on schedule check
[2026-05-07T14:50:07.888+0000] {local_task_job_runner.py:245} INFO - ::endgroup::
