[2026-05-08T01:36:04.978+0000] {local_task_job_runner.py:123} INFO - ::group::Pre task execution logs
[2026-05-08T01:36:04.987+0000] {taskinstance.py:2614} INFO - Dependencies all met for dep_context=non-requeueable deps ti=<TaskInstance: cluster_potholes_every_12min.cluster_pothole_events scheduled__2026-05-08T01:24:00+00:00 [queued]>
[2026-05-08T01:36:04.993+0000] {taskinstance.py:2614} INFO - Dependencies all met for dep_context=requeueable deps ti=<TaskInstance: cluster_potholes_every_12min.cluster_pothole_events scheduled__2026-05-08T01:24:00+00:00 [queued]>
[2026-05-08T01:36:04.993+0000] {taskinstance.py:2867} INFO - Starting attempt 1 of 2
[2026-05-08T01:36:05.007+0000] {taskinstance.py:2890} INFO - Executing <Task(PythonOperator): cluster_pothole_events> on 2026-05-08 01:24:00+00:00
[2026-05-08T01:36:05.015+0000] {standard_task_runner.py:72} INFO - Started process 16815 to run task
[2026-05-08T01:36:05.020+0000] {standard_task_runner.py:104} INFO - Running: ['airflow', 'tasks', 'run', 'cluster_potholes_every_12min', 'cluster_pothole_events', 'scheduled__2026-05-08T01:24:00+00:00', '--job-id', '280', '--raw', '--subdir', 'DAGS_FOLDER/cluster_potholes_12min_dag.py', '--cfg-path', '/tmp/tmp3ijbs6a4']
[2026-05-08T01:36:05.023+0000] {standard_task_runner.py:105} INFO - Job 280: Subtask cluster_pothole_events
[2026-05-08T01:36:05.061+0000] {task_command.py:467} INFO - Running <TaskInstance: cluster_potholes_every_12min.cluster_pothole_events scheduled__2026-05-08T01:24:00+00:00 [running]> on host 0177f1ae1202
[2026-05-08T01:36:05.129+0000] {taskinstance.py:3134} INFO - Exporting env vars: AIRFLOW_CTX_DAG_OWNER='pothole-pjt' AIRFLOW_CTX_DAG_ID='cluster_potholes_every_12min' AIRFLOW_CTX_TASK_ID='cluster_pothole_events' AIRFLOW_CTX_EXECUTION_DATE='2026-05-08T01:24:00+00:00' AIRFLOW_CTX_TRY_NUMBER='1' AIRFLOW_CTX_DAG_RUN_ID='scheduled__2026-05-08T01:24:00+00:00'
[2026-05-08T01:36:05.130+0000] {taskinstance.py:732} INFO - ::endgroup::
[2026-05-08T01:36:05.188+0000] {logging_mixin.py:190} INFO - Unclustered events count: 6
[2026-05-08T01:36:05.188+0000] {logging_mixin.py:190} INFO - kakao_key_exists=True
[2026-05-08T01:36:05.193+0000] {logging_mixin.py:190} INFO - Existing unrepaired clusters count: 247
[2026-05-08T01:36:05.368+0000] {logging_mixin.py:190} INFO - Created new cluster_id=cluster_20260508013605_15527eb6 from event_id=evt_ydp_12_first_20260508_000022_28d4fc55, road_address=서울 구로구 구로동 1-4
[2026-05-08T01:36:05.373+0000] {logging_mixin.py:190} INFO - Merged event_id=evt_ydp_07_first_20260508_000446_e834ab33 into cluster_id=cluster_20260506055653_fdb6c393, distance=2.38m
[2026-05-08T01:36:05.378+0000] {logging_mixin.py:190} INFO - Merged event_id=evt_ydp_05_first_20260508_000597_dfcd5f97 into cluster_id=cluster_20260506152405_ee9ae719, distance=3.04m
[2026-05-08T01:36:05.514+0000] {logging_mixin.py:190} INFO - Created new cluster_id=cluster_20260508013605_e140a6f0 from event_id=evt_ydp_08_first_20260508_000682_46139ef2, road_address=서울특별시 영등포구 도신로29길 28
[2026-05-08T01:36:05.658+0000] {logging_mixin.py:190} INFO - Created new cluster_id=cluster_20260508013605_ef564691 from event_id=evt_ydp_04_first_20260508_000681_1fa99371, road_address=서울 영등포구 당산동5가 11-41
[2026-05-08T01:36:05.816+0000] {logging_mixin.py:190} INFO - Created new cluster_id=cluster_20260508013605_f5783c8a from event_id=evt_ydp_12_first_20260508_000692_d702bb16, road_address=서울 영등포구 대림동 604-118
[2026-05-08T01:36:05.819+0000] {logging_mixin.py:190} INFO - Cluster processing completed.
[2026-05-08T01:36:05.819+0000] {logging_mixin.py:190} INFO - New clusters inserted: 4
[2026-05-08T01:36:05.819+0000] {logging_mixin.py:190} INFO - Events merged into existing clusters: 2
[2026-05-08T01:36:05.820+0000] {python.py:240} INFO - Done. Returned value was: None
[2026-05-08T01:36:05.825+0000] {taskinstance.py:341} INFO - ::group::Post task execution logs
[2026-05-08T01:36:05.825+0000] {taskinstance.py:353} INFO - Marking task as SUCCESS. dag_id=cluster_potholes_every_12min, task_id=cluster_pothole_events, run_id=scheduled__2026-05-08T01:24:00+00:00, execution_date=20260508T012400, start_date=20260508T013604, end_date=20260508T013605
[2026-05-08T01:36:05.875+0000] {local_task_job_runner.py:266} INFO - Task exited with return code 0
[2026-05-08T01:36:05.886+0000] {taskinstance.py:3901} INFO - 0 downstream tasks scheduled from follow-on schedule check
[2026-05-08T01:36:05.887+0000] {local_task_job_runner.py:245} INFO - ::endgroup::
