[2026-05-11T00:49:53.772+0000] {local_task_job_runner.py:123} INFO - ::group::Pre task execution logs
[2026-05-11T00:49:53.785+0000] {taskinstance.py:2614} INFO - Dependencies all met for dep_context=non-requeueable deps ti=<TaskInstance: dag_daily_report.speed_uncertainty_analysis manual__2026-05-11T00:49:42.347525+00:00 [queued]>
[2026-05-11T00:49:53.793+0000] {taskinstance.py:2614} INFO - Dependencies all met for dep_context=requeueable deps ti=<TaskInstance: dag_daily_report.speed_uncertainty_analysis manual__2026-05-11T00:49:42.347525+00:00 [queued]>
[2026-05-11T00:49:53.793+0000] {taskinstance.py:2867} INFO - Starting attempt 1 of 2
[2026-05-11T00:49:53.809+0000] {taskinstance.py:2890} INFO - Executing <Task(PythonOperator): speed_uncertainty_analysis> on 2026-05-11 00:49:42.347525+00:00
[2026-05-11T00:49:53.818+0000] {standard_task_runner.py:72} INFO - Started process 49244 to run task
[2026-05-11T00:49:53.822+0000] {standard_task_runner.py:104} INFO - Running: ['airflow', 'tasks', 'run', 'dag_daily_report', 'speed_uncertainty_analysis', 'manual__2026-05-11T00:49:42.347525+00:00', '--job-id', '1381', '--raw', '--subdir', 'DAGS_FOLDER/dag_daily_report.py', '--cfg-path', '/tmp/tmp_v7goo7z']
[2026-05-11T00:49:53.825+0000] {standard_task_runner.py:105} INFO - Job 1381: Subtask speed_uncertainty_analysis
[2026-05-11T00:49:53.859+0000] {task_command.py:467} INFO - Running <TaskInstance: dag_daily_report.speed_uncertainty_analysis manual__2026-05-11T00:49:42.347525+00:00 [running]> on host 0177f1ae1202
[2026-05-11T00:49:53.921+0000] {taskinstance.py:3134} INFO - Exporting env vars: AIRFLOW_CTX_DAG_OWNER='pothole-pipeline' AIRFLOW_CTX_DAG_ID='dag_daily_report' AIRFLOW_CTX_TASK_ID='speed_uncertainty_analysis' AIRFLOW_CTX_EXECUTION_DATE='2026-05-11T00:49:42.347525+00:00' AIRFLOW_CTX_TRY_NUMBER='1' AIRFLOW_CTX_DAG_RUN_ID='manual__2026-05-11T00:49:42.347525+00:00'
[2026-05-11T00:49:53.922+0000] {taskinstance.py:732} INFO - ::endgroup::
[2026-05-11T00:49:53.936+0000] {dag_daily_report.py:127} INFO - [Task 2] 시작: 2026-05-11
[2026-05-11T00:49:53.960+0000] {credentials.py:1075} INFO - Found credentials from IAM Role: exi-airflow-ec2-role
[2026-05-11T00:49:54.267+0000] {dag_daily_report.py:62} INFO - S3 조회: s3://road-defect-seong/raw/raw_logs/year=2026/month=05/day=11/
[2026-05-11T00:49:54.440+0000] {dag_daily_report.py:91} INFO - 로드 완료: 1건 (parse_error 제거: 0건)
[2026-05-11T00:49:54.454+0000] {dag_daily_report.py:146} INFO - [Task 2] 완료
[2026-05-11T00:49:54.454+0000] {python.py:240} INFO - Done. Returned value was: {'date': '2026-05-11'}
[2026-05-11T00:49:54.468+0000] {taskinstance.py:341} INFO - ::group::Post task execution logs
[2026-05-11T00:49:54.469+0000] {taskinstance.py:353} INFO - Marking task as SUCCESS. dag_id=dag_daily_report, task_id=speed_uncertainty_analysis, run_id=manual__2026-05-11T00:49:42.347525+00:00, execution_date=20260511T004942, start_date=20260511T004953, end_date=20260511T004954
[2026-05-11T00:49:54.516+0000] {local_task_job_runner.py:266} INFO - Task exited with return code 0
[2026-05-11T00:49:54.536+0000] {taskinstance.py:3901} INFO - 1 downstream tasks scheduled from follow-on schedule check
[2026-05-11T00:49:54.542+0000] {local_task_job_runner.py:245} INFO - ::endgroup::
