[2026-05-09T16:00:11.116+0000] {local_task_job_runner.py:123} INFO - ::group::Pre task execution logs
[2026-05-09T16:00:11.126+0000] {taskinstance.py:2614} INFO - Dependencies all met for dep_context=non-requeueable deps ti=<TaskInstance: cluster_potholes_every_12min.cluster_pothole_events scheduled__2026-05-09T15:48:00+00:00 [queued]>
[2026-05-09T16:00:11.131+0000] {taskinstance.py:2614} INFO - Dependencies all met for dep_context=requeueable deps ti=<TaskInstance: cluster_potholes_every_12min.cluster_pothole_events scheduled__2026-05-09T15:48:00+00:00 [queued]>
[2026-05-09T16:00:11.132+0000] {taskinstance.py:2867} INFO - Starting attempt 1 of 2
[2026-05-09T16:00:11.146+0000] {taskinstance.py:2890} INFO - Executing <Task(PythonOperator): cluster_pothole_events> on 2026-05-09 15:48:00+00:00
[2026-05-09T16:00:11.153+0000] {standard_task_runner.py:72} INFO - Started process 31475 to run task
[2026-05-09T16:00:11.157+0000] {standard_task_runner.py:104} INFO - Running: ['airflow', 'tasks', 'run', 'cluster_potholes_every_12min', 'cluster_pothole_events', 'scheduled__2026-05-09T15:48:00+00:00', '--job-id', '527', '--raw', '--subdir', 'DAGS_FOLDER/cluster_potholes_12min_dag.py', '--cfg-path', '/tmp/tmpr5hmglmw']
[2026-05-09T16:00:11.159+0000] {standard_task_runner.py:105} INFO - Job 527: Subtask cluster_pothole_events
[2026-05-09T16:00:11.195+0000] {task_command.py:467} INFO - Running <TaskInstance: cluster_potholes_every_12min.cluster_pothole_events scheduled__2026-05-09T15:48:00+00:00 [running]> on host 0177f1ae1202
[2026-05-09T16:00:11.263+0000] {taskinstance.py:3134} INFO - Exporting env vars: AIRFLOW_CTX_DAG_OWNER='pothole-pjt' AIRFLOW_CTX_DAG_ID='cluster_potholes_every_12min' AIRFLOW_CTX_TASK_ID='cluster_pothole_events' AIRFLOW_CTX_EXECUTION_DATE='2026-05-09T15:48:00+00:00' AIRFLOW_CTX_TRY_NUMBER='1' AIRFLOW_CTX_DAG_RUN_ID='scheduled__2026-05-09T15:48:00+00:00'
[2026-05-09T16:00:11.264+0000] {taskinstance.py:732} INFO - ::endgroup::
[2026-05-09T16:00:11.327+0000] {logging_mixin.py:190} INFO - Unclustered events count: 8
[2026-05-09T16:00:11.327+0000] {logging_mixin.py:190} INFO - kakao_key_exists=True
[2026-05-09T16:00:11.335+0000] {logging_mixin.py:190} INFO - Existing unrepaired clusters count: 341
[2026-05-09T16:00:11.341+0000] {logging_mixin.py:190} INFO - Merged event_id=evt_ydp_02_middle_20260510_006528_f5766fea into cluster_id=cluster_20260506055654_edb46054, distance=4.28m
[2026-05-09T16:00:11.488+0000] {logging_mixin.py:190} INFO - Created new cluster_id=cluster_20260509160011_23925a31 from event_id=evt_ydp_03_last_20260510_006574_9510f58b, road_address=서울특별시 영등포구 당산로 214
[2026-05-09T16:00:11.658+0000] {logging_mixin.py:190} INFO - Created new cluster_id=cluster_20260509160011_9586ece0 from event_id=evt_ydp_04_middle_20260510_006712_c60982dc, road_address=서울 영등포구 당산동5가 14-4
[2026-05-09T16:00:11.833+0000] {logging_mixin.py:190} INFO - Created new cluster_id=cluster_20260509160011_d5a6215e from event_id=evt_ydp_02_middle_20260510_006755_cb3dfe69, road_address=서울 영등포구 당산동5가 8-4
[2026-05-09T16:00:11.838+0000] {logging_mixin.py:190} INFO - Merged event_id=evt_ydp_04_middle_20260510_006816_d0c72a88 into cluster_id=cluster_20260509160011_d5a6215e, distance=6.59m
[2026-05-09T16:00:11.974+0000] {logging_mixin.py:190} INFO - Created new cluster_id=cluster_20260509160011_fd75f182 from event_id=evt_ydp_05_last_20260510_006836_11cbdcf0, road_address=서울특별시 영등포구 당산로 187
[2026-05-09T16:00:12.122+0000] {logging_mixin.py:190} INFO - Created new cluster_id=cluster_20260509160011_23d48926 from event_id=evt_ydp_02_middle_20260510_007039_f9cc1062, road_address=서울 영등포구 당산동5가 7-60
[2026-05-09T16:00:12.276+0000] {logging_mixin.py:190} INFO - Created new cluster_id=cluster_20260509160012_3907e171 from event_id=evt_ydp_02_middle_20260510_008569_ab4c0028, road_address=서울 영등포구 양평동6가 76-1
[2026-05-09T16:00:12.279+0000] {logging_mixin.py:190} INFO - Cluster processing completed.
[2026-05-09T16:00:12.279+0000] {logging_mixin.py:190} INFO - New clusters inserted: 6
[2026-05-09T16:00:12.279+0000] {logging_mixin.py:190} INFO - Events merged into existing clusters: 2
[2026-05-09T16:00:12.280+0000] {python.py:240} INFO - Done. Returned value was: None
[2026-05-09T16:00:12.286+0000] {taskinstance.py:341} INFO - ::group::Post task execution logs
[2026-05-09T16:00:12.287+0000] {taskinstance.py:353} INFO - Marking task as SUCCESS. dag_id=cluster_potholes_every_12min, task_id=cluster_pothole_events, run_id=scheduled__2026-05-09T15:48:00+00:00, execution_date=20260509T154800, start_date=20260509T160011, end_date=20260509T160012
[2026-05-09T16:00:12.333+0000] {local_task_job_runner.py:266} INFO - Task exited with return code 0
[2026-05-09T16:00:12.344+0000] {taskinstance.py:3901} INFO - 0 downstream tasks scheduled from follow-on schedule check
[2026-05-09T16:00:12.345+0000] {local_task_job_runner.py:245} INFO - ::endgroup::
