[2026-05-06T04:00:04.741+0000] {local_task_job_runner.py:123} INFO - ::group::Pre task execution logs
[2026-05-06T04:00:04.750+0000] {taskinstance.py:2614} INFO - Dependencies all met for dep_context=non-requeueable deps ti=<TaskInstance: cluster_potholes_every_12min.cluster_pothole_events scheduled__2026-05-06T03:48:00+00:00 [queued]>
[2026-05-06T04:00:04.756+0000] {taskinstance.py:2614} INFO - Dependencies all met for dep_context=requeueable deps ti=<TaskInstance: cluster_potholes_every_12min.cluster_pothole_events scheduled__2026-05-06T03:48:00+00:00 [queued]>
[2026-05-06T04:00:04.756+0000] {taskinstance.py:2867} INFO - Starting attempt 1 of 2
[2026-05-06T04:00:04.772+0000] {taskinstance.py:2890} INFO - Executing <Task(PythonOperator): cluster_pothole_events> on 2026-05-06 03:48:00+00:00
[2026-05-06T04:00:04.790+0000] {standard_task_runner.py:72} INFO - Started process 273 to run task
[2026-05-06T04:00:04.797+0000] {standard_task_runner.py:104} INFO - Running: ['airflow', 'tasks', 'run', 'cluster_potholes_every_12min', 'cluster_pothole_events', 'scheduled__2026-05-06T03:48:00+00:00', '--job-id', '11', '--raw', '--subdir', 'DAGS_FOLDER/cluster_potholes_12min_dag.py', '--cfg-path', '/tmp/tmped2ugbvk']
[2026-05-06T04:00:04.800+0000] {standard_task_runner.py:105} INFO - Job 11: Subtask cluster_pothole_events
[2026-05-06T04:00:04.850+0000] {task_command.py:467} INFO - Running <TaskInstance: cluster_potholes_every_12min.cluster_pothole_events scheduled__2026-05-06T03:48:00+00:00 [running]> on host 774ff55e248b
[2026-05-06T04:00:04.916+0000] {taskinstance.py:3134} INFO - Exporting env vars: AIRFLOW_CTX_DAG_OWNER='pothole-pjt' AIRFLOW_CTX_DAG_ID='cluster_potholes_every_12min' AIRFLOW_CTX_TASK_ID='cluster_pothole_events' AIRFLOW_CTX_EXECUTION_DATE='2026-05-06T03:48:00+00:00' AIRFLOW_CTX_TRY_NUMBER='1' AIRFLOW_CTX_DAG_RUN_ID='scheduled__2026-05-06T03:48:00+00:00'
[2026-05-06T04:00:04.917+0000] {taskinstance.py:732} INFO - ::endgroup::
[2026-05-06T04:00:04.992+0000] {logging_mixin.py:190} INFO - Unclustered events count: 10
[2026-05-06T04:00:04.996+0000] {logging_mixin.py:190} INFO - Existing unrepaired clusters count: 9
[2026-05-06T04:00:05.008+0000] {logging_mixin.py:190} INFO - Created new cluster_id=cluster_20260506040004_78457e37 from event_id=evt_ydp_07_first_20260506_000414_13e13937
[2026-05-06T04:00:05.019+0000] {logging_mixin.py:190} INFO - Created new cluster_id=cluster_20260506040005_a0d2572a from event_id=evt_ydp_03_first_20260506_000466_036685fa
[2026-05-06T04:00:05.024+0000] {logging_mixin.py:190} INFO - Created new cluster_id=cluster_20260506040005_6a830f5e from event_id=evt_ydp_02_first_20260506_000583_cb0955de
[2026-05-06T04:00:05.029+0000] {logging_mixin.py:190} INFO - Created new cluster_id=cluster_20260506040005_bbdfc0de from event_id=evt_ydp_01_first_20260506_000602_05ff934f
[2026-05-06T04:00:05.034+0000] {logging_mixin.py:190} INFO - Created new cluster_id=cluster_20260506040005_7c49bd28 from event_id=evt_ydp_03_first_20260506_000661_2668f6fc
[2026-05-06T04:00:05.049+0000] {logging_mixin.py:190} INFO - Created new cluster_id=cluster_20260506040005_b2c0296a from event_id=evt_ydp_05_first_20260506_000723_b1126d9f
[2026-05-06T04:00:05.054+0000] {logging_mixin.py:190} INFO - Created new cluster_id=cluster_20260506040005_66e37817 from event_id=evt_ydp_08_first_20260506_000759_ebd17ee2
[2026-05-06T04:00:05.060+0000] {logging_mixin.py:190} INFO - Created new cluster_id=cluster_20260506040005_89a604ac from event_id=evt_ydp_04_first_20260506_000816_abe7d1ec
[2026-05-06T04:00:05.064+0000] {logging_mixin.py:190} INFO - Created new cluster_id=cluster_20260506040005_6efe0f78 from event_id=evt_ydp_06_first_20260506_000964_ddc1a759
[2026-05-06T04:00:05.069+0000] {logging_mixin.py:190} INFO - Created new cluster_id=cluster_20260506040005_75eaed35 from event_id=evt_ydp_13_first_20260506_001009_80f403de
[2026-05-06T04:00:05.072+0000] {logging_mixin.py:190} INFO - Cluster processing completed.
[2026-05-06T04:00:05.073+0000] {logging_mixin.py:190} INFO - New clusters inserted: 10
[2026-05-06T04:00:05.073+0000] {logging_mixin.py:190} INFO - Events merged into existing clusters: 0
[2026-05-06T04:00:05.073+0000] {python.py:240} INFO - Done. Returned value was: None
[2026-05-06T04:00:05.078+0000] {taskinstance.py:341} INFO - ::group::Post task execution logs
[2026-05-06T04:00:05.079+0000] {taskinstance.py:353} INFO - Marking task as SUCCESS. dag_id=cluster_potholes_every_12min, task_id=cluster_pothole_events, run_id=scheduled__2026-05-06T03:48:00+00:00, execution_date=20260506T034800, start_date=20260506T040004, end_date=20260506T040005
[2026-05-06T04:00:05.131+0000] {local_task_job_runner.py:266} INFO - Task exited with return code 0
[2026-05-06T04:00:05.144+0000] {taskinstance.py:3901} INFO - 0 downstream tasks scheduled from follow-on schedule check
[2026-05-06T04:00:05.144+0000] {local_task_job_runner.py:245} INFO - ::endgroup::
