[2026-05-11T00:48:24.659+0000] {local_task_job_runner.py:123} INFO - ::group::Pre task execution logs
[2026-05-11T00:48:24.672+0000] {taskinstance.py:2614} INFO - Dependencies all met for dep_context=non-requeueable deps ti=<TaskInstance: dag_daily_report.hnm_candidates_extraction scheduled__2026-05-11T00:36:00+00:00 [queued]>
[2026-05-11T00:48:24.679+0000] {taskinstance.py:2614} INFO - Dependencies all met for dep_context=requeueable deps ti=<TaskInstance: dag_daily_report.hnm_candidates_extraction scheduled__2026-05-11T00:36:00+00:00 [queued]>
[2026-05-11T00:48:24.680+0000] {taskinstance.py:2867} INFO - Starting attempt 1 of 2
[2026-05-11T00:48:24.696+0000] {taskinstance.py:2890} INFO - Executing <Task(PythonOperator): hnm_candidates_extraction> on 2026-05-11 00:36:00+00:00
[2026-05-11T00:48:24.705+0000] {standard_task_runner.py:72} INFO - Started process 49198 to run task
[2026-05-11T00:48:24.709+0000] {standard_task_runner.py:104} INFO - Running: ['airflow', 'tasks', 'run', 'dag_daily_report', 'hnm_candidates_extraction', 'scheduled__2026-05-11T00:36:00+00:00', '--job-id', '1376', '--raw', '--subdir', 'DAGS_FOLDER/dag_daily_report.py', '--cfg-path', '/tmp/tmppn9nvhhj']
[2026-05-11T00:48:24.711+0000] {standard_task_runner.py:105} INFO - Job 1376: Subtask hnm_candidates_extraction
[2026-05-11T00:48:24.756+0000] {task_command.py:467} INFO - Running <TaskInstance: dag_daily_report.hnm_candidates_extraction scheduled__2026-05-11T00:36:00+00:00 [running]> on host 0177f1ae1202
[2026-05-11T00:48:24.823+0000] {taskinstance.py:3134} INFO - Exporting env vars: AIRFLOW_CTX_DAG_OWNER='pothole-pipeline' AIRFLOW_CTX_DAG_ID='dag_daily_report' AIRFLOW_CTX_TASK_ID='hnm_candidates_extraction' AIRFLOW_CTX_EXECUTION_DATE='2026-05-11T00:36:00+00:00' AIRFLOW_CTX_TRY_NUMBER='1' AIRFLOW_CTX_DAG_RUN_ID='scheduled__2026-05-11T00:36:00+00:00'
[2026-05-11T00:48:24.824+0000] {taskinstance.py:732} INFO - ::endgroup::
[2026-05-11T00:48:24.840+0000] {dag_daily_report.py:155} INFO - [Task 3] 시작: 2026-05-11
[2026-05-11T00:48:24.863+0000] {credentials.py:1075} INFO - Found credentials from IAM Role: exi-airflow-ec2-role
[2026-05-11T00:48:25.173+0000] {dag_daily_report.py:62} INFO - S3 조회: s3://road-defect-seong/raw/raw_logs/year=2026/month=05/day=11/
[2026-05-11T00:48:25.338+0000] {dag_daily_report.py:91} INFO - 로드 완료: 1건 (parse_error 제거: 0건)
[2026-05-11T00:48:25.462+0000] {dag_daily_report.py:103} INFO - CSV 업로드: s3://road-defect-seong/reports/2026-05-11/task3_hnm_candidates.csv
[2026-05-11T00:48:25.464+0000] {dag_daily_report.py:174} INFO - [Task 3] 완료. 총 0건
[2026-05-11T00:48:25.465+0000] {python.py:240} INFO - Done. Returned value was: {'date': '2026-05-11', 'un': 0, 'up': 0, 'total': 0}
[2026-05-11T00:48:25.481+0000] {taskinstance.py:341} INFO - ::group::Post task execution logs
[2026-05-11T00:48:25.482+0000] {taskinstance.py:353} INFO - Marking task as SUCCESS. dag_id=dag_daily_report, task_id=hnm_candidates_extraction, run_id=scheduled__2026-05-11T00:36:00+00:00, execution_date=20260511T003600, start_date=20260511T004824, end_date=20260511T004825
[2026-05-11T00:48:25.524+0000] {local_task_job_runner.py:266} INFO - Task exited with return code 0
[2026-05-11T00:48:25.545+0000] {taskinstance.py:3901} INFO - 1 downstream tasks scheduled from follow-on schedule check
[2026-05-11T00:48:25.549+0000] {local_task_job_runner.py:245} INFO - ::endgroup::
