[2026-05-11T01:12:24.917+0000] {local_task_job_runner.py:123} INFO - ::group::Pre task execution logs
[2026-05-11T01:12:24.930+0000] {taskinstance.py:2614} INFO - Dependencies all met for dep_context=non-requeueable deps ti=<TaskInstance: dag_daily_report.hnm_candidates_extraction scheduled__2026-05-11T01:00:00+00:00 [queued]>
[2026-05-11T01:12:24.938+0000] {taskinstance.py:2614} INFO - Dependencies all met for dep_context=requeueable deps ti=<TaskInstance: dag_daily_report.hnm_candidates_extraction scheduled__2026-05-11T01:00:00+00:00 [queued]>
[2026-05-11T01:12:24.938+0000] {taskinstance.py:2867} INFO - Starting attempt 1 of 2
[2026-05-11T01:12:24.954+0000] {taskinstance.py:2890} INFO - Executing <Task(PythonOperator): hnm_candidates_extraction> on 2026-05-11 01:00:00+00:00
[2026-05-11T01:12:24.963+0000] {standard_task_runner.py:72} INFO - Started process 49478 to run task
[2026-05-11T01:12:24.968+0000] {standard_task_runner.py:104} INFO - Running: ['airflow', 'tasks', 'run', 'dag_daily_report', 'hnm_candidates_extraction', 'scheduled__2026-05-11T01:00:00+00:00', '--job-id', '1394', '--raw', '--subdir', 'DAGS_FOLDER/dag_daily_report.py', '--cfg-path', '/tmp/tmpa2db9__3']
[2026-05-11T01:12:24.970+0000] {standard_task_runner.py:105} INFO - Job 1394: Subtask hnm_candidates_extraction
[2026-05-11T01:12:25.012+0000] {task_command.py:467} INFO - Running <TaskInstance: dag_daily_report.hnm_candidates_extraction scheduled__2026-05-11T01:00:00+00:00 [running]> on host 0177f1ae1202
[2026-05-11T01:12:25.079+0000] {taskinstance.py:3134} INFO - Exporting env vars: AIRFLOW_CTX_DAG_OWNER='pothole-pipeline' AIRFLOW_CTX_DAG_ID='dag_daily_report' AIRFLOW_CTX_TASK_ID='hnm_candidates_extraction' AIRFLOW_CTX_EXECUTION_DATE='2026-05-11T01:00:00+00:00' AIRFLOW_CTX_TRY_NUMBER='1' AIRFLOW_CTX_DAG_RUN_ID='scheduled__2026-05-11T01:00:00+00:00'
[2026-05-11T01:12:25.080+0000] {taskinstance.py:732} INFO - ::endgroup::
[2026-05-11T01:12:25.096+0000] {dag_daily_report.py:155} INFO - [Task 3] 시작: 2026-05-11
[2026-05-11T01:12:25.118+0000] {credentials.py:1075} INFO - Found credentials from IAM Role: exi-airflow-ec2-role
[2026-05-11T01:12:25.414+0000] {dag_daily_report.py:62} INFO - S3 조회: s3://road-defect-seong/raw/raw_logs/year=2026/month=05/day=11/
[2026-05-11T01:12:25.583+0000] {dag_daily_report.py:91} INFO - 로드 완료: 1건 (parse_error 제거: 0건)
[2026-05-11T01:12:25.709+0000] {dag_daily_report.py:103} INFO - CSV 업로드: s3://road-defect-seong/reports/2026-05-11/task3_hnm_candidates.csv
[2026-05-11T01:12:25.711+0000] {dag_daily_report.py:174} INFO - [Task 3] 완료. 총 0건
[2026-05-11T01:12:25.711+0000] {python.py:240} INFO - Done. Returned value was: {'date': '2026-05-11', 'un': 0, 'up': 0, 'total': 0}
[2026-05-11T01:12:25.729+0000] {taskinstance.py:341} INFO - ::group::Post task execution logs
[2026-05-11T01:12:25.729+0000] {taskinstance.py:353} INFO - Marking task as SUCCESS. dag_id=dag_daily_report, task_id=hnm_candidates_extraction, run_id=scheduled__2026-05-11T01:00:00+00:00, execution_date=20260511T010000, start_date=20260511T011224, end_date=20260511T011225
[2026-05-11T01:12:25.782+0000] {local_task_job_runner.py:266} INFO - Task exited with return code 0
[2026-05-11T01:12:25.802+0000] {taskinstance.py:3901} INFO - 1 downstream tasks scheduled from follow-on schedule check
[2026-05-11T01:12:25.807+0000] {local_task_job_runner.py:245} INFO - ::endgroup::
