[2026-05-09T14:50:18.731+0000] {local_task_job_runner.py:123} INFO - ::group::Pre task execution logs
[2026-05-09T14:50:18.744+0000] {taskinstance.py:2614} INFO - Dependencies all met for dep_context=non-requeueable deps ti=<TaskInstance: dag_daily_report.hnm_candidates_extraction scheduled__2026-05-08T14:50:00+00:00 [queued]>
[2026-05-09T14:50:18.750+0000] {taskinstance.py:2614} INFO - Dependencies all met for dep_context=requeueable deps ti=<TaskInstance: dag_daily_report.hnm_candidates_extraction scheduled__2026-05-08T14:50:00+00:00 [queued]>
[2026-05-09T14:50:18.750+0000] {taskinstance.py:2867} INFO - Starting attempt 1 of 2
[2026-05-09T14:50:18.765+0000] {taskinstance.py:2890} INFO - Executing <Task(PythonOperator): hnm_candidates_extraction> on 2026-05-08 14:50:00+00:00
[2026-05-09T14:50:18.775+0000] {standard_task_runner.py:72} INFO - Started process 30689 to run task
[2026-05-09T14:50:18.779+0000] {standard_task_runner.py:104} INFO - Running: ['airflow', 'tasks', 'run', 'dag_daily_report', 'hnm_candidates_extraction', 'scheduled__2026-05-08T14:50:00+00:00', '--job-id', '474', '--raw', '--subdir', 'DAGS_FOLDER/dag_daily_report.py', '--cfg-path', '/tmp/tmpkg46bm5p']
[2026-05-09T14:50:18.782+0000] {standard_task_runner.py:105} INFO - Job 474: Subtask hnm_candidates_extraction
[2026-05-09T14:50:18.829+0000] {task_command.py:467} INFO - Running <TaskInstance: dag_daily_report.hnm_candidates_extraction scheduled__2026-05-08T14:50:00+00:00 [running]> on host 0177f1ae1202
[2026-05-09T14:50:18.901+0000] {taskinstance.py:3134} INFO - Exporting env vars: AIRFLOW_CTX_DAG_OWNER='pothole-pipeline' AIRFLOW_CTX_DAG_ID='dag_daily_report' AIRFLOW_CTX_TASK_ID='hnm_candidates_extraction' AIRFLOW_CTX_EXECUTION_DATE='2026-05-08T14:50:00+00:00' AIRFLOW_CTX_TRY_NUMBER='1' AIRFLOW_CTX_DAG_RUN_ID='scheduled__2026-05-08T14:50:00+00:00'
[2026-05-09T14:50:18.902+0000] {taskinstance.py:732} INFO - ::endgroup::
[2026-05-09T14:50:18.919+0000] {dag_daily_report.py:334} INFO - [Task 3] 시작: 2026-05-09
[2026-05-09T14:50:18.941+0000] {credentials.py:1075} INFO - Found credentials from IAM Role: exi-airflow-ec2-role
[2026-05-09T14:50:19.059+0000] {dag_daily_report.py:126} INFO - S3 조회: s3://road-defect-seong/raw/raw_logs/year=2026/month=05/day=09/
[2026-05-09T14:50:19.247+0000] {dag_daily_report.py:155} INFO - 로드 완료: 1건 (parse_error 제거: 0건)
[2026-05-09T14:50:19.375+0000] {dag_daily_report.py:178} INFO - CSV 업로드: s3://road-defect-seong/reports/2026-05-09/task3_hnm_candidates.csv
[2026-05-09T14:50:19.447+0000] {logging_mixin.py:190} WARNING - /opt/airflow/dags/dag_daily_report.py:391 UserWarning: Glyph 44256 (\N{HANGUL SYLLABLE GO}) missing from font(s) DejaVu Sans.
[2026-05-09T14:50:19.448+0000] {logging_mixin.py:190} WARNING - /opt/airflow/dags/dag_daily_report.py:391 UserWarning: Glyph 49888 (\N{HANGUL SYLLABLE SIN}) missing from font(s) DejaVu Sans.
[2026-05-09T14:50:19.449+0000] {logging_mixin.py:190} WARNING - /opt/airflow/dags/dag_daily_report.py:391 UserWarning: Glyph 47280 (\N{HANGUL SYLLABLE ROE}) missing from font(s) DejaVu Sans.
[2026-05-09T14:50:19.450+0000] {logging_mixin.py:190} WARNING - /opt/airflow/dags/dag_daily_report.py:391 UserWarning: Glyph 46020 (\N{HANGUL SYLLABLE DO}) missing from font(s) DejaVu Sans.
[2026-05-09T14:50:19.451+0000] {logging_mixin.py:190} WARNING - /opt/airflow/dags/dag_daily_report.py:391 UserWarning: Glyph 54980 (\N{HANGUL SYLLABLE HU}) missing from font(s) DejaVu Sans.
[2026-05-09T14:50:19.452+0000] {logging_mixin.py:190} WARNING - /opt/airflow/dags/dag_daily_report.py:391 UserWarning: Glyph 48372 (\N{HANGUL SYLLABLE BO}) missing from font(s) DejaVu Sans.
[2026-05-09T14:50:19.453+0000] {logging_mixin.py:190} WARNING - /opt/airflow/dags/dag_daily_report.py:391 UserWarning: Glyph 49345 (\N{HANGUL SYLLABLE SANG}) missing from font(s) DejaVu Sans.
[2026-05-09T14:50:19.454+0000] {logging_mixin.py:190} WARNING - /opt/airflow/dags/dag_daily_report.py:391 UserWarning: Glyph 50948 (\N{HANGUL SYLLABLE WI}) missing from font(s) DejaVu Sans.
[2026-05-09T14:50:19.455+0000] {logging_mixin.py:190} WARNING - /opt/airflow/dags/dag_daily_report.py:391 UserWarning: Glyph 44148 (\N{HANGUL SYLLABLE GEON}) missing from font(s) DejaVu Sans.
[2026-05-09T14:50:19.458+0000] {logging_mixin.py:190} WARNING - /opt/airflow/dags/dag_daily_report.py:391 UserWarning: Glyph 54644 (\N{HANGUL SYLLABLE HAE}) missing from font(s) DejaVu Sans.
[2026-05-09T14:50:19.459+0000] {logging_mixin.py:190} WARNING - /opt/airflow/dags/dag_daily_report.py:391 UserWarning: Glyph 45817 (\N{HANGUL SYLLABLE DANG}) missing from font(s) DejaVu Sans.
[2026-05-09T14:50:19.460+0000] {logging_mixin.py:190} WARNING - /opt/airflow/dags/dag_daily_report.py:391 UserWarning: Glyph 50630 (\N{HANGUL SYLLABLE EOBS}) missing from font(s) DejaVu Sans.
[2026-05-09T14:50:19.461+0000] {logging_mixin.py:190} WARNING - /opt/airflow/dags/dag_daily_report.py:391 UserWarning: Glyph 51020 (\N{HANGUL SYLLABLE EUM}) missing from font(s) DejaVu Sans.
[2026-05-09T14:50:19.495+0000] {logging_mixin.py:190} WARNING - /opt/airflow/dags/dag_daily_report.py:391 UserWarning: Glyph 51200 (\N{HANGUL SYLLABLE JEO}) missing from font(s) DejaVu Sans.
[2026-05-09T14:50:19.496+0000] {logging_mixin.py:190} WARNING - /opt/airflow/dags/dag_daily_report.py:391 UserWarning: Glyph 54616 (\N{HANGUL SYLLABLE HA}) missing from font(s) DejaVu Sans.
[2026-05-09T14:50:19.503+0000] {logging_mixin.py:190} WARNING - /opt/airflow/dags/dag_daily_report.py:391 UserWarning: Glyph 52628 (\N{HANGUL SYLLABLE CU}) missing from font(s) DejaVu Sans.
[2026-05-09T14:50:19.503+0000] {logging_mixin.py:190} WARNING - /opt/airflow/dags/dag_daily_report.py:391 UserWarning: Glyph 52636 (\N{HANGUL SYLLABLE CUL}) missing from font(s) DejaVu Sans.
[2026-05-09T14:50:19.504+0000] {logging_mixin.py:190} WARNING - /opt/airflow/dags/dag_daily_report.py:391 UserWarning: Glyph 44208 (\N{HANGUL SYLLABLE GYEOL}) missing from font(s) DejaVu Sans.
[2026-05-09T14:50:19.505+0000] {logging_mixin.py:190} WARNING - /opt/airflow/dags/dag_daily_report.py:391 UserWarning: Glyph 44284 (\N{HANGUL SYLLABLE GWA}) missing from font(s) DejaVu Sans.
[2026-05-09T14:50:19.529+0000] {logging_mixin.py:190} WARNING - /opt/airflow/dags/dag_daily_report.py:162 UserWarning: Glyph 44256 (\N{HANGUL SYLLABLE GO}) missing from font(s) DejaVu Sans.
[2026-05-09T14:50:19.530+0000] {logging_mixin.py:190} WARNING - /opt/airflow/dags/dag_daily_report.py:162 UserWarning: Glyph 49888 (\N{HANGUL SYLLABLE SIN}) missing from font(s) DejaVu Sans.
[2026-05-09T14:50:19.531+0000] {logging_mixin.py:190} WARNING - /opt/airflow/dags/dag_daily_report.py:162 UserWarning: Glyph 47280 (\N{HANGUL SYLLABLE ROE}) missing from font(s) DejaVu Sans.
[2026-05-09T14:50:19.532+0000] {logging_mixin.py:190} WARNING - /opt/airflow/dags/dag_daily_report.py:162 UserWarning: Glyph 46020 (\N{HANGUL SYLLABLE DO}) missing from font(s) DejaVu Sans.
[2026-05-09T14:50:19.533+0000] {logging_mixin.py:190} WARNING - /opt/airflow/dags/dag_daily_report.py:162 UserWarning: Glyph 54980 (\N{HANGUL SYLLABLE HU}) missing from font(s) DejaVu Sans.
[2026-05-09T14:50:19.534+0000] {logging_mixin.py:190} WARNING - /opt/airflow/dags/dag_daily_report.py:162 UserWarning: Glyph 48372 (\N{HANGUL SYLLABLE BO}) missing from font(s) DejaVu Sans.
[2026-05-09T14:50:19.535+0000] {logging_mixin.py:190} WARNING - /opt/airflow/dags/dag_daily_report.py:162 UserWarning: Glyph 49345 (\N{HANGUL SYLLABLE SANG}) missing from font(s) DejaVu Sans.
[2026-05-09T14:50:19.536+0000] {logging_mixin.py:190} WARNING - /opt/airflow/dags/dag_daily_report.py:162 UserWarning: Glyph 50948 (\N{HANGUL SYLLABLE WI}) missing from font(s) DejaVu Sans.
[2026-05-09T14:50:19.537+0000] {logging_mixin.py:190} WARNING - /opt/airflow/dags/dag_daily_report.py:162 UserWarning: Glyph 44148 (\N{HANGUL SYLLABLE GEON}) missing from font(s) DejaVu Sans.
[2026-05-09T14:50:19.555+0000] {logging_mixin.py:190} WARNING - /opt/airflow/dags/dag_daily_report.py:162 UserWarning: Glyph 54644 (\N{HANGUL SYLLABLE HAE}) missing from font(s) DejaVu Sans.
[2026-05-09T14:50:19.556+0000] {logging_mixin.py:190} WARNING - /opt/airflow/dags/dag_daily_report.py:162 UserWarning: Glyph 45817 (\N{HANGUL SYLLABLE DANG}) missing from font(s) DejaVu Sans.
[2026-05-09T14:50:19.557+0000] {logging_mixin.py:190} WARNING - /opt/airflow/dags/dag_daily_report.py:162 UserWarning: Glyph 50630 (\N{HANGUL SYLLABLE EOBS}) missing from font(s) DejaVu Sans.
[2026-05-09T14:50:19.558+0000] {logging_mixin.py:190} WARNING - /opt/airflow/dags/dag_daily_report.py:162 UserWarning: Glyph 51020 (\N{HANGUL SYLLABLE EUM}) missing from font(s) DejaVu Sans.
[2026-05-09T14:50:19.565+0000] {logging_mixin.py:190} WARNING - /opt/airflow/dags/dag_daily_report.py:162 UserWarning: Glyph 51200 (\N{HANGUL SYLLABLE JEO}) missing from font(s) DejaVu Sans.
[2026-05-09T14:50:19.566+0000] {logging_mixin.py:190} WARNING - /opt/airflow/dags/dag_daily_report.py:162 UserWarning: Glyph 54616 (\N{HANGUL SYLLABLE HA}) missing from font(s) DejaVu Sans.
[2026-05-09T14:50:19.585+0000] {logging_mixin.py:190} WARNING - /opt/airflow/dags/dag_daily_report.py:162 UserWarning: Glyph 52628 (\N{HANGUL SYLLABLE CU}) missing from font(s) DejaVu Sans.
[2026-05-09T14:50:19.586+0000] {logging_mixin.py:190} WARNING - /opt/airflow/dags/dag_daily_report.py:162 UserWarning: Glyph 52636 (\N{HANGUL SYLLABLE CUL}) missing from font(s) DejaVu Sans.
[2026-05-09T14:50:19.588+0000] {logging_mixin.py:190} WARNING - /opt/airflow/dags/dag_daily_report.py:162 UserWarning: Glyph 44208 (\N{HANGUL SYLLABLE GYEOL}) missing from font(s) DejaVu Sans.
[2026-05-09T14:50:19.589+0000] {logging_mixin.py:190} WARNING - /opt/airflow/dags/dag_daily_report.py:162 UserWarning: Glyph 44284 (\N{HANGUL SYLLABLE GWA}) missing from font(s) DejaVu Sans.
[2026-05-09T14:50:19.882+0000] {dag_daily_report.py:167} INFO - PNG 업로드: s3://road-defect-seong/reports/2026-05-09/task3_hnm_candidates.png
[2026-05-09T14:50:19.884+0000] {dag_daily_report.py:394} INFO - [Task 3] 완료. 총 0건
[2026-05-09T14:50:19.885+0000] {python.py:240} INFO - Done. Returned value was: {'date': '2026-05-09', 'un': 0, 'up': 0, 'total': 0}
[2026-05-09T14:50:19.900+0000] {taskinstance.py:341} INFO - ::group::Post task execution logs
[2026-05-09T14:50:19.900+0000] {taskinstance.py:353} INFO - Marking task as SUCCESS. dag_id=dag_daily_report, task_id=hnm_candidates_extraction, run_id=scheduled__2026-05-08T14:50:00+00:00, execution_date=20260508T145000, start_date=20260509T145018, end_date=20260509T145019
[2026-05-09T14:50:19.954+0000] {local_task_job_runner.py:266} INFO - Task exited with return code 0
[2026-05-09T14:50:19.975+0000] {taskinstance.py:3901} INFO - 1 downstream tasks scheduled from follow-on schedule check
[2026-05-09T14:50:19.980+0000] {local_task_job_runner.py:245} INFO - ::endgroup::
