[2026-05-06T05:36:04.562+0000] {local_task_job_runner.py:123} INFO - ::group::Pre task execution logs
[2026-05-06T05:36:04.571+0000] {taskinstance.py:2614} INFO - Dependencies all met for dep_context=non-requeueable deps ti=<TaskInstance: cluster_potholes_every_12min.cluster_pothole_events scheduled__2026-05-06T05:24:00+00:00 [queued]>
[2026-05-06T05:36:04.577+0000] {taskinstance.py:2614} INFO - Dependencies all met for dep_context=requeueable deps ti=<TaskInstance: cluster_potholes_every_12min.cluster_pothole_events scheduled__2026-05-06T05:24:00+00:00 [queued]>
[2026-05-06T05:36:04.577+0000] {taskinstance.py:2867} INFO - Starting attempt 1 of 2
[2026-05-06T05:36:04.590+0000] {taskinstance.py:2890} INFO - Executing <Task(PythonOperator): cluster_pothole_events> on 2026-05-06 05:24:00+00:00
[2026-05-06T05:36:04.598+0000] {standard_task_runner.py:72} INFO - Started process 899 to run task
[2026-05-06T05:36:04.602+0000] {standard_task_runner.py:104} INFO - Running: ['airflow', 'tasks', 'run', 'cluster_potholes_every_12min', 'cluster_pothole_events', 'scheduled__2026-05-06T05:24:00+00:00', '--job-id', '24', '--raw', '--subdir', 'DAGS_FOLDER/cluster_potholes_12min_dag.py', '--cfg-path', '/tmp/tmp9407vn5t']
[2026-05-06T05:36:04.604+0000] {standard_task_runner.py:105} INFO - Job 24: Subtask cluster_pothole_events
[2026-05-06T05:36:04.641+0000] {task_command.py:467} INFO - Running <TaskInstance: cluster_potholes_every_12min.cluster_pothole_events scheduled__2026-05-06T05:24:00+00:00 [running]> on host 774ff55e248b
[2026-05-06T05:36:04.709+0000] {taskinstance.py:3134} INFO - Exporting env vars: AIRFLOW_CTX_DAG_OWNER='pothole-pjt' AIRFLOW_CTX_DAG_ID='cluster_potholes_every_12min' AIRFLOW_CTX_TASK_ID='cluster_pothole_events' AIRFLOW_CTX_EXECUTION_DATE='2026-05-06T05:24:00+00:00' AIRFLOW_CTX_TRY_NUMBER='1' AIRFLOW_CTX_DAG_RUN_ID='scheduled__2026-05-06T05:24:00+00:00'
[2026-05-06T05:36:04.709+0000] {taskinstance.py:732} INFO - ::endgroup::
[2026-05-06T05:36:04.767+0000] {logging_mixin.py:190} INFO - Unclustered events count: 4
[2026-05-06T05:36:04.770+0000] {logging_mixin.py:190} INFO - Existing unrepaired clusters count: 94
[2026-05-06T05:36:04.775+0000] {logging_mixin.py:190} INFO - Created new cluster_id=cluster_20260506053604_e3e43dc3 from event_id=evt_ydp_04_first_20260506_007010_9958a158
[2026-05-06T05:36:04.780+0000] {logging_mixin.py:190} INFO - Created new cluster_id=cluster_20260506053604_4a2147d1 from event_id=evt_ydp_01_first_20260506_007028_44e6feb0
[2026-05-06T05:36:04.785+0000] {logging_mixin.py:190} INFO - Merged event_id=evt_ydp_12_first_20260506_007085_d32f669c into cluster_id=cluster_20260506050005_a2eba34b, distance=6.27m
[2026-05-06T05:36:04.790+0000] {logging_mixin.py:190} INFO - Created new cluster_id=cluster_20260506053604_28f776fb from event_id=evt_ydp_01_first_20260506_008526_b356b677
[2026-05-06T05:36:04.793+0000] {logging_mixin.py:190} INFO - Cluster processing completed.
[2026-05-06T05:36:04.793+0000] {logging_mixin.py:190} INFO - New clusters inserted: 3
[2026-05-06T05:36:04.793+0000] {logging_mixin.py:190} INFO - Events merged into existing clusters: 1
[2026-05-06T05:36:04.794+0000] {python.py:240} INFO - Done. Returned value was: None
[2026-05-06T05:36:04.799+0000] {taskinstance.py:341} INFO - ::group::Post task execution logs
[2026-05-06T05:36:04.799+0000] {taskinstance.py:353} INFO - Marking task as SUCCESS. dag_id=cluster_potholes_every_12min, task_id=cluster_pothole_events, run_id=scheduled__2026-05-06T05:24:00+00:00, execution_date=20260506T052400, start_date=20260506T053604, end_date=20260506T053604
[2026-05-06T05:36:04.855+0000] {local_task_job_runner.py:266} INFO - Task exited with return code 0
[2026-05-06T05:36:04.866+0000] {taskinstance.py:3901} INFO - 0 downstream tasks scheduled from follow-on schedule check
[2026-05-06T05:36:04.867+0000] {local_task_job_runner.py:245} INFO - ::endgroup::
