[2026-05-09T15:21:21.215+0000] {local_task_job_runner.py:123} INFO - ::group::Pre task execution logs
[2026-05-09T15:21:21.224+0000] {taskinstance.py:2614} INFO - Dependencies all met for dep_context=non-requeueable deps ti=<TaskInstance: cluster_potholes_every_12min.cluster_pothole_events manual__2026-05-09T15:21:16.024533+00:00 [queued]>
[2026-05-09T15:21:21.230+0000] {taskinstance.py:2614} INFO - Dependencies all met for dep_context=requeueable deps ti=<TaskInstance: cluster_potholes_every_12min.cluster_pothole_events manual__2026-05-09T15:21:16.024533+00:00 [queued]>
[2026-05-09T15:21:21.231+0000] {taskinstance.py:2867} INFO - Starting attempt 1 of 2
[2026-05-09T15:21:21.245+0000] {taskinstance.py:2890} INFO - Executing <Task(PythonOperator): cluster_pothole_events> on 2026-05-09 15:21:16.024533+00:00
[2026-05-09T15:21:21.251+0000] {standard_task_runner.py:72} INFO - Started process 31072 to run task
[2026-05-09T15:21:21.255+0000] {standard_task_runner.py:104} INFO - Running: ['airflow', 'tasks', 'run', 'cluster_potholes_every_12min', 'cluster_pothole_events', 'manual__2026-05-09T15:21:16.024533+00:00', '--job-id', '503', '--raw', '--subdir', 'DAGS_FOLDER/cluster_potholes_12min_dag.py', '--cfg-path', '/tmp/tmpue6rht0a']
[2026-05-09T15:21:21.257+0000] {standard_task_runner.py:105} INFO - Job 503: Subtask cluster_pothole_events
[2026-05-09T15:21:21.293+0000] {task_command.py:467} INFO - Running <TaskInstance: cluster_potholes_every_12min.cluster_pothole_events manual__2026-05-09T15:21:16.024533+00:00 [running]> on host 0177f1ae1202
[2026-05-09T15:21:21.356+0000] {taskinstance.py:3134} INFO - Exporting env vars: AIRFLOW_CTX_DAG_OWNER='pothole-pjt' AIRFLOW_CTX_DAG_ID='cluster_potholes_every_12min' AIRFLOW_CTX_TASK_ID='cluster_pothole_events' AIRFLOW_CTX_EXECUTION_DATE='2026-05-09T15:21:16.024533+00:00' AIRFLOW_CTX_TRY_NUMBER='1' AIRFLOW_CTX_DAG_RUN_ID='manual__2026-05-09T15:21:16.024533+00:00'
[2026-05-09T15:21:21.357+0000] {taskinstance.py:732} INFO - ::endgroup::
[2026-05-09T15:21:21.416+0000] {logging_mixin.py:190} INFO - Unclustered events count: 16
[2026-05-09T15:21:21.417+0000] {logging_mixin.py:190} INFO - kakao_key_exists=True
[2026-05-09T15:21:21.422+0000] {logging_mixin.py:190} INFO - Existing unrepaired clusters count: 293
[2026-05-09T15:21:21.428+0000] {logging_mixin.py:190} INFO - Merged event_id=evt_ydp_01_middle_20260510_000642_802dc206 into cluster_id=cluster_20260507060005_bf9b0ba8, distance=12.18m
[2026-05-09T15:21:21.762+0000] {logging_mixin.py:190} INFO - Created new cluster_id=cluster_20260509152121_9e8d786a from event_id=evt_ydp_11_last_20260510_000682_45c4d559, road_address=서울 영등포구 여의도동 36
[2026-05-09T15:21:21.912+0000] {logging_mixin.py:190} INFO - Created new cluster_id=cluster_20260509152121_c76d8599 from event_id=evt_ydp_09_last_20260510_000772_4bb4a1bf, road_address=서울 구로구 구로동 50
[2026-05-09T15:21:22.064+0000] {logging_mixin.py:190} INFO - Created new cluster_id=cluster_20260509152121_5896b8e0 from event_id=evt_ydp_04_middle_20260510_000834_79cdbf50, road_address=서울 영등포구 당산동5가 11-42
[2026-05-09T15:21:22.209+0000] {logging_mixin.py:190} INFO - Created new cluster_id=cluster_20260509152122_9943a2b0 from event_id=evt_ydp_06_last_20260510_000888_6b4afd69, road_address=서울 영등포구 신길동 114-45
[2026-05-09T15:21:22.377+0000] {logging_mixin.py:190} INFO - Created new cluster_id=cluster_20260509152122_6c265297 from event_id=evt_ydp_13_last_20260510_001007_65237356, road_address=서울 영등포구 신길동 417-47
[2026-05-09T15:21:22.529+0000] {logging_mixin.py:190} INFO - Created new cluster_id=cluster_20260509152122_4c8fe37f from event_id=evt_ydp_02_middle_20260510_001021_1f2425b8, road_address=서울 영등포구 양평동5가 1-3
[2026-05-09T15:21:22.534+0000] {logging_mixin.py:190} INFO - Merged event_id=evt_ydp_04_middle_20260510_001141_b917b409 into cluster_id=cluster_20260506055654_23038991, distance=6.34m
[2026-05-09T15:21:22.685+0000] {logging_mixin.py:190} INFO - Created new cluster_id=cluster_20260509152122_8b55b19a from event_id=evt_ydp_13_last_20260510_001213_71561baa, road_address=서울특별시 영등포구 대방천로 105
[2026-05-09T15:21:22.850+0000] {logging_mixin.py:190} INFO - Created new cluster_id=cluster_20260509152122_43a81dcf from event_id=evt_ydp_08_first_20260510_001306_00a0f81f, road_address=서울 영등포구 도림동 206-6
[2026-05-09T15:21:22.855+0000] {logging_mixin.py:190} INFO - Merged event_id=evt_ydp_06_last_20260510_001309_926b7683 into cluster_id=cluster_20260507060006_25b2edf0, distance=1.83m
[2026-05-09T15:21:23.009+0000] {logging_mixin.py:190} INFO - Created new cluster_id=cluster_20260509152122_33ba9bc0 from event_id=evt_ydp_10_first_20260510_001321_8cdcdafb, road_address=서울 영등포구 여의도동 3
[2026-05-09T15:21:23.155+0000] {logging_mixin.py:190} INFO - Created new cluster_id=cluster_20260509152123_01ed9492 from event_id=evt_ydp_13_last_20260510_001334_07e927c5, road_address=서울 영등포구 신길동 387-8
[2026-05-09T15:21:23.299+0000] {logging_mixin.py:190} INFO - Created new cluster_id=cluster_20260509152123_1a6f6647 from event_id=evt_ydp_12_first_20260510_001413_a0db0ad4, road_address=서울 영등포구 도림동 159-66
[2026-05-09T15:21:23.304+0000] {logging_mixin.py:190} INFO - Merged event_id=evt_ydp_01_middle_20260510_001429_299363ab into cluster_id=cluster_20260506055656_1f5fe096, distance=8.93m
[2026-05-09T15:21:23.475+0000] {logging_mixin.py:190} INFO - Created new cluster_id=cluster_20260509152123_2601e98a from event_id=evt_ydp_08_first_20260510_001462_c3793447, road_address=서울 영등포구 도림동 224-1
[2026-05-09T15:21:23.478+0000] {logging_mixin.py:190} INFO - Cluster processing completed.
[2026-05-09T15:21:23.478+0000] {logging_mixin.py:190} INFO - New clusters inserted: 12
[2026-05-09T15:21:23.478+0000] {logging_mixin.py:190} INFO - Events merged into existing clusters: 4
[2026-05-09T15:21:23.479+0000] {python.py:240} INFO - Done. Returned value was: None
[2026-05-09T15:21:23.485+0000] {taskinstance.py:341} INFO - ::group::Post task execution logs
[2026-05-09T15:21:23.486+0000] {taskinstance.py:353} INFO - Marking task as SUCCESS. dag_id=cluster_potholes_every_12min, task_id=cluster_pothole_events, run_id=manual__2026-05-09T15:21:16.024533+00:00, execution_date=20260509T152116, start_date=20260509T152121, end_date=20260509T152123
[2026-05-09T15:21:23.514+0000] {local_task_job_runner.py:266} INFO - Task exited with return code 0
[2026-05-09T15:21:23.526+0000] {taskinstance.py:3901} INFO - 0 downstream tasks scheduled from follow-on schedule check
[2026-05-09T15:21:23.526+0000] {local_task_job_runner.py:245} INFO - ::endgroup::
