[2026-05-09T15:15:17.927+0000] {local_task_job_runner.py:123} INFO - ::group::Pre task execution logs
[2026-05-09T15:15:17.936+0000] {taskinstance.py:2614} INFO - Dependencies all met for dep_context=non-requeueable deps ti=<TaskInstance: cluster_potholes_every_12min.cluster_pothole_events manual__2026-05-09T15:15:13.900023+00:00 [queued]>
[2026-05-09T15:15:17.942+0000] {taskinstance.py:2614} INFO - Dependencies all met for dep_context=requeueable deps ti=<TaskInstance: cluster_potholes_every_12min.cluster_pothole_events manual__2026-05-09T15:15:13.900023+00:00 [queued]>
[2026-05-09T15:15:17.942+0000] {taskinstance.py:2867} INFO - Starting attempt 1 of 2
[2026-05-09T15:15:17.956+0000] {taskinstance.py:2890} INFO - Executing <Task(PythonOperator): cluster_pothole_events> on 2026-05-09 15:15:13.900023+00:00
[2026-05-09T15:15:17.961+0000] {standard_task_runner.py:72} INFO - Started process 31001 to run task
[2026-05-09T15:15:17.965+0000] {standard_task_runner.py:104} INFO - Running: ['airflow', 'tasks', 'run', 'cluster_potholes_every_12min', 'cluster_pothole_events', 'manual__2026-05-09T15:15:13.900023+00:00', '--job-id', '497', '--raw', '--subdir', 'DAGS_FOLDER/cluster_potholes_12min_dag.py', '--cfg-path', '/tmp/tmp_thy8u28']
[2026-05-09T15:15:17.967+0000] {standard_task_runner.py:105} INFO - Job 497: Subtask cluster_pothole_events
[2026-05-09T15:15:18.001+0000] {task_command.py:467} INFO - Running <TaskInstance: cluster_potholes_every_12min.cluster_pothole_events manual__2026-05-09T15:15:13.900023+00:00 [running]> on host 0177f1ae1202
[2026-05-09T15:15:18.065+0000] {taskinstance.py:3134} INFO - Exporting env vars: AIRFLOW_CTX_DAG_OWNER='pothole-pjt' AIRFLOW_CTX_DAG_ID='cluster_potholes_every_12min' AIRFLOW_CTX_TASK_ID='cluster_pothole_events' AIRFLOW_CTX_EXECUTION_DATE='2026-05-09T15:15:13.900023+00:00' AIRFLOW_CTX_TRY_NUMBER='1' AIRFLOW_CTX_DAG_RUN_ID='manual__2026-05-09T15:15:13.900023+00:00'
[2026-05-09T15:15:18.066+0000] {taskinstance.py:732} INFO - ::endgroup::
[2026-05-09T15:15:18.131+0000] {logging_mixin.py:190} INFO - Unclustered events count: 13
[2026-05-09T15:15:18.132+0000] {logging_mixin.py:190} INFO - kakao_key_exists=True
[2026-05-09T15:15:18.137+0000] {logging_mixin.py:190} INFO - Existing unrepaired clusters count: 286
[2026-05-09T15:15:18.143+0000] {logging_mixin.py:190} INFO - Merged event_id=evt_ydp_02_middle_20260510_000109_2f87957c into cluster_id=cluster_20260509145849_3b62d7e2, distance=8.38m
[2026-05-09T15:15:18.148+0000] {logging_mixin.py:190} INFO - Merged event_id=evt_ydp_02_middle_20260510_000115_843d7080 into cluster_id=cluster_20260509145849_3b62d7e2, distance=10.94m
[2026-05-09T15:15:18.397+0000] {logging_mixin.py:190} INFO - Created new cluster_id=cluster_20260509151518_9f3a560f from event_id=evt_ydp_12_first_20260510_000119_7ac37271, road_address=서울 구로구 구로동 12-3
[2026-05-09T15:15:18.542+0000] {logging_mixin.py:190} INFO - Created new cluster_id=cluster_20260509151518_70ace0f3 from event_id=evt_ydp_01_middle_20260510_000157_93b2bd0d, road_address=서울 영등포구 대림동 633-1
[2026-05-09T15:15:18.548+0000] {logging_mixin.py:190} INFO - Merged event_id=evt_ydp_10_first_20260510_000350_7167653f into cluster_id=cluster_20260509145849_2a41ceca, distance=4.22m
[2026-05-09T15:15:18.555+0000] {logging_mixin.py:190} INFO - Merged event_id=evt_ydp_10_first_20260510_000406_dfb081a7 into cluster_id=cluster_20260507061205_604fb25b, distance=8.39m
[2026-05-09T15:15:18.698+0000] {logging_mixin.py:190} INFO - Created new cluster_id=cluster_20260509151518_6fd7dc83 from event_id=evt_ydp_06_last_20260510_000412_34f4cc62, road_address=서울특별시 영등포구 영등포로84길 34
[2026-05-09T15:15:18.703+0000] {logging_mixin.py:190} INFO - Merged event_id=evt_ydp_08_first_20260510_000419_d083f33a into cluster_id=cluster_20260507083606_49517595, distance=9.60m
[2026-05-09T15:15:18.835+0000] {logging_mixin.py:190} INFO - Created new cluster_id=cluster_20260509151518_46e2549f from event_id=evt_ydp_03_last_20260510_000435_d32676c0, road_address=서울특별시 영등포구 당산로 180
[2026-05-09T15:15:18.842+0000] {logging_mixin.py:190} INFO - Merged event_id=evt_ydp_03_last_20260510_000437_d3cd6984 into cluster_id=cluster_20260509151518_46e2549f, distance=4.76m
[2026-05-09T15:15:18.997+0000] {logging_mixin.py:190} INFO - Created new cluster_id=cluster_20260509151518_308d4279 from event_id=evt_ydp_03_last_20260510_000453_3faf8929, road_address=서울특별시 영등포구 당산로 180
[2026-05-09T15:15:19.153+0000] {logging_mixin.py:190} INFO - Created new cluster_id=cluster_20260509151518_7567ace3 from event_id=evt_ydp_09_last_20260510_000455_302efb8e, road_address=서울 구로구 구로동 50
[2026-05-09T15:15:19.298+0000] {logging_mixin.py:190} INFO - Created new cluster_id=cluster_20260509151519_8319906d from event_id=evt_ydp_06_last_20260510_000476_5719d531, road_address=서울 영등포구 신길동 470-4
[2026-05-09T15:15:19.301+0000] {logging_mixin.py:190} INFO - Cluster processing completed.
[2026-05-09T15:15:19.301+0000] {logging_mixin.py:190} INFO - New clusters inserted: 7
[2026-05-09T15:15:19.301+0000] {logging_mixin.py:190} INFO - Events merged into existing clusters: 6
[2026-05-09T15:15:19.302+0000] {python.py:240} INFO - Done. Returned value was: None
[2026-05-09T15:15:19.308+0000] {taskinstance.py:341} INFO - ::group::Post task execution logs
[2026-05-09T15:15:19.309+0000] {taskinstance.py:353} INFO - Marking task as SUCCESS. dag_id=cluster_potholes_every_12min, task_id=cluster_pothole_events, run_id=manual__2026-05-09T15:15:13.900023+00:00, execution_date=20260509T151513, start_date=20260509T151517, end_date=20260509T151519
[2026-05-09T15:15:19.342+0000] {local_task_job_runner.py:266} INFO - Task exited with return code 0
[2026-05-09T15:15:19.353+0000] {taskinstance.py:3901} INFO - 0 downstream tasks scheduled from follow-on schedule check
[2026-05-09T15:15:19.354+0000] {local_task_job_runner.py:245} INFO - ::endgroup::
