[2026-05-09T14:58:49.010+0000] {local_task_job_runner.py:123} INFO - ::group::Pre task execution logs
[2026-05-09T14:58:49.019+0000] {taskinstance.py:2614} INFO - Dependencies all met for dep_context=non-requeueable deps ti=<TaskInstance: cluster_potholes_every_12min.cluster_pothole_events manual__2026-05-09T14:58:30.095011+00:00 [queued]>
[2026-05-09T14:58:49.025+0000] {taskinstance.py:2614} INFO - Dependencies all met for dep_context=requeueable deps ti=<TaskInstance: cluster_potholes_every_12min.cluster_pothole_events manual__2026-05-09T14:58:30.095011+00:00 [queued]>
[2026-05-09T14:58:49.026+0000] {taskinstance.py:2867} INFO - Starting attempt 1 of 2
[2026-05-09T14:58:49.040+0000] {taskinstance.py:2890} INFO - Executing <Task(PythonOperator): cluster_pothole_events> on 2026-05-09 14:58:30.095011+00:00
[2026-05-09T14:58:49.048+0000] {standard_task_runner.py:72} INFO - Started process 30796 to run task
[2026-05-09T14:58:49.052+0000] {standard_task_runner.py:104} INFO - Running: ['airflow', 'tasks', 'run', 'cluster_potholes_every_12min', 'cluster_pothole_events', 'manual__2026-05-09T14:58:30.095011+00:00', '--job-id', '481', '--raw', '--subdir', 'DAGS_FOLDER/cluster_potholes_12min_dag.py', '--cfg-path', '/tmp/tmpx9d3nkgh']
[2026-05-09T14:58:49.054+0000] {standard_task_runner.py:105} INFO - Job 481: Subtask cluster_pothole_events
[2026-05-09T14:58:49.093+0000] {task_command.py:467} INFO - Running <TaskInstance: cluster_potholes_every_12min.cluster_pothole_events manual__2026-05-09T14:58:30.095011+00:00 [running]> on host 0177f1ae1202
[2026-05-09T14:58:49.158+0000] {taskinstance.py:3134} INFO - Exporting env vars: AIRFLOW_CTX_DAG_OWNER='pothole-pjt' AIRFLOW_CTX_DAG_ID='cluster_potholes_every_12min' AIRFLOW_CTX_TASK_ID='cluster_pothole_events' AIRFLOW_CTX_EXECUTION_DATE='2026-05-09T14:58:30.095011+00:00' AIRFLOW_CTX_TRY_NUMBER='1' AIRFLOW_CTX_DAG_RUN_ID='manual__2026-05-09T14:58:30.095011+00:00'
[2026-05-09T14:58:49.159+0000] {taskinstance.py:732} INFO - ::endgroup::
[2026-05-09T14:58:49.217+0000] {logging_mixin.py:190} INFO - Unclustered events count: 13
[2026-05-09T14:58:49.217+0000] {logging_mixin.py:190} INFO - kakao_key_exists=True
[2026-05-09T14:58:49.223+0000] {logging_mixin.py:190} INFO - Existing unrepaired clusters count: 262
[2026-05-09T14:58:49.546+0000] {logging_mixin.py:190} INFO - Created new cluster_id=cluster_20260509145849_3b62d7e2 from event_id=evt_ydp_02_middle_20260509_000120_da7ece24, road_address=서울 영등포구 양평동6가 20-5
[2026-05-09T14:58:49.703+0000] {logging_mixin.py:190} INFO - Created new cluster_id=cluster_20260509145849_385cf5f2 from event_id=evt_ydp_09_middle_20260509_000131_19512e63, road_address=서울 구로구 구로동 1-2
[2026-05-09T14:58:49.865+0000] {logging_mixin.py:190} INFO - Created new cluster_id=cluster_20260509145849_8a20923f from event_id=evt_ydp_02_middle_20260509_000299_ed1831ea, road_address=서울특별시 영등포구 양평로24길 9
[2026-05-09T14:58:50.008+0000] {logging_mixin.py:190} INFO - Created new cluster_id=cluster_20260509145849_2a41ceca from event_id=evt_ydp_10_middle_20260509_000332_5d9f307c, road_address=서울 영등포구 여의도동 56
[2026-05-09T14:58:50.145+0000] {logging_mixin.py:190} INFO - Created new cluster_id=cluster_20260509145850_a6a3cd02 from event_id=evt_ydp_10_middle_20260509_000616_8339e46c, road_address=서울 영등포구 여의도동 5
[2026-05-09T14:58:50.153+0000] {logging_mixin.py:190} INFO - Merged event_id=evt_ydp_05_middle_20260509_000659_a4a4a6e8 into cluster_id=cluster_20260508013605_ef564691, distance=11.01m
[2026-05-09T14:58:50.158+0000] {logging_mixin.py:190} INFO - Merged event_id=evt_ydp_04_middle_20260509_000714_b8e3a726 into cluster_id=cluster_20260506055654_edb46054, distance=8.63m
[2026-05-09T14:58:50.163+0000] {logging_mixin.py:190} INFO - Merged event_id=evt_ydp_10_middle_20260509_000861_02358aae into cluster_id=cluster_20260506152406_f342086e, distance=11.65m
[2026-05-09T14:58:50.320+0000] {logging_mixin.py:190} INFO - Created new cluster_id=cluster_20260509145850_94e8d83d from event_id=evt_ydp_03_middle_20260509_000889_f4dd3e90, road_address=서울 영등포구 당산동5가 11-33
[2026-05-09T14:58:50.478+0000] {logging_mixin.py:190} INFO - Created new cluster_id=cluster_20260509145850_10a2e414 from event_id=evt_ydp_06_middle_20260509_000904_f4388c00, road_address=서울특별시 영등포구 도신로68길 22
[2026-05-09T14:58:50.483+0000] {logging_mixin.py:190} INFO - Merged event_id=evt_ydp_03_middle_20260509_000994_795052a5 into cluster_id=cluster_20260506055704_970f6c50, distance=2.41m
[2026-05-09T14:58:50.488+0000] {logging_mixin.py:190} INFO - Merged event_id=evt_ydp_13_middle_20260509_001002_6dc6e3db into cluster_id=cluster_20260507061206_5ca30f7e, distance=3.32m
[2026-05-09T14:58:50.638+0000] {logging_mixin.py:190} INFO - Created new cluster_id=cluster_20260509145850_acb3ae3a from event_id=evt_ydp_03_middle_20260509_001324_b5b8e759, road_address=서울 영등포구 당산동 121-34
[2026-05-09T14:58:50.641+0000] {logging_mixin.py:190} INFO - Cluster processing completed.
[2026-05-09T14:58:50.641+0000] {logging_mixin.py:190} INFO - New clusters inserted: 8
[2026-05-09T14:58:50.641+0000] {logging_mixin.py:190} INFO - Events merged into existing clusters: 5
[2026-05-09T14:58:50.642+0000] {python.py:240} INFO - Done. Returned value was: None
[2026-05-09T14:58:50.648+0000] {taskinstance.py:341} INFO - ::group::Post task execution logs
[2026-05-09T14:58:50.648+0000] {taskinstance.py:353} INFO - Marking task as SUCCESS. dag_id=cluster_potholes_every_12min, task_id=cluster_pothole_events, run_id=manual__2026-05-09T14:58:30.095011+00:00, execution_date=20260509T145830, start_date=20260509T145849, end_date=20260509T145850
[2026-05-09T14:58:50.710+0000] {local_task_job_runner.py:266} INFO - Task exited with return code 0
[2026-05-09T14:58:50.722+0000] {taskinstance.py:3901} INFO - 0 downstream tasks scheduled from follow-on schedule check
[2026-05-09T14:58:50.723+0000] {local_task_job_runner.py:245} INFO - ::endgroup::
