[2026-05-10T05:48:23.025+0000] {local_task_job_runner.py:123} INFO - ::group::Pre task execution logs
[2026-05-10T05:48:23.038+0000] {taskinstance.py:2614} INFO - Dependencies all met for dep_context=non-requeueable deps ti=<TaskInstance: dag_daily_report.hnm_candidates_extraction scheduled__2026-05-10T05:36:00+00:00 [queued]>
[2026-05-10T05:48:23.045+0000] {taskinstance.py:2614} INFO - Dependencies all met for dep_context=requeueable deps ti=<TaskInstance: dag_daily_report.hnm_candidates_extraction scheduled__2026-05-10T05:36:00+00:00 [queued]>
[2026-05-10T05:48:23.045+0000] {taskinstance.py:2867} INFO - Starting attempt 1 of 2
[2026-05-10T05:48:23.061+0000] {taskinstance.py:2890} INFO - Executing <Task(PythonOperator): hnm_candidates_extraction> on 2026-05-10 05:36:00+00:00
[2026-05-10T05:48:23.071+0000] {standard_task_runner.py:72} INFO - Started process 39523 to run task
[2026-05-10T05:48:23.076+0000] {standard_task_runner.py:104} INFO - Running: ['airflow', 'tasks', 'run', 'dag_daily_report', 'hnm_candidates_extraction', 'scheduled__2026-05-10T05:36:00+00:00', '--job-id', '943', '--raw', '--subdir', 'DAGS_FOLDER/dag_daily_report.py', '--cfg-path', '/tmp/tmp8zel0wog']
[2026-05-10T05:48:23.078+0000] {standard_task_runner.py:105} INFO - Job 943: Subtask hnm_candidates_extraction
[2026-05-10T05:48:23.116+0000] {task_command.py:467} INFO - Running <TaskInstance: dag_daily_report.hnm_candidates_extraction scheduled__2026-05-10T05:36:00+00:00 [running]> on host 0177f1ae1202
[2026-05-10T05:48:23.180+0000] {taskinstance.py:3134} INFO - Exporting env vars: AIRFLOW_CTX_DAG_OWNER='pothole-pipeline' AIRFLOW_CTX_DAG_ID='dag_daily_report' AIRFLOW_CTX_TASK_ID='hnm_candidates_extraction' AIRFLOW_CTX_EXECUTION_DATE='2026-05-10T05:36:00+00:00' AIRFLOW_CTX_TRY_NUMBER='1' AIRFLOW_CTX_DAG_RUN_ID='scheduled__2026-05-10T05:36:00+00:00'
[2026-05-10T05:48:23.181+0000] {taskinstance.py:732} INFO - ::endgroup::
[2026-05-10T05:48:23.197+0000] {dag_daily_report.py:155} INFO - [Task 3] 시작: 2026-05-10
[2026-05-10T05:48:23.219+0000] {credentials.py:1075} INFO - Found credentials from IAM Role: exi-airflow-ec2-role
[2026-05-10T05:48:23.526+0000] {dag_daily_report.py:62} INFO - S3 조회: s3://road-defect-seong/raw/raw_logs/year=2026/month=05/day=10/
[2026-05-10T05:48:24.367+0000] {dag_daily_report.py:91} INFO - 로드 완료: 233,455건 (parse_error 제거: 0건)
[2026-05-10T05:48:24.677+0000] {dag_daily_report.py:103} INFO - CSV 업로드: s3://road-defect-seong/reports/2026-05-10/task3_hnm_candidates.csv
[2026-05-10T05:48:24.680+0000] {dag_daily_report.py:174} INFO - [Task 3] 완료. 총 11633건
[2026-05-10T05:48:24.694+0000] {python.py:240} INFO - Done. Returned value was: {'date': '2026-05-10', 'un': 11513, 'up': 120, 'total': 11633}
[2026-05-10T05:48:24.709+0000] {taskinstance.py:341} INFO - ::group::Post task execution logs
[2026-05-10T05:48:24.709+0000] {taskinstance.py:353} INFO - Marking task as SUCCESS. dag_id=dag_daily_report, task_id=hnm_candidates_extraction, run_id=scheduled__2026-05-10T05:36:00+00:00, execution_date=20260510T053600, start_date=20260510T054823, end_date=20260510T054824
[2026-05-10T05:48:24.776+0000] {local_task_job_runner.py:266} INFO - Task exited with return code 0
[2026-05-10T05:48:24.797+0000] {taskinstance.py:3901} INFO - 1 downstream tasks scheduled from follow-on schedule check
[2026-05-10T05:48:24.802+0000] {local_task_job_runner.py:245} INFO - ::endgroup::
