[2026-05-07T06:12:04.799+0000] {local_task_job_runner.py:123} INFO - ::group::Pre task execution logs
[2026-05-07T06:12:04.809+0000] {taskinstance.py:2614} INFO - Dependencies all met for dep_context=non-requeueable deps ti=<TaskInstance: cluster_potholes_every_12min.cluster_pothole_events scheduled__2026-05-07T06:00:00+00:00 [queued]>
[2026-05-07T06:12:04.815+0000] {taskinstance.py:2614} INFO - Dependencies all met for dep_context=requeueable deps ti=<TaskInstance: cluster_potholes_every_12min.cluster_pothole_events scheduled__2026-05-07T06:00:00+00:00 [queued]>
[2026-05-07T06:12:04.815+0000] {taskinstance.py:2867} INFO - Starting attempt 1 of 2
[2026-05-07T06:12:04.830+0000] {taskinstance.py:2890} INFO - Executing <Task(PythonOperator): cluster_pothole_events> on 2026-05-07 06:00:00+00:00
[2026-05-07T06:12:04.838+0000] {standard_task_runner.py:72} INFO - Started process 9388 to run task
[2026-05-07T06:12:04.842+0000] {standard_task_runner.py:104} INFO - Running: ['airflow', 'tasks', 'run', 'cluster_potholes_every_12min', 'cluster_pothole_events', 'scheduled__2026-05-07T06:00:00+00:00', '--job-id', '156', '--raw', '--subdir', 'DAGS_FOLDER/cluster_potholes_12min_dag.py', '--cfg-path', '/tmp/tmpemkokhkj']
[2026-05-07T06:12:04.844+0000] {standard_task_runner.py:105} INFO - Job 156: Subtask cluster_pothole_events
[2026-05-07T06:12:04.882+0000] {task_command.py:467} INFO - Running <TaskInstance: cluster_potholes_every_12min.cluster_pothole_events scheduled__2026-05-07T06:00:00+00:00 [running]> on host 0177f1ae1202
[2026-05-07T06:12:04.954+0000] {taskinstance.py:3134} INFO - Exporting env vars: AIRFLOW_CTX_DAG_OWNER='pothole-pjt' AIRFLOW_CTX_DAG_ID='cluster_potholes_every_12min' AIRFLOW_CTX_TASK_ID='cluster_pothole_events' AIRFLOW_CTX_EXECUTION_DATE='2026-05-07T06:00:00+00:00' AIRFLOW_CTX_TRY_NUMBER='1' AIRFLOW_CTX_DAG_RUN_ID='scheduled__2026-05-07T06:00:00+00:00'
[2026-05-07T06:12:04.955+0000] {taskinstance.py:732} INFO - ::endgroup::
[2026-05-07T06:12:05.013+0000] {logging_mixin.py:190} INFO - Unclustered events count: 21
[2026-05-07T06:12:05.013+0000] {logging_mixin.py:190} INFO - kakao_key_exists=True
[2026-05-07T06:12:05.019+0000] {logging_mixin.py:190} INFO - Existing unrepaired clusters count: 208
[2026-05-07T06:12:05.024+0000] {logging_mixin.py:190} INFO - Merged event_id=evt_ydp_11_middle_20260507_000197_68293046 into cluster_id=cluster_20260506152405_fac4d17e, distance=5.24m
[2026-05-07T06:12:05.185+0000] {logging_mixin.py:190} INFO - Created new cluster_id=cluster_20260507061205_2ac76422 from event_id=evt_ydp_13_middle_20260507_000206_eb824d30, road_address=서울특별시 영등포구 대방천로 231
[2026-05-07T06:12:05.190+0000] {logging_mixin.py:190} INFO - Merged event_id=evt_ydp_09_middle_20260507_000259_603ed38d into cluster_id=cluster_20260506055704_a76c6980, distance=0.88m
[2026-05-07T06:12:05.331+0000] {logging_mixin.py:190} INFO - Created new cluster_id=cluster_20260507061205_3729449e from event_id=evt_ydp_04_middle_20260507_000278_7bf2aaf9, road_address=서울 영등포구 당산동4가 74-8
[2026-05-07T06:12:05.493+0000] {logging_mixin.py:190} INFO - Created new cluster_id=cluster_20260507061205_bdb22287 from event_id=evt_ydp_08_middle_20260507_000318_9a62880c, road_address=서울특별시 영등포구 도신로29길 28
[2026-05-07T06:12:05.500+0000] {logging_mixin.py:190} INFO - Merged event_id=evt_ydp_08_middle_20260507_000317_b12820af into cluster_id=cluster_20260507061205_bdb22287, distance=3.66m
[2026-05-07T06:12:05.662+0000] {logging_mixin.py:190} INFO - Created new cluster_id=cluster_20260507061205_604fb25b from event_id=evt_ydp_10_middle_20260507_000380_a28930a8, road_address=서울 영등포구 여의도동 5
[2026-05-07T06:12:05.792+0000] {logging_mixin.py:190} INFO - Created new cluster_id=cluster_20260507061205_70fe4cc8 from event_id=evt_ydp_13_middle_20260507_000446_3abd24ab, road_address=서울특별시 영등포구 대방천로 203
[2026-05-07T06:12:05.797+0000] {logging_mixin.py:190} INFO - Merged event_id=evt_ydp_03_middle_20260507_000538_f693f45d into cluster_id=cluster_20260506055702_8d446aea, distance=11.09m
[2026-05-07T06:12:05.802+0000] {logging_mixin.py:190} INFO - Merged event_id=evt_ydp_01_middle_20260507_000563_93f81dfc into cluster_id=cluster_20260507060005_bf9b0ba8, distance=3.22m
[2026-05-07T06:12:05.810+0000] {logging_mixin.py:190} INFO - Merged event_id=evt_ydp_13_middle_20260507_000613_e4d1070e into cluster_id=cluster_20260506055704_ba30d2d0, distance=13.59m
[2026-05-07T06:12:05.963+0000] {logging_mixin.py:190} INFO - Created new cluster_id=cluster_20260507061205_597bae07 from event_id=evt_ydp_01_middle_20260507_000687_0aed4462, road_address=서울 영등포구 도림동 186-1
[2026-05-07T06:12:06.130+0000] {logging_mixin.py:190} INFO - Created new cluster_id=cluster_20260507061205_4b49c733 from event_id=evt_ydp_13_middle_20260507_000963_b5e8b5de, road_address=서울 영등포구 신길동 429-14
[2026-05-07T06:12:06.274+0000] {logging_mixin.py:190} INFO - Created new cluster_id=cluster_20260507061206_5ca30f7e from event_id=evt_ydp_13_middle_20260507_000999_250a7361, road_address=서울 영등포구 신길동 417-47
[2026-05-07T06:12:06.436+0000] {logging_mixin.py:190} INFO - Created new cluster_id=cluster_20260507061206_52d4dd84 from event_id=evt_ydp_01_middle_20260507_001066_4fefdef4, road_address=서울 영등포구 도림동 243-8
[2026-05-07T06:12:06.571+0000] {logging_mixin.py:190} INFO - Created new cluster_id=cluster_20260507061206_58d7f6c4 from event_id=evt_ydp_02_middle_20260507_001147_39082044, road_address=서울 영등포구 양평동3가 96-1
[2026-05-07T06:12:06.713+0000] {logging_mixin.py:190} INFO - Created new cluster_id=cluster_20260507061206_8690583f from event_id=evt_ydp_07_middle_20260507_001340_e5ae78c3, road_address=서울특별시 영등포구 가마산로 575
[2026-05-07T06:12:06.862+0000] {logging_mixin.py:190} INFO - Created new cluster_id=cluster_20260507061206_100f0b17 from event_id=evt_ydp_03_middle_20260507_001539_0b6ee315, road_address=서울 영등포구 당산동 121-34
[2026-05-07T06:12:07.016+0000] {logging_mixin.py:190} INFO - Created new cluster_id=cluster_20260507061206_0882f980 from event_id=evt_ydp_07_middle_20260507_001645_b7dd0ed9, road_address=서울 영등포구 신길동 245-48
[2026-05-07T06:12:07.145+0000] {logging_mixin.py:190} INFO - Created new cluster_id=cluster_20260507061207_bcdfcddf from event_id=evt_ydp_10_middle_20260507_001688_b483c7f7, road_address=서울특별시 영등포구 여의나루로 126
[2026-05-07T06:12:07.300+0000] {logging_mixin.py:190} INFO - Created new cluster_id=cluster_20260507061207_33e6da24 from event_id=evt_ydp_09_middle_20260507_001855_794b3604, road_address=서울 영등포구 대림동 698
[2026-05-07T06:12:07.303+0000] {logging_mixin.py:190} INFO - Cluster processing completed.
[2026-05-07T06:12:07.303+0000] {logging_mixin.py:190} INFO - New clusters inserted: 15
[2026-05-07T06:12:07.303+0000] {logging_mixin.py:190} INFO - Events merged into existing clusters: 6
[2026-05-07T06:12:07.304+0000] {python.py:240} INFO - Done. Returned value was: None
[2026-05-07T06:12:07.309+0000] {taskinstance.py:341} INFO - ::group::Post task execution logs
[2026-05-07T06:12:07.309+0000] {taskinstance.py:353} INFO - Marking task as SUCCESS. dag_id=cluster_potholes_every_12min, task_id=cluster_pothole_events, run_id=scheduled__2026-05-07T06:00:00+00:00, execution_date=20260507T060000, start_date=20260507T061204, end_date=20260507T061207
[2026-05-07T06:12:07.384+0000] {local_task_job_runner.py:266} INFO - Task exited with return code 0
[2026-05-07T06:12:07.395+0000] {taskinstance.py:3901} INFO - 0 downstream tasks scheduled from follow-on schedule check
[2026-05-07T06:12:07.396+0000] {local_task_job_runner.py:245} INFO - ::endgroup::
