[2026-05-09T14:50:05.894+0000] {local_task_job_runner.py:123} INFO - ::group::Pre task execution logs
[2026-05-09T14:50:05.902+0000] {taskinstance.py:2614} INFO - Dependencies all met for dep_context=non-requeueable deps ti=<TaskInstance: dag_daily_report.model_performance_monitoring scheduled__2026-05-08T14:50:00+00:00 [queued]>
[2026-05-09T14:50:05.908+0000] {taskinstance.py:2614} INFO - Dependencies all met for dep_context=requeueable deps ti=<TaskInstance: dag_daily_report.model_performance_monitoring scheduled__2026-05-08T14:50:00+00:00 [queued]>
[2026-05-09T14:50:05.908+0000] {taskinstance.py:2867} INFO - Starting attempt 1 of 2
[2026-05-09T14:50:05.923+0000] {taskinstance.py:2890} INFO - Executing <Task(PythonOperator): model_performance_monitoring> on 2026-05-08 14:50:00+00:00
[2026-05-09T14:50:05.932+0000] {standard_task_runner.py:72} INFO - Started process 30668 to run task
[2026-05-09T14:50:05.936+0000] {standard_task_runner.py:104} INFO - Running: ['airflow', 'tasks', 'run', 'dag_daily_report', 'model_performance_monitoring', 'scheduled__2026-05-08T14:50:00+00:00', '--job-id', '472', '--raw', '--subdir', 'DAGS_FOLDER/dag_daily_report.py', '--cfg-path', '/tmp/tmpcgv2o1tl']
[2026-05-09T14:50:05.939+0000] {standard_task_runner.py:105} INFO - Job 472: Subtask model_performance_monitoring
[2026-05-09T14:50:05.975+0000] {task_command.py:467} INFO - Running <TaskInstance: dag_daily_report.model_performance_monitoring scheduled__2026-05-08T14:50:00+00:00 [running]> on host 0177f1ae1202
[2026-05-09T14:50:06.040+0000] {taskinstance.py:3134} INFO - Exporting env vars: AIRFLOW_CTX_DAG_OWNER='pothole-pipeline' AIRFLOW_CTX_DAG_ID='dag_daily_report' AIRFLOW_CTX_TASK_ID='model_performance_monitoring' AIRFLOW_CTX_EXECUTION_DATE='2026-05-08T14:50:00+00:00' AIRFLOW_CTX_TRY_NUMBER='1' AIRFLOW_CTX_DAG_RUN_ID='scheduled__2026-05-08T14:50:00+00:00'
[2026-05-09T14:50:06.041+0000] {taskinstance.py:732} INFO - ::endgroup::
[2026-05-09T14:50:06.057+0000] {dag_daily_report.py:190} INFO - [Task 1] 시작: 2026-05-09
[2026-05-09T14:50:06.080+0000] {credentials.py:1075} INFO - Found credentials from IAM Role: exi-airflow-ec2-role
[2026-05-09T14:50:06.202+0000] {dag_daily_report.py:126} INFO - S3 조회: s3://road-defect-seong/raw/raw_logs/year=2026/month=05/day=09/
[2026-05-09T14:50:06.428+0000] {dag_daily_report.py:155} INFO - 로드 완료: 1건 (parse_error 제거: 0건)
[2026-05-09T14:50:06.469+0000] {logging_mixin.py:190} WARNING - /opt/airflow/dags/dag_daily_report.py:228 UserWarning: Glyph 52395 (\N{HANGUL SYLLABLE CEOS}) missing from font(s) DejaVu Sans.
[2026-05-09T14:50:06.470+0000] {logging_mixin.py:190} WARNING - /opt/airflow/dags/dag_daily_report.py:228 UserWarning: Glyph 52264 (\N{HANGUL SYLLABLE CA}) missing from font(s) DejaVu Sans.
[2026-05-09T14:50:06.473+0000] {logging_mixin.py:190} WARNING - /opt/airflow/dags/dag_daily_report.py:228 UserWarning: Glyph 50868 (\N{HANGUL SYLLABLE UN}) missing from font(s) DejaVu Sans.
[2026-05-09T14:50:06.474+0000] {logging_mixin.py:190} WARNING - /opt/airflow/dags/dag_daily_report.py:228 UserWarning: Glyph 54665 (\N{HANGUL SYLLABLE HAENG}) missing from font(s) DejaVu Sans.
[2026-05-09T14:50:06.475+0000] {logging_mixin.py:190} WARNING - /opt/airflow/dags/dag_daily_report.py:228 UserWarning: Glyph 54924 (\N{HANGUL SYLLABLE HOE}) missing from font(s) DejaVu Sans.
[2026-05-09T14:50:06.491+0000] {logging_mixin.py:190} WARNING - /opt/airflow/dags/dag_daily_report.py:228 UserWarning: Glyph 54217 (\N{HANGUL SYLLABLE PYEONG}) missing from font(s) DejaVu Sans.
[2026-05-09T14:50:06.492+0000] {logging_mixin.py:190} WARNING - /opt/airflow/dags/dag_daily_report.py:228 UserWarning: Glyph 44512 (\N{HANGUL SYLLABLE GYUN}) missing from font(s) DejaVu Sans.
[2026-05-09T14:50:06.500+0000] {logging_mixin.py:190} WARNING - /opt/airflow/dags/dag_daily_report.py:228 UserWarning: Glyph 48324 (\N{HANGUL SYLLABLE BYEOL}) missing from font(s) DejaVu Sans.
[2026-05-09T14:50:06.501+0000] {logging_mixin.py:190} WARNING - /opt/airflow/dags/dag_daily_report.py:228 UserWarning: Glyph 52628 (\N{HANGUL SYLLABLE CU}) missing from font(s) DejaVu Sans.
[2026-05-09T14:50:06.502+0000] {logging_mixin.py:190} WARNING - /opt/airflow/dags/dag_daily_report.py:228 UserWarning: Glyph 47200 (\N{HANGUL SYLLABLE RON}) missing from font(s) DejaVu Sans.
[2026-05-09T14:50:06.503+0000] {logging_mixin.py:190} WARNING - /opt/airflow/dags/dag_daily_report.py:228 UserWarning: Glyph 49884 (\N{HANGUL SYLLABLE SI}) missing from font(s) DejaVu Sans.
[2026-05-09T14:50:06.504+0000] {logging_mixin.py:190} WARNING - /opt/airflow/dags/dag_daily_report.py:228 UserWarning: Glyph 44036 (\N{HANGUL SYLLABLE GAN}) missing from font(s) DejaVu Sans.
[2026-05-09T14:50:06.529+0000] {logging_mixin.py:190} WARNING - /opt/airflow/dags/dag_daily_report.py:162 UserWarning: Glyph 54217 (\N{HANGUL SYLLABLE PYEONG}) missing from font(s) DejaVu Sans.
[2026-05-09T14:50:06.530+0000] {logging_mixin.py:190} WARNING - /opt/airflow/dags/dag_daily_report.py:162 UserWarning: Glyph 44512 (\N{HANGUL SYLLABLE GYUN}) missing from font(s) DejaVu Sans.
[2026-05-09T14:50:06.532+0000] {logging_mixin.py:190} WARNING - /opt/airflow/dags/dag_daily_report.py:162 UserWarning: Glyph 50868 (\N{HANGUL SYLLABLE UN}) missing from font(s) DejaVu Sans.
[2026-05-09T14:50:06.533+0000] {logging_mixin.py:190} WARNING - /opt/airflow/dags/dag_daily_report.py:162 UserWarning: Glyph 54665 (\N{HANGUL SYLLABLE HAENG}) missing from font(s) DejaVu Sans.
[2026-05-09T14:50:06.534+0000] {logging_mixin.py:190} WARNING - /opt/airflow/dags/dag_daily_report.py:162 UserWarning: Glyph 54924 (\N{HANGUL SYLLABLE HOE}) missing from font(s) DejaVu Sans.
[2026-05-09T14:50:06.535+0000] {logging_mixin.py:190} WARNING - /opt/airflow/dags/dag_daily_report.py:162 UserWarning: Glyph 52264 (\N{HANGUL SYLLABLE CA}) missing from font(s) DejaVu Sans.
[2026-05-09T14:50:06.536+0000] {logging_mixin.py:190} WARNING - /opt/airflow/dags/dag_daily_report.py:162 UserWarning: Glyph 48324 (\N{HANGUL SYLLABLE BYEOL}) missing from font(s) DejaVu Sans.
[2026-05-09T14:50:06.537+0000] {logging_mixin.py:190} WARNING - /opt/airflow/dags/dag_daily_report.py:162 UserWarning: Glyph 52628 (\N{HANGUL SYLLABLE CU}) missing from font(s) DejaVu Sans.
[2026-05-09T14:50:06.538+0000] {logging_mixin.py:190} WARNING - /opt/airflow/dags/dag_daily_report.py:162 UserWarning: Glyph 47200 (\N{HANGUL SYLLABLE RON}) missing from font(s) DejaVu Sans.
[2026-05-09T14:50:06.539+0000] {logging_mixin.py:190} WARNING - /opt/airflow/dags/dag_daily_report.py:162 UserWarning: Glyph 49884 (\N{HANGUL SYLLABLE SI}) missing from font(s) DejaVu Sans.
[2026-05-09T14:50:06.540+0000] {logging_mixin.py:190} WARNING - /opt/airflow/dags/dag_daily_report.py:162 UserWarning: Glyph 44036 (\N{HANGUL SYLLABLE GAN}) missing from font(s) DejaVu Sans.
[2026-05-09T14:50:06.542+0000] {logging_mixin.py:190} WARNING - /opt/airflow/dags/dag_daily_report.py:162 UserWarning: Glyph 52395 (\N{HANGUL SYLLABLE CEOS}) missing from font(s) DejaVu Sans.
[2026-05-09T14:50:06.769+0000] {dag_daily_report.py:167} INFO - PNG 업로드: s3://road-defect-seong/reports/2026-05-09/task1_inference_time_by_run.png
[2026-05-09T14:50:06.795+0000] {logging_mixin.py:190} WARNING - /opt/airflow/dags/dag_daily_report.py:254 UserWarning: Glyph 53364 (\N{HANGUL SYLLABLE KEUL}) missing from font(s) DejaVu Sans.
[2026-05-09T14:50:06.796+0000] {logging_mixin.py:190} WARNING - /opt/airflow/dags/dag_daily_report.py:254 UserWarning: Glyph 47000 (\N{HANGUL SYLLABLE RAE}) missing from font(s) DejaVu Sans.
[2026-05-09T14:50:06.797+0000] {logging_mixin.py:190} WARNING - /opt/airflow/dags/dag_daily_report.py:254 UserWarning: Glyph 49828 (\N{HANGUL SYLLABLE SEU}) missing from font(s) DejaVu Sans.
[2026-05-09T14:50:06.798+0000] {logging_mixin.py:190} WARNING - /opt/airflow/dags/dag_daily_report.py:254 UserWarning: Glyph 48516 (\N{HANGUL SYLLABLE BUN}) missing from font(s) DejaVu Sans.
[2026-05-09T14:50:06.799+0000] {logging_mixin.py:190} WARNING - /opt/airflow/dags/dag_daily_report.py:254 UserWarning: Glyph 54252 (\N{HANGUL SYLLABLE PO}) missing from font(s) DejaVu Sans.
[2026-05-09T14:50:06.800+0000] {logging_mixin.py:190} WARNING - /opt/airflow/dags/dag_daily_report.py:254 UserWarning: Glyph 52509 (\N{HANGUL SYLLABLE CONG}) missing from font(s) DejaVu Sans.
[2026-05-09T14:50:06.801+0000] {logging_mixin.py:190} WARNING - /opt/airflow/dags/dag_daily_report.py:254 UserWarning: Glyph 44148 (\N{HANGUL SYLLABLE GEON}) missing from font(s) DejaVu Sans.
[2026-05-09T14:50:06.810+0000] {logging_mixin.py:190} WARNING - /opt/airflow/dags/dag_daily_report.py:254 UserWarning: Glyph 51221 (\N{HANGUL SYLLABLE JEONG}) missing from font(s) DejaVu Sans.
[2026-05-09T14:50:06.811+0000] {logging_mixin.py:190} WARNING - /opt/airflow/dags/dag_daily_report.py:254 UserWarning: Glyph 49345 (\N{HANGUL SYLLABLE SANG}) missing from font(s) DejaVu Sans.
[2026-05-09T14:50:06.825+0000] {logging_mixin.py:190} WARNING - /opt/airflow/dags/dag_daily_report.py:162 UserWarning: Glyph 53364 (\N{HANGUL SYLLABLE KEUL}) missing from font(s) DejaVu Sans.
[2026-05-09T14:50:06.826+0000] {logging_mixin.py:190} WARNING - /opt/airflow/dags/dag_daily_report.py:162 UserWarning: Glyph 47000 (\N{HANGUL SYLLABLE RAE}) missing from font(s) DejaVu Sans.
[2026-05-09T14:50:06.827+0000] {logging_mixin.py:190} WARNING - /opt/airflow/dags/dag_daily_report.py:162 UserWarning: Glyph 49828 (\N{HANGUL SYLLABLE SEU}) missing from font(s) DejaVu Sans.
[2026-05-09T14:50:06.828+0000] {logging_mixin.py:190} WARNING - /opt/airflow/dags/dag_daily_report.py:162 UserWarning: Glyph 48516 (\N{HANGUL SYLLABLE BUN}) missing from font(s) DejaVu Sans.
[2026-05-09T14:50:06.829+0000] {logging_mixin.py:190} WARNING - /opt/airflow/dags/dag_daily_report.py:162 UserWarning: Glyph 54252 (\N{HANGUL SYLLABLE PO}) missing from font(s) DejaVu Sans.
[2026-05-09T14:50:06.831+0000] {logging_mixin.py:190} WARNING - /opt/airflow/dags/dag_daily_report.py:162 UserWarning: Glyph 52509 (\N{HANGUL SYLLABLE CONG}) missing from font(s) DejaVu Sans.
[2026-05-09T14:50:06.832+0000] {logging_mixin.py:190} WARNING - /opt/airflow/dags/dag_daily_report.py:162 UserWarning: Glyph 44148 (\N{HANGUL SYLLABLE GEON}) missing from font(s) DejaVu Sans.
[2026-05-09T14:50:06.835+0000] {logging_mixin.py:190} WARNING - /opt/airflow/dags/dag_daily_report.py:162 UserWarning: Glyph 51221 (\N{HANGUL SYLLABLE JEONG}) missing from font(s) DejaVu Sans.
[2026-05-09T14:50:06.836+0000] {logging_mixin.py:190} WARNING - /opt/airflow/dags/dag_daily_report.py:162 UserWarning: Glyph 49345 (\N{HANGUL SYLLABLE SANG}) missing from font(s) DejaVu Sans.
[2026-05-09T14:50:07.021+0000] {dag_daily_report.py:167} INFO - PNG 업로드: s3://road-defect-seong/reports/2026-05-09/task1_cp_class_distribution.png
[2026-05-09T14:50:07.023+0000] {dag_daily_report.py:257} INFO - [Task 1] 완료. 1건
[2026-05-09T14:50:07.024+0000] {python.py:240} INFO - Done. Returned value was: {'total': 1, 'date': '2026-05-09'}
[2026-05-09T14:50:07.039+0000] {taskinstance.py:341} INFO - ::group::Post task execution logs
[2026-05-09T14:50:07.040+0000] {taskinstance.py:353} INFO - Marking task as SUCCESS. dag_id=dag_daily_report, task_id=model_performance_monitoring, run_id=scheduled__2026-05-08T14:50:00+00:00, execution_date=20260508T145000, start_date=20260509T145005, end_date=20260509T145007
[2026-05-09T14:50:07.111+0000] {local_task_job_runner.py:266} INFO - Task exited with return code 0
[2026-05-09T14:50:07.136+0000] {taskinstance.py:3901} INFO - 1 downstream tasks scheduled from follow-on schedule check
[2026-05-09T14:50:07.141+0000] {local_task_job_runner.py:245} INFO - ::endgroup::
