[2026-05-07T08:34:32.488+0000] {local_task_job_runner.py:123} INFO - ::group::Pre task execution logs
[2026-05-07T08:34:32.503+0000] {taskinstance.py:2614} INFO - Dependencies all met for dep_context=non-requeueable deps ti=<TaskInstance: dag_daily_report.speed_uncertainty_analysis manual__2026-05-07T08:34:18.101956+00:00 [queued]>
[2026-05-07T08:34:32.510+0000] {taskinstance.py:2614} INFO - Dependencies all met for dep_context=requeueable deps ti=<TaskInstance: dag_daily_report.speed_uncertainty_analysis manual__2026-05-07T08:34:18.101956+00:00 [queued]>
[2026-05-07T08:34:32.510+0000] {taskinstance.py:2867} INFO - Starting attempt 1 of 2
[2026-05-07T08:34:32.529+0000] {taskinstance.py:2890} INFO - Executing <Task(PythonOperator): speed_uncertainty_analysis> on 2026-05-07 08:34:18.101956+00:00
[2026-05-07T08:34:32.537+0000] {standard_task_runner.py:72} INFO - Started process 10420 to run task
[2026-05-07T08:34:32.541+0000] {standard_task_runner.py:104} INFO - Running: ['airflow', 'tasks', 'run', 'dag_daily_report', 'speed_uncertainty_analysis', 'manual__2026-05-07T08:34:18.101956+00:00', '--job-id', '185', '--raw', '--subdir', 'DAGS_FOLDER/dag_daily_report.py', '--cfg-path', '/tmp/tmp7dsc6scc']
[2026-05-07T08:34:32.544+0000] {standard_task_runner.py:105} INFO - Job 185: Subtask speed_uncertainty_analysis
[2026-05-07T08:34:32.581+0000] {task_command.py:467} INFO - Running <TaskInstance: dag_daily_report.speed_uncertainty_analysis manual__2026-05-07T08:34:18.101956+00:00 [running]> on host 0177f1ae1202
[2026-05-07T08:34:32.646+0000] {taskinstance.py:3134} INFO - Exporting env vars: AIRFLOW_CTX_DAG_OWNER='pothole-pipeline' AIRFLOW_CTX_DAG_ID='dag_daily_report' AIRFLOW_CTX_TASK_ID='speed_uncertainty_analysis' AIRFLOW_CTX_EXECUTION_DATE='2026-05-07T08:34:18.101956+00:00' AIRFLOW_CTX_TRY_NUMBER='1' AIRFLOW_CTX_DAG_RUN_ID='manual__2026-05-07T08:34:18.101956+00:00'
[2026-05-07T08:34:32.647+0000] {taskinstance.py:732} INFO - ::endgroup::
[2026-05-07T08:34:32.664+0000] {dag_daily_report.py:271} INFO - [Task 2] 시작: 2026-05-07
[2026-05-07T08:34:32.687+0000] {credentials.py:1075} INFO - Found credentials from IAM Role: exi-airflow-ec2-role
[2026-05-07T08:34:32.810+0000] {dag_daily_report.py:126} INFO - S3 조회: s3://road-defect-seong/raw/raw_logs/year=2026/month=05/day=07/
[2026-05-07T08:34:33.490+0000] {dag_daily_report.py:155} INFO - 로드 완료: 120,281건 (parse_error 제거: 0건)
[2026-05-07T08:34:33.561+0000] {logging_mixin.py:190} WARNING - /opt/airflow/dags/dag_daily_report.py:318 UserWarning: Glyph 49549 (\N{HANGUL SYLLABLE SOG}) missing from font(s) DejaVu Sans.
[2026-05-07T08:34:33.563+0000] {logging_mixin.py:190} WARNING - /opt/airflow/dags/dag_daily_report.py:318 UserWarning: Glyph 46020 (\N{HANGUL SYLLABLE DO}) missing from font(s) DejaVu Sans.
[2026-05-07T08:34:33.564+0000] {logging_mixin.py:190} WARNING - /opt/airflow/dags/dag_daily_report.py:318 UserWarning: Glyph 44396 (\N{HANGUL SYLLABLE GU}) missing from font(s) DejaVu Sans.
[2026-05-07T08:34:33.565+0000] {logging_mixin.py:190} WARNING - /opt/airflow/dags/dag_daily_report.py:318 UserWarning: Glyph 44036 (\N{HANGUL SYLLABLE GAN}) missing from font(s) DejaVu Sans.
[2026-05-07T08:34:33.580+0000] {logging_mixin.py:190} WARNING - /opt/airflow/dags/dag_daily_report.py:318 UserWarning: Glyph 48520 (\N{HANGUL SYLLABLE BUL}) missing from font(s) DejaVu Sans.
[2026-05-07T08:34:33.581+0000] {logging_mixin.py:190} WARNING - /opt/airflow/dags/dag_daily_report.py:318 UserWarning: Glyph 54869 (\N{HANGUL SYLLABLE HWAG}) missing from font(s) DejaVu Sans.
[2026-05-07T08:34:33.582+0000] {logging_mixin.py:190} WARNING - /opt/airflow/dags/dag_daily_report.py:318 UserWarning: Glyph 49892 (\N{HANGUL SYLLABLE SIL}) missing from font(s) DejaVu Sans.
[2026-05-07T08:34:33.583+0000] {logging_mixin.py:190} WARNING - /opt/airflow/dags/dag_daily_report.py:318 UserWarning: Glyph 50696 (\N{HANGUL SYLLABLE YE}) missing from font(s) DejaVu Sans.
[2026-05-07T08:34:33.584+0000] {logging_mixin.py:190} WARNING - /opt/airflow/dags/dag_daily_report.py:318 UserWarning: Glyph 52769 (\N{HANGUL SYLLABLE CEUG}) missing from font(s) DejaVu Sans.
[2026-05-07T08:34:33.585+0000] {logging_mixin.py:190} WARNING - /opt/airflow/dags/dag_daily_report.py:318 UserWarning: Glyph 48708 (\N{HANGUL SYLLABLE BI}) missing from font(s) DejaVu Sans.
[2026-05-07T08:34:33.586+0000] {logging_mixin.py:190} WARNING - /opt/airflow/dags/dag_daily_report.py:318 UserWarning: Glyph 50984 (\N{HANGUL SYLLABLE YUL}) missing from font(s) DejaVu Sans.
[2026-05-07T08:34:33.594+0000] {logging_mixin.py:190} WARNING - /opt/airflow/dags/dag_daily_report.py:318 UserWarning: Glyph 48324 (\N{HANGUL SYLLABLE BYEOL}) missing from font(s) DejaVu Sans.
[2026-05-07T08:34:33.596+0000] {logging_mixin.py:190} WARNING - /opt/airflow/dags/dag_daily_report.py:318 UserWarning: Glyph 51228 (\N{HANGUL SYLLABLE JE}) missing from font(s) DejaVu Sans.
[2026-05-07T08:34:33.597+0000] {logging_mixin.py:190} WARNING - /opt/airflow/dags/dag_daily_report.py:318 UserWarning: Glyph 48660 (\N{HANGUL SYLLABLE BEUL}) missing from font(s) DejaVu Sans.
[2026-05-07T08:34:33.598+0000] {logging_mixin.py:190} WARNING - /opt/airflow/dags/dag_daily_report.py:318 UserWarning: Glyph 47001 (\N{HANGUL SYLLABLE RAEG}) missing from font(s) DejaVu Sans.
[2026-05-07T08:34:33.599+0000] {logging_mixin.py:190} WARNING - /opt/airflow/dags/dag_daily_report.py:318 UserWarning: Glyph 48149 (\N{HANGUL SYLLABLE BAG}) missing from font(s) DejaVu Sans.
[2026-05-07T08:34:33.600+0000] {logging_mixin.py:190} WARNING - /opt/airflow/dags/dag_daily_report.py:318 UserWarning: Glyph 49828 (\N{HANGUL SYLLABLE SEU}) missing from font(s) DejaVu Sans.
[2026-05-07T08:34:33.601+0000] {logging_mixin.py:190} WARNING - /opt/airflow/dags/dag_daily_report.py:318 UserWarning: Glyph 45936 (\N{HANGUL SYLLABLE DE}) missing from font(s) DejaVu Sans.
[2026-05-07T08:34:33.602+0000] {logging_mixin.py:190} WARNING - /opt/airflow/dags/dag_daily_report.py:318 UserWarning: Glyph 51060 (\N{HANGUL SYLLABLE I}) missing from font(s) DejaVu Sans.
[2026-05-07T08:34:33.603+0000] {logging_mixin.py:190} WARNING - /opt/airflow/dags/dag_daily_report.py:318 UserWarning: Glyph 53552 (\N{HANGUL SYLLABLE TEO}) missing from font(s) DejaVu Sans.
[2026-05-07T08:34:33.604+0000] {logging_mixin.py:190} WARNING - /opt/airflow/dags/dag_daily_report.py:318 UserWarning: Glyph 49688 (\N{HANGUL SYLLABLE SU}) missing from font(s) DejaVu Sans.
[2026-05-07T08:34:33.605+0000] {logging_mixin.py:190} WARNING - /opt/airflow/dags/dag_daily_report.py:318 UserWarning: Glyph 51665 (\N{HANGUL SYLLABLE JIB}) missing from font(s) DejaVu Sans.
[2026-05-07T08:34:33.606+0000] {logging_mixin.py:190} WARNING - /opt/airflow/dags/dag_daily_report.py:318 UserWarning: Glyph 49884 (\N{HANGUL SYLLABLE SI}) missing from font(s) DejaVu Sans.
[2026-05-07T08:34:33.607+0000] {logging_mixin.py:190} WARNING - /opt/airflow/dags/dag_daily_report.py:318 UserWarning: Glyph 44256 (\N{HANGUL SYLLABLE GO}) missing from font(s) DejaVu Sans.
[2026-05-07T08:34:33.608+0000] {logging_mixin.py:190} WARNING - /opt/airflow/dags/dag_daily_report.py:318 UserWarning: Glyph 50640 (\N{HANGUL SYLLABLE E}) missing from font(s) DejaVu Sans.
[2026-05-07T08:34:33.610+0000] {logging_mixin.py:190} WARNING - /opt/airflow/dags/dag_daily_report.py:318 UserWarning: Glyph 49436 (\N{HANGUL SYLLABLE SEO}) missing from font(s) DejaVu Sans.
[2026-05-07T08:34:33.611+0000] {logging_mixin.py:190} WARNING - /opt/airflow/dags/dag_daily_report.py:318 UserWarning: Glyph 51613 (\N{HANGUL SYLLABLE JEUNG}) missing from font(s) DejaVu Sans.
[2026-05-07T08:34:33.612+0000] {logging_mixin.py:190} WARNING - /opt/airflow/dags/dag_daily_report.py:318 UserWarning: Glyph 44032 (\N{HANGUL SYLLABLE GA}) missing from font(s) DejaVu Sans.
[2026-05-07T08:34:33.613+0000] {logging_mixin.py:190} WARNING - /opt/airflow/dags/dag_daily_report.py:318 UserWarning: Glyph 50668 (\N{HANGUL SYLLABLE YEO}) missing from font(s) DejaVu Sans.
[2026-05-07T08:34:33.614+0000] {logging_mixin.py:190} WARNING - /opt/airflow/dags/dag_daily_report.py:318 UserWarning: Glyph 48512 (\N{HANGUL SYLLABLE BU}) missing from font(s) DejaVu Sans.
[2026-05-07T08:34:33.615+0000] {logging_mixin.py:190} WARNING - /opt/airflow/dags/dag_daily_report.py:318 UserWarning: Glyph 44160 (\N{HANGUL SYLLABLE GEOM}) missing from font(s) DejaVu Sans.
[2026-05-07T08:34:33.638+0000] {logging_mixin.py:190} WARNING - /opt/airflow/dags/dag_daily_report.py:162 UserWarning: Glyph 48520 (\N{HANGUL SYLLABLE BUL}) missing from font(s) DejaVu Sans.
[2026-05-07T08:34:33.639+0000] {logging_mixin.py:190} WARNING - /opt/airflow/dags/dag_daily_report.py:162 UserWarning: Glyph 54869 (\N{HANGUL SYLLABLE HWAG}) missing from font(s) DejaVu Sans.
[2026-05-07T08:34:33.640+0000] {logging_mixin.py:190} WARNING - /opt/airflow/dags/dag_daily_report.py:162 UserWarning: Glyph 49892 (\N{HANGUL SYLLABLE SIL}) missing from font(s) DejaVu Sans.
[2026-05-07T08:34:33.641+0000] {logging_mixin.py:190} WARNING - /opt/airflow/dags/dag_daily_report.py:162 UserWarning: Glyph 50696 (\N{HANGUL SYLLABLE YE}) missing from font(s) DejaVu Sans.
[2026-05-07T08:34:33.642+0000] {logging_mixin.py:190} WARNING - /opt/airflow/dags/dag_daily_report.py:162 UserWarning: Glyph 52769 (\N{HANGUL SYLLABLE CEUG}) missing from font(s) DejaVu Sans.
[2026-05-07T08:34:33.643+0000] {logging_mixin.py:190} WARNING - /opt/airflow/dags/dag_daily_report.py:162 UserWarning: Glyph 48708 (\N{HANGUL SYLLABLE BI}) missing from font(s) DejaVu Sans.
[2026-05-07T08:34:33.644+0000] {logging_mixin.py:190} WARNING - /opt/airflow/dags/dag_daily_report.py:162 UserWarning: Glyph 50984 (\N{HANGUL SYLLABLE YUL}) missing from font(s) DejaVu Sans.
[2026-05-07T08:34:33.646+0000] {logging_mixin.py:190} WARNING - /opt/airflow/dags/dag_daily_report.py:162 UserWarning: Glyph 49549 (\N{HANGUL SYLLABLE SOG}) missing from font(s) DejaVu Sans.
[2026-05-07T08:34:33.647+0000] {logging_mixin.py:190} WARNING - /opt/airflow/dags/dag_daily_report.py:162 UserWarning: Glyph 46020 (\N{HANGUL SYLLABLE DO}) missing from font(s) DejaVu Sans.
[2026-05-07T08:34:33.648+0000] {logging_mixin.py:190} WARNING - /opt/airflow/dags/dag_daily_report.py:162 UserWarning: Glyph 44396 (\N{HANGUL SYLLABLE GU}) missing from font(s) DejaVu Sans.
[2026-05-07T08:34:33.649+0000] {logging_mixin.py:190} WARNING - /opt/airflow/dags/dag_daily_report.py:162 UserWarning: Glyph 44036 (\N{HANGUL SYLLABLE GAN}) missing from font(s) DejaVu Sans.
[2026-05-07T08:34:33.650+0000] {logging_mixin.py:190} WARNING - /opt/airflow/dags/dag_daily_report.py:162 UserWarning: Glyph 48324 (\N{HANGUL SYLLABLE BYEOL}) missing from font(s) DejaVu Sans.
[2026-05-07T08:34:33.652+0000] {logging_mixin.py:190} WARNING - /opt/airflow/dags/dag_daily_report.py:162 UserWarning: Glyph 51228 (\N{HANGUL SYLLABLE JE}) missing from font(s) DejaVu Sans.
[2026-05-07T08:34:33.653+0000] {logging_mixin.py:190} WARNING - /opt/airflow/dags/dag_daily_report.py:162 UserWarning: Glyph 48660 (\N{HANGUL SYLLABLE BEUL}) missing from font(s) DejaVu Sans.
[2026-05-07T08:34:33.654+0000] {logging_mixin.py:190} WARNING - /opt/airflow/dags/dag_daily_report.py:162 UserWarning: Glyph 47001 (\N{HANGUL SYLLABLE RAEG}) missing from font(s) DejaVu Sans.
[2026-05-07T08:34:33.655+0000] {logging_mixin.py:190} WARNING - /opt/airflow/dags/dag_daily_report.py:162 UserWarning: Glyph 48149 (\N{HANGUL SYLLABLE BAG}) missing from font(s) DejaVu Sans.
[2026-05-07T08:34:33.656+0000] {logging_mixin.py:190} WARNING - /opt/airflow/dags/dag_daily_report.py:162 UserWarning: Glyph 49828 (\N{HANGUL SYLLABLE SEU}) missing from font(s) DejaVu Sans.
[2026-05-07T08:34:33.657+0000] {logging_mixin.py:190} WARNING - /opt/airflow/dags/dag_daily_report.py:162 UserWarning: Glyph 45936 (\N{HANGUL SYLLABLE DE}) missing from font(s) DejaVu Sans.
[2026-05-07T08:34:33.658+0000] {logging_mixin.py:190} WARNING - /opt/airflow/dags/dag_daily_report.py:162 UserWarning: Glyph 51060 (\N{HANGUL SYLLABLE I}) missing from font(s) DejaVu Sans.
[2026-05-07T08:34:33.659+0000] {logging_mixin.py:190} WARNING - /opt/airflow/dags/dag_daily_report.py:162 UserWarning: Glyph 53552 (\N{HANGUL SYLLABLE TEO}) missing from font(s) DejaVu Sans.
[2026-05-07T08:34:33.660+0000] {logging_mixin.py:190} WARNING - /opt/airflow/dags/dag_daily_report.py:162 UserWarning: Glyph 49688 (\N{HANGUL SYLLABLE SU}) missing from font(s) DejaVu Sans.
[2026-05-07T08:34:33.661+0000] {logging_mixin.py:190} WARNING - /opt/airflow/dags/dag_daily_report.py:162 UserWarning: Glyph 51665 (\N{HANGUL SYLLABLE JIB}) missing from font(s) DejaVu Sans.
[2026-05-07T08:34:33.662+0000] {logging_mixin.py:190} WARNING - /opt/airflow/dags/dag_daily_report.py:162 UserWarning: Glyph 49884 (\N{HANGUL SYLLABLE SI}) missing from font(s) DejaVu Sans.
[2026-05-07T08:34:33.663+0000] {logging_mixin.py:190} WARNING - /opt/airflow/dags/dag_daily_report.py:162 UserWarning: Glyph 44256 (\N{HANGUL SYLLABLE GO}) missing from font(s) DejaVu Sans.
[2026-05-07T08:34:33.664+0000] {logging_mixin.py:190} WARNING - /opt/airflow/dags/dag_daily_report.py:162 UserWarning: Glyph 50640 (\N{HANGUL SYLLABLE E}) missing from font(s) DejaVu Sans.
[2026-05-07T08:34:33.665+0000] {logging_mixin.py:190} WARNING - /opt/airflow/dags/dag_daily_report.py:162 UserWarning: Glyph 49436 (\N{HANGUL SYLLABLE SEO}) missing from font(s) DejaVu Sans.
[2026-05-07T08:34:33.666+0000] {logging_mixin.py:190} WARNING - /opt/airflow/dags/dag_daily_report.py:162 UserWarning: Glyph 51613 (\N{HANGUL SYLLABLE JEUNG}) missing from font(s) DejaVu Sans.
[2026-05-07T08:34:33.667+0000] {logging_mixin.py:190} WARNING - /opt/airflow/dags/dag_daily_report.py:162 UserWarning: Glyph 44032 (\N{HANGUL SYLLABLE GA}) missing from font(s) DejaVu Sans.
[2026-05-07T08:34:33.668+0000] {logging_mixin.py:190} WARNING - /opt/airflow/dags/dag_daily_report.py:162 UserWarning: Glyph 50668 (\N{HANGUL SYLLABLE YEO}) missing from font(s) DejaVu Sans.
[2026-05-07T08:34:33.669+0000] {logging_mixin.py:190} WARNING - /opt/airflow/dags/dag_daily_report.py:162 UserWarning: Glyph 48512 (\N{HANGUL SYLLABLE BU}) missing from font(s) DejaVu Sans.
[2026-05-07T08:34:33.670+0000] {logging_mixin.py:190} WARNING - /opt/airflow/dags/dag_daily_report.py:162 UserWarning: Glyph 44160 (\N{HANGUL SYLLABLE GEOM}) missing from font(s) DejaVu Sans.
[2026-05-07T08:34:33.954+0000] {dag_daily_report.py:167} INFO - PNG 업로드: s3://road-defect-seong/reports/2026-05-07/task2_speed_uncertainty.png
[2026-05-07T08:34:33.955+0000] {dag_daily_report.py:321} INFO - [Task 2] 완료
[2026-05-07T08:34:33.962+0000] {python.py:240} INFO - Done. Returned value was: {'date': '2026-05-07'}
[2026-05-07T08:34:33.978+0000] {taskinstance.py:341} INFO - ::group::Post task execution logs
[2026-05-07T08:34:33.978+0000] {taskinstance.py:353} INFO - Marking task as SUCCESS. dag_id=dag_daily_report, task_id=speed_uncertainty_analysis, run_id=manual__2026-05-07T08:34:18.101956+00:00, execution_date=20260507T083418, start_date=20260507T083432, end_date=20260507T083433
[2026-05-07T08:34:34.040+0000] {local_task_job_runner.py:266} INFO - Task exited with return code 0
[2026-05-07T08:34:34.062+0000] {taskinstance.py:3901} INFO - 1 downstream tasks scheduled from follow-on schedule check
[2026-05-07T08:34:34.067+0000] {local_task_job_runner.py:245} INFO - ::endgroup::
