[2026-05-11T14:50:18.373+0000] {local_task_job_runner.py:123} INFO - ::group::Pre task execution logs
[2026-05-11T14:50:18.386+0000] {taskinstance.py:2614} INFO - Dependencies all met for dep_context=non-requeueable deps ti=<TaskInstance: dag_daily_report.hnm_candidates_extraction scheduled__2026-05-10T14:50:00+00:00 [queued]>
[2026-05-11T14:50:18.394+0000] {taskinstance.py:2614} INFO - Dependencies all met for dep_context=requeueable deps ti=<TaskInstance: dag_daily_report.hnm_candidates_extraction scheduled__2026-05-10T14:50:00+00:00 [queued]>
[2026-05-11T14:50:18.394+0000] {taskinstance.py:2867} INFO - Starting attempt 1 of 2
[2026-05-11T14:50:18.409+0000] {taskinstance.py:2890} INFO - Executing <Task(PythonOperator): hnm_candidates_extraction> on 2026-05-10 14:50:00+00:00
[2026-05-11T14:50:18.420+0000] {standard_task_runner.py:72} INFO - Started process 54808 to run task
[2026-05-11T14:50:18.424+0000] {standard_task_runner.py:104} INFO - Running: ['airflow', 'tasks', 'run', 'dag_daily_report', 'hnm_candidates_extraction', 'scheduled__2026-05-10T14:50:00+00:00', '--job-id', '1488', '--raw', '--subdir', 'DAGS_FOLDER/dag_daily_report.py', '--cfg-path', '/tmp/tmp3qosne48']
[2026-05-11T14:50:18.427+0000] {standard_task_runner.py:105} INFO - Job 1488: Subtask hnm_candidates_extraction
[2026-05-11T14:50:18.464+0000] {task_command.py:467} INFO - Running <TaskInstance: dag_daily_report.hnm_candidates_extraction scheduled__2026-05-10T14:50:00+00:00 [running]> on host 0177f1ae1202
[2026-05-11T14:50:18.528+0000] {taskinstance.py:3134} INFO - Exporting env vars: AIRFLOW_CTX_DAG_OWNER='pothole-pipeline' AIRFLOW_CTX_DAG_ID='dag_daily_report' AIRFLOW_CTX_TASK_ID='hnm_candidates_extraction' AIRFLOW_CTX_EXECUTION_DATE='2026-05-10T14:50:00+00:00' AIRFLOW_CTX_TRY_NUMBER='1' AIRFLOW_CTX_DAG_RUN_ID='scheduled__2026-05-10T14:50:00+00:00'
[2026-05-11T14:50:18.529+0000] {taskinstance.py:732} INFO - ::endgroup::
[2026-05-11T14:50:18.543+0000] {dag_daily_report.py:155} INFO - [Task 3] 시작: 2026-05-11
[2026-05-11T14:50:18.568+0000] {credentials.py:1075} INFO - Found credentials from IAM Role: exi-airflow-ec2-role
[2026-05-11T14:50:18.872+0000] {dag_daily_report.py:62} INFO - S3 조회: s3://road-defect-seong/raw/raw_logs/year=2026/month=05/day=11/
[2026-05-11T14:50:19.533+0000] {dag_daily_report.py:91} INFO - 로드 완료: 154,803건 (parse_error 제거: 0건)
[2026-05-11T14:50:19.787+0000] {dag_daily_report.py:103} INFO - CSV 업로드: s3://road-defect-seong/reports/2026-05-11/task3_hnm_candidates.csv
[2026-05-11T14:50:19.789+0000] {dag_daily_report.py:174} INFO - [Task 3] 완료. 총 7707건
[2026-05-11T14:50:19.798+0000] {python.py:240} INFO - Done. Returned value was: {'date': '2026-05-11', 'un': 7625, 'up': 82, 'total': 7707}
[2026-05-11T14:50:19.814+0000] {taskinstance.py:341} INFO - ::group::Post task execution logs
[2026-05-11T14:50:19.814+0000] {taskinstance.py:353} INFO - Marking task as SUCCESS. dag_id=dag_daily_report, task_id=hnm_candidates_extraction, run_id=scheduled__2026-05-10T14:50:00+00:00, execution_date=20260510T145000, start_date=20260511T145018, end_date=20260511T145019
[2026-05-11T14:50:19.881+0000] {local_task_job_runner.py:266} INFO - Task exited with return code 0
[2026-05-11T14:50:19.902+0000] {taskinstance.py:3901} INFO - 1 downstream tasks scheduled from follow-on schedule check
[2026-05-11T14:50:19.907+0000] {local_task_job_runner.py:245} INFO - ::endgroup::
