[2026-05-06T06:08:08.856+0000] {local_task_job_runner.py:123} INFO - ::group::Pre task execution logs
[2026-05-06T06:08:08.870+0000] {taskinstance.py:2614} INFO - Dependencies all met for dep_context=non-requeueable deps ti=<TaskInstance: dag_daily_report.speed_uncertainty_analysis manual__2026-05-06T06:07:43.238117+00:00 [queued]>
[2026-05-06T06:08:08.877+0000] {taskinstance.py:2614} INFO - Dependencies all met for dep_context=requeueable deps ti=<TaskInstance: dag_daily_report.speed_uncertainty_analysis manual__2026-05-06T06:07:43.238117+00:00 [queued]>
[2026-05-06T06:08:08.877+0000] {taskinstance.py:2867} INFO - Starting attempt 1 of 2
[2026-05-06T06:08:08.893+0000] {taskinstance.py:2890} INFO - Executing <Task(PythonOperator): speed_uncertainty_analysis> on 2026-05-06 06:07:43.238117+00:00
[2026-05-06T06:08:08.902+0000] {standard_task_runner.py:72} INFO - Started process 226 to run task
[2026-05-06T06:08:08.906+0000] {standard_task_runner.py:104} INFO - Running: ['airflow', 'tasks', 'run', 'dag_daily_report', 'speed_uncertainty_analysis', 'manual__2026-05-06T06:07:43.238117+00:00', '--job-id', '8', '--raw', '--subdir', 'DAGS_FOLDER/dag_daily_report.py', '--cfg-path', '/tmp/tmp_zy4k3fu']
[2026-05-06T06:08:08.909+0000] {standard_task_runner.py:105} INFO - Job 8: Subtask speed_uncertainty_analysis
[2026-05-06T06:08:08.946+0000] {task_command.py:467} INFO - Running <TaskInstance: dag_daily_report.speed_uncertainty_analysis manual__2026-05-06T06:07:43.238117+00:00 [running]> on host 0177f1ae1202
[2026-05-06T06:08:09.006+0000] {taskinstance.py:3134} INFO - Exporting env vars: AIRFLOW_CTX_DAG_OWNER='pothole-pipeline' AIRFLOW_CTX_DAG_ID='dag_daily_report' AIRFLOW_CTX_TASK_ID='speed_uncertainty_analysis' AIRFLOW_CTX_EXECUTION_DATE='2026-05-06T06:07:43.238117+00:00' AIRFLOW_CTX_TRY_NUMBER='1' AIRFLOW_CTX_DAG_RUN_ID='manual__2026-05-06T06:07:43.238117+00:00'
[2026-05-06T06:08:09.007+0000] {taskinstance.py:732} INFO - ::endgroup::
[2026-05-06T06:08:09.023+0000] {dag_daily_report.py:271} INFO - [Task 2] 시작: 2026-05-06
[2026-05-06T06:08:09.047+0000] {credentials.py:1075} INFO - Found credentials from IAM Role: exi-airflow-ec2-role
[2026-05-06T06:08:09.169+0000] {dag_daily_report.py:126} INFO - S3 조회: s3://road-defect-seong/raw/raw_logs/year=2026/month=05/day=06/
[2026-05-06T06:08:09.661+0000] {dag_daily_report.py:155} INFO - 로드 완료: 128,791건 (parse_error 제거: 0건)
[2026-05-06T06:08:09.730+0000] {logging_mixin.py:190} WARNING - /opt/airflow/dags/dag_daily_report.py:318 UserWarning: Glyph 49549 (\N{HANGUL SYLLABLE SOG}) missing from font(s) DejaVu Sans.
[2026-05-06T06:08:09.731+0000] {logging_mixin.py:190} WARNING - /opt/airflow/dags/dag_daily_report.py:318 UserWarning: Glyph 46020 (\N{HANGUL SYLLABLE DO}) missing from font(s) DejaVu Sans.
[2026-05-06T06:08:09.732+0000] {logging_mixin.py:190} WARNING - /opt/airflow/dags/dag_daily_report.py:318 UserWarning: Glyph 44396 (\N{HANGUL SYLLABLE GU}) missing from font(s) DejaVu Sans.
[2026-05-06T06:08:09.733+0000] {logging_mixin.py:190} WARNING - /opt/airflow/dags/dag_daily_report.py:318 UserWarning: Glyph 44036 (\N{HANGUL SYLLABLE GAN}) missing from font(s) DejaVu Sans.
[2026-05-06T06:08:09.748+0000] {logging_mixin.py:190} WARNING - /opt/airflow/dags/dag_daily_report.py:318 UserWarning: Glyph 48520 (\N{HANGUL SYLLABLE BUL}) missing from font(s) DejaVu Sans.
[2026-05-06T06:08:09.749+0000] {logging_mixin.py:190} WARNING - /opt/airflow/dags/dag_daily_report.py:318 UserWarning: Glyph 54869 (\N{HANGUL SYLLABLE HWAG}) missing from font(s) DejaVu Sans.
[2026-05-06T06:08:09.750+0000] {logging_mixin.py:190} WARNING - /opt/airflow/dags/dag_daily_report.py:318 UserWarning: Glyph 49892 (\N{HANGUL SYLLABLE SIL}) missing from font(s) DejaVu Sans.
[2026-05-06T06:08:09.751+0000] {logging_mixin.py:190} WARNING - /opt/airflow/dags/dag_daily_report.py:318 UserWarning: Glyph 50696 (\N{HANGUL SYLLABLE YE}) missing from font(s) DejaVu Sans.
[2026-05-06T06:08:09.752+0000] {logging_mixin.py:190} WARNING - /opt/airflow/dags/dag_daily_report.py:318 UserWarning: Glyph 52769 (\N{HANGUL SYLLABLE CEUG}) missing from font(s) DejaVu Sans.
[2026-05-06T06:08:09.753+0000] {logging_mixin.py:190} WARNING - /opt/airflow/dags/dag_daily_report.py:318 UserWarning: Glyph 48708 (\N{HANGUL SYLLABLE BI}) missing from font(s) DejaVu Sans.
[2026-05-06T06:08:09.754+0000] {logging_mixin.py:190} WARNING - /opt/airflow/dags/dag_daily_report.py:318 UserWarning: Glyph 50984 (\N{HANGUL SYLLABLE YUL}) missing from font(s) DejaVu Sans.
[2026-05-06T06:08:09.762+0000] {logging_mixin.py:190} WARNING - /opt/airflow/dags/dag_daily_report.py:318 UserWarning: Glyph 48324 (\N{HANGUL SYLLABLE BYEOL}) missing from font(s) DejaVu Sans.
[2026-05-06T06:08:09.765+0000] {logging_mixin.py:190} WARNING - /opt/airflow/dags/dag_daily_report.py:318 UserWarning: Glyph 51228 (\N{HANGUL SYLLABLE JE}) missing from font(s) DejaVu Sans.
[2026-05-06T06:08:09.766+0000] {logging_mixin.py:190} WARNING - /opt/airflow/dags/dag_daily_report.py:318 UserWarning: Glyph 48660 (\N{HANGUL SYLLABLE BEUL}) missing from font(s) DejaVu Sans.
[2026-05-06T06:08:09.767+0000] {logging_mixin.py:190} WARNING - /opt/airflow/dags/dag_daily_report.py:318 UserWarning: Glyph 47001 (\N{HANGUL SYLLABLE RAEG}) missing from font(s) DejaVu Sans.
[2026-05-06T06:08:09.768+0000] {logging_mixin.py:190} WARNING - /opt/airflow/dags/dag_daily_report.py:318 UserWarning: Glyph 48149 (\N{HANGUL SYLLABLE BAG}) missing from font(s) DejaVu Sans.
[2026-05-06T06:08:09.768+0000] {logging_mixin.py:190} WARNING - /opt/airflow/dags/dag_daily_report.py:318 UserWarning: Glyph 49828 (\N{HANGUL SYLLABLE SEU}) missing from font(s) DejaVu Sans.
[2026-05-06T06:08:09.769+0000] {logging_mixin.py:190} WARNING - /opt/airflow/dags/dag_daily_report.py:318 UserWarning: Glyph 45936 (\N{HANGUL SYLLABLE DE}) missing from font(s) DejaVu Sans.
[2026-05-06T06:08:09.770+0000] {logging_mixin.py:190} WARNING - /opt/airflow/dags/dag_daily_report.py:318 UserWarning: Glyph 51060 (\N{HANGUL SYLLABLE I}) missing from font(s) DejaVu Sans.
[2026-05-06T06:08:09.771+0000] {logging_mixin.py:190} WARNING - /opt/airflow/dags/dag_daily_report.py:318 UserWarning: Glyph 53552 (\N{HANGUL SYLLABLE TEO}) missing from font(s) DejaVu Sans.
[2026-05-06T06:08:09.772+0000] {logging_mixin.py:190} WARNING - /opt/airflow/dags/dag_daily_report.py:318 UserWarning: Glyph 49688 (\N{HANGUL SYLLABLE SU}) missing from font(s) DejaVu Sans.
[2026-05-06T06:08:09.773+0000] {logging_mixin.py:190} WARNING - /opt/airflow/dags/dag_daily_report.py:318 UserWarning: Glyph 51665 (\N{HANGUL SYLLABLE JIB}) missing from font(s) DejaVu Sans.
[2026-05-06T06:08:09.774+0000] {logging_mixin.py:190} WARNING - /opt/airflow/dags/dag_daily_report.py:318 UserWarning: Glyph 49884 (\N{HANGUL SYLLABLE SI}) missing from font(s) DejaVu Sans.
[2026-05-06T06:08:09.775+0000] {logging_mixin.py:190} WARNING - /opt/airflow/dags/dag_daily_report.py:318 UserWarning: Glyph 44256 (\N{HANGUL SYLLABLE GO}) missing from font(s) DejaVu Sans.
[2026-05-06T06:08:09.776+0000] {logging_mixin.py:190} WARNING - /opt/airflow/dags/dag_daily_report.py:318 UserWarning: Glyph 50640 (\N{HANGUL SYLLABLE E}) missing from font(s) DejaVu Sans.
[2026-05-06T06:08:09.777+0000] {logging_mixin.py:190} WARNING - /opt/airflow/dags/dag_daily_report.py:318 UserWarning: Glyph 49436 (\N{HANGUL SYLLABLE SEO}) missing from font(s) DejaVu Sans.
[2026-05-06T06:08:09.778+0000] {logging_mixin.py:190} WARNING - /opt/airflow/dags/dag_daily_report.py:318 UserWarning: Glyph 51613 (\N{HANGUL SYLLABLE JEUNG}) missing from font(s) DejaVu Sans.
[2026-05-06T06:08:09.779+0000] {logging_mixin.py:190} WARNING - /opt/airflow/dags/dag_daily_report.py:318 UserWarning: Glyph 44032 (\N{HANGUL SYLLABLE GA}) missing from font(s) DejaVu Sans.
[2026-05-06T06:08:09.780+0000] {logging_mixin.py:190} WARNING - /opt/airflow/dags/dag_daily_report.py:318 UserWarning: Glyph 50668 (\N{HANGUL SYLLABLE YEO}) missing from font(s) DejaVu Sans.
[2026-05-06T06:08:09.781+0000] {logging_mixin.py:190} WARNING - /opt/airflow/dags/dag_daily_report.py:318 UserWarning: Glyph 48512 (\N{HANGUL SYLLABLE BU}) missing from font(s) DejaVu Sans.
[2026-05-06T06:08:09.782+0000] {logging_mixin.py:190} WARNING - /opt/airflow/dags/dag_daily_report.py:318 UserWarning: Glyph 44160 (\N{HANGUL SYLLABLE GEOM}) missing from font(s) DejaVu Sans.
[2026-05-06T06:08:09.808+0000] {logging_mixin.py:190} WARNING - /opt/airflow/dags/dag_daily_report.py:162 UserWarning: Glyph 48520 (\N{HANGUL SYLLABLE BUL}) missing from font(s) DejaVu Sans.
[2026-05-06T06:08:09.809+0000] {logging_mixin.py:190} WARNING - /opt/airflow/dags/dag_daily_report.py:162 UserWarning: Glyph 54869 (\N{HANGUL SYLLABLE HWAG}) missing from font(s) DejaVu Sans.
[2026-05-06T06:08:09.810+0000] {logging_mixin.py:190} WARNING - /opt/airflow/dags/dag_daily_report.py:162 UserWarning: Glyph 49892 (\N{HANGUL SYLLABLE SIL}) missing from font(s) DejaVu Sans.
[2026-05-06T06:08:09.812+0000] {logging_mixin.py:190} WARNING - /opt/airflow/dags/dag_daily_report.py:162 UserWarning: Glyph 50696 (\N{HANGUL SYLLABLE YE}) missing from font(s) DejaVu Sans.
[2026-05-06T06:08:09.813+0000] {logging_mixin.py:190} WARNING - /opt/airflow/dags/dag_daily_report.py:162 UserWarning: Glyph 52769 (\N{HANGUL SYLLABLE CEUG}) missing from font(s) DejaVu Sans.
[2026-05-06T06:08:09.814+0000] {logging_mixin.py:190} WARNING - /opt/airflow/dags/dag_daily_report.py:162 UserWarning: Glyph 48708 (\N{HANGUL SYLLABLE BI}) missing from font(s) DejaVu Sans.
[2026-05-06T06:08:09.815+0000] {logging_mixin.py:190} WARNING - /opt/airflow/dags/dag_daily_report.py:162 UserWarning: Glyph 50984 (\N{HANGUL SYLLABLE YUL}) missing from font(s) DejaVu Sans.
[2026-05-06T06:08:09.817+0000] {logging_mixin.py:190} WARNING - /opt/airflow/dags/dag_daily_report.py:162 UserWarning: Glyph 49549 (\N{HANGUL SYLLABLE SOG}) missing from font(s) DejaVu Sans.
[2026-05-06T06:08:09.818+0000] {logging_mixin.py:190} WARNING - /opt/airflow/dags/dag_daily_report.py:162 UserWarning: Glyph 46020 (\N{HANGUL SYLLABLE DO}) missing from font(s) DejaVu Sans.
[2026-05-06T06:08:09.819+0000] {logging_mixin.py:190} WARNING - /opt/airflow/dags/dag_daily_report.py:162 UserWarning: Glyph 44396 (\N{HANGUL SYLLABLE GU}) missing from font(s) DejaVu Sans.
[2026-05-06T06:08:09.820+0000] {logging_mixin.py:190} WARNING - /opt/airflow/dags/dag_daily_report.py:162 UserWarning: Glyph 44036 (\N{HANGUL SYLLABLE GAN}) missing from font(s) DejaVu Sans.
[2026-05-06T06:08:09.821+0000] {logging_mixin.py:190} WARNING - /opt/airflow/dags/dag_daily_report.py:162 UserWarning: Glyph 48324 (\N{HANGUL SYLLABLE BYEOL}) missing from font(s) DejaVu Sans.
[2026-05-06T06:08:09.823+0000] {logging_mixin.py:190} WARNING - /opt/airflow/dags/dag_daily_report.py:162 UserWarning: Glyph 51228 (\N{HANGUL SYLLABLE JE}) missing from font(s) DejaVu Sans.
[2026-05-06T06:08:09.824+0000] {logging_mixin.py:190} WARNING - /opt/airflow/dags/dag_daily_report.py:162 UserWarning: Glyph 48660 (\N{HANGUL SYLLABLE BEUL}) missing from font(s) DejaVu Sans.
[2026-05-06T06:08:09.825+0000] {logging_mixin.py:190} WARNING - /opt/airflow/dags/dag_daily_report.py:162 UserWarning: Glyph 47001 (\N{HANGUL SYLLABLE RAEG}) missing from font(s) DejaVu Sans.
[2026-05-06T06:08:09.826+0000] {logging_mixin.py:190} WARNING - /opt/airflow/dags/dag_daily_report.py:162 UserWarning: Glyph 48149 (\N{HANGUL SYLLABLE BAG}) missing from font(s) DejaVu Sans.
[2026-05-06T06:08:09.827+0000] {logging_mixin.py:190} WARNING - /opt/airflow/dags/dag_daily_report.py:162 UserWarning: Glyph 49828 (\N{HANGUL SYLLABLE SEU}) missing from font(s) DejaVu Sans.
[2026-05-06T06:08:09.828+0000] {logging_mixin.py:190} WARNING - /opt/airflow/dags/dag_daily_report.py:162 UserWarning: Glyph 45936 (\N{HANGUL SYLLABLE DE}) missing from font(s) DejaVu Sans.
[2026-05-06T06:08:09.829+0000] {logging_mixin.py:190} WARNING - /opt/airflow/dags/dag_daily_report.py:162 UserWarning: Glyph 51060 (\N{HANGUL SYLLABLE I}) missing from font(s) DejaVu Sans.
[2026-05-06T06:08:09.830+0000] {logging_mixin.py:190} WARNING - /opt/airflow/dags/dag_daily_report.py:162 UserWarning: Glyph 53552 (\N{HANGUL SYLLABLE TEO}) missing from font(s) DejaVu Sans.
[2026-05-06T06:08:09.831+0000] {logging_mixin.py:190} WARNING - /opt/airflow/dags/dag_daily_report.py:162 UserWarning: Glyph 49688 (\N{HANGUL SYLLABLE SU}) missing from font(s) DejaVu Sans.
[2026-05-06T06:08:09.832+0000] {logging_mixin.py:190} WARNING - /opt/airflow/dags/dag_daily_report.py:162 UserWarning: Glyph 51665 (\N{HANGUL SYLLABLE JIB}) missing from font(s) DejaVu Sans.
[2026-05-06T06:08:09.833+0000] {logging_mixin.py:190} WARNING - /opt/airflow/dags/dag_daily_report.py:162 UserWarning: Glyph 49884 (\N{HANGUL SYLLABLE SI}) missing from font(s) DejaVu Sans.
[2026-05-06T06:08:09.834+0000] {logging_mixin.py:190} WARNING - /opt/airflow/dags/dag_daily_report.py:162 UserWarning: Glyph 44256 (\N{HANGUL SYLLABLE GO}) missing from font(s) DejaVu Sans.
[2026-05-06T06:08:09.835+0000] {logging_mixin.py:190} WARNING - /opt/airflow/dags/dag_daily_report.py:162 UserWarning: Glyph 50640 (\N{HANGUL SYLLABLE E}) missing from font(s) DejaVu Sans.
[2026-05-06T06:08:09.836+0000] {logging_mixin.py:190} WARNING - /opt/airflow/dags/dag_daily_report.py:162 UserWarning: Glyph 49436 (\N{HANGUL SYLLABLE SEO}) missing from font(s) DejaVu Sans.
[2026-05-06T06:08:09.837+0000] {logging_mixin.py:190} WARNING - /opt/airflow/dags/dag_daily_report.py:162 UserWarning: Glyph 51613 (\N{HANGUL SYLLABLE JEUNG}) missing from font(s) DejaVu Sans.
[2026-05-06T06:08:09.838+0000] {logging_mixin.py:190} WARNING - /opt/airflow/dags/dag_daily_report.py:162 UserWarning: Glyph 44032 (\N{HANGUL SYLLABLE GA}) missing from font(s) DejaVu Sans.
[2026-05-06T06:08:09.839+0000] {logging_mixin.py:190} WARNING - /opt/airflow/dags/dag_daily_report.py:162 UserWarning: Glyph 50668 (\N{HANGUL SYLLABLE YEO}) missing from font(s) DejaVu Sans.
[2026-05-06T06:08:09.840+0000] {logging_mixin.py:190} WARNING - /opt/airflow/dags/dag_daily_report.py:162 UserWarning: Glyph 48512 (\N{HANGUL SYLLABLE BU}) missing from font(s) DejaVu Sans.
[2026-05-06T06:08:09.841+0000] {logging_mixin.py:190} WARNING - /opt/airflow/dags/dag_daily_report.py:162 UserWarning: Glyph 44160 (\N{HANGUL SYLLABLE GEOM}) missing from font(s) DejaVu Sans.
[2026-05-06T06:08:10.102+0000] {dag_daily_report.py:167} INFO - PNG 업로드: s3://road-defect-seong/reports/2026-05-06/task2_speed_uncertainty.png
[2026-05-06T06:08:10.104+0000] {dag_daily_report.py:321} INFO - [Task 2] 완료
[2026-05-06T06:08:10.112+0000] {python.py:240} INFO - Done. Returned value was: {'date': '2026-05-06'}
[2026-05-06T06:08:10.130+0000] {taskinstance.py:341} INFO - ::group::Post task execution logs
[2026-05-06T06:08:10.130+0000] {taskinstance.py:353} INFO - Marking task as SUCCESS. dag_id=dag_daily_report, task_id=speed_uncertainty_analysis, run_id=manual__2026-05-06T06:07:43.238117+00:00, execution_date=20260506T060743, start_date=20260506T060808, end_date=20260506T060810
[2026-05-06T06:08:10.202+0000] {local_task_job_runner.py:266} INFO - Task exited with return code 0
[2026-05-06T06:08:10.223+0000] {taskinstance.py:3901} INFO - 1 downstream tasks scheduled from follow-on schedule check
[2026-05-06T06:08:10.229+0000] {local_task_job_runner.py:245} INFO - ::endgroup::
