[2026-05-06T06:00:05.155+0000] {local_task_job_runner.py:123} INFO - ::group::Pre task execution logs
[2026-05-06T06:00:05.164+0000] {taskinstance.py:2614} INFO - Dependencies all met for dep_context=non-requeueable deps ti=<TaskInstance: cluster_potholes_every_12min.cluster_pothole_events scheduled__2026-05-06T05:48:00+00:00 [queued]>
[2026-05-06T06:00:05.169+0000] {taskinstance.py:2614} INFO - Dependencies all met for dep_context=requeueable deps ti=<TaskInstance: cluster_potholes_every_12min.cluster_pothole_events scheduled__2026-05-06T05:48:00+00:00 [queued]>
[2026-05-06T06:00:05.170+0000] {taskinstance.py:2867} INFO - Starting attempt 1 of 2
[2026-05-06T06:00:05.184+0000] {taskinstance.py:2890} INFO - Executing <Task(PythonOperator): cluster_pothole_events> on 2026-05-06 05:48:00+00:00
[2026-05-06T06:00:05.193+0000] {standard_task_runner.py:72} INFO - Started process 143 to run task
[2026-05-06T06:00:05.197+0000] {standard_task_runner.py:104} INFO - Running: ['airflow', 'tasks', 'run', 'cluster_potholes_every_12min', 'cluster_pothole_events', 'scheduled__2026-05-06T05:48:00+00:00', '--job-id', '4', '--raw', '--subdir', 'DAGS_FOLDER/cluster_potholes_12min_dag.py', '--cfg-path', '/tmp/tmpe4x5nzam']
[2026-05-06T06:00:05.200+0000] {standard_task_runner.py:105} INFO - Job 4: Subtask cluster_pothole_events
[2026-05-06T06:00:05.241+0000] {task_command.py:467} INFO - Running <TaskInstance: cluster_potholes_every_12min.cluster_pothole_events scheduled__2026-05-06T05:48:00+00:00 [running]> on host 0177f1ae1202
[2026-05-06T06:00:05.311+0000] {taskinstance.py:3134} INFO - Exporting env vars: AIRFLOW_CTX_DAG_OWNER='pothole-pjt' AIRFLOW_CTX_DAG_ID='cluster_potholes_every_12min' AIRFLOW_CTX_TASK_ID='cluster_pothole_events' AIRFLOW_CTX_EXECUTION_DATE='2026-05-06T05:48:00+00:00' AIRFLOW_CTX_TRY_NUMBER='1' AIRFLOW_CTX_DAG_RUN_ID='scheduled__2026-05-06T05:48:00+00:00'
[2026-05-06T06:00:05.311+0000] {taskinstance.py:732} INFO - ::endgroup::
[2026-05-06T06:00:05.381+0000] {logging_mixin.py:190} INFO - Unclustered events count: 10
[2026-05-06T06:00:05.381+0000] {logging_mixin.py:190} INFO - kakao_key_exists=True
[2026-05-06T06:00:05.387+0000] {logging_mixin.py:190} INFO - Existing unrepaired clusters count: 120
[2026-05-06T06:00:05.549+0000] {logging_mixin.py:190} INFO - Created new cluster_id=cluster_20260506060005_f40a74fd from event_id=evt_ydp_01_middle_20260506_002815_1b0488eb, road_address=서울 영등포구 대림동 909-3
[2026-05-06T06:00:05.697+0000] {logging_mixin.py:190} INFO - Created new cluster_id=cluster_20260506060005_43edfeca from event_id=evt_ydp_11_middle_20260506_002965_08bdb492, road_address=서울 영등포구 여의도동 43-5
[2026-05-06T06:00:05.846+0000] {logging_mixin.py:190} INFO - Created new cluster_id=cluster_20260506060005_4701a90e from event_id=evt_ydp_09_middle_20260506_002978_418b642a, road_address=서울 영등포구 신길동 4933-1
[2026-05-06T06:00:05.982+0000] {logging_mixin.py:190} INFO - Created new cluster_id=cluster_20260506060005_161ca4a4 from event_id=evt_ydp_05_middle_20260506_003042_f7ed6536, road_address=서울 영등포구 영등포동2가 30-1
[2026-05-06T06:00:06.121+0000] {logging_mixin.py:190} INFO - Created new cluster_id=cluster_20260506060005_38f6711b from event_id=evt_ydp_09_middle_20260506_003074_725b6719, road_address=서울 영등포구 신길동 298-2
[2026-05-06T06:00:06.294+0000] {logging_mixin.py:190} INFO - Created new cluster_id=cluster_20260506060006_7b237a41 from event_id=evt_ydp_02_middle_20260506_003136_942b1e35, road_address=서울 영등포구 당산동3가 270-1
[2026-05-06T06:00:06.441+0000] {logging_mixin.py:190} INFO - Created new cluster_id=cluster_20260506060006_bfd2e45c from event_id=evt_ydp_04_middle_20260506_003168_299e16ff, road_address=서울 영등포구 영등포동4가 57
[2026-05-06T06:00:06.610+0000] {logging_mixin.py:190} INFO - Created new cluster_id=cluster_20260506060006_213590e1 from event_id=evt_ydp_10_middle_20260506_003165_b85b6378, road_address=서울 영등포구 여의도동 1-6
[2026-05-06T06:00:06.615+0000] {logging_mixin.py:190} INFO - Merged event_id=evt_ydp_04_middle_20260506_003184_75c1d771 into cluster_id=cluster_20260506060006_bfd2e45c, distance=13.83m
[2026-05-06T06:00:06.622+0000] {logging_mixin.py:190} INFO - Merged event_id=evt_ydp_03_middle_20260506_003187_44ffa8c7 into cluster_id=cluster_20260506060006_bfd2e45c, distance=3.95m
[2026-05-06T06:00:06.625+0000] {logging_mixin.py:190} INFO - Cluster processing completed.
[2026-05-06T06:00:06.626+0000] {logging_mixin.py:190} INFO - New clusters inserted: 8
[2026-05-06T06:00:06.626+0000] {logging_mixin.py:190} INFO - Events merged into existing clusters: 2
[2026-05-06T06:00:06.626+0000] {python.py:240} INFO - Done. Returned value was: None
[2026-05-06T06:00:06.631+0000] {taskinstance.py:341} INFO - ::group::Post task execution logs
[2026-05-06T06:00:06.632+0000] {taskinstance.py:353} INFO - Marking task as SUCCESS. dag_id=cluster_potholes_every_12min, task_id=cluster_pothole_events, run_id=scheduled__2026-05-06T05:48:00+00:00, execution_date=20260506T054800, start_date=20260506T060005, end_date=20260506T060006
[2026-05-06T06:00:06.696+0000] {local_task_job_runner.py:266} INFO - Task exited with return code 0
[2026-05-06T06:00:06.708+0000] {taskinstance.py:3901} INFO - 0 downstream tasks scheduled from follow-on schedule check
[2026-05-06T06:00:06.708+0000] {local_task_job_runner.py:245} INFO - ::endgroup::
