[2026-05-09T14:58:31.058+0000] {local_task_job_runner.py:123} INFO - ::group::Pre task execution logs
[2026-05-09T14:58:31.067+0000] {taskinstance.py:2614} INFO - Dependencies all met for dep_context=non-requeueable deps ti=<TaskInstance: dag_daily_report.model_performance_monitoring manual__2026-05-09T14:58:25.506256+00:00 [queued]>
[2026-05-09T14:58:31.073+0000] {taskinstance.py:2614} INFO - Dependencies all met for dep_context=requeueable deps ti=<TaskInstance: dag_daily_report.model_performance_monitoring manual__2026-05-09T14:58:25.506256+00:00 [queued]>
[2026-05-09T14:58:31.073+0000] {taskinstance.py:2867} INFO - Starting attempt 1 of 2
[2026-05-09T14:58:31.092+0000] {taskinstance.py:2890} INFO - Executing <Task(PythonOperator): model_performance_monitoring> on 2026-05-09 14:58:25.506256+00:00
[2026-05-09T14:58:31.100+0000] {standard_task_runner.py:72} INFO - Started process 30767 to run task
[2026-05-09T14:58:31.104+0000] {standard_task_runner.py:104} INFO - Running: ['airflow', 'tasks', 'run', 'dag_daily_report', 'model_performance_monitoring', 'manual__2026-05-09T14:58:25.506256+00:00', '--job-id', '478', '--raw', '--subdir', 'DAGS_FOLDER/dag_daily_report.py', '--cfg-path', '/tmp/tmptwevyy5x']
[2026-05-09T14:58:31.107+0000] {standard_task_runner.py:105} INFO - Job 478: Subtask model_performance_monitoring
[2026-05-09T14:58:31.143+0000] {task_command.py:467} INFO - Running <TaskInstance: dag_daily_report.model_performance_monitoring manual__2026-05-09T14:58:25.506256+00:00 [running]> on host 0177f1ae1202
[2026-05-09T14:58:31.208+0000] {taskinstance.py:3134} INFO - Exporting env vars: AIRFLOW_CTX_DAG_OWNER='pothole-pipeline' AIRFLOW_CTX_DAG_ID='dag_daily_report' AIRFLOW_CTX_TASK_ID='model_performance_monitoring' AIRFLOW_CTX_EXECUTION_DATE='2026-05-09T14:58:25.506256+00:00' AIRFLOW_CTX_TRY_NUMBER='1' AIRFLOW_CTX_DAG_RUN_ID='manual__2026-05-09T14:58:25.506256+00:00'
[2026-05-09T14:58:31.209+0000] {taskinstance.py:732} INFO - ::endgroup::
[2026-05-09T14:58:31.225+0000] {dag_daily_report.py:190} INFO - [Task 1] 시작: 2026-05-09
[2026-05-09T14:58:31.248+0000] {credentials.py:1075} INFO - Found credentials from IAM Role: exi-airflow-ec2-role
[2026-05-09T14:58:31.372+0000] {dag_daily_report.py:126} INFO - S3 조회: s3://road-defect-seong/raw/raw_logs/year=2026/month=05/day=09/
[2026-05-09T14:58:31.554+0000] {dag_daily_report.py:155} INFO - 로드 완료: 1건 (parse_error 제거: 0건)
[2026-05-09T14:58:31.599+0000] {logging_mixin.py:190} WARNING - /opt/airflow/dags/dag_daily_report.py:228 UserWarning: Glyph 52395 (\N{HANGUL SYLLABLE CEOS}) missing from font(s) DejaVu Sans.
[2026-05-09T14:58:31.600+0000] {logging_mixin.py:190} WARNING - /opt/airflow/dags/dag_daily_report.py:228 UserWarning: Glyph 52264 (\N{HANGUL SYLLABLE CA}) missing from font(s) DejaVu Sans.
[2026-05-09T14:58:31.604+0000] {logging_mixin.py:190} WARNING - /opt/airflow/dags/dag_daily_report.py:228 UserWarning: Glyph 50868 (\N{HANGUL SYLLABLE UN}) missing from font(s) DejaVu Sans.
[2026-05-09T14:58:31.605+0000] {logging_mixin.py:190} WARNING - /opt/airflow/dags/dag_daily_report.py:228 UserWarning: Glyph 54665 (\N{HANGUL SYLLABLE HAENG}) missing from font(s) DejaVu Sans.
[2026-05-09T14:58:31.606+0000] {logging_mixin.py:190} WARNING - /opt/airflow/dags/dag_daily_report.py:228 UserWarning: Glyph 54924 (\N{HANGUL SYLLABLE HOE}) missing from font(s) DejaVu Sans.
[2026-05-09T14:58:31.624+0000] {logging_mixin.py:190} WARNING - /opt/airflow/dags/dag_daily_report.py:228 UserWarning: Glyph 54217 (\N{HANGUL SYLLABLE PYEONG}) missing from font(s) DejaVu Sans.
[2026-05-09T14:58:31.625+0000] {logging_mixin.py:190} WARNING - /opt/airflow/dags/dag_daily_report.py:228 UserWarning: Glyph 44512 (\N{HANGUL SYLLABLE GYUN}) missing from font(s) DejaVu Sans.
[2026-05-09T14:58:31.634+0000] {logging_mixin.py:190} WARNING - /opt/airflow/dags/dag_daily_report.py:228 UserWarning: Glyph 48324 (\N{HANGUL SYLLABLE BYEOL}) missing from font(s) DejaVu Sans.
[2026-05-09T14:58:31.635+0000] {logging_mixin.py:190} WARNING - /opt/airflow/dags/dag_daily_report.py:228 UserWarning: Glyph 52628 (\N{HANGUL SYLLABLE CU}) missing from font(s) DejaVu Sans.
[2026-05-09T14:58:31.636+0000] {logging_mixin.py:190} WARNING - /opt/airflow/dags/dag_daily_report.py:228 UserWarning: Glyph 47200 (\N{HANGUL SYLLABLE RON}) missing from font(s) DejaVu Sans.
[2026-05-09T14:58:31.637+0000] {logging_mixin.py:190} WARNING - /opt/airflow/dags/dag_daily_report.py:228 UserWarning: Glyph 49884 (\N{HANGUL SYLLABLE SI}) missing from font(s) DejaVu Sans.
[2026-05-09T14:58:31.638+0000] {logging_mixin.py:190} WARNING - /opt/airflow/dags/dag_daily_report.py:228 UserWarning: Glyph 44036 (\N{HANGUL SYLLABLE GAN}) missing from font(s) DejaVu Sans.
[2026-05-09T14:58:31.667+0000] {logging_mixin.py:190} WARNING - /opt/airflow/dags/dag_daily_report.py:162 UserWarning: Glyph 54217 (\N{HANGUL SYLLABLE PYEONG}) missing from font(s) DejaVu Sans.
[2026-05-09T14:58:31.668+0000] {logging_mixin.py:190} WARNING - /opt/airflow/dags/dag_daily_report.py:162 UserWarning: Glyph 44512 (\N{HANGUL SYLLABLE GYUN}) missing from font(s) DejaVu Sans.
[2026-05-09T14:58:31.670+0000] {logging_mixin.py:190} WARNING - /opt/airflow/dags/dag_daily_report.py:162 UserWarning: Glyph 50868 (\N{HANGUL SYLLABLE UN}) missing from font(s) DejaVu Sans.
[2026-05-09T14:58:31.671+0000] {logging_mixin.py:190} WARNING - /opt/airflow/dags/dag_daily_report.py:162 UserWarning: Glyph 54665 (\N{HANGUL SYLLABLE HAENG}) missing from font(s) DejaVu Sans.
[2026-05-09T14:58:31.672+0000] {logging_mixin.py:190} WARNING - /opt/airflow/dags/dag_daily_report.py:162 UserWarning: Glyph 54924 (\N{HANGUL SYLLABLE HOE}) missing from font(s) DejaVu Sans.
[2026-05-09T14:58:31.673+0000] {logging_mixin.py:190} WARNING - /opt/airflow/dags/dag_daily_report.py:162 UserWarning: Glyph 52264 (\N{HANGUL SYLLABLE CA}) missing from font(s) DejaVu Sans.
[2026-05-09T14:58:31.674+0000] {logging_mixin.py:190} WARNING - /opt/airflow/dags/dag_daily_report.py:162 UserWarning: Glyph 48324 (\N{HANGUL SYLLABLE BYEOL}) missing from font(s) DejaVu Sans.
[2026-05-09T14:58:31.675+0000] {logging_mixin.py:190} WARNING - /opt/airflow/dags/dag_daily_report.py:162 UserWarning: Glyph 52628 (\N{HANGUL SYLLABLE CU}) missing from font(s) DejaVu Sans.
[2026-05-09T14:58:31.676+0000] {logging_mixin.py:190} WARNING - /opt/airflow/dags/dag_daily_report.py:162 UserWarning: Glyph 47200 (\N{HANGUL SYLLABLE RON}) missing from font(s) DejaVu Sans.
[2026-05-09T14:58:31.677+0000] {logging_mixin.py:190} WARNING - /opt/airflow/dags/dag_daily_report.py:162 UserWarning: Glyph 49884 (\N{HANGUL SYLLABLE SI}) missing from font(s) DejaVu Sans.
[2026-05-09T14:58:31.678+0000] {logging_mixin.py:190} WARNING - /opt/airflow/dags/dag_daily_report.py:162 UserWarning: Glyph 44036 (\N{HANGUL SYLLABLE GAN}) missing from font(s) DejaVu Sans.
[2026-05-09T14:58:31.681+0000] {logging_mixin.py:190} WARNING - /opt/airflow/dags/dag_daily_report.py:162 UserWarning: Glyph 52395 (\N{HANGUL SYLLABLE CEOS}) missing from font(s) DejaVu Sans.
[2026-05-09T14:58:31.933+0000] {dag_daily_report.py:167} INFO - PNG 업로드: s3://road-defect-seong/reports/2026-05-09/task1_inference_time_by_run.png
[2026-05-09T14:58:31.959+0000] {logging_mixin.py:190} WARNING - /opt/airflow/dags/dag_daily_report.py:254 UserWarning: Glyph 53364 (\N{HANGUL SYLLABLE KEUL}) missing from font(s) DejaVu Sans.
[2026-05-09T14:58:31.960+0000] {logging_mixin.py:190} WARNING - /opt/airflow/dags/dag_daily_report.py:254 UserWarning: Glyph 47000 (\N{HANGUL SYLLABLE RAE}) missing from font(s) DejaVu Sans.
[2026-05-09T14:58:31.961+0000] {logging_mixin.py:190} WARNING - /opt/airflow/dags/dag_daily_report.py:254 UserWarning: Glyph 49828 (\N{HANGUL SYLLABLE SEU}) missing from font(s) DejaVu Sans.
[2026-05-09T14:58:31.962+0000] {logging_mixin.py:190} WARNING - /opt/airflow/dags/dag_daily_report.py:254 UserWarning: Glyph 48516 (\N{HANGUL SYLLABLE BUN}) missing from font(s) DejaVu Sans.
[2026-05-09T14:58:31.963+0000] {logging_mixin.py:190} WARNING - /opt/airflow/dags/dag_daily_report.py:254 UserWarning: Glyph 54252 (\N{HANGUL SYLLABLE PO}) missing from font(s) DejaVu Sans.
[2026-05-09T14:58:31.964+0000] {logging_mixin.py:190} WARNING - /opt/airflow/dags/dag_daily_report.py:254 UserWarning: Glyph 52509 (\N{HANGUL SYLLABLE CONG}) missing from font(s) DejaVu Sans.
[2026-05-09T14:58:31.966+0000] {logging_mixin.py:190} WARNING - /opt/airflow/dags/dag_daily_report.py:254 UserWarning: Glyph 44148 (\N{HANGUL SYLLABLE GEON}) missing from font(s) DejaVu Sans.
[2026-05-09T14:58:31.974+0000] {logging_mixin.py:190} WARNING - /opt/airflow/dags/dag_daily_report.py:254 UserWarning: Glyph 51221 (\N{HANGUL SYLLABLE JEONG}) missing from font(s) DejaVu Sans.
[2026-05-09T14:58:31.976+0000] {logging_mixin.py:190} WARNING - /opt/airflow/dags/dag_daily_report.py:254 UserWarning: Glyph 49345 (\N{HANGUL SYLLABLE SANG}) missing from font(s) DejaVu Sans.
[2026-05-09T14:58:31.993+0000] {logging_mixin.py:190} WARNING - /opt/airflow/dags/dag_daily_report.py:162 UserWarning: Glyph 53364 (\N{HANGUL SYLLABLE KEUL}) missing from font(s) DejaVu Sans.
[2026-05-09T14:58:31.994+0000] {logging_mixin.py:190} WARNING - /opt/airflow/dags/dag_daily_report.py:162 UserWarning: Glyph 47000 (\N{HANGUL SYLLABLE RAE}) missing from font(s) DejaVu Sans.
[2026-05-09T14:58:31.995+0000] {logging_mixin.py:190} WARNING - /opt/airflow/dags/dag_daily_report.py:162 UserWarning: Glyph 49828 (\N{HANGUL SYLLABLE SEU}) missing from font(s) DejaVu Sans.
[2026-05-09T14:58:31.996+0000] {logging_mixin.py:190} WARNING - /opt/airflow/dags/dag_daily_report.py:162 UserWarning: Glyph 48516 (\N{HANGUL SYLLABLE BUN}) missing from font(s) DejaVu Sans.
[2026-05-09T14:58:31.997+0000] {logging_mixin.py:190} WARNING - /opt/airflow/dags/dag_daily_report.py:162 UserWarning: Glyph 54252 (\N{HANGUL SYLLABLE PO}) missing from font(s) DejaVu Sans.
[2026-05-09T14:58:31.998+0000] {logging_mixin.py:190} WARNING - /opt/airflow/dags/dag_daily_report.py:162 UserWarning: Glyph 52509 (\N{HANGUL SYLLABLE CONG}) missing from font(s) DejaVu Sans.
[2026-05-09T14:58:31.999+0000] {logging_mixin.py:190} WARNING - /opt/airflow/dags/dag_daily_report.py:162 UserWarning: Glyph 44148 (\N{HANGUL SYLLABLE GEON}) missing from font(s) DejaVu Sans.
[2026-05-09T14:58:32.002+0000] {logging_mixin.py:190} WARNING - /opt/airflow/dags/dag_daily_report.py:162 UserWarning: Glyph 51221 (\N{HANGUL SYLLABLE JEONG}) missing from font(s) DejaVu Sans.
[2026-05-09T14:58:32.003+0000] {logging_mixin.py:190} WARNING - /opt/airflow/dags/dag_daily_report.py:162 UserWarning: Glyph 49345 (\N{HANGUL SYLLABLE SANG}) missing from font(s) DejaVu Sans.
[2026-05-09T14:58:32.174+0000] {dag_daily_report.py:167} INFO - PNG 업로드: s3://road-defect-seong/reports/2026-05-09/task1_cp_class_distribution.png
[2026-05-09T14:58:32.177+0000] {dag_daily_report.py:257} INFO - [Task 1] 완료. 1건
[2026-05-09T14:58:32.177+0000] {python.py:240} INFO - Done. Returned value was: {'total': 1, 'date': '2026-05-09'}
[2026-05-09T14:58:32.193+0000] {taskinstance.py:341} INFO - ::group::Post task execution logs
[2026-05-09T14:58:32.193+0000] {taskinstance.py:353} INFO - Marking task as SUCCESS. dag_id=dag_daily_report, task_id=model_performance_monitoring, run_id=manual__2026-05-09T14:58:25.506256+00:00, execution_date=20260509T145825, start_date=20260509T145831, end_date=20260509T145832
[2026-05-09T14:58:32.244+0000] {local_task_job_runner.py:266} INFO - Task exited with return code 0
[2026-05-09T14:58:32.269+0000] {taskinstance.py:3901} INFO - 1 downstream tasks scheduled from follow-on schedule check
[2026-05-09T14:58:32.275+0000] {local_task_job_runner.py:245} INFO - ::endgroup::
