[2026-05-10T07:00:05.856+0000] {local_task_job_runner.py:123} INFO - ::group::Pre task execution logs
[2026-05-10T07:00:05.866+0000] {taskinstance.py:2614} INFO - Dependencies all met for dep_context=non-requeueable deps ti=<TaskInstance: dag_daily_report.model_performance_monitoring scheduled__2026-05-10T06:48:00+00:00 [queued]>
[2026-05-10T07:00:05.872+0000] {taskinstance.py:2614} INFO - Dependencies all met for dep_context=requeueable deps ti=<TaskInstance: dag_daily_report.model_performance_monitoring scheduled__2026-05-10T06:48:00+00:00 [queued]>
[2026-05-10T07:00:05.872+0000] {taskinstance.py:2867} INFO - Starting attempt 1 of 2
[2026-05-10T07:00:05.887+0000] {taskinstance.py:2890} INFO - Executing <Task(PythonOperator): model_performance_monitoring> on 2026-05-10 06:48:00+00:00
[2026-05-10T07:00:05.898+0000] {standard_task_runner.py:72} INFO - Started process 40196 to run task
[2026-05-10T07:00:05.902+0000] {standard_task_runner.py:104} INFO - Running: ['airflow', 'tasks', 'run', 'dag_daily_report', 'model_performance_monitoring', 'scheduled__2026-05-10T06:48:00+00:00', '--job-id', '976', '--raw', '--subdir', 'DAGS_FOLDER/dag_daily_report.py', '--cfg-path', '/tmp/tmpltgqgqgv']
[2026-05-10T07:00:05.906+0000] {standard_task_runner.py:105} INFO - Job 976: Subtask model_performance_monitoring
[2026-05-10T07:00:05.949+0000] {task_command.py:467} INFO - Running <TaskInstance: dag_daily_report.model_performance_monitoring scheduled__2026-05-10T06:48:00+00:00 [running]> on host 0177f1ae1202
[2026-05-10T07:00:06.017+0000] {taskinstance.py:3134} INFO - Exporting env vars: AIRFLOW_CTX_DAG_OWNER='pothole-pipeline' AIRFLOW_CTX_DAG_ID='dag_daily_report' AIRFLOW_CTX_TASK_ID='model_performance_monitoring' AIRFLOW_CTX_EXECUTION_DATE='2026-05-10T06:48:00+00:00' AIRFLOW_CTX_TRY_NUMBER='1' AIRFLOW_CTX_DAG_RUN_ID='scheduled__2026-05-10T06:48:00+00:00'
[2026-05-10T07:00:06.018+0000] {taskinstance.py:732} INFO - ::endgroup::
[2026-05-10T07:00:06.033+0000] {dag_daily_report.py:111} INFO - [Task 1] 시작: 2026-05-10
[2026-05-10T07:00:06.060+0000] {credentials.py:1075} INFO - Found credentials from IAM Role: exi-airflow-ec2-role
[2026-05-10T07:00:06.380+0000] {dag_daily_report.py:62} INFO - S3 조회: s3://road-defect-seong/raw/raw_logs/year=2026/month=05/day=10/
[2026-05-10T07:00:07.398+0000] {dag_daily_report.py:91} INFO - 로드 완료: 233,455건 (parse_error 제거: 0건)
[2026-05-10T07:00:07.427+0000] {dag_daily_report.py:118} INFO - [Task 1] 완료. 233,455건
[2026-05-10T07:00:07.441+0000] {python.py:240} INFO - Done. Returned value was: {'total': 233455, 'date': '2026-05-10'}
[2026-05-10T07:00:07.459+0000] {taskinstance.py:341} INFO - ::group::Post task execution logs
[2026-05-10T07:00:07.459+0000] {taskinstance.py:353} INFO - Marking task as SUCCESS. dag_id=dag_daily_report, task_id=model_performance_monitoring, run_id=scheduled__2026-05-10T06:48:00+00:00, execution_date=20260510T064800, start_date=20260510T070005, end_date=20260510T070007
[2026-05-10T07:00:07.521+0000] {local_task_job_runner.py:266} INFO - Task exited with return code 0
[2026-05-10T07:00:07.546+0000] {taskinstance.py:3901} INFO - 1 downstream tasks scheduled from follow-on schedule check
[2026-05-10T07:00:07.552+0000] {local_task_job_runner.py:245} INFO - ::endgroup::
