[2026-05-09T14:58:57.070+0000] {local_task_job_runner.py:123} INFO - ::group::Pre task execution logs
[2026-05-09T14:58:57.082+0000] {taskinstance.py:2614} INFO - Dependencies all met for dep_context=non-requeueable deps ti=<TaskInstance: dag_daily_report.speed_uncertainty_analysis manual__2026-05-09T14:58:31.488505+00:00 [queued]>
[2026-05-09T14:58:57.089+0000] {taskinstance.py:2614} INFO - Dependencies all met for dep_context=requeueable deps ti=<TaskInstance: dag_daily_report.speed_uncertainty_analysis manual__2026-05-09T14:58:31.488505+00:00 [queued]>
[2026-05-09T14:58:57.090+0000] {taskinstance.py:2867} INFO - Starting attempt 1 of 2
[2026-05-09T14:58:57.106+0000] {taskinstance.py:2890} INFO - Executing <Task(PythonOperator): speed_uncertainty_analysis> on 2026-05-09 14:58:31.488505+00:00
[2026-05-09T14:58:57.115+0000] {standard_task_runner.py:72} INFO - Started process 30804 to run task
[2026-05-09T14:58:57.120+0000] {standard_task_runner.py:104} INFO - Running: ['airflow', 'tasks', 'run', 'dag_daily_report', 'speed_uncertainty_analysis', 'manual__2026-05-09T14:58:31.488505+00:00', '--job-id', '482', '--raw', '--subdir', 'DAGS_FOLDER/dag_daily_report.py', '--cfg-path', '/tmp/tmppjtoujov']
[2026-05-09T14:58:57.123+0000] {standard_task_runner.py:105} INFO - Job 482: Subtask speed_uncertainty_analysis
[2026-05-09T14:58:57.158+0000] {task_command.py:467} INFO - Running <TaskInstance: dag_daily_report.speed_uncertainty_analysis manual__2026-05-09T14:58:31.488505+00:00 [running]> on host 0177f1ae1202
[2026-05-09T14:58:57.226+0000] {taskinstance.py:3134} INFO - Exporting env vars: AIRFLOW_CTX_DAG_OWNER='pothole-pipeline' AIRFLOW_CTX_DAG_ID='dag_daily_report' AIRFLOW_CTX_TASK_ID='speed_uncertainty_analysis' AIRFLOW_CTX_EXECUTION_DATE='2026-05-09T14:58:31.488505+00:00' AIRFLOW_CTX_TRY_NUMBER='1' AIRFLOW_CTX_DAG_RUN_ID='manual__2026-05-09T14:58:31.488505+00:00'
[2026-05-09T14:58:57.228+0000] {taskinstance.py:732} INFO - ::endgroup::
[2026-05-09T14:58:57.244+0000] {dag_daily_report.py:271} INFO - [Task 2] 시작: 2026-05-09
[2026-05-09T14:58:57.268+0000] {credentials.py:1075} INFO - Found credentials from IAM Role: exi-airflow-ec2-role
[2026-05-09T14:58:57.396+0000] {dag_daily_report.py:126} INFO - S3 조회: s3://road-defect-seong/raw/raw_logs/year=2026/month=05/day=09/
[2026-05-09T14:58:57.581+0000] {dag_daily_report.py:155} INFO - 로드 완료: 1건 (parse_error 제거: 0건)
[2026-05-09T14:58:57.632+0000] {logging_mixin.py:190} WARNING - /opt/airflow/dags/dag_daily_report.py:318 UserWarning: Glyph 49549 (\N{HANGUL SYLLABLE SOG}) missing from font(s) DejaVu Sans.
[2026-05-09T14:58:57.633+0000] {logging_mixin.py:190} WARNING - /opt/airflow/dags/dag_daily_report.py:318 UserWarning: Glyph 46020 (\N{HANGUL SYLLABLE DO}) missing from font(s) DejaVu Sans.
[2026-05-09T14:58:57.634+0000] {logging_mixin.py:190} WARNING - /opt/airflow/dags/dag_daily_report.py:318 UserWarning: Glyph 44396 (\N{HANGUL SYLLABLE GU}) missing from font(s) DejaVu Sans.
[2026-05-09T14:58:57.635+0000] {logging_mixin.py:190} WARNING - /opt/airflow/dags/dag_daily_report.py:318 UserWarning: Glyph 44036 (\N{HANGUL SYLLABLE GAN}) missing from font(s) DejaVu Sans.
[2026-05-09T14:58:57.652+0000] {logging_mixin.py:190} WARNING - /opt/airflow/dags/dag_daily_report.py:318 UserWarning: Glyph 48520 (\N{HANGUL SYLLABLE BUL}) missing from font(s) DejaVu Sans.
[2026-05-09T14:58:57.653+0000] {logging_mixin.py:190} WARNING - /opt/airflow/dags/dag_daily_report.py:318 UserWarning: Glyph 54869 (\N{HANGUL SYLLABLE HWAG}) missing from font(s) DejaVu Sans.
[2026-05-09T14:58:57.654+0000] {logging_mixin.py:190} WARNING - /opt/airflow/dags/dag_daily_report.py:318 UserWarning: Glyph 49892 (\N{HANGUL SYLLABLE SIL}) missing from font(s) DejaVu Sans.
[2026-05-09T14:58:57.655+0000] {logging_mixin.py:190} WARNING - /opt/airflow/dags/dag_daily_report.py:318 UserWarning: Glyph 50696 (\N{HANGUL SYLLABLE YE}) missing from font(s) DejaVu Sans.
[2026-05-09T14:58:57.657+0000] {logging_mixin.py:190} WARNING - /opt/airflow/dags/dag_daily_report.py:318 UserWarning: Glyph 52769 (\N{HANGUL SYLLABLE CEUG}) missing from font(s) DejaVu Sans.
[2026-05-09T14:58:57.658+0000] {logging_mixin.py:190} WARNING - /opt/airflow/dags/dag_daily_report.py:318 UserWarning: Glyph 48708 (\N{HANGUL SYLLABLE BI}) missing from font(s) DejaVu Sans.
[2026-05-09T14:58:57.659+0000] {logging_mixin.py:190} WARNING - /opt/airflow/dags/dag_daily_report.py:318 UserWarning: Glyph 50984 (\N{HANGUL SYLLABLE YUL}) missing from font(s) DejaVu Sans.
[2026-05-09T14:58:57.666+0000] {logging_mixin.py:190} WARNING - /opt/airflow/dags/dag_daily_report.py:318 UserWarning: Glyph 48324 (\N{HANGUL SYLLABLE BYEOL}) missing from font(s) DejaVu Sans.
[2026-05-09T14:58:57.669+0000] {logging_mixin.py:190} WARNING - /opt/airflow/dags/dag_daily_report.py:318 UserWarning: Glyph 51228 (\N{HANGUL SYLLABLE JE}) missing from font(s) DejaVu Sans.
[2026-05-09T14:58:57.669+0000] {logging_mixin.py:190} WARNING - /opt/airflow/dags/dag_daily_report.py:318 UserWarning: Glyph 48660 (\N{HANGUL SYLLABLE BEUL}) missing from font(s) DejaVu Sans.
[2026-05-09T14:58:57.670+0000] {logging_mixin.py:190} WARNING - /opt/airflow/dags/dag_daily_report.py:318 UserWarning: Glyph 47001 (\N{HANGUL SYLLABLE RAEG}) missing from font(s) DejaVu Sans.
[2026-05-09T14:58:57.671+0000] {logging_mixin.py:190} WARNING - /opt/airflow/dags/dag_daily_report.py:318 UserWarning: Glyph 48149 (\N{HANGUL SYLLABLE BAG}) missing from font(s) DejaVu Sans.
[2026-05-09T14:58:57.672+0000] {logging_mixin.py:190} WARNING - /opt/airflow/dags/dag_daily_report.py:318 UserWarning: Glyph 49828 (\N{HANGUL SYLLABLE SEU}) missing from font(s) DejaVu Sans.
[2026-05-09T14:58:57.673+0000] {logging_mixin.py:190} WARNING - /opt/airflow/dags/dag_daily_report.py:318 UserWarning: Glyph 45936 (\N{HANGUL SYLLABLE DE}) missing from font(s) DejaVu Sans.
[2026-05-09T14:58:57.674+0000] {logging_mixin.py:190} WARNING - /opt/airflow/dags/dag_daily_report.py:318 UserWarning: Glyph 51060 (\N{HANGUL SYLLABLE I}) missing from font(s) DejaVu Sans.
[2026-05-09T14:58:57.675+0000] {logging_mixin.py:190} WARNING - /opt/airflow/dags/dag_daily_report.py:318 UserWarning: Glyph 53552 (\N{HANGUL SYLLABLE TEO}) missing from font(s) DejaVu Sans.
[2026-05-09T14:58:57.676+0000] {logging_mixin.py:190} WARNING - /opt/airflow/dags/dag_daily_report.py:318 UserWarning: Glyph 49688 (\N{HANGUL SYLLABLE SU}) missing from font(s) DejaVu Sans.
[2026-05-09T14:58:57.677+0000] {logging_mixin.py:190} WARNING - /opt/airflow/dags/dag_daily_report.py:318 UserWarning: Glyph 51665 (\N{HANGUL SYLLABLE JIB}) missing from font(s) DejaVu Sans.
[2026-05-09T14:58:57.678+0000] {logging_mixin.py:190} WARNING - /opt/airflow/dags/dag_daily_report.py:318 UserWarning: Glyph 49884 (\N{HANGUL SYLLABLE SI}) missing from font(s) DejaVu Sans.
[2026-05-09T14:58:57.679+0000] {logging_mixin.py:190} WARNING - /opt/airflow/dags/dag_daily_report.py:318 UserWarning: Glyph 44256 (\N{HANGUL SYLLABLE GO}) missing from font(s) DejaVu Sans.
[2026-05-09T14:58:57.680+0000] {logging_mixin.py:190} WARNING - /opt/airflow/dags/dag_daily_report.py:318 UserWarning: Glyph 50640 (\N{HANGUL SYLLABLE E}) missing from font(s) DejaVu Sans.
[2026-05-09T14:58:57.681+0000] {logging_mixin.py:190} WARNING - /opt/airflow/dags/dag_daily_report.py:318 UserWarning: Glyph 49436 (\N{HANGUL SYLLABLE SEO}) missing from font(s) DejaVu Sans.
[2026-05-09T14:58:57.682+0000] {logging_mixin.py:190} WARNING - /opt/airflow/dags/dag_daily_report.py:318 UserWarning: Glyph 51613 (\N{HANGUL SYLLABLE JEUNG}) missing from font(s) DejaVu Sans.
[2026-05-09T14:58:57.683+0000] {logging_mixin.py:190} WARNING - /opt/airflow/dags/dag_daily_report.py:318 UserWarning: Glyph 44032 (\N{HANGUL SYLLABLE GA}) missing from font(s) DejaVu Sans.
[2026-05-09T14:58:57.684+0000] {logging_mixin.py:190} WARNING - /opt/airflow/dags/dag_daily_report.py:318 UserWarning: Glyph 50668 (\N{HANGUL SYLLABLE YEO}) missing from font(s) DejaVu Sans.
[2026-05-09T14:58:57.685+0000] {logging_mixin.py:190} WARNING - /opt/airflow/dags/dag_daily_report.py:318 UserWarning: Glyph 48512 (\N{HANGUL SYLLABLE BU}) missing from font(s) DejaVu Sans.
[2026-05-09T14:58:57.686+0000] {logging_mixin.py:190} WARNING - /opt/airflow/dags/dag_daily_report.py:318 UserWarning: Glyph 44160 (\N{HANGUL SYLLABLE GEOM}) missing from font(s) DejaVu Sans.
[2026-05-09T14:58:57.693+0000] {logging_mixin.py:190} WARNING - /opt/airflow/dags/dag_daily_report.py:318 UserWarning: Tight layout not applied. The bottom and top margins cannot be made large enough to accommodate all Axes decorations.
[2026-05-09T14:58:57.711+0000] {logging_mixin.py:190} WARNING - /opt/airflow/dags/dag_daily_report.py:162 UserWarning: Glyph 48520 (\N{HANGUL SYLLABLE BUL}) missing from font(s) DejaVu Sans.
[2026-05-09T14:58:57.712+0000] {logging_mixin.py:190} WARNING - /opt/airflow/dags/dag_daily_report.py:162 UserWarning: Glyph 54869 (\N{HANGUL SYLLABLE HWAG}) missing from font(s) DejaVu Sans.
[2026-05-09T14:58:57.713+0000] {logging_mixin.py:190} WARNING - /opt/airflow/dags/dag_daily_report.py:162 UserWarning: Glyph 49892 (\N{HANGUL SYLLABLE SIL}) missing from font(s) DejaVu Sans.
[2026-05-09T14:58:57.714+0000] {logging_mixin.py:190} WARNING - /opt/airflow/dags/dag_daily_report.py:162 UserWarning: Glyph 50696 (\N{HANGUL SYLLABLE YE}) missing from font(s) DejaVu Sans.
[2026-05-09T14:58:57.715+0000] {logging_mixin.py:190} WARNING - /opt/airflow/dags/dag_daily_report.py:162 UserWarning: Glyph 52769 (\N{HANGUL SYLLABLE CEUG}) missing from font(s) DejaVu Sans.
[2026-05-09T14:58:57.716+0000] {logging_mixin.py:190} WARNING - /opt/airflow/dags/dag_daily_report.py:162 UserWarning: Glyph 48708 (\N{HANGUL SYLLABLE BI}) missing from font(s) DejaVu Sans.
[2026-05-09T14:58:57.717+0000] {logging_mixin.py:190} WARNING - /opt/airflow/dags/dag_daily_report.py:162 UserWarning: Glyph 50984 (\N{HANGUL SYLLABLE YUL}) missing from font(s) DejaVu Sans.
[2026-05-09T14:58:57.718+0000] {logging_mixin.py:190} WARNING - /opt/airflow/dags/dag_daily_report.py:162 UserWarning: Glyph 49549 (\N{HANGUL SYLLABLE SOG}) missing from font(s) DejaVu Sans.
[2026-05-09T14:58:57.719+0000] {logging_mixin.py:190} WARNING - /opt/airflow/dags/dag_daily_report.py:162 UserWarning: Glyph 46020 (\N{HANGUL SYLLABLE DO}) missing from font(s) DejaVu Sans.
[2026-05-09T14:58:57.720+0000] {logging_mixin.py:190} WARNING - /opt/airflow/dags/dag_daily_report.py:162 UserWarning: Glyph 44396 (\N{HANGUL SYLLABLE GU}) missing from font(s) DejaVu Sans.
[2026-05-09T14:58:57.721+0000] {logging_mixin.py:190} WARNING - /opt/airflow/dags/dag_daily_report.py:162 UserWarning: Glyph 44036 (\N{HANGUL SYLLABLE GAN}) missing from font(s) DejaVu Sans.
[2026-05-09T14:58:57.722+0000] {logging_mixin.py:190} WARNING - /opt/airflow/dags/dag_daily_report.py:162 UserWarning: Glyph 48324 (\N{HANGUL SYLLABLE BYEOL}) missing from font(s) DejaVu Sans.
[2026-05-09T14:58:57.724+0000] {logging_mixin.py:190} WARNING - /opt/airflow/dags/dag_daily_report.py:162 UserWarning: Glyph 51228 (\N{HANGUL SYLLABLE JE}) missing from font(s) DejaVu Sans.
[2026-05-09T14:58:57.725+0000] {logging_mixin.py:190} WARNING - /opt/airflow/dags/dag_daily_report.py:162 UserWarning: Glyph 48660 (\N{HANGUL SYLLABLE BEUL}) missing from font(s) DejaVu Sans.
[2026-05-09T14:58:57.726+0000] {logging_mixin.py:190} WARNING - /opt/airflow/dags/dag_daily_report.py:162 UserWarning: Glyph 47001 (\N{HANGUL SYLLABLE RAEG}) missing from font(s) DejaVu Sans.
[2026-05-09T14:58:57.727+0000] {logging_mixin.py:190} WARNING - /opt/airflow/dags/dag_daily_report.py:162 UserWarning: Glyph 48149 (\N{HANGUL SYLLABLE BAG}) missing from font(s) DejaVu Sans.
[2026-05-09T14:58:57.728+0000] {logging_mixin.py:190} WARNING - /opt/airflow/dags/dag_daily_report.py:162 UserWarning: Glyph 49828 (\N{HANGUL SYLLABLE SEU}) missing from font(s) DejaVu Sans.
[2026-05-09T14:58:57.729+0000] {logging_mixin.py:190} WARNING - /opt/airflow/dags/dag_daily_report.py:162 UserWarning: Glyph 45936 (\N{HANGUL SYLLABLE DE}) missing from font(s) DejaVu Sans.
[2026-05-09T14:58:57.730+0000] {logging_mixin.py:190} WARNING - /opt/airflow/dags/dag_daily_report.py:162 UserWarning: Glyph 51060 (\N{HANGUL SYLLABLE I}) missing from font(s) DejaVu Sans.
[2026-05-09T14:58:57.731+0000] {logging_mixin.py:190} WARNING - /opt/airflow/dags/dag_daily_report.py:162 UserWarning: Glyph 53552 (\N{HANGUL SYLLABLE TEO}) missing from font(s) DejaVu Sans.
[2026-05-09T14:58:57.732+0000] {logging_mixin.py:190} WARNING - /opt/airflow/dags/dag_daily_report.py:162 UserWarning: Glyph 49688 (\N{HANGUL SYLLABLE SU}) missing from font(s) DejaVu Sans.
[2026-05-09T14:58:57.733+0000] {logging_mixin.py:190} WARNING - /opt/airflow/dags/dag_daily_report.py:162 UserWarning: Glyph 51665 (\N{HANGUL SYLLABLE JIB}) missing from font(s) DejaVu Sans.
[2026-05-09T14:58:57.733+0000] {logging_mixin.py:190} WARNING - /opt/airflow/dags/dag_daily_report.py:162 UserWarning: Glyph 49884 (\N{HANGUL SYLLABLE SI}) missing from font(s) DejaVu Sans.
[2026-05-09T14:58:57.734+0000] {logging_mixin.py:190} WARNING - /opt/airflow/dags/dag_daily_report.py:162 UserWarning: Glyph 44256 (\N{HANGUL SYLLABLE GO}) missing from font(s) DejaVu Sans.
[2026-05-09T14:58:57.735+0000] {logging_mixin.py:190} WARNING - /opt/airflow/dags/dag_daily_report.py:162 UserWarning: Glyph 50640 (\N{HANGUL SYLLABLE E}) missing from font(s) DejaVu Sans.
[2026-05-09T14:58:57.736+0000] {logging_mixin.py:190} WARNING - /opt/airflow/dags/dag_daily_report.py:162 UserWarning: Glyph 49436 (\N{HANGUL SYLLABLE SEO}) missing from font(s) DejaVu Sans.
[2026-05-09T14:58:57.738+0000] {logging_mixin.py:190} WARNING - /opt/airflow/dags/dag_daily_report.py:162 UserWarning: Glyph 51613 (\N{HANGUL SYLLABLE JEUNG}) missing from font(s) DejaVu Sans.
[2026-05-09T14:58:57.738+0000] {logging_mixin.py:190} WARNING - /opt/airflow/dags/dag_daily_report.py:162 UserWarning: Glyph 44032 (\N{HANGUL SYLLABLE GA}) missing from font(s) DejaVu Sans.
[2026-05-09T14:58:57.739+0000] {logging_mixin.py:190} WARNING - /opt/airflow/dags/dag_daily_report.py:162 UserWarning: Glyph 50668 (\N{HANGUL SYLLABLE YEO}) missing from font(s) DejaVu Sans.
[2026-05-09T14:58:57.740+0000] {logging_mixin.py:190} WARNING - /opt/airflow/dags/dag_daily_report.py:162 UserWarning: Glyph 48512 (\N{HANGUL SYLLABLE BU}) missing from font(s) DejaVu Sans.
[2026-05-09T14:58:57.741+0000] {logging_mixin.py:190} WARNING - /opt/airflow/dags/dag_daily_report.py:162 UserWarning: Glyph 44160 (\N{HANGUL SYLLABLE GEOM}) missing from font(s) DejaVu Sans.
[2026-05-09T14:58:58.040+0000] {dag_daily_report.py:167} INFO - PNG 업로드: s3://road-defect-seong/reports/2026-05-09/task2_speed_uncertainty.png
[2026-05-09T14:58:58.042+0000] {dag_daily_report.py:321} INFO - [Task 2] 완료
[2026-05-09T14:58:58.043+0000] {python.py:240} INFO - Done. Returned value was: {'date': '2026-05-09'}
[2026-05-09T14:58:58.058+0000] {taskinstance.py:341} INFO - ::group::Post task execution logs
[2026-05-09T14:58:58.058+0000] {taskinstance.py:353} INFO - Marking task as SUCCESS. dag_id=dag_daily_report, task_id=speed_uncertainty_analysis, run_id=manual__2026-05-09T14:58:31.488505+00:00, execution_date=20260509T145831, start_date=20260509T145857, end_date=20260509T145858
[2026-05-09T14:58:58.095+0000] {local_task_job_runner.py:266} INFO - Task exited with return code 0
[2026-05-09T14:58:58.116+0000] {taskinstance.py:3901} INFO - 1 downstream tasks scheduled from follow-on schedule check
[2026-05-09T14:58:58.121+0000] {local_task_job_runner.py:245} INFO - ::endgroup::
