[2026-05-06T03:14:23.240+0000] {local_task_job_runner.py:123} INFO - ::group::Pre task execution logs
[2026-05-06T03:14:23.251+0000] {taskinstance.py:2614} INFO - Dependencies all met for dep_context=non-requeueable deps ti=<TaskInstance: p_class_daily_report_to_s3.create_p_class_daily_report scheduled__2026-05-04T14:50:00+00:00 [queued]>
[2026-05-06T03:14:23.257+0000] {taskinstance.py:2614} INFO - Dependencies all met for dep_context=requeueable deps ti=<TaskInstance: p_class_daily_report_to_s3.create_p_class_daily_report scheduled__2026-05-04T14:50:00+00:00 [queued]>
[2026-05-06T03:14:23.257+0000] {taskinstance.py:2867} INFO - Starting attempt 1 of 2
[2026-05-06T03:14:23.271+0000] {taskinstance.py:2890} INFO - Executing <Task(PythonOperator): create_p_class_daily_report> on 2026-05-04 14:50:00+00:00
[2026-05-06T03:14:23.277+0000] {standard_task_runner.py:72} INFO - Started process 437 to run task
[2026-05-06T03:14:23.282+0000] {standard_task_runner.py:104} INFO - Running: ['airflow', 'tasks', 'run', 'p_class_daily_report_to_s3', 'create_p_class_daily_report', 'scheduled__2026-05-04T14:50:00+00:00', '--job-id', '4', '--raw', '--subdir', 'DAGS_FOLDER/p_class_daily_report_to_s3_dag.py', '--cfg-path', '/tmp/tmp3qszx0g3']
[2026-05-06T03:14:23.284+0000] {standard_task_runner.py:105} INFO - Job 4: Subtask create_p_class_daily_report
[2026-05-06T03:14:23.327+0000] {task_command.py:467} INFO - Running <TaskInstance: p_class_daily_report_to_s3.create_p_class_daily_report scheduled__2026-05-04T14:50:00+00:00 [running]> on host 33dc73edf508
[2026-05-06T03:14:23.559+0000] {taskinstance.py:3134} INFO - Exporting env vars: AIRFLOW_CTX_DAG_OWNER='pothole-pjt' AIRFLOW_CTX_DAG_ID='p_class_daily_report_to_s3' AIRFLOW_CTX_TASK_ID='create_p_class_daily_report' AIRFLOW_CTX_EXECUTION_DATE='2026-05-04T14:50:00+00:00' AIRFLOW_CTX_TRY_NUMBER='1' AIRFLOW_CTX_DAG_RUN_ID='scheduled__2026-05-04T14:50:00+00:00'
[2026-05-06T03:14:23.559+0000] {taskinstance.py:732} INFO - ::endgroup::
[2026-05-06T03:14:23.646+0000] {credentials.py:1075} INFO - Found credentials from IAM Role: exi-airflow-ec2-role
[2026-05-06T03:14:23.913+0000] {logging_mixin.py:190} INFO - Uploaded report to s3://road-defect-seong/reports/2026-05-06/p_class_daily_report.json
[2026-05-06T03:14:23.913+0000] {logging_mixin.py:190} INFO - {
  "today_p_count": 0,
  "yesterday_p_count": 0,
  "diff_from_yesterday": 0,
  "change_rate_percent": null,
  "total_p_count": 0
}
[2026-05-06T03:14:23.915+0000] {python.py:240} INFO - Done. Returned value was: None
[2026-05-06T03:14:23.920+0000] {taskinstance.py:341} INFO - ::group::Post task execution logs
[2026-05-06T03:14:23.920+0000] {taskinstance.py:353} INFO - Marking task as SUCCESS. dag_id=p_class_daily_report_to_s3, task_id=create_p_class_daily_report, run_id=scheduled__2026-05-04T14:50:00+00:00, execution_date=20260504T145000, start_date=20260506T031423, end_date=20260506T031423
[2026-05-06T03:14:23.976+0000] {local_task_job_runner.py:266} INFO - Task exited with return code 0
[2026-05-06T03:14:23.988+0000] {taskinstance.py:3901} INFO - 0 downstream tasks scheduled from follow-on schedule check
[2026-05-06T03:14:23.988+0000] {local_task_job_runner.py:245} INFO - ::endgroup::
