[2026-05-10T13:12:15.740+0000] {local_task_job_runner.py:123} INFO - ::group::Pre task execution logs
[2026-05-10T13:12:15.753+0000] {taskinstance.py:2614} INFO - Dependencies all met for dep_context=non-requeueable deps ti=<TaskInstance: dag_daily_report.speed_uncertainty_analysis scheduled__2026-05-10T13:00:00+00:00 [queued]>
[2026-05-10T13:12:15.761+0000] {taskinstance.py:2614} INFO - Dependencies all met for dep_context=requeueable deps ti=<TaskInstance: dag_daily_report.speed_uncertainty_analysis scheduled__2026-05-10T13:00:00+00:00 [queued]>
[2026-05-10T13:12:15.761+0000] {taskinstance.py:2867} INFO - Starting attempt 1 of 2
[2026-05-10T13:12:15.777+0000] {taskinstance.py:2890} INFO - Executing <Task(PythonOperator): speed_uncertainty_analysis> on 2026-05-10 13:00:00+00:00
[2026-05-10T13:12:15.788+0000] {standard_task_runner.py:72} INFO - Started process 43822 to run task
[2026-05-10T13:12:15.792+0000] {standard_task_runner.py:104} INFO - Running: ['airflow', 'tasks', 'run', 'dag_daily_report', 'speed_uncertainty_analysis', 'scheduled__2026-05-10T13:00:00+00:00', '--job-id', '1164', '--raw', '--subdir', 'DAGS_FOLDER/dag_daily_report.py', '--cfg-path', '/tmp/tmp8tdcqn19']
[2026-05-10T13:12:15.795+0000] {standard_task_runner.py:105} INFO - Job 1164: Subtask speed_uncertainty_analysis
[2026-05-10T13:12:15.833+0000] {task_command.py:467} INFO - Running <TaskInstance: dag_daily_report.speed_uncertainty_analysis scheduled__2026-05-10T13:00:00+00:00 [running]> on host 0177f1ae1202
[2026-05-10T13:12:15.900+0000] {taskinstance.py:3134} INFO - Exporting env vars: AIRFLOW_CTX_DAG_OWNER='pothole-pipeline' AIRFLOW_CTX_DAG_ID='dag_daily_report' AIRFLOW_CTX_TASK_ID='speed_uncertainty_analysis' AIRFLOW_CTX_EXECUTION_DATE='2026-05-10T13:00:00+00:00' AIRFLOW_CTX_TRY_NUMBER='1' AIRFLOW_CTX_DAG_RUN_ID='scheduled__2026-05-10T13:00:00+00:00'
[2026-05-10T13:12:15.901+0000] {taskinstance.py:732} INFO - ::endgroup::
[2026-05-10T13:12:15.917+0000] {dag_daily_report.py:127} INFO - [Task 2] 시작: 2026-05-10
[2026-05-10T13:12:15.939+0000] {credentials.py:1075} INFO - Found credentials from IAM Role: exi-airflow-ec2-role
[2026-05-10T13:12:16.257+0000] {dag_daily_report.py:62} INFO - S3 조회: s3://road-defect-seong/raw/raw_logs/year=2026/month=05/day=10/
[2026-05-10T13:12:17.164+0000] {dag_daily_report.py:91} INFO - 로드 완료: 233,455건 (parse_error 제거: 0건)
[2026-05-10T13:12:17.198+0000] {dag_daily_report.py:146} INFO - [Task 2] 완료
[2026-05-10T13:12:17.211+0000] {python.py:240} INFO - Done. Returned value was: {'date': '2026-05-10'}
[2026-05-10T13:12:17.229+0000] {taskinstance.py:341} INFO - ::group::Post task execution logs
[2026-05-10T13:12:17.229+0000] {taskinstance.py:353} INFO - Marking task as SUCCESS. dag_id=dag_daily_report, task_id=speed_uncertainty_analysis, run_id=scheduled__2026-05-10T13:00:00+00:00, execution_date=20260510T130000, start_date=20260510T131215, end_date=20260510T131217
[2026-05-10T13:12:17.294+0000] {local_task_job_runner.py:266} INFO - Task exited with return code 0
[2026-05-10T13:12:17.315+0000] {taskinstance.py:3901} INFO - 1 downstream tasks scheduled from follow-on schedule check
[2026-05-10T13:12:17.321+0000] {local_task_job_runner.py:245} INFO - ::endgroup::
