[2026-05-08T14:50:18.755+0000] {local_task_job_runner.py:123} INFO - ::group::Pre task execution logs
[2026-05-08T14:50:18.768+0000] {taskinstance.py:2614} INFO - Dependencies all met for dep_context=non-requeueable deps ti=<TaskInstance: dag_daily_report.hnm_candidates_extraction scheduled__2026-05-07T14:50:00+00:00 [queued]>
[2026-05-08T14:50:18.775+0000] {taskinstance.py:2614} INFO - Dependencies all met for dep_context=requeueable deps ti=<TaskInstance: dag_daily_report.hnm_candidates_extraction scheduled__2026-05-07T14:50:00+00:00 [queued]>
[2026-05-08T14:50:18.775+0000] {taskinstance.py:2867} INFO - Starting attempt 1 of 2
[2026-05-08T14:50:18.791+0000] {taskinstance.py:2890} INFO - Executing <Task(PythonOperator): hnm_candidates_extraction> on 2026-05-07 14:50:00+00:00
[2026-05-08T14:50:18.800+0000] {standard_task_runner.py:72} INFO - Started process 21748 to run task
[2026-05-08T14:50:18.804+0000] {standard_task_runner.py:104} INFO - Running: ['airflow', 'tasks', 'run', 'dag_daily_report', 'hnm_candidates_extraction', 'scheduled__2026-05-07T14:50:00+00:00', '--job-id', '349', '--raw', '--subdir', 'DAGS_FOLDER/dag_daily_report.py', '--cfg-path', '/tmp/tmpd3ofwfez']
[2026-05-08T14:50:18.807+0000] {standard_task_runner.py:105} INFO - Job 349: Subtask hnm_candidates_extraction
[2026-05-08T14:50:18.844+0000] {task_command.py:467} INFO - Running <TaskInstance: dag_daily_report.hnm_candidates_extraction scheduled__2026-05-07T14:50:00+00:00 [running]> on host 0177f1ae1202
[2026-05-08T14:50:18.911+0000] {taskinstance.py:3134} INFO - Exporting env vars: AIRFLOW_CTX_DAG_OWNER='pothole-pipeline' AIRFLOW_CTX_DAG_ID='dag_daily_report' AIRFLOW_CTX_TASK_ID='hnm_candidates_extraction' AIRFLOW_CTX_EXECUTION_DATE='2026-05-07T14:50:00+00:00' AIRFLOW_CTX_TRY_NUMBER='1' AIRFLOW_CTX_DAG_RUN_ID='scheduled__2026-05-07T14:50:00+00:00'
[2026-05-08T14:50:18.912+0000] {taskinstance.py:732} INFO - ::endgroup::
[2026-05-08T14:50:18.928+0000] {dag_daily_report.py:334} INFO - [Task 3] 시작: 2026-05-08
[2026-05-08T14:50:18.952+0000] {credentials.py:1075} INFO - Found credentials from IAM Role: exi-airflow-ec2-role
[2026-05-08T14:50:19.071+0000] {dag_daily_report.py:126} INFO - S3 조회: s3://road-defect-seong/raw/raw_logs/year=2026/month=05/day=08/
[2026-05-08T14:50:19.373+0000] {dag_daily_report.py:155} INFO - 로드 완료: 9,323건 (parse_error 제거: 0건)
[2026-05-08T14:50:19.382+0000] {dag_daily_report.py:353} INFO - U_N 임계값: 0.5850, 후보: 90건
[2026-05-08T14:50:19.384+0000] {dag_daily_report.py:360} INFO - U_P 임계값: 0.5046, 후보: 1건
[2026-05-08T14:50:19.518+0000] {dag_daily_report.py:178} INFO - CSV 업로드: s3://road-defect-seong/reports/2026-05-08/task3_hnm_candidates.csv
[2026-05-08T14:50:19.585+0000] {logging_mixin.py:190} WARNING - /opt/airflow/dags/dag_daily_report.py:391 UserWarning: Glyph 44148 (\N{HANGUL SYLLABLE GEON}) missing from font(s) DejaVu Sans.
[2026-05-08T14:50:19.586+0000] {logging_mixin.py:190} WARNING - /opt/airflow/dags/dag_daily_report.py:391 UserWarning: Glyph 49688 (\N{HANGUL SYLLABLE SU}) missing from font(s) DejaVu Sans.
[2026-05-08T14:50:19.610+0000] {logging_mixin.py:190} WARNING - /opt/airflow/dags/dag_daily_report.py:391 UserWarning: Glyph 44256 (\N{HANGUL SYLLABLE GO}) missing from font(s) DejaVu Sans.
[2026-05-08T14:50:19.611+0000] {logging_mixin.py:190} WARNING - /opt/airflow/dags/dag_daily_report.py:391 UserWarning: Glyph 49888 (\N{HANGUL SYLLABLE SIN}) missing from font(s) DejaVu Sans.
[2026-05-08T14:50:19.612+0000] {logging_mixin.py:190} WARNING - /opt/airflow/dags/dag_daily_report.py:391 UserWarning: Glyph 47280 (\N{HANGUL SYLLABLE ROE}) missing from font(s) DejaVu Sans.
[2026-05-08T14:50:19.613+0000] {logging_mixin.py:190} WARNING - /opt/airflow/dags/dag_daily_report.py:391 UserWarning: Glyph 46020 (\N{HANGUL SYLLABLE DO}) missing from font(s) DejaVu Sans.
[2026-05-08T14:50:19.614+0000] {logging_mixin.py:190} WARNING - /opt/airflow/dags/dag_daily_report.py:391 UserWarning: Glyph 54980 (\N{HANGUL SYLLABLE HU}) missing from font(s) DejaVu Sans.
[2026-05-08T14:50:19.615+0000] {logging_mixin.py:190} WARNING - /opt/airflow/dags/dag_daily_report.py:391 UserWarning: Glyph 48372 (\N{HANGUL SYLLABLE BO}) missing from font(s) DejaVu Sans.
[2026-05-08T14:50:19.616+0000] {logging_mixin.py:190} WARNING - /opt/airflow/dags/dag_daily_report.py:391 UserWarning: Glyph 49345 (\N{HANGUL SYLLABLE SANG}) missing from font(s) DejaVu Sans.
[2026-05-08T14:50:19.617+0000] {logging_mixin.py:190} WARNING - /opt/airflow/dags/dag_daily_report.py:391 UserWarning: Glyph 50948 (\N{HANGUL SYLLABLE WI}) missing from font(s) DejaVu Sans.
[2026-05-08T14:50:19.639+0000] {logging_mixin.py:190} WARNING - /opt/airflow/dags/dag_daily_report.py:391 UserWarning: Glyph 51200 (\N{HANGUL SYLLABLE JEO}) missing from font(s) DejaVu Sans.
[2026-05-08T14:50:19.640+0000] {logging_mixin.py:190} WARNING - /opt/airflow/dags/dag_daily_report.py:391 UserWarning: Glyph 54616 (\N{HANGUL SYLLABLE HA}) missing from font(s) DejaVu Sans.
[2026-05-08T14:50:19.645+0000] {logging_mixin.py:190} WARNING - /opt/airflow/dags/dag_daily_report.py:391 UserWarning: Glyph 52628 (\N{HANGUL SYLLABLE CU}) missing from font(s) DejaVu Sans.
[2026-05-08T14:50:19.646+0000] {logging_mixin.py:190} WARNING - /opt/airflow/dags/dag_daily_report.py:391 UserWarning: Glyph 52636 (\N{HANGUL SYLLABLE CUL}) missing from font(s) DejaVu Sans.
[2026-05-08T14:50:19.647+0000] {logging_mixin.py:190} WARNING - /opt/airflow/dags/dag_daily_report.py:391 UserWarning: Glyph 44208 (\N{HANGUL SYLLABLE GYEOL}) missing from font(s) DejaVu Sans.
[2026-05-08T14:50:19.648+0000] {logging_mixin.py:190} WARNING - /opt/airflow/dags/dag_daily_report.py:391 UserWarning: Glyph 44284 (\N{HANGUL SYLLABLE GWA}) missing from font(s) DejaVu Sans.
[2026-05-08T14:50:19.671+0000] {logging_mixin.py:190} WARNING - /opt/airflow/dags/dag_daily_report.py:162 UserWarning: Glyph 44256 (\N{HANGUL SYLLABLE GO}) missing from font(s) DejaVu Sans.
[2026-05-08T14:50:19.672+0000] {logging_mixin.py:190} WARNING - /opt/airflow/dags/dag_daily_report.py:162 UserWarning: Glyph 49888 (\N{HANGUL SYLLABLE SIN}) missing from font(s) DejaVu Sans.
[2026-05-08T14:50:19.673+0000] {logging_mixin.py:190} WARNING - /opt/airflow/dags/dag_daily_report.py:162 UserWarning: Glyph 47280 (\N{HANGUL SYLLABLE ROE}) missing from font(s) DejaVu Sans.
[2026-05-08T14:50:19.673+0000] {logging_mixin.py:190} WARNING - /opt/airflow/dags/dag_daily_report.py:162 UserWarning: Glyph 46020 (\N{HANGUL SYLLABLE DO}) missing from font(s) DejaVu Sans.
[2026-05-08T14:50:19.675+0000] {logging_mixin.py:190} WARNING - /opt/airflow/dags/dag_daily_report.py:162 UserWarning: Glyph 54980 (\N{HANGUL SYLLABLE HU}) missing from font(s) DejaVu Sans.
[2026-05-08T14:50:19.675+0000] {logging_mixin.py:190} WARNING - /opt/airflow/dags/dag_daily_report.py:162 UserWarning: Glyph 48372 (\N{HANGUL SYLLABLE BO}) missing from font(s) DejaVu Sans.
[2026-05-08T14:50:19.676+0000] {logging_mixin.py:190} WARNING - /opt/airflow/dags/dag_daily_report.py:162 UserWarning: Glyph 49345 (\N{HANGUL SYLLABLE SANG}) missing from font(s) DejaVu Sans.
[2026-05-08T14:50:19.677+0000] {logging_mixin.py:190} WARNING - /opt/airflow/dags/dag_daily_report.py:162 UserWarning: Glyph 50948 (\N{HANGUL SYLLABLE WI}) missing from font(s) DejaVu Sans.
[2026-05-08T14:50:19.678+0000] {logging_mixin.py:190} WARNING - /opt/airflow/dags/dag_daily_report.py:162 UserWarning: Glyph 44148 (\N{HANGUL SYLLABLE GEON}) missing from font(s) DejaVu Sans.
[2026-05-08T14:50:19.690+0000] {logging_mixin.py:190} WARNING - /opt/airflow/dags/dag_daily_report.py:162 UserWarning: Glyph 49688 (\N{HANGUL SYLLABLE SU}) missing from font(s) DejaVu Sans.
[2026-05-08T14:50:19.702+0000] {logging_mixin.py:190} WARNING - /opt/airflow/dags/dag_daily_report.py:162 UserWarning: Glyph 51200 (\N{HANGUL SYLLABLE JEO}) missing from font(s) DejaVu Sans.
[2026-05-08T14:50:19.703+0000] {logging_mixin.py:190} WARNING - /opt/airflow/dags/dag_daily_report.py:162 UserWarning: Glyph 54616 (\N{HANGUL SYLLABLE HA}) missing from font(s) DejaVu Sans.
[2026-05-08T14:50:19.717+0000] {logging_mixin.py:190} WARNING - /opt/airflow/dags/dag_daily_report.py:162 UserWarning: Glyph 52628 (\N{HANGUL SYLLABLE CU}) missing from font(s) DejaVu Sans.
[2026-05-08T14:50:19.718+0000] {logging_mixin.py:190} WARNING - /opt/airflow/dags/dag_daily_report.py:162 UserWarning: Glyph 52636 (\N{HANGUL SYLLABLE CUL}) missing from font(s) DejaVu Sans.
[2026-05-08T14:50:19.719+0000] {logging_mixin.py:190} WARNING - /opt/airflow/dags/dag_daily_report.py:162 UserWarning: Glyph 44208 (\N{HANGUL SYLLABLE GYEOL}) missing from font(s) DejaVu Sans.
[2026-05-08T14:50:19.720+0000] {logging_mixin.py:190} WARNING - /opt/airflow/dags/dag_daily_report.py:162 UserWarning: Glyph 44284 (\N{HANGUL SYLLABLE GWA}) missing from font(s) DejaVu Sans.
[2026-05-08T14:50:20.000+0000] {dag_daily_report.py:167} INFO - PNG 업로드: s3://road-defect-seong/reports/2026-05-08/task3_hnm_candidates.png
[2026-05-08T14:50:20.002+0000] {dag_daily_report.py:394} INFO - [Task 3] 완료. 총 91건
[2026-05-08T14:50:20.004+0000] {python.py:240} INFO - Done. Returned value was: {'date': '2026-05-08', 'un': 90, 'up': 1, 'total': 91}
[2026-05-08T14:50:20.018+0000] {taskinstance.py:341} INFO - ::group::Post task execution logs
[2026-05-08T14:50:20.019+0000] {taskinstance.py:353} INFO - Marking task as SUCCESS. dag_id=dag_daily_report, task_id=hnm_candidates_extraction, run_id=scheduled__2026-05-07T14:50:00+00:00, execution_date=20260507T145000, start_date=20260508T145018, end_date=20260508T145020
[2026-05-08T14:50:20.061+0000] {local_task_job_runner.py:266} INFO - Task exited with return code 0
[2026-05-08T14:50:20.081+0000] {taskinstance.py:3901} INFO - 1 downstream tasks scheduled from follow-on schedule check
[2026-05-08T14:50:20.086+0000] {local_task_job_runner.py:245} INFO - ::endgroup::
