[2026-05-11T01:00:10.313+0000] {local_task_job_runner.py:123} INFO - ::group::Pre task execution logs
[2026-05-11T01:00:10.323+0000] {taskinstance.py:2614} INFO - Dependencies all met for dep_context=non-requeueable deps ti=<TaskInstance: cluster_potholes_every_12min.cluster_pothole_events scheduled__2026-05-11T00:48:00+00:00 [queued]>
[2026-05-11T01:00:10.329+0000] {taskinstance.py:2614} INFO - Dependencies all met for dep_context=requeueable deps ti=<TaskInstance: cluster_potholes_every_12min.cluster_pothole_events scheduled__2026-05-11T00:48:00+00:00 [queued]>
[2026-05-11T01:00:10.329+0000] {taskinstance.py:2867} INFO - Starting attempt 1 of 2
[2026-05-11T01:00:10.344+0000] {taskinstance.py:2890} INFO - Executing <Task(PythonOperator): cluster_pothole_events> on 2026-05-11 00:48:00+00:00
[2026-05-11T01:00:10.352+0000] {standard_task_runner.py:72} INFO - Started process 49344 to run task
[2026-05-11T01:00:10.356+0000] {standard_task_runner.py:104} INFO - Running: ['airflow', 'tasks', 'run', 'cluster_potholes_every_12min', 'cluster_pothole_events', 'scheduled__2026-05-11T00:48:00+00:00', '--job-id', '1386', '--raw', '--subdir', 'DAGS_FOLDER/cluster_potholes_12min_dag.py', '--cfg-path', '/tmp/tmpgjwt2kpx']
[2026-05-11T01:00:10.359+0000] {standard_task_runner.py:105} INFO - Job 1386: Subtask cluster_pothole_events
[2026-05-11T01:00:10.398+0000] {task_command.py:467} INFO - Running <TaskInstance: cluster_potholes_every_12min.cluster_pothole_events scheduled__2026-05-11T00:48:00+00:00 [running]> on host 0177f1ae1202
[2026-05-11T01:00:10.469+0000] {taskinstance.py:3134} INFO - Exporting env vars: AIRFLOW_CTX_DAG_OWNER='pothole-pjt' AIRFLOW_CTX_DAG_ID='cluster_potholes_every_12min' AIRFLOW_CTX_TASK_ID='cluster_pothole_events' AIRFLOW_CTX_EXECUTION_DATE='2026-05-11T00:48:00+00:00' AIRFLOW_CTX_TRY_NUMBER='1' AIRFLOW_CTX_DAG_RUN_ID='scheduled__2026-05-11T00:48:00+00:00'
[2026-05-11T01:00:10.470+0000] {taskinstance.py:732} INFO - ::endgroup::
[2026-05-11T01:00:10.529+0000] {logging_mixin.py:190} INFO - Unclustered events count: 30
[2026-05-11T01:00:10.530+0000] {logging_mixin.py:190} INFO - kakao_key_exists=True
[2026-05-11T01:00:10.537+0000] {logging_mixin.py:190} INFO - Existing unrepaired clusters count: 431
[2026-05-11T01:00:10.882+0000] {logging_mixin.py:190} INFO - Created new cluster_id=cluster_20260511010010_6e54a52a from event_id=evt_ydp_01_last_20260511_006031_16b1dc6a, road_address=서울 영등포구 대림동 864-5
[2026-05-11T01:00:11.039+0000] {logging_mixin.py:190} INFO - Created new cluster_id=cluster_20260511010010_7107b5e7 from event_id=evt_ydp_12_first_20260511_006284_8e8da51c, road_address=서울 영등포구 대림동 604-118
[2026-05-11T01:00:11.044+0000] {logging_mixin.py:190} INFO - Merged event_id=evt_ydp_05_first_20260511_006419_6cedcf25 into cluster_id=cluster_20260506055702_8d446aea, distance=12.05m
[2026-05-11T01:00:11.201+0000] {logging_mixin.py:190} INFO - Created new cluster_id=cluster_20260511010011_cba304d6 from event_id=evt_ydp_05_first_20260511_006468_655d60c0, road_address=서울 영등포구 당산동5가 4-22
[2026-05-11T01:00:11.335+0000] {logging_mixin.py:190} INFO - Created new cluster_id=cluster_20260511010011_d410570a from event_id=evt_ydp_11_first_20260511_000050_cda25f0a, road_address=서울특별시 영등포구 여의대방로 308-2
[2026-05-11T01:00:11.342+0000] {logging_mixin.py:190} INFO - Merged event_id=evt_ydp_01_first_20260511_000078_5e8cf910 into cluster_id=cluster_20260508013605_15527eb6, distance=2.09m
[2026-05-11T01:00:11.347+0000] {logging_mixin.py:190} INFO - Merged event_id=evt_ydp_03_first_20260511_000080_06d63887 into cluster_id=cluster_20260509151212_477413a0, distance=6.43m
[2026-05-11T01:00:11.510+0000] {logging_mixin.py:190} INFO - Created new cluster_id=cluster_20260511010011_3ff2c17f from event_id=evt_ydp_06_first_20260511_000100_d38db232, road_address=서울 영등포구 신길동 1289-3
[2026-05-11T01:00:11.654+0000] {logging_mixin.py:190} INFO - Created new cluster_id=cluster_20260511010011_b939f8a2 from event_id=evt_ydp_07_first_20260511_000107_7e224964, road_address=서울 영등포구 신길동 1291-3
[2026-05-11T01:00:11.803+0000] {logging_mixin.py:190} INFO - Created new cluster_id=cluster_20260511010011_1ce089b9 from event_id=evt_ydp_09_first_20260511_000152_c83cbc90, road_address=서울 구로구 구로동 8-13
[2026-05-11T01:00:11.938+0000] {logging_mixin.py:190} INFO - Created new cluster_id=cluster_20260511010011_0dd3a2ec from event_id=evt_ydp_04_first_20260511_000160_4ca4c32c, road_address=서울 영등포구 당산동4가 80-2
[2026-05-11T01:00:12.075+0000] {logging_mixin.py:190} INFO - Created new cluster_id=cluster_20260511010011_4409e36c from event_id=evt_ydp_10_first_20260511_000215_687ef67a, road_address=서울 영등포구 여의도동 57
[2026-05-11T01:00:12.212+0000] {logging_mixin.py:190} INFO - Created new cluster_id=cluster_20260511010012_a28c9e8c from event_id=evt_ydp_02_first_20260511_000219_4a719bff, road_address=서울 영등포구 양평동6가 12
[2026-05-11T01:00:12.218+0000] {logging_mixin.py:190} INFO - Merged event_id=evt_ydp_07_first_20260511_000274_9f788d49 into cluster_id=cluster_20260506152405_43afbdff, distance=1.73m
[2026-05-11T01:00:12.223+0000] {logging_mixin.py:190} INFO - Merged event_id=evt_ydp_13_first_20260511_000381_e556b850 into cluster_id=cluster_20260506055704_6eeaf2e5, distance=1.36m
[2026-05-11T01:00:12.230+0000] {logging_mixin.py:190} INFO - Merged event_id=evt_ydp_04_first_20260511_000600_1d2cf3aa into cluster_id=cluster_20260506152406_eb2f0a93, distance=3.62m
[2026-05-11T01:00:12.374+0000] {logging_mixin.py:190} INFO - Created new cluster_id=cluster_20260511010012_f4c0fedb from event_id=evt_ydp_12_first_20260511_000601_9f23d407, road_address=서울 영등포구 대림동 650
[2026-05-11T01:00:12.530+0000] {logging_mixin.py:190} INFO - Created new cluster_id=cluster_20260511010012_dda0a769 from event_id=evt_ydp_01_first_20260511_000669_094bc9bb, road_address=서울 영등포구 도림동 176-18
[2026-05-11T01:00:12.697+0000] {logging_mixin.py:190} INFO - Created new cluster_id=cluster_20260511010012_345baf91 from event_id=evt_ydp_01_first_20260511_000695_ba7f8693, road_address=서울 영등포구 도림동 159-66
[2026-05-11T01:00:12.702+0000] {logging_mixin.py:190} INFO - Merged event_id=evt_ydp_04_first_20260511_000699_f4942e4e into cluster_id=cluster_20260506055651_f476e0ce, distance=6.52m
[2026-05-11T01:00:12.860+0000] {logging_mixin.py:190} INFO - Created new cluster_id=cluster_20260511010012_7b3ff9af from event_id=evt_ydp_07_first_20260511_000742_534a32ca, road_address=서울특별시 영등포구 여의대방로43나길 25
[2026-05-11T01:00:13.005+0000] {logging_mixin.py:190} INFO - Created new cluster_id=cluster_20260511010012_7c52015e from event_id=evt_ydp_09_first_20260511_000825_dadc4a22, road_address=서울 구로구 구로동 50
[2026-05-11T01:00:13.166+0000] {logging_mixin.py:190} INFO - Created new cluster_id=cluster_20260511010013_e7bbc989 from event_id=evt_ydp_06_first_20260511_000852_77ee6f0d, road_address=서울 영등포구 신길동 120-66
[2026-05-11T01:00:13.328+0000] {logging_mixin.py:190} INFO - Created new cluster_id=cluster_20260511010013_9020c268 from event_id=evt_ydp_09_first_20260511_000936_c4463a42, road_address=서울 구로구 구로동 50
[2026-05-11T01:00:13.475+0000] {logging_mixin.py:190} INFO - Created new cluster_id=cluster_20260511010013_31c8c5ed from event_id=evt_ydp_13_first_20260511_000954_a86e1b0f, road_address=서울 영등포구 신길동 417-47
[2026-05-11T01:00:13.640+0000] {logging_mixin.py:190} INFO - Created new cluster_id=cluster_20260511010013_7e065c75 from event_id=evt_ydp_02_first_20260511_000965_5b73b135, road_address=서울 영등포구 양평동5가 1-3
[2026-05-11T01:00:13.800+0000] {logging_mixin.py:190} INFO - Created new cluster_id=cluster_20260511010013_f0054263 from event_id=evt_ydp_12_first_20260511_001041_57d46340, road_address=서울 영등포구 신길동 362-1
[2026-05-11T01:00:13.957+0000] {logging_mixin.py:190} INFO - Created new cluster_id=cluster_20260511010013_814c157d from event_id=evt_ydp_04_first_20260511_001047_583329fb, road_address=서울 영등포구 당산동5가 11-36
[2026-05-11T01:00:13.963+0000] {logging_mixin.py:190} INFO - Merged event_id=evt_ydp_01_first_20260511_001063_c59f5e22 into cluster_id=cluster_20260507061206_52d4dd84, distance=7.61m
[2026-05-11T01:00:13.968+0000] {logging_mixin.py:190} INFO - Merged event_id=evt_ydp_03_first_20260511_001079_01eb550c into cluster_id=cluster_20260506055656_fe6dfc4d, distance=2.71m
[2026-05-11T01:00:13.971+0000] {logging_mixin.py:190} INFO - Cluster processing completed.
[2026-05-11T01:00:13.971+0000] {logging_mixin.py:190} INFO - New clusters inserted: 21
[2026-05-11T01:00:13.971+0000] {logging_mixin.py:190} INFO - Events merged into existing clusters: 9
[2026-05-11T01:00:13.971+0000] {python.py:240} INFO - Done. Returned value was: None
[2026-05-11T01:00:13.978+0000] {taskinstance.py:341} INFO - ::group::Post task execution logs
[2026-05-11T01:00:13.978+0000] {taskinstance.py:353} INFO - Marking task as SUCCESS. dag_id=cluster_potholes_every_12min, task_id=cluster_pothole_events, run_id=scheduled__2026-05-11T00:48:00+00:00, execution_date=20260511T004800, start_date=20260511T010010, end_date=20260511T010013
[2026-05-11T01:00:14.021+0000] {local_task_job_runner.py:266} INFO - Task exited with return code 0
[2026-05-11T01:00:14.033+0000] {taskinstance.py:3901} INFO - 0 downstream tasks scheduled from follow-on schedule check
[2026-05-11T01:00:14.033+0000] {local_task_job_runner.py:245} INFO - ::endgroup::
