[2026-05-10T10:24:05.577+0000] {local_task_job_runner.py:123} INFO - ::group::Pre task execution logs
[2026-05-10T10:24:05.587+0000] {taskinstance.py:2614} INFO - Dependencies all met for dep_context=non-requeueable deps ti=<TaskInstance: dag_daily_report.model_performance_monitoring scheduled__2026-05-10T10:12:00+00:00 [queued]>
[2026-05-10T10:24:05.593+0000] {taskinstance.py:2614} INFO - Dependencies all met for dep_context=requeueable deps ti=<TaskInstance: dag_daily_report.model_performance_monitoring scheduled__2026-05-10T10:12:00+00:00 [queued]>
[2026-05-10T10:24:05.593+0000] {taskinstance.py:2867} INFO - Starting attempt 1 of 2
[2026-05-10T10:24:05.606+0000] {taskinstance.py:2890} INFO - Executing <Task(PythonOperator): model_performance_monitoring> on 2026-05-10 10:12:00+00:00
[2026-05-10T10:24:05.616+0000] {standard_task_runner.py:72} INFO - Started process 42177 to run task
[2026-05-10T10:24:05.621+0000] {standard_task_runner.py:104} INFO - Running: ['airflow', 'tasks', 'run', 'dag_daily_report', 'model_performance_monitoring', 'scheduled__2026-05-10T10:12:00+00:00', '--job-id', '1078', '--raw', '--subdir', 'DAGS_FOLDER/dag_daily_report.py', '--cfg-path', '/tmp/tmp69w82cfz']
[2026-05-10T10:24:05.623+0000] {standard_task_runner.py:105} INFO - Job 1078: Subtask model_performance_monitoring
[2026-05-10T10:24:05.663+0000] {task_command.py:467} INFO - Running <TaskInstance: dag_daily_report.model_performance_monitoring scheduled__2026-05-10T10:12:00+00:00 [running]> on host 0177f1ae1202
[2026-05-10T10:24:05.739+0000] {taskinstance.py:3134} INFO - Exporting env vars: AIRFLOW_CTX_DAG_OWNER='pothole-pipeline' AIRFLOW_CTX_DAG_ID='dag_daily_report' AIRFLOW_CTX_TASK_ID='model_performance_monitoring' AIRFLOW_CTX_EXECUTION_DATE='2026-05-10T10:12:00+00:00' AIRFLOW_CTX_TRY_NUMBER='1' AIRFLOW_CTX_DAG_RUN_ID='scheduled__2026-05-10T10:12:00+00:00'
[2026-05-10T10:24:05.740+0000] {taskinstance.py:732} INFO - ::endgroup::
[2026-05-10T10:24:05.755+0000] {dag_daily_report.py:111} INFO - [Task 1] 시작: 2026-05-10
[2026-05-10T10:24:05.779+0000] {credentials.py:1075} INFO - Found credentials from IAM Role: exi-airflow-ec2-role
[2026-05-10T10:24:06.085+0000] {dag_daily_report.py:62} INFO - S3 조회: s3://road-defect-seong/raw/raw_logs/year=2026/month=05/day=10/
[2026-05-10T10:24:07.093+0000] {dag_daily_report.py:91} INFO - 로드 완료: 233,455건 (parse_error 제거: 0건)
[2026-05-10T10:24:07.120+0000] {dag_daily_report.py:118} INFO - [Task 1] 완료. 233,455건
[2026-05-10T10:24:07.135+0000] {python.py:240} INFO - Done. Returned value was: {'total': 233455, 'date': '2026-05-10'}
[2026-05-10T10:24:07.151+0000] {taskinstance.py:341} INFO - ::group::Post task execution logs
[2026-05-10T10:24:07.152+0000] {taskinstance.py:353} INFO - Marking task as SUCCESS. dag_id=dag_daily_report, task_id=model_performance_monitoring, run_id=scheduled__2026-05-10T10:12:00+00:00, execution_date=20260510T101200, start_date=20260510T102405, end_date=20260510T102407
[2026-05-10T10:24:07.197+0000] {local_task_job_runner.py:266} INFO - Task exited with return code 0
[2026-05-10T10:24:07.222+0000] {taskinstance.py:3901} INFO - 1 downstream tasks scheduled from follow-on schedule check
[2026-05-10T10:24:07.227+0000] {local_task_job_runner.py:245} INFO - ::endgroup::
