[2026-05-10T02:00:05.571+0000] {local_task_job_runner.py:123} INFO - ::group::Pre task execution logs
[2026-05-10T02:00:05.581+0000] {taskinstance.py:2614} INFO - Dependencies all met for dep_context=non-requeueable deps ti=<TaskInstance: dag_daily_report.model_performance_monitoring scheduled__2026-05-10T01:48:00+00:00 [queued]>
[2026-05-10T02:00:05.587+0000] {taskinstance.py:2614} INFO - Dependencies all met for dep_context=requeueable deps ti=<TaskInstance: dag_daily_report.model_performance_monitoring scheduled__2026-05-10T01:48:00+00:00 [queued]>
[2026-05-10T02:00:05.587+0000] {taskinstance.py:2867} INFO - Starting attempt 1 of 2
[2026-05-10T02:00:05.601+0000] {taskinstance.py:2890} INFO - Executing <Task(PythonOperator): model_performance_monitoring> on 2026-05-10 01:48:00+00:00
[2026-05-10T02:00:05.612+0000] {standard_task_runner.py:72} INFO - Started process 37285 to run task
[2026-05-10T02:00:05.616+0000] {standard_task_runner.py:104} INFO - Running: ['airflow', 'tasks', 'run', 'dag_daily_report', 'model_performance_monitoring', 'scheduled__2026-05-10T01:48:00+00:00', '--job-id', '826', '--raw', '--subdir', 'DAGS_FOLDER/dag_daily_report.py', '--cfg-path', '/tmp/tmp7787e4fs']
[2026-05-10T02:00:05.618+0000] {standard_task_runner.py:105} INFO - Job 826: Subtask model_performance_monitoring
[2026-05-10T02:00:05.658+0000] {task_command.py:467} INFO - Running <TaskInstance: dag_daily_report.model_performance_monitoring scheduled__2026-05-10T01:48:00+00:00 [running]> on host 0177f1ae1202
[2026-05-10T02:00:05.723+0000] {taskinstance.py:3134} INFO - Exporting env vars: AIRFLOW_CTX_DAG_OWNER='pothole-pipeline' AIRFLOW_CTX_DAG_ID='dag_daily_report' AIRFLOW_CTX_TASK_ID='model_performance_monitoring' AIRFLOW_CTX_EXECUTION_DATE='2026-05-10T01:48:00+00:00' AIRFLOW_CTX_TRY_NUMBER='1' AIRFLOW_CTX_DAG_RUN_ID='scheduled__2026-05-10T01:48:00+00:00'
[2026-05-10T02:00:05.724+0000] {taskinstance.py:732} INFO - ::endgroup::
[2026-05-10T02:00:05.738+0000] {dag_daily_report.py:111} INFO - [Task 1] 시작: 2026-05-10
[2026-05-10T02:00:05.762+0000] {credentials.py:1075} INFO - Found credentials from IAM Role: exi-airflow-ec2-role
[2026-05-10T02:00:06.074+0000] {dag_daily_report.py:62} INFO - S3 조회: s3://road-defect-seong/raw/raw_logs/year=2026/month=05/day=10/
[2026-05-10T02:00:07.135+0000] {dag_daily_report.py:91} INFO - 로드 완료: 233,455건 (parse_error 제거: 0건)
[2026-05-10T02:00:07.162+0000] {dag_daily_report.py:118} INFO - [Task 1] 완료. 233,455건
[2026-05-10T02:00:07.176+0000] {python.py:240} INFO - Done. Returned value was: {'total': 233455, 'date': '2026-05-10'}
[2026-05-10T02:00:07.193+0000] {taskinstance.py:341} INFO - ::group::Post task execution logs
[2026-05-10T02:00:07.193+0000] {taskinstance.py:353} INFO - Marking task as SUCCESS. dag_id=dag_daily_report, task_id=model_performance_monitoring, run_id=scheduled__2026-05-10T01:48:00+00:00, execution_date=20260510T014800, start_date=20260510T020005, end_date=20260510T020007
[2026-05-10T02:00:07.274+0000] {local_task_job_runner.py:266} INFO - Task exited with return code 0
[2026-05-10T02:00:07.299+0000] {taskinstance.py:3901} INFO - 1 downstream tasks scheduled from follow-on schedule check
[2026-05-10T02:00:07.304+0000] {local_task_job_runner.py:245} INFO - ::endgroup::
